Loading plugins phase: Elapsed time ==> 0s.250ms
<CYPRESSTAG name="CyDsfit arguments...">
cydsfit arguments: -.fdsnotice -.fdswarpdepfile=warp_dependencies.txt -.fdselabdepfile=elab_dependencies.txt -.fdsbldfile=generated_files.txt -.fdsreffile=referenced_files.txt -p C:\Users\Nicolas Zamora\Documents\PSoC Creator\DNA\FuenteDestino.cydsn\FuenteDestino.cyprj -d CY8C5888LTI-LP097 -s C:\Users\Nicolas Zamora\Documents\PSoC Creator\DNA\FuenteDestino.cydsn\Generated_Source\PSoC5 -- -yv2 -q10 -ygs -o2 -v3 -.fftcfgtype=LE
</CYPRESSTAG>
<CYPRESSTAG name="Design elaboration results...">
</CYPRESSTAG>
Elaboration phase: Elapsed time ==> 2s.406ms
<CYPRESSTAG name="HDL generation results...">
</CYPRESSTAG>
HDL generation phase: Elapsed time ==> 0s.093ms
<CYPRESSTAG name="Synthesis results...">

     | | | | | | |
   _________________
  -|               |-
  -|               |-
  -|               |-
  -|    CYPRESS    |-
  -|               |-
  -|               |-   Warp Verilog Synthesis Compiler: Version 6.3 IR 41
  -|               |-   Copyright (C) 1991-2001 Cypress Semiconductor
   |_______________|
     | | | | | | |

======================================================================
Compiling:  FuenteDestino.v
Program  :   C:\Program Files (x86)\Cypress\PSoC Creator\4.2\PSoC Creator\warp\bin\warp.exe
Options  :    -yv2 -q10 -ygs -o2 -v3 -.fftcfgtype=LE -ya -.fftprj=C:\Users\Nicolas Zamora\Documents\PSoC Creator\DNA\FuenteDestino.cydsn\FuenteDestino.cyprj -dcpsoc3 FuenteDestino.v -verilog
======================================================================

======================================================================
Compiling:  FuenteDestino.v
Program  :   C:\Program Files (x86)\Cypress\PSoC Creator\4.2\PSoC Creator\warp\bin\warp.exe
Options  :    -yv2 -q10 -ygs -o2 -v3 -.fftcfgtype=LE -ya -.fftprj=C:\Users\Nicolas Zamora\Documents\PSoC Creator\DNA\FuenteDestino.cydsn\FuenteDestino.cyprj -dcpsoc3 FuenteDestino.v -verilog
======================================================================

======================================================================
Compiling:  FuenteDestino.v
Program  :   vlogfe
Options  :    -yv2 -q10 -ygs -o2 -v3 -.fftcfgtype=LE -ya -.fftprj=C:\Users\Nicolas Zamora\Documents\PSoC Creator\DNA\FuenteDestino.cydsn\FuenteDestino.cyprj -dcpsoc3 -verilog FuenteDestino.v
======================================================================

vlogfe V6.3 IR 41:  Verilog parser
Fri Sep 14 11:39:05 2018


======================================================================
Compiling:  FuenteDestino.v
Program  :   vpp
Options  :    -yv2 -q10 FuenteDestino.v
======================================================================

vpp V6.3 IR 41:  Verilog Pre-Processor
Fri Sep 14 11:39:05 2018

Flattening file 'C:\Program Files (x86)\Cypress\PSoC Creator\4.2\PSoC Creator\psoc\content\CyPrimitives\cyprimitives.cylib\ZeroTerminal\ZeroTerminal.v'
Flattening file 'C:\Program Files (x86)\Cypress\PSoC Creator\4.2\PSoC Creator\psoc\content\CyPrimitives\cyprimitives.cylib\cy_analog_virtualmux_v1_0\cy_analog_virtualmux_v1_0.v'
Flattening file 'C:\Program Files (x86)\Cypress\PSoC Creator\4.2\PSoC Creator\psoc\content\CyPrimitives\cyprimitives.cylib\cy_virtualmux_v1_0\cy_virtualmux_v1_0.v'
Flattening file 'C:\Program Files (x86)\Cypress\PSoC Creator\4.2\PSoC Creator\psoc\content\CyPrimitives\cyprimitives.cylib\cy_vref_v1_70\cy_vref_v1_70.v'
Flattening file 'C:\Program Files (x86)\Cypress\PSoC Creator\4.2\PSoC Creator\psoc\content\CyPrimitives\cyprimitives.cylib\or_v1_0\or_v1_0.v'
Flattening file 'C:\Program Files (x86)\Cypress\PSoC Creator\4.2\PSoC Creator\psoc\content\CyPrimitives\cyprimitives.cylib\cy_constant_v1_0\cy_constant_v1_0.v'

vpp:  No errors.

Library 'work' => directory 'lcpsoc3'
General_symbol_table
General_symbol_table
Linking 'C:\Program Files (x86)\Cypress\PSoC Creator\4.2\PSoC Creator\warp\lib\common\std.vhd'.
Linking 'C:\Program Files (x86)\Cypress\PSoC Creator\4.2\PSoC Creator\warp\lib\common\cypress.vhd'.
Linking 'C:\Program Files (x86)\Cypress\PSoC Creator\4.2\PSoC Creator\warp\lib\common\work\cypress.vif'.
Linking 'C:\Program Files (x86)\Cypress\PSoC Creator\4.2\PSoC Creator\warp\lib\ieee\work\stdlogic.vif'.
Linking 'C:\Program Files (x86)\Cypress\PSoC Creator\4.2\PSoC Creator\warp\lib\common\stdlogic\lpmpkg.vif'.
Linking 'C:\Program Files (x86)\Cypress\PSoC Creator\4.2\PSoC Creator\warp\lib\common\stdlogic\rtlpkg.vif'.
Linking 'C:\Program Files (x86)\Cypress\PSoC Creator\4.2\PSoC Creator\warp\lib\common\stdlogic\mod_cnst.vif'.
Linking 'C:\Program Files (x86)\Cypress\PSoC Creator\4.2\PSoC Creator\warp\lib\common\stdlogic\mod_mthv.vif'.
Linking 'C:\Program Files (x86)\Cypress\PSoC Creator\4.2\PSoC Creator\warp\lib\common\stdlogic\mod_genv.vif'.
Using control file 'FuenteDestino.ctl'.

vlogfe:  No errors.


======================================================================
Compiling:  FuenteDestino.v
Program  :   tovif
Options  :    -yv2 -q10 -ygs -o2 -v3 -.fftcfgtype=LE -ya -.fftprj=C:\Users\Nicolas Zamora\Documents\PSoC Creator\DNA\FuenteDestino.cydsn\FuenteDestino.cyprj -dcpsoc3 -verilog FuenteDestino.v
======================================================================

tovif V6.3 IR 41:  High-level synthesis
Fri Sep 14 11:39:05 2018

Linking 'C:\Program Files (x86)\Cypress\PSoC Creator\4.2\PSoC Creator\warp\lib\common\std.vhd'.
Linking 'C:\Program Files (x86)\Cypress\PSoC Creator\4.2\PSoC Creator\warp\lib\common\cypress.vhd'.
Linking 'C:\Program Files (x86)\Cypress\PSoC Creator\4.2\PSoC Creator\warp\lib\common\work\cypress.vif'.
Linking 'C:\Program Files (x86)\Cypress\PSoC Creator\4.2\PSoC Creator\warp\lib\ieee\work\stdlogic.vif'.
Linking 'C:\Program Files (x86)\Cypress\PSoC Creator\4.2\PSoC Creator\warp\lib\common\stdlogic\lpmpkg.vif'.
Linking 'C:\Program Files (x86)\Cypress\PSoC Creator\4.2\PSoC Creator\warp\lib\common\stdlogic\rtlpkg.vif'.
Linking 'C:\Program Files (x86)\Cypress\PSoC Creator\4.2\PSoC Creator\warp\lib\common\stdlogic\mod_cnst.vif'.
Linking 'C:\Program Files (x86)\Cypress\PSoC Creator\4.2\PSoC Creator\warp\lib\common\stdlogic\mod_mthv.vif'.
Linking 'C:\Program Files (x86)\Cypress\PSoC Creator\4.2\PSoC Creator\warp\lib\common\stdlogic\mod_genv.vif'.
Linking 'C:\Users\Nicolas Zamora\Documents\PSoC Creator\DNA\FuenteDestino.cydsn\codegentemp\FuenteDestino.ctl'.
Linking 'C:\Program Files (x86)\Cypress\PSoC Creator\4.2\PSoC Creator\psoc\content\CyPrimitives\cyprimitives.cylib\ZeroTerminal\ZeroTerminal.v'.
Linking 'C:\Users\Nicolas Zamora\Documents\PSoC Creator\DNA\FuenteDestino.cydsn\codegentemp\FuenteDestino.v'.
Linking 'C:\Program Files (x86)\Cypress\PSoC Creator\4.2\PSoC Creator\psoc\content\CyPrimitives\cyprimitives.cylib\cy_analog_virtualmux_v1_0\cy_analog_virtualmux_v1_0.v'.
Linking 'C:\Program Files (x86)\Cypress\PSoC Creator\4.2\PSoC Creator\psoc\content\CyPrimitives\cyprimitives.cylib\cy_virtualmux_v1_0\cy_virtualmux_v1_0.v'.
Linking 'C:\Program Files (x86)\Cypress\PSoC Creator\4.2\PSoC Creator\psoc\content\CyPrimitives\cyprimitives.cylib\cy_vref_v1_70\cy_vref_v1_70.v'.
Linking 'C:\Program Files (x86)\Cypress\PSoC Creator\4.2\PSoC Creator\psoc\content\CyPrimitives\cyprimitives.cylib\or_v1_0\or_v1_0.v'.
Linking 'C:\Program Files (x86)\Cypress\PSoC Creator\4.2\PSoC Creator\psoc\content\CyPrimitives\cyprimitives.cylib\cy_constant_v1_0\cy_constant_v1_0.v'.

tovif:  No errors.


======================================================================
Compiling:  FuenteDestino.v
Program  :   topld
Options  :    -yv2 -q10 -ygs -o2 -v3 -.fftcfgtype=LE -ya -.fftprj=C:\Users\Nicolas Zamora\Documents\PSoC Creator\DNA\FuenteDestino.cydsn\FuenteDestino.cyprj -dcpsoc3 -verilog FuenteDestino.v
======================================================================

topld V6.3 IR 41:  Synthesis and optimization
Fri Sep 14 11:39:05 2018

Linking 'C:\Program Files (x86)\Cypress\PSoC Creator\4.2\PSoC Creator\warp\lib\common\std.vhd'.
Linking 'C:\Program Files (x86)\Cypress\PSoC Creator\4.2\PSoC Creator\warp\lib\common\cypress.vhd'.
Linking 'C:\Program Files (x86)\Cypress\PSoC Creator\4.2\PSoC Creator\warp\lib\common\work\cypress.vif'.
Linking 'C:\Program Files (x86)\Cypress\PSoC Creator\4.2\PSoC Creator\warp\lib\ieee\work\stdlogic.vif'.
Linking 'C:\Program Files (x86)\Cypress\PSoC Creator\4.2\PSoC Creator\warp\lib\common\stdlogic\lpmpkg.vif'.
Linking 'C:\Program Files (x86)\Cypress\PSoC Creator\4.2\PSoC Creator\warp\lib\common\stdlogic\rtlpkg.vif'.
Linking 'C:\Program Files (x86)\Cypress\PSoC Creator\4.2\PSoC Creator\warp\lib\common\stdlogic\mod_cnst.vif'.
Linking 'C:\Program Files (x86)\Cypress\PSoC Creator\4.2\PSoC Creator\warp\lib\common\stdlogic\mod_mthv.vif'.
Linking 'C:\Program Files (x86)\Cypress\PSoC Creator\4.2\PSoC Creator\warp\lib\common\stdlogic\mod_genv.vif'.
Linking 'C:\Users\Nicolas Zamora\Documents\PSoC Creator\DNA\FuenteDestino.cydsn\codegentemp\FuenteDestino.ctl'.
Linking 'C:\Program Files (x86)\Cypress\PSoC Creator\4.2\PSoC Creator\psoc\content\CyPrimitives\cyprimitives.cylib\ZeroTerminal\ZeroTerminal.v'.
Linking 'C:\Users\Nicolas Zamora\Documents\PSoC Creator\DNA\FuenteDestino.cydsn\codegentemp\FuenteDestino.v'.
Linking 'C:\Program Files (x86)\Cypress\PSoC Creator\4.2\PSoC Creator\psoc\content\CyPrimitives\cyprimitives.cylib\cy_analog_virtualmux_v1_0\cy_analog_virtualmux_v1_0.v'.
Linking 'C:\Program Files (x86)\Cypress\PSoC Creator\4.2\PSoC Creator\psoc\content\CyPrimitives\cyprimitives.cylib\cy_virtualmux_v1_0\cy_virtualmux_v1_0.v'.
Linking 'C:\Program Files (x86)\Cypress\PSoC Creator\4.2\PSoC Creator\psoc\content\CyPrimitives\cyprimitives.cylib\cy_vref_v1_70\cy_vref_v1_70.v'.
Linking 'C:\Program Files (x86)\Cypress\PSoC Creator\4.2\PSoC Creator\psoc\content\CyPrimitives\cyprimitives.cylib\or_v1_0\or_v1_0.v'.
Linking 'C:\Program Files (x86)\Cypress\PSoC Creator\4.2\PSoC Creator\psoc\content\CyPrimitives\cyprimitives.cylib\cy_constant_v1_0\cy_constant_v1_0.v'.
Linking 'C:\Program Files (x86)\Cypress\PSoC Creator\4.2\PSoC Creator\warp\lib\lcpsoc3\stdlogic\cpsoc3.vif'.

----------------------------------------------------------
Detecting unused logic.
----------------------------------------------------------



------------------------------------------------------
Alias Detection
------------------------------------------------------
Aliasing \VDAC8:Net_83\ to zero
Aliasing \VDAC8:Net_81\ to zero
Aliasing \VDAC8:Net_82\ to zero
Aliasing one to tmpOE__VOUT_net_0
Aliasing tmpOE__Pin_1_net_0 to tmpOE__VOUT_net_0
Aliasing \ADC:vp_ctl_0\ to zero
Aliasing \ADC:vp_ctl_2\ to zero
Aliasing \ADC:vn_ctl_1\ to zero
Aliasing \ADC:vn_ctl_3\ to zero
Aliasing \ADC:vp_ctl_1\ to zero
Aliasing \ADC:vp_ctl_3\ to zero
Aliasing \ADC:vn_ctl_0\ to zero
Aliasing \ADC:vn_ctl_2\ to zero
Aliasing \ADC:soc\ to zero
Aliasing \ADC:Net_383\ to zero
Removing Lhs of wire \VDAC8:Net_83\[5] = zero[2]
Removing Lhs of wire \VDAC8:Net_81\[6] = zero[2]
Removing Lhs of wire \VDAC8:Net_82\[7] = zero[2]
Removing Lhs of wire one[16] = tmpOE__VOUT_net_0[12]
Removing Lhs of wire tmpOE__Pin_1_net_0[19] = tmpOE__VOUT_net_0[12]
Removing Lhs of wire \ADC:vp_ctl_0\[29] = zero[2]
Removing Lhs of wire \ADC:vp_ctl_2\[30] = zero[2]
Removing Lhs of wire \ADC:vn_ctl_1\[31] = zero[2]
Removing Lhs of wire \ADC:vn_ctl_3\[32] = zero[2]
Removing Lhs of wire \ADC:vp_ctl_1\[33] = zero[2]
Removing Lhs of wire \ADC:vp_ctl_3\[34] = zero[2]
Removing Lhs of wire \ADC:vn_ctl_0\[35] = zero[2]
Removing Lhs of wire \ADC:vn_ctl_2\[36] = zero[2]
Removing Rhs of wire \ADC:Net_188\[40] = \ADC:Net_221\[41]
Removing Lhs of wire \ADC:soc\[46] = zero[2]
Removing Lhs of wire \ADC:Net_383\[72] = zero[2]

------------------------------------------------------
Aliased 0 equations, 16 wires.
------------------------------------------------------

----------------------------------------------------------
Circuit simplification
----------------------------------------------------------

Substituting virtuals - pass 1:

Note:  Expanding virtual equation for 'zero' (cost = 0):
zero <=  ('0') ;


Substituting virtuals - pass 2:


----------------------------------------------------------
Circuit simplification results:

	Expanded 1 signals.
	Turned 0 signals into soft nodes.
	Maximum default expansion cost was set at 3.
----------------------------------------------------------

------------------------------------------------------
Alias Detection
------------------------------------------------------
Removing Lhs of wire \ADC:Net_188\[40] = \ADC:Net_385\[38]

------------------------------------------------------
Aliased 0 equations, 1 wires.
------------------------------------------------------

----------------------------------------------------------
Circuit simplification
----------------------------------------------------------

Eliminating unused logic - pass 1:


Eliminating unused logic - pass 2:


Substituting virtuals - pass 1:


----------------------------------------------------------
Circuit simplification results:

	Expanded 0 signals.
	Turned 0 signals into soft nodes.
	Maximum default expansion cost was set at 3.
----------------------------------------------------------

topld:  No errors.

CYPRESS_DIR    : C:\Program Files (x86)\Cypress\PSoC Creator\4.2\PSoC Creator\warp
Warp Program   : C:\Program Files (x86)\Cypress\PSoC Creator\4.2\PSoC Creator\warp\bin\warp.exe
Warp Arguments : -yv2 -q10 -ygs -o2 -v3 -.fftcfgtype=LE -ya "-.fftprj=C:\Users\Nicolas Zamora\Documents\PSoC Creator\DNA\FuenteDestino.cydsn\FuenteDestino.cyprj" -dcpsoc3 FuenteDestino.v -verilog
</CYPRESSTAG>
Warp synthesis phase: Elapsed time ==> 0s.687ms
<CYPRESSTAG name="Fitter results...">
<CYPRESSTAG name="Fitter startup details...">
cyp3fit: V4.2.0.641, Family: PSoC3, Started at: Friday, 14 September 2018 11:39:06
Options: -yv2 -q10 -ygs -o2 -v3 -.fftcfgtype=LE -ya -.fftprj=C:\Users\Nicolas Zamora\Documents\PSoC Creator\DNA\FuenteDestino.cydsn\FuenteDestino.cyprj -d CY8C5888LTI-LP097 FuenteDestino.v -verilog
</CYPRESSTAG>
<CYPRESSTAG name="Design parsing">
Design parsing phase: Elapsed time ==> 0s.015ms
</CYPRESSTAG>
<CYPRESSTAG name="Tech Mapping">
<CYPRESSTAG name="Initial Mapping" icon="FILE_RPT_TECHM">
<CYPRESSTAG name="Global Clock Selection" icon="FILE_RPT_TECHM">
    Analog  Clock 0: Automatic-assigning  clock 'ADC_theACLK'. Fanout=2, Signal=\ADC:Net_385\
</CYPRESSTAG>
<CYPRESSTAG name="UDB Clock/Enable Remapping Results">
</CYPRESSTAG>
ADD: pft.M0040: information: The following 1 pin(s) will be assigned a location by the fitter: Pin_1(0)


Removing unused cells resulting from optimization
Done removing unused cells.
<CYPRESSTAG name="Duplicate Macrocell detection">
</CYPRESSTAG>
</CYPRESSTAG>
<CYPRESSTAG name="Duplicate Macrocell detection">
</CYPRESSTAG>
<CYPRESSTAG name="Design Equations" icon="FILE_RPT_EQUATION">

------------------------------------------------------------
Design Equations
------------------------------------------------------------
    <CYPRESSTAG name="Pin listing">

    ------------------------------------------------------------
    Pin listing
    ------------------------------------------------------------

    Pin : Name = VOUT(0)
        Attributes:
            In Group/Port: True
            In Sync Option: AUTO
            Out Sync Option: AUTO
            Interrupt generated: False
            Interrupt mode: NONE
            Drive mode: HI_Z_ANALOG
            VTrip: EITHER
            Slew: FAST
            Input Sync needed: False
            Output Sync needed: False
            SC shield enabled: False
            POR State: ANY
            LCD Mode: COMMON
            Register Mode: RegComb
            CaSense Mode: NEITHER
            Treat as pin: True
            Is OE Registered: False
            Uses Analog: True
            Can contain Digital: False
            Is SIO: False
            SIO Output Buf: NONREGULATED
            SIO Input Buf: SINGLE_ENDED
            SIO HiFreq: LOW
            SIO Hyst: DISABLED
            SIO Vtrip: MULTIPLIER_0_5
            SIO Multiplier Index: 0
            SIO RefSel: VCC_IO
            Required Capabilities: ANALOG
            Initial Value: 0
            IO Voltage: 0
        PORT MAP (
            pa_out => VOUT(0)__PA ,
            analog_term => Net_7 ,
            pad => VOUT(0)_PAD );
        Properties:
        {
        }

    Pin : Name = Pin_1(0)
        Attributes:
            In Group/Port: True
            In Sync Option: AUTO
            Out Sync Option: AUTO
            Interrupt generated: False
            Interrupt mode: NONE
            Drive mode: HI_Z_ANALOG
            VTrip: EITHER
            Slew: FAST
            Input Sync needed: False
            Output Sync needed: False
            SC shield enabled: False
            POR State: ANY
            LCD Mode: COMMON
            Register Mode: RegComb
            CaSense Mode: NEITHER
            Treat as pin: True
            Is OE Registered: False
            Uses Analog: True
            Can contain Digital: False
            Is SIO: False
            SIO Output Buf: NONREGULATED
            SIO Input Buf: SINGLE_ENDED
            SIO HiFreq: LOW
            SIO Hyst: DISABLED
            SIO Vtrip: MULTIPLIER_0_5
            SIO Multiplier Index: 0
            SIO RefSel: VCC_IO
            Required Capabilities: ANALOG
            Initial Value: 0
            IO Voltage: 0
        PORT MAP (
            pa_out => Pin_1(0)__PA ,
            analog_term => Net_12 ,
            pad => Pin_1(0)_PAD );
    </CYPRESSTAG>
    <CYPRESSTAG name="Macrocell listing" icon="FILE_RPT_EQUATION">
    </CYPRESSTAG>
    <CYPRESSTAG name="Datapath listing">
    </CYPRESSTAG>
    <CYPRESSTAG name="Status register listing">
    </CYPRESSTAG>
    <CYPRESSTAG name="StatusI register listing">
    </CYPRESSTAG>
    <CYPRESSTAG name="Sync listing">
    </CYPRESSTAG>
    <CYPRESSTAG name="Control register listing">
    </CYPRESSTAG>
    <CYPRESSTAG name="Count7 listing">
    </CYPRESSTAG>
    <CYPRESSTAG name="DRQ listing">

    ------------------------------------------------------------
    DRQ listing
    ------------------------------------------------------------

    drqcell: Name =DMA
        PORT MAP (
            dmareq => Net_1 ,
            termin => zero ,
            termout => Net_3 );
        Properties:
        {
            drq_type = "00"
            num_tds = 0
        }
    </CYPRESSTAG>
    <CYPRESSTAG name="Interrupt listing">

    ------------------------------------------------------------
    Interrupt listing
    ------------------------------------------------------------

    interrupt: Name =\ADC:IRQ\
        PORT MAP (
            interrupt => Net_1 );
        Properties:
        {
            int_type = "10"
            is_nmi = 0
        }
    </CYPRESSTAG>
</CYPRESSTAG>
<CYPRESSTAG name="Technology mapping summary" expanded>

------------------------------------------------------------
Technology mapping summary
------------------------------------------------------------

Resource Type                 : Used : Free :  Max :  % Used
============================================================
Digital Clocks                :    0 :    8 :    8 :  0.00 %
Analog Clocks                 :    1 :    3 :    4 : 25.00 %
CapSense Buffers              :    0 :    2 :    2 :  0.00 %
Digital Filter Block          :    0 :    1 :    1 :  0.00 %
Interrupts                    :    1 :   31 :   32 :  3.13 %
IO                            :    5 :   43 :   48 : 10.42 %
Segment LCD                   :    0 :    1 :    1 :  0.00 %
CAN 2.0b                      :    0 :    1 :    1 :  0.00 %
I2C                           :    0 :    1 :    1 :  0.00 %
USB                           :    0 :    1 :    1 :  0.00 %
DMA Channels                  :    1 :   23 :   24 :  4.17 %
Timer                         :    0 :    4 :    4 :  0.00 %
UDB                           :      :      :      :        
  Macrocells                  :    0 :  192 :  192 :  0.00 %
  Unique P-terms              :    0 :  384 :  384 :  0.00 %
  Total P-terms               :    0 :      :      :        
  Datapath Cells              :    0 :   24 :   24 :  0.00 %
  Status Cells                :    0 :   24 :   24 :  0.00 %
  Control Cells               :    0 :   24 :   24 :  0.00 %
Opamp                         :    0 :    4 :    4 :  0.00 %
Comparator                    :    0 :    4 :    4 :  0.00 %
Delta-Sigma ADC               :    0 :    1 :    1 :  0.00 %
LPF                           :    0 :    2 :    2 :  0.00 %
SAR ADC                       :    1 :    1 :    2 : 50.00 %
Analog (SC/CT) Blocks         :    0 :    4 :    4 :  0.00 %
DAC                           :      :      :      :        
  VIDAC                       :    1 :    3 :    4 : 25.00 %
</CYPRESSTAG>
Technology Mapping: Elapsed time ==> 0s.015ms
Tech Mapping phase: Elapsed time ==> 0s.156ms
</CYPRESSTAG>
<CYPRESSTAG name="Analog Placement">
Initial Analog Placement Results:
IO_6@[IOP=(1)][IoId=(6)] : VOUT(0) (fixed)
IO_0@[IOP=(15)][IoId=(0)] : Pin_1(0)
SAR[1]@[FFB(SAR,1)] : \ADC:ADC_SAR\
Vref[13]@[FFB(Vref,13)] : \ADC:vRef_Vdda_1\
VIDAC[3]@[FFB(VIDAC,3)] : \VDAC8:viDAC8\
Log: apr.M0058: The analog placement iterative improvement is 46% done. (App=cydsfit)
Log: apr.M0058: The analog placement iterative improvement is 66% done. (App=cydsfit)
Log: apr.M0058: The analog placement iterative improvement is 100% done. (App=cydsfit)
Analog Placement Results:
IO_6@[IOP=(1)][IoId=(6)] : VOUT(0) (fixed)
IO_0@[IOP=(15)][IoId=(0)] : Pin_1(0)
SAR[1]@[FFB(SAR,1)] : \ADC:ADC_SAR\
Vref[13]@[FFB(Vref,13)] : \ADC:vRef_Vdda_1\
VIDAC[1]@[FFB(VIDAC,1)] : \VDAC8:viDAC8\

Analog Placement phase: Elapsed time ==> 1s.328ms
</CYPRESSTAG>
<CYPRESSTAG name="Analog Routing">
Analog Routing phase: Elapsed time ==> 0s.015ms
</CYPRESSTAG>
<CYPRESSTAG name="Analog Code Generation">
============ Analog Final Answer Routes ============
Dump of CyAnalogRoutingResultsDB
Map of net to items {
  Net: Net_12 {
    sar_1_vplus
    agr7_x_sar_1_vplus
    agr7
    agr7_x_p15_3
    p15_3
  }
  Net: Net_7 {
    vidac_1_vout
    amuxbusr_x_vidac_1_vout
    amuxbusr
    amuxbusr_x_p1_6
    p1_6
  }
  Net: \ADC:Net_126\ {
    sar_1_vrefhi
    sar_1_vminus_x_sar_1_vrefhi
    sar_1_vminus
  }
  Net: \ADC:Net_209\ {
  }
  Net: \ADC:Net_235\ {
    common_sar_vref_vdda/2
    common_sar_vref_vdda/2_x_sar_1_vref_vdda_vdda_2
    sar_1_vref_vdda_vdda_2
    sar_1_vref_x_sar_1_vref_vdda_vdda_2
    sar_1_vref
  }
  Net: \VDAC8:Net_77\ {
  }
}
Map of item to net {
  sar_1_vplus                                      -> Net_12
  agr7_x_sar_1_vplus                               -> Net_12
  agr7                                             -> Net_12
  agr7_x_p15_3                                     -> Net_12
  p15_3                                            -> Net_12
  vidac_1_vout                                     -> Net_7
  amuxbusr_x_vidac_1_vout                          -> Net_7
  amuxbusr                                         -> Net_7
  amuxbusr_x_p1_6                                  -> Net_7
  p1_6                                             -> Net_7
  sar_1_vrefhi                                     -> \ADC:Net_126\
  sar_1_vminus_x_sar_1_vrefhi                      -> \ADC:Net_126\
  sar_1_vminus                                     -> \ADC:Net_126\
  common_sar_vref_vdda/2                           -> \ADC:Net_235\
  common_sar_vref_vdda/2_x_sar_1_vref_vdda_vdda_2  -> \ADC:Net_235\
  sar_1_vref_vdda_vdda_2                           -> \ADC:Net_235\
  sar_1_vref_x_sar_1_vref_vdda_vdda_2              -> \ADC:Net_235\
  sar_1_vref                                       -> \ADC:Net_235\
}
Mux Info {
}
Dump of CyP35AnalogRoutingResultsDB
IsVddaHalfUsedForComp = False
IsVddaHalfUsedForSar0 = False
IsVddaHalfUsedForSar1 = True
Analog Code Generation phase: Elapsed time ==> 0s.515ms
</CYPRESSTAG>
<CYPRESSTAG name="Digital Placement">
<CYPRESSTAG name="Detailed placement messages">
I2659: No Constrained paths were found. The placer will run in non-timing driven mode.
I2076: Total run-time: 0.9 sec.

</CYPRESSTAG>
<CYPRESSTAG name="PLD Packing">
<CYPRESSTAG name="PLD Packing Summary">
No PLDs were packed.
</CYPRESSTAG>
PLD Packing: Elapsed time ==> 0s.000ms
</CYPRESSTAG>
<CYPRESSTAG name="Partitioning">
<CYPRESSTAG name="Initial Partitioning Summary">
Initial Partitioning Summary not displayed at this verbose level.</CYPRESSTAG>
<CYPRESSTAG name="Final Partitioning Summary">
Final Partitioning Summary not displayed at this verbose level.</CYPRESSTAG>
Partitioning: Elapsed time ==> 0s.015ms
</CYPRESSTAG>
<CYPRESSTAG name="Final Placement Summary">

------------------------------------------------------------
Final Placement Summary
------------------------------------------------------------

       Resource Type :      Count : Avg Inputs : Avg Outputs
    ========================================================
                 UDB :          0 :       0.00 :       0.00
<CYPRESSTAG name="Final Placement Details">
<CYPRESSTAG name="Component Details">

------------------------------------------------------------
Component Placement Details
------------------------------------------------------------
UDB [UDB=(0,0)] is empty.
UDB [UDB=(0,1)] is empty.
UDB [UDB=(0,2)] is empty.
UDB [UDB=(0,3)] is empty.
UDB [UDB=(0,4)] is empty.
UDB [UDB=(0,5)] is empty.
UDB [UDB=(1,0)] is empty.
UDB [UDB=(1,1)] is empty.
UDB [UDB=(1,2)] is empty.
UDB [UDB=(1,3)] is empty.
UDB [UDB=(1,4)] is empty.
UDB [UDB=(1,5)] is empty.
UDB [UDB=(2,0)] is empty.
UDB [UDB=(2,1)] is empty.
UDB [UDB=(2,2)] is empty.
UDB [UDB=(2,3)] is empty.
UDB [UDB=(2,4)] is empty.
UDB [UDB=(2,5)] is empty.
UDB [UDB=(3,0)] is empty.
UDB [UDB=(3,1)] is empty.
UDB [UDB=(3,2)] is empty.
UDB [UDB=(3,3)] is empty.
UDB [UDB=(3,4)] is empty.
UDB [UDB=(3,5)] is empty.
Intr container @ [IntrContainer=(0)]: 
  Intr@ [IntrContainer=(0)][IntrId=(0)] 
    interrupt: Name =\ADC:IRQ\
        PORT MAP (
            interrupt => Net_1 );
        Properties:
        {
            int_type = "10"
            is_nmi = 0
        }
Drq container @ [DrqContainer=(0)]: 
  Dma@ [DrqContainer=(0)][DrqId=(0)] 
    drqcell: Name =DMA
        PORT MAP (
            dmareq => Net_1 ,
            termin => zero ,
            termout => Net_3 );
        Properties:
        {
            drq_type = "00"
            num_tds = 0
        }
Port 0 contains the following IO cells:
Port 1 contains the following IO cells:
[IoId=6]: 
Pin : Name = VOUT(0)
    Attributes:
        In Group/Port: True
        In Sync Option: AUTO
        Out Sync Option: AUTO
        Interrupt generated: False
        Interrupt mode: NONE
        Drive mode: HI_Z_ANALOG
        VTrip: EITHER
        Slew: FAST
        Input Sync needed: False
        Output Sync needed: False
        SC shield enabled: False
        POR State: ANY
        LCD Mode: COMMON
        Register Mode: RegComb
        CaSense Mode: NEITHER
        Treat as pin: True
        Is OE Registered: False
        Uses Analog: True
        Can contain Digital: False
        Is SIO: False
        SIO Output Buf: NONREGULATED
        SIO Input Buf: SINGLE_ENDED
        SIO HiFreq: LOW
        SIO Hyst: DISABLED
        SIO Vtrip: MULTIPLIER_0_5
        SIO Multiplier Index: 0
        SIO RefSel: VCC_IO
        Required Capabilities: ANALOG
        Initial Value: 0
        IO Voltage: 0
    PORT MAP (
        pa_out => VOUT(0)__PA ,
        analog_term => Net_7 ,
        pad => VOUT(0)_PAD );
    Properties:
    {
    }

Port 2 contains the following IO cells:
Port 3 contains the following IO cells:
Port 12 contains the following IO cells:
Port 15 contains the following IO cells:
[IoId=3]: 
Pin : Name = Pin_1(0)
    Attributes:
        In Group/Port: True
        In Sync Option: AUTO
        Out Sync Option: AUTO
        Interrupt generated: False
        Interrupt mode: NONE
        Drive mode: HI_Z_ANALOG
        VTrip: EITHER
        Slew: FAST
        Input Sync needed: False
        Output Sync needed: False
        SC shield enabled: False
        POR State: ANY
        LCD Mode: COMMON
        Register Mode: RegComb
        CaSense Mode: NEITHER
        Treat as pin: True
        Is OE Registered: False
        Uses Analog: True
        Can contain Digital: False
        Is SIO: False
        SIO Output Buf: NONREGULATED
        SIO Input Buf: SINGLE_ENDED
        SIO HiFreq: LOW
        SIO Hyst: DISABLED
        SIO Vtrip: MULTIPLIER_0_5
        SIO Multiplier Index: 0
        SIO RefSel: VCC_IO
        Required Capabilities: ANALOG
        Initial Value: 0
        IO Voltage: 0
    PORT MAP (
        pa_out => Pin_1(0)__PA ,
        analog_term => Net_12 ,
        pad => Pin_1(0)_PAD );
    Properties:
    {
    }

ARM group 0: empty
CAN group 0: empty
Cache group 0: empty
CapSense group 0: empty
Clock group 0: 
    Clock Block @ F(Clock,0): 
    clockblockcell: Name =ClockBlock
        PORT MAP (
            imo => ClockBlock_IMO ,
            pllout => ClockBlock_PLL_OUT ,
            ilo => ClockBlock_ILO ,
            clk_100k => ClockBlock_100k ,
            clk_1k => ClockBlock_1k ,
            clk_32k => ClockBlock_32k ,
            xtal => ClockBlock_XTAL ,
            clk_32k_xtal => ClockBlock_XTAL_32KHZ ,
            clk_sync => ClockBlock_MASTER_CLK ,
            clk_bus_glb => ClockBlock_BUS_CLK ,
            clk_bus => ClockBlock_BUS_CLK_local ,
            aclk_glb_0 => \ADC:Net_385\ ,
            aclk_0 => \ADC:Net_385_local\ ,
            clk_a_dig_glb_0 => \ADC:Net_381\ ,
            clk_a_dig_0 => \ADC:Net_381_local\ );
        Properties:
        {
        }
Comparator group 0: empty
DFB group 0: empty
DSM group 0: empty
Decimator group 0: empty
EMIF group 0: empty
I2C group 0: empty
LCD group 0: empty
LVD group 0: empty
PICU group 0: empty
PM group 0: empty
SC group 0: empty
SPC group 0: empty
Timer group 0: empty
USB group 0: empty
VIDAC group 0: 
    VIDAC Block @ F(VIDAC,1): 
    vidaccell: Name =\VDAC8:viDAC8\
        PORT MAP (
            vout => Net_7 ,
            iout => \VDAC8:Net_77\ );
        Properties:
        {
            cy_registers = ""
            is_all_if_any = 0
            reg_data = 0
        }
OpAmp group 0: empty
CsAbuf group 0: empty
Vref group 0: 
    Vref Block @ F(Vref,13): 
    vrefcell: Name =\ADC:vRef_Vdda_1\
        PORT MAP (
            vout => \ADC:Net_235\ );
        Properties:
        {
            autoenable = 1
            guid = "4720866E-BC14-478d-B8A0-3E44F38CADAC"
            ignoresleep = 0
            name = "Vdda/2"
        }
LPF group 0: empty
SAR group 0: 
    SAR Block @ F(SAR,1): 
    sarcell: Name =\ADC:ADC_SAR\
        PORT MAP (
            vplus => Net_12 ,
            vminus => \ADC:Net_126\ ,
            ext_pin => \ADC:Net_209\ ,
            vrefhi_out => \ADC:Net_126\ ,
            vref => \ADC:Net_235\ ,
            clock => \ADC:Net_385\ ,
            pump_clock => \ADC:Net_385\ ,
            irq => \ADC:Net_252\ ,
            next => Net_18 ,
            data_out_udb_11 => \ADC:Net_207_11\ ,
            data_out_udb_10 => \ADC:Net_207_10\ ,
            data_out_udb_9 => \ADC:Net_207_9\ ,
            data_out_udb_8 => \ADC:Net_207_8\ ,
            data_out_udb_7 => \ADC:Net_207_7\ ,
            data_out_udb_6 => \ADC:Net_207_6\ ,
            data_out_udb_5 => \ADC:Net_207_5\ ,
            data_out_udb_4 => \ADC:Net_207_4\ ,
            data_out_udb_3 => \ADC:Net_207_3\ ,
            data_out_udb_2 => \ADC:Net_207_2\ ,
            data_out_udb_1 => \ADC:Net_207_1\ ,
            data_out_udb_0 => \ADC:Net_207_0\ ,
            eof_udb => Net_1 );
        Properties:
        {
            cy_registers = ""
        }
ANAIF group 0: empty
PHUB group 0: empty
</CYPRESSTAG>
<CYPRESSTAG name="Port Configuration Details">

------------------------------------------------------------
Port Configuration report
------------------------------------------------------------
     |     |       | Interrupt |                  |          | 
Port | Pin | Fixed |      Type |       Drive Mode |     Name | Connections
-----+-----+-------+-----------+------------------+----------+---------------
   1 |   6 |     * |      NONE |      HI_Z_ANALOG |  VOUT(0) | Analog(Net_7)
-----+-----+-------+-----------+------------------+----------+---------------
  15 |   3 |       |      NONE |      HI_Z_ANALOG | Pin_1(0) | Analog(Net_12)
-----------------------------------------------------------------------------
</CYPRESSTAG>
</CYPRESSTAG>
</CYPRESSTAG>
Digital component placer commit/Report: Elapsed time ==> 0s.015ms
Digital Placement phase: Elapsed time ==> 1s.421ms
</CYPRESSTAG>
<CYPRESSTAG name="Digital Routing">
"C:\Program Files (x86)\Cypress\PSoC Creator\4.2\PSoC Creator\bin/sjrouter.exe" --xml-path "C:\Program Files (x86)\Cypress\PSoC Creator\4.2\PSoC Creator\dev\psoc5/psoc5lp/route_arch-rrg.cydata" --vh2-path "FuenteDestino_r.vh2" --pcf-path "FuenteDestino.pco" --des-name "FuenteDestino" --dsf-path "FuenteDestino.dsf" --sdc-path "FuenteDestino.sdc" --lib-path "FuenteDestino_r.lib"
Routing successful.
Digital Routing phase: Elapsed time ==> 2s.296ms
</CYPRESSTAG>
<CYPRESSTAG name="Bitstream Generation">
Bitstream Generation phase: Elapsed time ==> 0s.468ms
</CYPRESSTAG>
<CYPRESSTAG name="Bitstream Verification">
Bitstream Verification phase: Elapsed time ==> 0s.093ms
</CYPRESSTAG>
<CYPRESSTAG name="Static timing analysis">
Timing report is in FuenteDestino_timing.html.
Static timing analysis phase: Elapsed time ==> 0s.453ms
</CYPRESSTAG>
<CYPRESSTAG name="Data reporting">
Data reporting phase: Elapsed time ==> 0s.000ms
</CYPRESSTAG>
<CYPRESSTAG name="Database update...">
Design database save phase: Elapsed time ==> 0s.343ms
</CYPRESSTAG>
cydsfit: Elapsed time ==> 7s.203ms
</CYPRESSTAG>
Fitter phase: Elapsed time ==> 7s.203ms
API generation phase: Elapsed time ==> 2s.421ms
Dependency generation phase: Elapsed time ==> 0s.046ms
Cleanup phase: Elapsed time ==> 0s.000ms
