ARM GAS  C:\Users\Dell\AppData\Local\Temp\cc7qvEVj.s 			page 1


   1              		.syntax unified
   2              		.cpu cortex-m3
   3              		.fpu softvfp
   4              		.eabi_attribute 20, 1
   5              		.eabi_attribute 21, 1
   6              		.eabi_attribute 23, 3
   7              		.eabi_attribute 24, 1
   8              		.eabi_attribute 25, 1
   9              		.eabi_attribute 26, 1
  10              		.eabi_attribute 30, 1
  11              		.eabi_attribute 34, 1
  12              		.eabi_attribute 18, 4
  13              		.thumb
  14              		.syntax unified
  15              		.file	"cymetadata.c"
  16              		.text
  17              	.Ltext0:
  18              		.cfi_sections	.debug_frame
  19              		.global	cy_metadata
  20              		.global	cy_meta_flashprotect
  21              		.global	cy_meta_wonvl
  22              		.global	cy_meta_custnvl
  23              		.global	cy_meta_configecc
  24              		.section	.cyconfigecc,"a",%progbits
  25              		.align	2
  26              		.type	cy_meta_configecc, %object
  27              		.size	cy_meta_configecc, 472
  28              	cy_meta_configecc:
  29 0000 04       		.byte	4
  30 0001 52       		.byte	82
  31 0002 00       		.byte	0
  32 0003 40       		.byte	64
  33 0004 04       		.byte	4
  34 0005 03       		.byte	3
  35 0006 01       		.byte	1
  36 0007 40       		.byte	64
  37 0008 04       		.byte	4
  38 0009 05       		.byte	5
  39 000a 01       		.byte	1
  40 000b 40       		.byte	64
  41 000c 05       		.byte	5
  42 000d 07       		.byte	7
  43 000e 01       		.byte	1
  44 000f 40       		.byte	64
  45 0010 03       		.byte	3
  46 0011 09       		.byte	9
  47 0012 01       		.byte	1
  48 0013 40       		.byte	64
  49 0014 04       		.byte	4
  50 0015 0A       		.byte	10
  51 0016 01       		.byte	1
  52 0017 40       		.byte	64
  53 0018 0D       		.byte	13
  54 0019 0B       		.byte	11
  55 001a 01       		.byte	1
  56 001b 40       		.byte	64
  57 001c 02       		.byte	2
ARM GAS  C:\Users\Dell\AppData\Local\Temp\cc7qvEVj.s 			page 2


  58 001d 0D       		.byte	13
  59 001e 01       		.byte	1
  60 001f 40       		.byte	64
  61 0020 30       		.byte	48
  62 0021 14       		.byte	20
  63 0022 01       		.byte	1
  64 0023 40       		.byte	64
  65 0024 1D       		.byte	29
  66 0025 15       		.byte	21
  67 0026 01       		.byte	1
  68 0027 40       		.byte	64
  69 0028 03       		.byte	3
  70 0029 17       		.byte	23
  71 002a 01       		.byte	1
  72 002b 40       		.byte	64
  73 002c 05       		.byte	5
  74 002d 40       		.byte	64
  75 002e 01       		.byte	1
  76 002f 40       		.byte	64
  77 0030 11       		.byte	17
  78 0031 41       		.byte	65
  79 0032 01       		.byte	1
  80 0033 40       		.byte	64
  81 0034 0C       		.byte	12
  82 0035 42       		.byte	66
  83 0036 01       		.byte	1
  84 0037 40       		.byte	64
  85 0038 06       		.byte	6
  86 0039 43       		.byte	67
  87 003a 01       		.byte	1
  88 003b 40       		.byte	64
  89 003c 04       		.byte	4
  90 003d 45       		.byte	69
  91 003e 01       		.byte	1
  92 003f 40       		.byte	64
  93 0040 05       		.byte	5
  94 0041 46       		.byte	70
  95 0042 01       		.byte	1
  96 0043 40       		.byte	64
  97 0044 01       		.byte	1
  98 0045 48       		.byte	72
  99 0046 01       		.byte	1
 100 0047 40       		.byte	64
 101 0048 02       		.byte	2
 102 0049 49       		.byte	73
 103 004a 01       		.byte	1
 104 004b 40       		.byte	64
 105 004c 02       		.byte	2
 106 004d 50       		.byte	80
 107 004e 01       		.byte	1
 108 004f 40       		.byte	64
 109 0050 01       		.byte	1
 110 0051 51       		.byte	81
 111 0052 01       		.byte	1
 112 0053 40       		.byte	64
 113 0054 00       		.byte	0
 114 0055 39       		.byte	57
ARM GAS  C:\Users\Dell\AppData\Local\Temp\cc7qvEVj.s 			page 3


 115 0056 01       		.byte	1
 116 0057 53       		.byte	83
 117 0058 10       		.byte	16
 118 0059 08       		.byte	8
 119 005a 11       		.byte	17
 120 005b 08       		.byte	8
 121 005c 9A       		.byte	-102
 122 005d 04       		.byte	4
 123 005e AA       		.byte	-86
 124 005f 04       		.byte	4
 125 0060 E2       		.byte	-30
 126 0061 02       		.byte	2
 127 0062 E6       		.byte	-26
 128 0063 01       		.byte	1
 129 0064 87       		.byte	-121
 130 0065 20       		.byte	32
 131 0066 9A       		.byte	-102
 132 0067 04       		.byte	4
 133 0068 E2       		.byte	-30
 134 0069 28       		.byte	40
 135 006a E6       		.byte	-26
 136 006b 02       		.byte	2
 137 006c 8B       		.byte	-117
 138 006d 10       		.byte	16
 139 006e 9A       		.byte	-102
 140 006f 04       		.byte	4
 141 0070 A7       		.byte	-89
 142 0071 20       		.byte	32
 143 0072 E6       		.byte	-26
 144 0073 80       		.byte	-128
 145 0074 EA       		.byte	-22
 146 0075 22       		.byte	34
 147 0076 AC       		.byte	-84
 148 0077 20       		.byte	32
 149 0078 B0       		.byte	-80
 150 0079 04       		.byte	4
 151 007a EA       		.byte	-22
 152 007b 20       		.byte	32
 153 007c 5B       		.byte	91
 154 007d 04       		.byte	4
 155 007e 5F       		.byte	95
 156 007f 01       		.byte	1
 157 0080 DB       		.byte	-37
 158 0081 04       		.byte	4
 159 0082 DF       		.byte	-33
 160 0083 01       		.byte	1
 161 0084 69       		.byte	105
 162 0085 90       		.byte	-112
 163 0086 6C       		.byte	108
 164 0087 20       		.byte	32
 165 0088 6D       		.byte	109
 166 0089 80       		.byte	-128
 167 008a 6F       		.byte	111
 168 008b 48       		.byte	72
 169 008c 74       		.byte	116
 170 008d 04       		.byte	4
 171 008e 77       		.byte	119
ARM GAS  C:\Users\Dell\AppData\Local\Temp\cc7qvEVj.s 			page 4


 172 008f 0A       		.byte	10
 173 0090 87       		.byte	-121
 174 0091 0A       		.byte	10
 175 0092 89       		.byte	-119
 176 0093 10       		.byte	16
 177 0094 8B       		.byte	-117
 178 0095 08       		.byte	8
 179 0096 8D       		.byte	-115
 180 0097 40       		.byte	64
 181 0098 9F       		.byte	-97
 182 0099 40       		.byte	64
 183 009a A5       		.byte	-91
 184 009b 40       		.byte	64
 185 009c E2       		.byte	-30
 186 009d 20       		.byte	32
 187 009e 83       		.byte	-125
 188 009f 40       		.byte	64
 189 00a0 85       		.byte	-123
 190 00a1 40       		.byte	64
 191 00a2 00       		.byte	0
 192 00a3 22       		.byte	34
 193 00a4 01       		.byte	1
 194 00a5 04       		.byte	4
 195 00a6 02       		.byte	2
 196 00a7 08       		.byte	8
 197 00a8 03       		.byte	3
 198 00a9 08       		.byte	8
 199 00aa 05       		.byte	5
 200 00ab 08       		.byte	8
 201 00ac 07       		.byte	7
 202 00ad 04       		.byte	4
 203 00ae 0C       		.byte	12
 204 00af 11       		.byte	17
 205 00b0 0E       		.byte	14
 206 00b1 CE       		.byte	-50
 207 00b2 14       		.byte	20
 208 00b3 C0       		.byte	-64
 209 00b4 16       		.byte	22
 210 00b5 20       		.byte	32
 211 00b6 19       		.byte	25
 212 00b7 01       		.byte	1
 213 00b8 1B       		.byte	27
 214 00b9 02       		.byte	2
 215 00ba 1E       		.byte	30
 216 00bb 05       		.byte	5
 217 00bc 1F       		.byte	31
 218 00bd 03       		.byte	3
 219 00be 26       		.byte	38
 220 00bf 66       		.byte	102
 221 00c0 2A       		.byte	42
 222 00c1 80       		.byte	-128
 223 00c2 30       		.byte	48
 224 00c3 0C       		.byte	12
 225 00c4 32       		.byte	50
 226 00c5 30       		.byte	48
 227 00c6 33       		.byte	51
 228 00c7 0C       		.byte	12
ARM GAS  C:\Users\Dell\AppData\Local\Temp\cc7qvEVj.s 			page 5


 229 00c8 34       		.byte	52
 230 00c9 C0       		.byte	-64
 231 00ca 35       		.byte	53
 232 00cb 01       		.byte	1
 233 00cc 36       		.byte	54
 234 00cd 03       		.byte	3
 235 00ce 37       		.byte	55
 236 00cf 02       		.byte	2
 237 00d0 3A       		.byte	58
 238 00d1 80       		.byte	-128
 239 00d2 3F       		.byte	63
 240 00d3 04       		.byte	4
 241 00d4 40       		.byte	64
 242 00d5 12       		.byte	18
 243 00d6 45       		.byte	69
 244 00d7 06       		.byte	6
 245 00d8 47       		.byte	71
 246 00d9 05       		.byte	5
 247 00da 48       		.byte	72
 248 00db 11       		.byte	17
 249 00dc 49       		.byte	73
 250 00dd FF       		.byte	-1
 251 00de 4A       		.byte	74
 252 00df FF       		.byte	-1
 253 00e0 4B       		.byte	75
 254 00e1 FF       		.byte	-1
 255 00e2 4D       		.byte	77
 256 00e3 10       		.byte	16
 257 00e4 4E       		.byte	78
 258 00e5 70       		.byte	112
 259 00e6 4F       		.byte	79
 260 00e7 0F       		.byte	15
 261 00e8 50       		.byte	80
 262 00e9 08       		.byte	8
 263 00ea 52       		.byte	82
 264 00eb 01       		.byte	1
 265 00ec 58       		.byte	88
 266 00ed 04       		.byte	4
 267 00ee 59       		.byte	89
 268 00ef 04       		.byte	4
 269 00f0 5A       		.byte	90
 270 00f1 04       		.byte	4
 271 00f2 5B       		.byte	91
 272 00f3 04       		.byte	4
 273 00f4 5F       		.byte	95
 274 00f5 01       		.byte	1
 275 00f6 60       		.byte	96
 276 00f7 10       		.byte	16
 277 00f8 61       		.byte	97
 278 00f9 BC       		.byte	-68
 279 00fa 62       		.byte	98
 280 00fb 10       		.byte	16
 281 00fc 63       		.byte	99
 282 00fd 58       		.byte	88
 283 00fe 64       		.byte	100
 284 00ff 90       		.byte	-112
 285 0100 65       		.byte	101
ARM GAS  C:\Users\Dell\AppData\Local\Temp\cc7qvEVj.s 			page 6


 286 0101 58       		.byte	88
 287 0102 01       		.byte	1
 288 0103 42       		.byte	66
 289 0104 0A       		.byte	10
 290 0105 11       		.byte	17
 291 0106 10       		.byte	16
 292 0107 20       		.byte	32
 293 0108 12       		.byte	18
 294 0109 08       		.byte	8
 295 010a 19       		.byte	25
 296 010b 02       		.byte	2
 297 010c 1A       		.byte	26
 298 010d 11       		.byte	17
 299 010e 1B       		.byte	27
 300 010f 20       		.byte	32
 301 0110 20       		.byte	32
 302 0111 05       		.byte	5
 303 0112 23       		.byte	35
 304 0113 10       		.byte	16
 305 0114 30       		.byte	48
 306 0115 20       		.byte	32
 307 0116 32       		.byte	50
 308 0117 40       		.byte	64
 309 0118 38       		.byte	56
 310 0119 01       		.byte	1
 311 011a 3A       		.byte	58
 312 011b 04       		.byte	4
 313 011c 40       		.byte	64
 314 011d 05       		.byte	5
 315 011e 48       		.byte	72
 316 011f 20       		.byte	32
 317 0120 52       		.byte	82
 318 0121 08       		.byte	8
 319 0122 69       		.byte	105
 320 0123 40       		.byte	64
 321 0124 6A       		.byte	106
 322 0125 80       		.byte	-128
 323 0126 8C       		.byte	-116
 324 0127 01       		.byte	1
 325 0128 97       		.byte	-105
 326 0129 10       		.byte	16
 327 012a 9A       		.byte	-102
 328 012b 04       		.byte	4
 329 012c A7       		.byte	-89
 330 012d 20       		.byte	32
 331 012e C0       		.byte	-64
 332 012f 09       		.byte	9
 333 0130 C2       		.byte	-62
 334 0131 05       		.byte	5
 335 0132 C4       		.byte	-60
 336 0133 06       		.byte	6
 337 0134 CC       		.byte	-52
 338 0135 0C       		.byte	12
 339 0136 CE       		.byte	-50
 340 0137 03       		.byte	3
 341 0138 D0       		.byte	-48
 342 0139 0C       		.byte	12
ARM GAS  C:\Users\Dell\AppData\Local\Temp\cc7qvEVj.s 			page 7


 343 013a E6       		.byte	-26
 344 013b 10       		.byte	16
 345 013c 97       		.byte	-105
 346 013d 10       		.byte	16
 347 013e 9A       		.byte	-102
 348 013f 04       		.byte	4
 349 0140 A7       		.byte	-89
 350 0141 20       		.byte	32
 351 0142 13       		.byte	19
 352 0143 80       		.byte	-128
 353 0144 39       		.byte	57
 354 0145 08       		.byte	8
 355 0146 3E       		.byte	62
 356 0147 82       		.byte	-126
 357 0148 C4       		.byte	-60
 358 0149 40       		.byte	64
 359 014a CE       		.byte	-50
 360 014b E0       		.byte	-32
 361 014c 51       		.byte	81
 362 014d 08       		.byte	8
 363 014e 57       		.byte	87
 364 014f 08       		.byte	8
 365 0150 58       		.byte	88
 366 0151 10       		.byte	16
 367 0152 5F       		.byte	95
 368 0153 88       		.byte	-120
 369 0154 60       		.byte	96
 370 0155 80       		.byte	-128
 371 0156 65       		.byte	101
 372 0157 20       		.byte	32
 373 0158 83       		.byte	-125
 374 0159 08       		.byte	8
 375 015a 87       		.byte	-121
 376 015b 80       		.byte	-128
 377 015c 95       		.byte	-107
 378 015d 08       		.byte	8
 379 015e 9E       		.byte	-98
 380 015f 82       		.byte	-126
 381 0160 AB       		.byte	-85
 382 0161 80       		.byte	-128
 383 0162 D4       		.byte	-44
 384 0163 E0       		.byte	-32
 385 0164 D6       		.byte	-42
 386 0165 A0       		.byte	-96
 387 0166 D8       		.byte	-40
 388 0167 C0       		.byte	-64
 389 0168 E2       		.byte	-30
 390 0169 40       		.byte	64
 391 016a E6       		.byte	-26
 392 016b 80       		.byte	-128
 393 016c E8       		.byte	-24
 394 016d 80       		.byte	-128
 395 016e 85       		.byte	-123
 396 016f 20       		.byte	32
 397 0170 86       		.byte	-122
 398 0171 02       		.byte	2
 399 0172 87       		.byte	-121
ARM GAS  C:\Users\Dell\AppData\Local\Temp\cc7qvEVj.s 			page 8


 400 0173 08       		.byte	8
 401 0174 88       		.byte	-120
 402 0175 10       		.byte	16
 403 0176 95       		.byte	-107
 404 0177 08       		.byte	8
 405 0178 9C       		.byte	-100
 406 0179 90       		.byte	-112
 407 017a 9D       		.byte	-99
 408 017b 20       		.byte	32
 409 017c 9E       		.byte	-98
 410 017d 82       		.byte	-126
 411 017e 9F       		.byte	-97
 412 017f 08       		.byte	8
 413 0180 A5       		.byte	-91
 414 0181 08       		.byte	8
 415 0182 E2       		.byte	-30
 416 0183 10       		.byte	16
 417 0184 E6       		.byte	-26
 418 0185 50       		.byte	80
 419 0186 89       		.byte	-119
 420 0187 04       		.byte	4
 421 0188 95       		.byte	-107
 422 0189 08       		.byte	8
 423 018a 9E       		.byte	-98
 424 018b 80       		.byte	-128
 425 018c AD       		.byte	-83
 426 018d 08       		.byte	8
 427 018e B0       		.byte	-80
 428 018f 80       		.byte	-128
 429 0190 EA       		.byte	-22
 430 0191 40       		.byte	64
 431 0192 50       		.byte	80
 432 0193 08       		.byte	8
 433 0194 54       		.byte	84
 434 0195 01       		.byte	1
 435 0196 D4       		.byte	-44
 436 0197 04       		.byte	4
 437 0198 D6       		.byte	-42
 438 0199 04       		.byte	4
 439 019a 88       		.byte	-120
 440 019b 01       		.byte	1
 441 019c 8C       		.byte	-116
 442 019d 08       		.byte	8
 443 019e A4       		.byte	-92
 444 019f 09       		.byte	9
 445 01a0 E0       		.byte	-32
 446 01a1 01       		.byte	1
 447 01a2 E4       		.byte	-28
 448 01a3 08       		.byte	8
 449 01a4 9E       		.byte	-98
 450 01a5 80       		.byte	-128
 451 01a6 8E       		.byte	-114
 452 01a7 80       		.byte	-128
 453 01a8 9E       		.byte	-98
 454 01a9 80       		.byte	-128
 455 01aa 10       		.byte	16
 456 01ab 01       		.byte	1
ARM GAS  C:\Users\Dell\AppData\Local\Temp\cc7qvEVj.s 			page 9


 457 01ac 1A       		.byte	26
 458 01ad 01       		.byte	1
 459 01ae 10       		.byte	16
 460 01af 2A       		.byte	42
 461 01b0 00       		.byte	0
 462 01b1 7F       		.byte	127
 463 01b2 7F       		.byte	127
 464 01b3 00       		.byte	0
 465 01b4 7F       		.byte	127
 466 01b5 00       		.byte	0
 467 01b6 00       		.byte	0
 468 01b7 00       		.byte	0
 469 01b8 00       		.byte	0
 470 01b9 0B       		.byte	11
 471 01ba 0B       		.byte	11
 472 01bb 00       		.byte	0
 473 01bc 00       		.byte	0
 474 01bd 00       		.byte	0
 475 01be 00       		.byte	0
 476 01bf 00       		.byte	0
 477 01c0 00       		.byte	0
 478 01c1 0C       		.byte	12
 479 01c2 0C       		.byte	12
 480 01c3 00       		.byte	0
 481 01c4 0C       		.byte	12
 482 01c5 00       		.byte	0
 483 01c6 00       		.byte	0
 484 01c7 00       		.byte	0
 485 01c8 7F       		.byte	127
 486 01c9 00       		.byte	0
 487 01ca 00       		.byte	0
 488 01cb 7F       		.byte	127
 489 01cc 00       		.byte	0
 490 01cd 00       		.byte	0
 491 01ce 00       		.byte	0
 492 01cf 00       		.byte	0
 493 01d0 00       		.byte	0
 494 01d1 00       		.byte	0
 495 01d2 00       		.byte	0
 496 01d3 00       		.byte	0
 497 01d4 00       		.byte	0
 498 01d5 02       		.byte	2
 499 01d6 00       		.byte	0
 500 01d7 00       		.byte	0
 501              		.section	.cywolatch,"a",%progbits
 502              		.align	2
 503              		.type	cy_meta_wonvl, %object
 504              		.size	cy_meta_wonvl, 4
 505              	cy_meta_wonvl:
 506 0000 BC       		.byte	-68
 507 0001 90       		.byte	-112
 508 0002 AC       		.byte	-84
 509 0003 AF       		.byte	-81
 510              		.section	.cycustnvl,"a",%progbits
 511              		.align	2
 512              		.type	cy_meta_custnvl, %object
 513              		.size	cy_meta_custnvl, 4
ARM GAS  C:\Users\Dell\AppData\Local\Temp\cc7qvEVj.s 			page 10


 514              	cy_meta_custnvl:
 515 0000 00       		.byte	0
 516 0001 00       		.byte	0
 517 0002 40       		.byte	64
 518 0003 05       		.byte	5
 519              		.section	.cymeta,"a",%progbits
 520              		.align	2
 521              		.type	cy_metadata, %object
 522              		.size	cy_metadata, 12
 523              	cy_metadata:
 524 0000 00       		.byte	0
 525 0001 01       		.byte	1
 526 0002 2E       		.byte	46
 527 0003 16       		.byte	22
 528 0004 10       		.byte	16
 529 0005 69       		.byte	105
 530 0006 00       		.byte	0
 531 0007 01       		.byte	1
 532 0008 00       		.byte	0
 533 0009 00       		.byte	0
 534 000a 00       		.byte	0
 535 000b 00       		.byte	0
 536              		.section	.cyflashprotect,"a",%progbits
 537              		.align	2
 538              		.type	cy_meta_flashprotect, %object
 539              		.size	cy_meta_flashprotect, 256
 540              	cy_meta_flashprotect:
 541 0000 00000000 		.space	256
 541      00000000 
 541      00000000 
 541      00000000 
 541      00000000 
 542              		.text
 543              	.Letext0:
 544              		.file 1 "c:\\program files (x86)\\cypress\\psoc creator\\4.2\\psoc creator\\import\\gnu\\arm\\5.4.
 545              		.file 2 "c:\\program files (x86)\\cypress\\psoc creator\\4.2\\psoc creator\\import\\gnu\\arm\\5.4.
 546              		.file 3 "Generated_Source\\PSoC5\\cymetadata.c"
 547              		.section	.debug_info,"",%progbits
 548              	.Ldebug_info0:
 549 0000 31010000 		.4byte	0x131
 550 0004 0400     		.2byte	0x4
 551 0006 00000000 		.4byte	.Ldebug_abbrev0
 552 000a 04       		.byte	0x4
 553 000b 01       		.uleb128 0x1
 554 000c 24000000 		.4byte	.LASF17
 555 0010 0C       		.byte	0xc
 556 0011 C4010000 		.4byte	.LASF18
 557 0015 5F010000 		.4byte	.LASF19
 558 0019 00000000 		.4byte	.Ldebug_line0
 559 001d 02       		.uleb128 0x2
 560 001e 01       		.byte	0x1
 561 001f 06       		.byte	0x6
 562 0020 B8010000 		.4byte	.LASF0
 563 0024 03       		.uleb128 0x3
 564 0025 00000000 		.4byte	.LASF9
 565 0029 01       		.byte	0x1
 566 002a 1D       		.byte	0x1d
ARM GAS  C:\Users\Dell\AppData\Local\Temp\cc7qvEVj.s 			page 11


 567 002b 2F000000 		.4byte	0x2f
 568 002f 02       		.uleb128 0x2
 569 0030 01       		.byte	0x1
 570 0031 08       		.byte	0x8
 571 0032 16000000 		.4byte	.LASF1
 572 0036 02       		.uleb128 0x2
 573 0037 02       		.byte	0x2
 574 0038 05       		.byte	0x5
 575 0039 A5010000 		.4byte	.LASF2
 576 003d 02       		.uleb128 0x2
 577 003e 02       		.byte	0x2
 578 003f 07       		.byte	0x7
 579 0040 C4000000 		.4byte	.LASF3
 580 0044 02       		.uleb128 0x2
 581 0045 04       		.byte	0x4
 582 0046 05       		.byte	0x5
 583 0047 AF010000 		.4byte	.LASF4
 584 004b 02       		.uleb128 0x2
 585 004c 04       		.byte	0x4
 586 004d 07       		.byte	0x7
 587 004e B2000000 		.4byte	.LASF5
 588 0052 02       		.uleb128 0x2
 589 0053 08       		.byte	0x8
 590 0054 05       		.byte	0x5
 591 0055 51010000 		.4byte	.LASF6
 592 0059 02       		.uleb128 0x2
 593 005a 08       		.byte	0x8
 594 005b 07       		.byte	0x7
 595 005c 06010000 		.4byte	.LASF7
 596 0060 04       		.uleb128 0x4
 597 0061 04       		.byte	0x4
 598 0062 05       		.byte	0x5
 599 0063 696E7400 		.ascii	"int\000"
 600 0067 02       		.uleb128 0x2
 601 0068 04       		.byte	0x4
 602 0069 07       		.byte	0x7
 603 006a F9000000 		.4byte	.LASF8
 604 006e 03       		.uleb128 0x3
 605 006f 1D010000 		.4byte	.LASF10
 606 0073 02       		.byte	0x2
 607 0074 18       		.byte	0x18
 608 0075 24000000 		.4byte	0x24
 609 0079 05       		.uleb128 0x5
 610 007a 91000000 		.4byte	0x91
 611 007e 8A000000 		.4byte	0x8a
 612 0082 06       		.uleb128 0x6
 613 0083 8A000000 		.4byte	0x8a
 614 0087 D701     		.2byte	0x1d7
 615 0089 00       		.byte	0
 616 008a 02       		.uleb128 0x2
 617 008b 04       		.byte	0x4
 618 008c 07       		.byte	0x7
 619 008d 48010000 		.4byte	.LASF11
 620 0091 07       		.uleb128 0x7
 621 0092 6E000000 		.4byte	0x6e
 622 0096 08       		.uleb128 0x8
 623 0097 E7000000 		.4byte	.LASF12
ARM GAS  C:\Users\Dell\AppData\Local\Temp\cc7qvEVj.s 			page 12


 624 009b 03       		.byte	0x3
 625 009c 1F       		.byte	0x1f
 626 009d A7000000 		.4byte	0xa7
 627 00a1 05       		.uleb128 0x5
 628 00a2 03       		.byte	0x3
 629 00a3 00000000 		.4byte	cy_meta_configecc
 630 00a7 07       		.uleb128 0x7
 631 00a8 79000000 		.4byte	0x79
 632 00ac 05       		.uleb128 0x5
 633 00ad 91000000 		.4byte	0x91
 634 00b1 BC000000 		.4byte	0xbc
 635 00b5 09       		.uleb128 0x9
 636 00b6 8A000000 		.4byte	0x8a
 637 00ba 03       		.byte	0x3
 638 00bb 00       		.byte	0
 639 00bc 08       		.uleb128 0x8
 640 00bd D7000000 		.4byte	.LASF13
 641 00c1 03       		.byte	0x3
 642 00c2 67       		.byte	0x67
 643 00c3 CD000000 		.4byte	0xcd
 644 00c7 05       		.uleb128 0x5
 645 00c8 03       		.byte	0x3
 646 00c9 00000000 		.4byte	cy_meta_custnvl
 647 00cd 07       		.uleb128 0x7
 648 00ce AC000000 		.4byte	0xac
 649 00d2 08       		.uleb128 0x8
 650 00d3 3A010000 		.4byte	.LASF14
 651 00d7 03       		.byte	0x3
 652 00d8 75       		.byte	0x75
 653 00d9 E3000000 		.4byte	0xe3
 654 00dd 05       		.uleb128 0x5
 655 00de 03       		.byte	0x3
 656 00df 00000000 		.4byte	cy_meta_wonvl
 657 00e3 07       		.uleb128 0x7
 658 00e4 AC000000 		.4byte	0xac
 659 00e8 05       		.uleb128 0x5
 660 00e9 91000000 		.4byte	0x91
 661 00ed F8000000 		.4byte	0xf8
 662 00f1 09       		.uleb128 0x9
 663 00f2 8A000000 		.4byte	0x8a
 664 00f6 FF       		.byte	0xff
 665 00f7 00       		.byte	0
 666 00f8 08       		.uleb128 0x8
 667 00f9 25010000 		.4byte	.LASF15
 668 00fd 03       		.byte	0x3
 669 00fe 83       		.byte	0x83
 670 00ff 09010000 		.4byte	0x109
 671 0103 05       		.uleb128 0x5
 672 0104 03       		.byte	0x3
 673 0105 00000000 		.4byte	cy_meta_flashprotect
 674 0109 07       		.uleb128 0x7
 675 010a E8000000 		.4byte	0xe8
 676 010e 05       		.uleb128 0x5
 677 010f 91000000 		.4byte	0x91
 678 0113 1E010000 		.4byte	0x11e
 679 0117 09       		.uleb128 0x9
 680 0118 8A000000 		.4byte	0x8a
ARM GAS  C:\Users\Dell\AppData\Local\Temp\cc7qvEVj.s 			page 13


 681 011c 0B       		.byte	0xb
 682 011d 00       		.byte	0
 683 011e 08       		.uleb128 0x8
 684 011f 0A000000 		.4byte	.LASF16
 685 0123 03       		.byte	0x3
 686 0124 B0       		.byte	0xb0
 687 0125 2F010000 		.4byte	0x12f
 688 0129 05       		.uleb128 0x5
 689 012a 03       		.byte	0x3
 690 012b 00000000 		.4byte	cy_metadata
 691 012f 07       		.uleb128 0x7
 692 0130 0E010000 		.4byte	0x10e
 693 0134 00       		.byte	0
 694              		.section	.debug_abbrev,"",%progbits
 695              	.Ldebug_abbrev0:
 696 0000 01       		.uleb128 0x1
 697 0001 11       		.uleb128 0x11
 698 0002 01       		.byte	0x1
 699 0003 25       		.uleb128 0x25
 700 0004 0E       		.uleb128 0xe
 701 0005 13       		.uleb128 0x13
 702 0006 0B       		.uleb128 0xb
 703 0007 03       		.uleb128 0x3
 704 0008 0E       		.uleb128 0xe
 705 0009 1B       		.uleb128 0x1b
 706 000a 0E       		.uleb128 0xe
 707 000b 10       		.uleb128 0x10
 708 000c 17       		.uleb128 0x17
 709 000d 00       		.byte	0
 710 000e 00       		.byte	0
 711 000f 02       		.uleb128 0x2
 712 0010 24       		.uleb128 0x24
 713 0011 00       		.byte	0
 714 0012 0B       		.uleb128 0xb
 715 0013 0B       		.uleb128 0xb
 716 0014 3E       		.uleb128 0x3e
 717 0015 0B       		.uleb128 0xb
 718 0016 03       		.uleb128 0x3
 719 0017 0E       		.uleb128 0xe
 720 0018 00       		.byte	0
 721 0019 00       		.byte	0
 722 001a 03       		.uleb128 0x3
 723 001b 16       		.uleb128 0x16
 724 001c 00       		.byte	0
 725 001d 03       		.uleb128 0x3
 726 001e 0E       		.uleb128 0xe
 727 001f 3A       		.uleb128 0x3a
 728 0020 0B       		.uleb128 0xb
 729 0021 3B       		.uleb128 0x3b
 730 0022 0B       		.uleb128 0xb
 731 0023 49       		.uleb128 0x49
 732 0024 13       		.uleb128 0x13
 733 0025 00       		.byte	0
 734 0026 00       		.byte	0
 735 0027 04       		.uleb128 0x4
 736 0028 24       		.uleb128 0x24
 737 0029 00       		.byte	0
ARM GAS  C:\Users\Dell\AppData\Local\Temp\cc7qvEVj.s 			page 14


 738 002a 0B       		.uleb128 0xb
 739 002b 0B       		.uleb128 0xb
 740 002c 3E       		.uleb128 0x3e
 741 002d 0B       		.uleb128 0xb
 742 002e 03       		.uleb128 0x3
 743 002f 08       		.uleb128 0x8
 744 0030 00       		.byte	0
 745 0031 00       		.byte	0
 746 0032 05       		.uleb128 0x5
 747 0033 01       		.uleb128 0x1
 748 0034 01       		.byte	0x1
 749 0035 49       		.uleb128 0x49
 750 0036 13       		.uleb128 0x13
 751 0037 01       		.uleb128 0x1
 752 0038 13       		.uleb128 0x13
 753 0039 00       		.byte	0
 754 003a 00       		.byte	0
 755 003b 06       		.uleb128 0x6
 756 003c 21       		.uleb128 0x21
 757 003d 00       		.byte	0
 758 003e 49       		.uleb128 0x49
 759 003f 13       		.uleb128 0x13
 760 0040 2F       		.uleb128 0x2f
 761 0041 05       		.uleb128 0x5
 762 0042 00       		.byte	0
 763 0043 00       		.byte	0
 764 0044 07       		.uleb128 0x7
 765 0045 26       		.uleb128 0x26
 766 0046 00       		.byte	0
 767 0047 49       		.uleb128 0x49
 768 0048 13       		.uleb128 0x13
 769 0049 00       		.byte	0
 770 004a 00       		.byte	0
 771 004b 08       		.uleb128 0x8
 772 004c 34       		.uleb128 0x34
 773 004d 00       		.byte	0
 774 004e 03       		.uleb128 0x3
 775 004f 0E       		.uleb128 0xe
 776 0050 3A       		.uleb128 0x3a
 777 0051 0B       		.uleb128 0xb
 778 0052 3B       		.uleb128 0x3b
 779 0053 0B       		.uleb128 0xb
 780 0054 49       		.uleb128 0x49
 781 0055 13       		.uleb128 0x13
 782 0056 3F       		.uleb128 0x3f
 783 0057 19       		.uleb128 0x19
 784 0058 02       		.uleb128 0x2
 785 0059 18       		.uleb128 0x18
 786 005a 00       		.byte	0
 787 005b 00       		.byte	0
 788 005c 09       		.uleb128 0x9
 789 005d 21       		.uleb128 0x21
 790 005e 00       		.byte	0
 791 005f 49       		.uleb128 0x49
 792 0060 13       		.uleb128 0x13
 793 0061 2F       		.uleb128 0x2f
 794 0062 0B       		.uleb128 0xb
ARM GAS  C:\Users\Dell\AppData\Local\Temp\cc7qvEVj.s 			page 15


 795 0063 00       		.byte	0
 796 0064 00       		.byte	0
 797 0065 00       		.byte	0
 798              		.section	.debug_aranges,"",%progbits
 799 0000 14000000 		.4byte	0x14
 800 0004 0200     		.2byte	0x2
 801 0006 00000000 		.4byte	.Ldebug_info0
 802 000a 04       		.byte	0x4
 803 000b 00       		.byte	0
 804 000c 0000     		.2byte	0
 805 000e 0000     		.2byte	0
 806 0010 00000000 		.4byte	0
 807 0014 00000000 		.4byte	0
 808              		.section	.debug_line,"",%progbits
 809              	.Ldebug_line0:
 810 0000 3D010000 		.section	.debug_str,"MS",%progbits,1
 810      02003701 
 810      00000201 
 810      FB0E0D00 
 810      01010101 
 811              	.LASF9:
 812 0000 5F5F7569 		.ascii	"__uint8_t\000"
 812      6E74385F 
 812      7400
 813              	.LASF16:
 814 000a 63795F6D 		.ascii	"cy_metadata\000"
 814      65746164 
 814      61746100 
 815              	.LASF1:
 816 0016 756E7369 		.ascii	"unsigned char\000"
 816      676E6564 
 816      20636861 
 816      7200
 817              	.LASF17:
 818 0024 474E5520 		.ascii	"GNU C11 5.4.1 20160609 (release) [ARM/embedded-5-br"
 818      43313120 
 818      352E342E 
 818      31203230 
 818      31363036 
 819 0057 616E6368 		.ascii	"anch revision 237715] -mcpu=cortex-m3 -mthumb -g -O"
 819      20726576 
 819      6973696F 
 819      6E203233 
 819      37373135 
 820 008a 67202D66 		.ascii	"g -ffunction-sections -ffat-lto-objects\000"
 820      66756E63 
 820      74696F6E 
 820      2D736563 
 820      74696F6E 
 821              	.LASF5:
 822 00b2 6C6F6E67 		.ascii	"long unsigned int\000"
 822      20756E73 
 822      69676E65 
 822      6420696E 
 822      7400
 823              	.LASF3:
 824 00c4 73686F72 		.ascii	"short unsigned int\000"
ARM GAS  C:\Users\Dell\AppData\Local\Temp\cc7qvEVj.s 			page 16


 824      7420756E 
 824      7369676E 
 824      65642069 
 824      6E7400
 825              	.LASF13:
 826 00d7 63795F6D 		.ascii	"cy_meta_custnvl\000"
 826      6574615F 
 826      63757374 
 826      6E766C00 
 827              	.LASF12:
 828 00e7 63795F6D 		.ascii	"cy_meta_configecc\000"
 828      6574615F 
 828      636F6E66 
 828      69676563 
 828      6300
 829              	.LASF8:
 830 00f9 756E7369 		.ascii	"unsigned int\000"
 830      676E6564 
 830      20696E74 
 830      00
 831              	.LASF7:
 832 0106 6C6F6E67 		.ascii	"long long unsigned int\000"
 832      206C6F6E 
 832      6720756E 
 832      7369676E 
 832      65642069 
 833              	.LASF10:
 834 011d 75696E74 		.ascii	"uint8_t\000"
 834      385F7400 
 835              	.LASF15:
 836 0125 63795F6D 		.ascii	"cy_meta_flashprotect\000"
 836      6574615F 
 836      666C6173 
 836      6870726F 
 836      74656374 
 837              	.LASF14:
 838 013a 63795F6D 		.ascii	"cy_meta_wonvl\000"
 838      6574615F 
 838      776F6E76 
 838      6C00
 839              	.LASF11:
 840 0148 73697A65 		.ascii	"sizetype\000"
 840      74797065 
 840      00
 841              	.LASF6:
 842 0151 6C6F6E67 		.ascii	"long long int\000"
 842      206C6F6E 
 842      6720696E 
 842      7400
 843              	.LASF19:
 844 015f 433A5C55 		.ascii	"C:\\Users\\Dell\\Documents\\PSoC Creator\\clase_7_s"
 844      73657273 
 844      5C44656C 
 844      6C5C446F 
 844      63756D65 
 845 018d 65676D65 		.ascii	"egmentos\\Design01.cydsn\000"
 845      6E746F73 
ARM GAS  C:\Users\Dell\AppData\Local\Temp\cc7qvEVj.s 			page 17


 845      5C446573 
 845      69676E30 
 845      312E6379 
 846              	.LASF2:
 847 01a5 73686F72 		.ascii	"short int\000"
 847      7420696E 
 847      7400
 848              	.LASF4:
 849 01af 6C6F6E67 		.ascii	"long int\000"
 849      20696E74 
 849      00
 850              	.LASF0:
 851 01b8 7369676E 		.ascii	"signed char\000"
 851      65642063 
 851      68617200 
 852              	.LASF18:
 853 01c4 47656E65 		.ascii	"Generated_Source\\PSoC5\\cymetadata.c\000"
 853      72617465 
 853      645F536F 
 853      75726365 
 853      5C50536F 
 854              		.ident	"GCC: (GNU Tools for ARM Embedded Processors) 5.4.1 20160609 (release) [ARM/embedded-5-bran
