ARM GAS  C:\Users\Dell\AppData\Local\Temp\ccOxZPtB.s 			page 1


   1              		.syntax unified
   2              		.cpu cortex-m3
   3              		.fpu softvfp
   4              		.eabi_attribute 20, 1
   5              		.eabi_attribute 21, 1
   6              		.eabi_attribute 23, 3
   7              		.eabi_attribute 24, 1
   8              		.eabi_attribute 25, 1
   9              		.eabi_attribute 26, 1
  10              		.eabi_attribute 30, 1
  11              		.eabi_attribute 34, 1
  12              		.eabi_attribute 18, 4
  13              		.thumb
  14              		.syntax unified
  15              		.file	"cyfitter_cfg.c"
  16              		.text
  17              	.Ltext0:
  18              		.cfi_sections	.debug_frame
  19              		.section	.text.CyClockStartupError,"ax",%progbits
  20              		.align	2
  21              		.thumb
  22              		.thumb_func
  23              		.type	CyClockStartupError, %function
  24              	CyClockStartupError:
  25              	.LFB3:
  26              		.file 1 "Generated_Source\\PSoC5\\cyfitter_cfg.c"
   1:Generated_Source\PSoC5/cyfitter_cfg.c **** 
   2:Generated_Source\PSoC5/cyfitter_cfg.c **** /*******************************************************************************
   3:Generated_Source\PSoC5/cyfitter_cfg.c **** * File Name: cyfitter_cfg.c
   4:Generated_Source\PSoC5/cyfitter_cfg.c **** * 
   5:Generated_Source\PSoC5/cyfitter_cfg.c **** * PSoC Creator  4.2
   6:Generated_Source\PSoC5/cyfitter_cfg.c **** *
   7:Generated_Source\PSoC5/cyfitter_cfg.c **** * Description:
   8:Generated_Source\PSoC5/cyfitter_cfg.c **** * This file contains device initialization code.
   9:Generated_Source\PSoC5/cyfitter_cfg.c **** * Except for the user defined sections in CyClockStartupError(), this file should not be modified.
  10:Generated_Source\PSoC5/cyfitter_cfg.c **** * This file is automatically generated by PSoC Creator.
  11:Generated_Source\PSoC5/cyfitter_cfg.c **** *
  12:Generated_Source\PSoC5/cyfitter_cfg.c **** ********************************************************************************
  13:Generated_Source\PSoC5/cyfitter_cfg.c **** * Copyright (c) 2007-2018 Cypress Semiconductor.  All rights reserved.
  14:Generated_Source\PSoC5/cyfitter_cfg.c **** * You may use this file only in accordance with the license, terms, conditions, 
  15:Generated_Source\PSoC5/cyfitter_cfg.c **** * disclaimers, and limitations in the end user license agreement accompanying 
  16:Generated_Source\PSoC5/cyfitter_cfg.c **** * the software package with which this file was provided.
  17:Generated_Source\PSoC5/cyfitter_cfg.c **** ********************************************************************************/
  18:Generated_Source\PSoC5/cyfitter_cfg.c **** 
  19:Generated_Source\PSoC5/cyfitter_cfg.c **** #include <string.h>
  20:Generated_Source\PSoC5/cyfitter_cfg.c **** #include "cytypes.h"
  21:Generated_Source\PSoC5/cyfitter_cfg.c **** #include "cydevice_trm.h"
  22:Generated_Source\PSoC5/cyfitter_cfg.c **** #include "cyfitter.h"
  23:Generated_Source\PSoC5/cyfitter_cfg.c **** #include "CyLib.h"
  24:Generated_Source\PSoC5/cyfitter_cfg.c **** #include "cyfitter_cfg.h"
  25:Generated_Source\PSoC5/cyfitter_cfg.c **** #include "cyapicallbacks.h"
  26:Generated_Source\PSoC5/cyfitter_cfg.c **** 
  27:Generated_Source\PSoC5/cyfitter_cfg.c **** #define CY_NEED_CYCLOCKSTARTUPERROR 1
  28:Generated_Source\PSoC5/cyfitter_cfg.c **** 
  29:Generated_Source\PSoC5/cyfitter_cfg.c **** 
  30:Generated_Source\PSoC5/cyfitter_cfg.c **** #if defined(__GNUC__) || defined(__ARMCC_VERSION)
  31:Generated_Source\PSoC5/cyfitter_cfg.c ****     #define CYPACKED 
ARM GAS  C:\Users\Dell\AppData\Local\Temp\ccOxZPtB.s 			page 2


  32:Generated_Source\PSoC5/cyfitter_cfg.c ****     #define CYPACKED_ATTR __attribute__ ((packed))
  33:Generated_Source\PSoC5/cyfitter_cfg.c ****     #define CYALIGNED __attribute__ ((aligned))
  34:Generated_Source\PSoC5/cyfitter_cfg.c ****     #define CY_CFG_UNUSED __attribute__ ((unused))
  35:Generated_Source\PSoC5/cyfitter_cfg.c ****     #ifndef CY_CFG_SECTION
  36:Generated_Source\PSoC5/cyfitter_cfg.c ****         #define CY_CFG_SECTION __attribute__ ((section(".psocinit")))
  37:Generated_Source\PSoC5/cyfitter_cfg.c ****     #endif
  38:Generated_Source\PSoC5/cyfitter_cfg.c ****     
  39:Generated_Source\PSoC5/cyfitter_cfg.c ****     #if defined(__ARMCC_VERSION)
  40:Generated_Source\PSoC5/cyfitter_cfg.c ****         #define CY_CFG_MEMORY_BARRIER() __memory_changed()
  41:Generated_Source\PSoC5/cyfitter_cfg.c ****     #else
  42:Generated_Source\PSoC5/cyfitter_cfg.c ****         #define CY_CFG_MEMORY_BARRIER() __sync_synchronize()
  43:Generated_Source\PSoC5/cyfitter_cfg.c ****     #endif
  44:Generated_Source\PSoC5/cyfitter_cfg.c ****     
  45:Generated_Source\PSoC5/cyfitter_cfg.c **** #elif defined(__ICCARM__)
  46:Generated_Source\PSoC5/cyfitter_cfg.c ****     #include <intrinsics.h>
  47:Generated_Source\PSoC5/cyfitter_cfg.c **** 
  48:Generated_Source\PSoC5/cyfitter_cfg.c ****     #define CYPACKED __packed
  49:Generated_Source\PSoC5/cyfitter_cfg.c ****     #define CYPACKED_ATTR 
  50:Generated_Source\PSoC5/cyfitter_cfg.c ****     #define CYALIGNED _Pragma("data_alignment=4")
  51:Generated_Source\PSoC5/cyfitter_cfg.c ****     #define CY_CFG_UNUSED _Pragma("diag_suppress=Pe177")
  52:Generated_Source\PSoC5/cyfitter_cfg.c ****     #define CY_CFG_SECTION _Pragma("location=\".psocinit\"")
  53:Generated_Source\PSoC5/cyfitter_cfg.c ****     
  54:Generated_Source\PSoC5/cyfitter_cfg.c ****     #define CY_CFG_MEMORY_BARRIER() __DMB()
  55:Generated_Source\PSoC5/cyfitter_cfg.c ****     
  56:Generated_Source\PSoC5/cyfitter_cfg.c **** #else
  57:Generated_Source\PSoC5/cyfitter_cfg.c ****     #error Unsupported toolchain
  58:Generated_Source\PSoC5/cyfitter_cfg.c **** #endif
  59:Generated_Source\PSoC5/cyfitter_cfg.c **** 
  60:Generated_Source\PSoC5/cyfitter_cfg.c **** #ifndef CYCODE
  61:Generated_Source\PSoC5/cyfitter_cfg.c ****     #define CYCODE
  62:Generated_Source\PSoC5/cyfitter_cfg.c **** #endif
  63:Generated_Source\PSoC5/cyfitter_cfg.c **** #ifndef CYDATA
  64:Generated_Source\PSoC5/cyfitter_cfg.c ****     #define CYDATA
  65:Generated_Source\PSoC5/cyfitter_cfg.c **** #endif
  66:Generated_Source\PSoC5/cyfitter_cfg.c **** #ifndef CYFAR
  67:Generated_Source\PSoC5/cyfitter_cfg.c ****     #define CYFAR
  68:Generated_Source\PSoC5/cyfitter_cfg.c **** #endif
  69:Generated_Source\PSoC5/cyfitter_cfg.c **** #ifndef CYXDATA
  70:Generated_Source\PSoC5/cyfitter_cfg.c ****     #define CYXDATA
  71:Generated_Source\PSoC5/cyfitter_cfg.c **** #endif
  72:Generated_Source\PSoC5/cyfitter_cfg.c **** 
  73:Generated_Source\PSoC5/cyfitter_cfg.c **** 
  74:Generated_Source\PSoC5/cyfitter_cfg.c **** CY_CFG_UNUSED
  75:Generated_Source\PSoC5/cyfitter_cfg.c **** static void CYMEMZERO(void *s, size_t n);
  76:Generated_Source\PSoC5/cyfitter_cfg.c **** CY_CFG_UNUSED
  77:Generated_Source\PSoC5/cyfitter_cfg.c **** static void CYMEMZERO(void *s, size_t n)
  78:Generated_Source\PSoC5/cyfitter_cfg.c **** {
  79:Generated_Source\PSoC5/cyfitter_cfg.c **** 	(void)memset(s, 0, n);
  80:Generated_Source\PSoC5/cyfitter_cfg.c **** }
  81:Generated_Source\PSoC5/cyfitter_cfg.c **** CY_CFG_UNUSED
  82:Generated_Source\PSoC5/cyfitter_cfg.c **** static void CYCONFIGCPY(void *dest, const void *src, size_t n);
  83:Generated_Source\PSoC5/cyfitter_cfg.c **** CY_CFG_UNUSED
  84:Generated_Source\PSoC5/cyfitter_cfg.c **** static void CYCONFIGCPY(void *dest, const void *src, size_t n)
  85:Generated_Source\PSoC5/cyfitter_cfg.c **** {
  86:Generated_Source\PSoC5/cyfitter_cfg.c **** 	(void)memcpy(dest, src, n);
  87:Generated_Source\PSoC5/cyfitter_cfg.c **** }
  88:Generated_Source\PSoC5/cyfitter_cfg.c **** CY_CFG_UNUSED
ARM GAS  C:\Users\Dell\AppData\Local\Temp\ccOxZPtB.s 			page 3


  89:Generated_Source\PSoC5/cyfitter_cfg.c **** static void CYCONFIGCPYCODE(void *dest, const void *src, size_t n);
  90:Generated_Source\PSoC5/cyfitter_cfg.c **** CY_CFG_UNUSED
  91:Generated_Source\PSoC5/cyfitter_cfg.c **** static void CYCONFIGCPYCODE(void *dest, const void *src, size_t n)
  92:Generated_Source\PSoC5/cyfitter_cfg.c **** {
  93:Generated_Source\PSoC5/cyfitter_cfg.c **** 	(void)memcpy(dest, src, n);
  94:Generated_Source\PSoC5/cyfitter_cfg.c **** }
  95:Generated_Source\PSoC5/cyfitter_cfg.c **** 
  96:Generated_Source\PSoC5/cyfitter_cfg.c **** 
  97:Generated_Source\PSoC5/cyfitter_cfg.c **** 
  98:Generated_Source\PSoC5/cyfitter_cfg.c **** 
  99:Generated_Source\PSoC5/cyfitter_cfg.c **** /* Clock startup error codes                                                   */
 100:Generated_Source\PSoC5/cyfitter_cfg.c **** #define CYCLOCKSTART_NO_ERROR    0u
 101:Generated_Source\PSoC5/cyfitter_cfg.c **** #define CYCLOCKSTART_XTAL_ERROR  1u
 102:Generated_Source\PSoC5/cyfitter_cfg.c **** #define CYCLOCKSTART_32KHZ_ERROR 2u
 103:Generated_Source\PSoC5/cyfitter_cfg.c **** #define CYCLOCKSTART_PLL_ERROR   3u
 104:Generated_Source\PSoC5/cyfitter_cfg.c **** #define CYCLOCKSTART_FLL_ERROR   4u
 105:Generated_Source\PSoC5/cyfitter_cfg.c **** #define CYCLOCKSTART_WCO_ERROR   5u
 106:Generated_Source\PSoC5/cyfitter_cfg.c **** 
 107:Generated_Source\PSoC5/cyfitter_cfg.c **** 
 108:Generated_Source\PSoC5/cyfitter_cfg.c **** #ifdef CY_NEED_CYCLOCKSTARTUPERROR
 109:Generated_Source\PSoC5/cyfitter_cfg.c **** /*******************************************************************************
 110:Generated_Source\PSoC5/cyfitter_cfg.c **** * Function Name: CyClockStartupError
 111:Generated_Source\PSoC5/cyfitter_cfg.c **** ********************************************************************************
 112:Generated_Source\PSoC5/cyfitter_cfg.c **** * Summary:
 113:Generated_Source\PSoC5/cyfitter_cfg.c **** *  If an error is encountered during clock configuration (crystal startup error,
 114:Generated_Source\PSoC5/cyfitter_cfg.c **** *  PLL lock error, etc.), the system will end up here.  Unless reimplemented by
 115:Generated_Source\PSoC5/cyfitter_cfg.c **** *  the customer, this function will stop in an infinite loop.
 116:Generated_Source\PSoC5/cyfitter_cfg.c **** *
 117:Generated_Source\PSoC5/cyfitter_cfg.c **** * Parameters:
 118:Generated_Source\PSoC5/cyfitter_cfg.c **** *   void
 119:Generated_Source\PSoC5/cyfitter_cfg.c **** *
 120:Generated_Source\PSoC5/cyfitter_cfg.c **** * Return:
 121:Generated_Source\PSoC5/cyfitter_cfg.c **** *   void
 122:Generated_Source\PSoC5/cyfitter_cfg.c **** *
 123:Generated_Source\PSoC5/cyfitter_cfg.c **** *******************************************************************************/
 124:Generated_Source\PSoC5/cyfitter_cfg.c **** CY_CFG_UNUSED
 125:Generated_Source\PSoC5/cyfitter_cfg.c **** static void CyClockStartupError(uint8 errorCode);
 126:Generated_Source\PSoC5/cyfitter_cfg.c **** CY_CFG_UNUSED
 127:Generated_Source\PSoC5/cyfitter_cfg.c **** static void CyClockStartupError(uint8 errorCode)
 128:Generated_Source\PSoC5/cyfitter_cfg.c **** {
  27              		.loc 1 128 0
  28              		.cfi_startproc
  29              		@ Volatile: function does not return.
  30              		@ args = 0, pretend = 0, frame = 0
  31              		@ frame_needed = 0, uses_anonymous_args = 0
  32              		@ link register save eliminated.
  33              	.LVL0:
  34              	.L2:
  35 0000 FEE7     		b	.L2
  36              		.cfi_endproc
  37              	.LFE3:
  38              		.size	CyClockStartupError, .-CyClockStartupError
  39 0002 00BF     		.section	.text.AnalogSetDefault,"ax",%progbits
  40              		.align	2
  41              		.thumb
  42              		.thumb_func
  43              		.type	AnalogSetDefault, %function
ARM GAS  C:\Users\Dell\AppData\Local\Temp\ccOxZPtB.s 			page 4


  44              	AnalogSetDefault:
  45              	.LFB5:
 129:Generated_Source\PSoC5/cyfitter_cfg.c ****     /* To remove the compiler warning if errorCode not used.                */
 130:Generated_Source\PSoC5/cyfitter_cfg.c ****     errorCode = errorCode;
 131:Generated_Source\PSoC5/cyfitter_cfg.c **** 
 132:Generated_Source\PSoC5/cyfitter_cfg.c ****     /* If we have a clock startup error (bad MHz crystal, PLL lock, etc.),  */
 133:Generated_Source\PSoC5/cyfitter_cfg.c ****     /* we will end up here to allow the customer to implement something to  */
 134:Generated_Source\PSoC5/cyfitter_cfg.c ****     /* deal with the clock condition.                                       */
 135:Generated_Source\PSoC5/cyfitter_cfg.c **** 
 136:Generated_Source\PSoC5/cyfitter_cfg.c **** #ifdef CY_CFG_CLOCK_STARTUP_ERROR_CALLBACK
 137:Generated_Source\PSoC5/cyfitter_cfg.c ****     CY_CFG_Clock_Startup_ErrorCallback();
 138:Generated_Source\PSoC5/cyfitter_cfg.c **** #else
 139:Generated_Source\PSoC5/cyfitter_cfg.c ****     /*  If not using CY_CFG_CLOCK_STARTUP_ERROR_CALLBACK, place your clock startup code here. */
 140:Generated_Source\PSoC5/cyfitter_cfg.c ****     /* `#START CyClockStartupError` */
 141:Generated_Source\PSoC5/cyfitter_cfg.c **** 
 142:Generated_Source\PSoC5/cyfitter_cfg.c **** 
 143:Generated_Source\PSoC5/cyfitter_cfg.c **** 
 144:Generated_Source\PSoC5/cyfitter_cfg.c ****     /* `#END` */
 145:Generated_Source\PSoC5/cyfitter_cfg.c **** 
 146:Generated_Source\PSoC5/cyfitter_cfg.c ****     while(1) {}
 147:Generated_Source\PSoC5/cyfitter_cfg.c **** #endif /* CY_CFG_CLOCK_STARTUP_ERROR_CALLBACK */
 148:Generated_Source\PSoC5/cyfitter_cfg.c **** }
 149:Generated_Source\PSoC5/cyfitter_cfg.c **** #endif
 150:Generated_Source\PSoC5/cyfitter_cfg.c **** 
 151:Generated_Source\PSoC5/cyfitter_cfg.c **** /* IOPINS0_0 Address: CYREG_PRT0_DM0 Size (bytes): 8 */
 152:Generated_Source\PSoC5/cyfitter_cfg.c **** #define BS_IOPINS0_0_VAL ((const uint8 CYFAR *)0x48000000u)
 153:Generated_Source\PSoC5/cyfitter_cfg.c **** 
 154:Generated_Source\PSoC5/cyfitter_cfg.c **** /* IOPINS0_1 Address: CYREG_PRT1_DM0 Size (bytes): 8 */
 155:Generated_Source\PSoC5/cyfitter_cfg.c **** #define BS_IOPINS0_1_VAL ((const uint8 CYFAR *)0x48000008u)
 156:Generated_Source\PSoC5/cyfitter_cfg.c **** 
 157:Generated_Source\PSoC5/cyfitter_cfg.c **** /* IOPINS0_2 Address: CYREG_PRT2_DM0 Size (bytes): 8 */
 158:Generated_Source\PSoC5/cyfitter_cfg.c **** #define BS_IOPINS0_2_VAL ((const uint8 CYFAR *)0x48000010u)
 159:Generated_Source\PSoC5/cyfitter_cfg.c **** 
 160:Generated_Source\PSoC5/cyfitter_cfg.c **** 
 161:Generated_Source\PSoC5/cyfitter_cfg.c **** /*******************************************************************************
 162:Generated_Source\PSoC5/cyfitter_cfg.c **** * Function Name: ClockSetup
 163:Generated_Source\PSoC5/cyfitter_cfg.c **** ********************************************************************************
 164:Generated_Source\PSoC5/cyfitter_cfg.c **** *
 165:Generated_Source\PSoC5/cyfitter_cfg.c **** * Summary:
 166:Generated_Source\PSoC5/cyfitter_cfg.c **** *  Performs the initialization of all of the clocks in the device based on the
 167:Generated_Source\PSoC5/cyfitter_cfg.c **** *  settings in the Clock tab of the DWR.  This includes enabling the requested
 168:Generated_Source\PSoC5/cyfitter_cfg.c **** *  clocks and setting the necessary dividers to produce the desired frequency. 
 169:Generated_Source\PSoC5/cyfitter_cfg.c **** *
 170:Generated_Source\PSoC5/cyfitter_cfg.c **** * Parameters:
 171:Generated_Source\PSoC5/cyfitter_cfg.c **** *  void
 172:Generated_Source\PSoC5/cyfitter_cfg.c **** *
 173:Generated_Source\PSoC5/cyfitter_cfg.c **** * Return:
 174:Generated_Source\PSoC5/cyfitter_cfg.c **** *  void
 175:Generated_Source\PSoC5/cyfitter_cfg.c **** *
 176:Generated_Source\PSoC5/cyfitter_cfg.c **** *******************************************************************************/
 177:Generated_Source\PSoC5/cyfitter_cfg.c **** static void ClockSetup(void);
 178:Generated_Source\PSoC5/cyfitter_cfg.c **** static void ClockSetup(void)
 179:Generated_Source\PSoC5/cyfitter_cfg.c **** {
 180:Generated_Source\PSoC5/cyfitter_cfg.c **** 	uint32 timeout;
 181:Generated_Source\PSoC5/cyfitter_cfg.c **** 	uint8 pllLock;
 182:Generated_Source\PSoC5/cyfitter_cfg.c **** 
 183:Generated_Source\PSoC5/cyfitter_cfg.c **** 
ARM GAS  C:\Users\Dell\AppData\Local\Temp\ccOxZPtB.s 			page 5


 184:Generated_Source\PSoC5/cyfitter_cfg.c **** 	/* Configure ILO based on settings from Clock DWR */
 185:Generated_Source\PSoC5/cyfitter_cfg.c **** 	CY_SET_XTND_REG8((void CYFAR *)(CYREG_SLOWCLK_ILO_CR0), 0x02u);
 186:Generated_Source\PSoC5/cyfitter_cfg.c **** 	CY_SET_XTND_REG8((void CYFAR *)(CYREG_CLKDIST_CR), 0x08u);
 187:Generated_Source\PSoC5/cyfitter_cfg.c **** 
 188:Generated_Source\PSoC5/cyfitter_cfg.c **** 	/* Configure IMO based on settings from Clock DWR */
 189:Generated_Source\PSoC5/cyfitter_cfg.c **** 	CY_SET_XTND_REG8((void CYFAR *)(CYREG_FASTCLK_IMO_CR), 0x03u);
 190:Generated_Source\PSoC5/cyfitter_cfg.c **** 	CY_SET_XTND_REG8((void CYFAR *)(CYREG_IMO_TR1), (CY_GET_XTND_REG8((void CYFAR *)CYREG_FLSHID_CUST_
 191:Generated_Source\PSoC5/cyfitter_cfg.c **** 
 192:Generated_Source\PSoC5/cyfitter_cfg.c **** 	/* Configure PLL based on settings from Clock DWR */
 193:Generated_Source\PSoC5/cyfitter_cfg.c **** 	CY_SET_XTND_REG16((void CYFAR *)(CYREG_FASTCLK_PLL_P), 0x0008u);
 194:Generated_Source\PSoC5/cyfitter_cfg.c **** 	CY_SET_XTND_REG16((void CYFAR *)(CYREG_FASTCLK_PLL_CFG0), 0x1251u);
 195:Generated_Source\PSoC5/cyfitter_cfg.c **** 	/* Wait up to 250us for the PLL to lock */
 196:Generated_Source\PSoC5/cyfitter_cfg.c **** 	pllLock = 0u;
 197:Generated_Source\PSoC5/cyfitter_cfg.c **** 	for (timeout = 250u / 10u; (timeout > 0u) && (pllLock != 0x03u); timeout--)
 198:Generated_Source\PSoC5/cyfitter_cfg.c **** 	{ 
 199:Generated_Source\PSoC5/cyfitter_cfg.c **** 		pllLock = 0x03u & ((uint8)((uint8)pllLock << 1) | ((CY_GET_XTND_REG8((void CYFAR *)CYREG_FASTCLK_
 200:Generated_Source\PSoC5/cyfitter_cfg.c **** 		CyDelayCycles(10u * 48u); /* Delay 10us based on 48MHz clock */
 201:Generated_Source\PSoC5/cyfitter_cfg.c **** 	}
 202:Generated_Source\PSoC5/cyfitter_cfg.c **** 	/* If we ran out of time the PLL didn't lock so go to the error function */
 203:Generated_Source\PSoC5/cyfitter_cfg.c **** 	if (timeout == 0u)
 204:Generated_Source\PSoC5/cyfitter_cfg.c **** 	{
 205:Generated_Source\PSoC5/cyfitter_cfg.c **** 		CyClockStartupError(CYCLOCKSTART_PLL_ERROR);
 206:Generated_Source\PSoC5/cyfitter_cfg.c **** 	}
 207:Generated_Source\PSoC5/cyfitter_cfg.c **** 
 208:Generated_Source\PSoC5/cyfitter_cfg.c **** 	/* Configure Bus/Master Clock based on settings from Clock DWR */
 209:Generated_Source\PSoC5/cyfitter_cfg.c **** 	CY_SET_XTND_REG16((void CYFAR *)(CYREG_CLKDIST_MSTR0), 0x0100u);
 210:Generated_Source\PSoC5/cyfitter_cfg.c **** 	CY_SET_XTND_REG8((void CYFAR *)(CYREG_CLKDIST_MSTR0), 0x07u);
 211:Generated_Source\PSoC5/cyfitter_cfg.c **** 	CY_SET_XTND_REG8((void CYFAR *)(CYREG_CLKDIST_BCFG0), 0x00u);
 212:Generated_Source\PSoC5/cyfitter_cfg.c **** 	CY_SET_XTND_REG8((void CYFAR *)(CYREG_CLKDIST_BCFG2), 0x48u);
 213:Generated_Source\PSoC5/cyfitter_cfg.c **** 	CY_SET_XTND_REG8((void CYFAR *)(CYREG_CLKDIST_MSTR0), 0x00u);
 214:Generated_Source\PSoC5/cyfitter_cfg.c **** 	CY_SET_XTND_REG8((void CYFAR *)(CYREG_CLKDIST_LD), 0x02u);
 215:Generated_Source\PSoC5/cyfitter_cfg.c **** }
 216:Generated_Source\PSoC5/cyfitter_cfg.c **** 
 217:Generated_Source\PSoC5/cyfitter_cfg.c **** 
 218:Generated_Source\PSoC5/cyfitter_cfg.c **** /* Analog API Functions */
 219:Generated_Source\PSoC5/cyfitter_cfg.c **** 
 220:Generated_Source\PSoC5/cyfitter_cfg.c **** 
 221:Generated_Source\PSoC5/cyfitter_cfg.c **** /*******************************************************************************
 222:Generated_Source\PSoC5/cyfitter_cfg.c **** * Function Name: AnalogSetDefault
 223:Generated_Source\PSoC5/cyfitter_cfg.c **** ********************************************************************************
 224:Generated_Source\PSoC5/cyfitter_cfg.c **** *
 225:Generated_Source\PSoC5/cyfitter_cfg.c **** * Summary:
 226:Generated_Source\PSoC5/cyfitter_cfg.c **** *  Sets up the analog portions of the chip to default values based on chip
 227:Generated_Source\PSoC5/cyfitter_cfg.c **** *  configuration options from the project.
 228:Generated_Source\PSoC5/cyfitter_cfg.c **** *
 229:Generated_Source\PSoC5/cyfitter_cfg.c **** * Parameters:
 230:Generated_Source\PSoC5/cyfitter_cfg.c **** *  void
 231:Generated_Source\PSoC5/cyfitter_cfg.c **** *
 232:Generated_Source\PSoC5/cyfitter_cfg.c **** * Return:
 233:Generated_Source\PSoC5/cyfitter_cfg.c **** *  void
 234:Generated_Source\PSoC5/cyfitter_cfg.c **** *
 235:Generated_Source\PSoC5/cyfitter_cfg.c **** *******************************************************************************/
 236:Generated_Source\PSoC5/cyfitter_cfg.c **** static void AnalogSetDefault(void);
 237:Generated_Source\PSoC5/cyfitter_cfg.c **** static void AnalogSetDefault(void)
 238:Generated_Source\PSoC5/cyfitter_cfg.c **** {
  46              		.loc 1 238 0
  47              		.cfi_startproc
ARM GAS  C:\Users\Dell\AppData\Local\Temp\ccOxZPtB.s 			page 6


  48              		@ args = 0, pretend = 0, frame = 0
  49              		@ frame_needed = 0, uses_anonymous_args = 0
  50              		@ link register save eliminated.
 239:Generated_Source\PSoC5/cyfitter_cfg.c **** 	uint8 bg_xover_inl_trim = CY_GET_XTND_REG8((void CYFAR *)(CYREG_FLSHID_MFG_CFG_BG_XOVER_INL_TRIM +
  51              		.loc 1 239 0
  52 0000 0A4B     		ldr	r3, .L4
  53 0002 1B78     		ldrb	r3, [r3]	@ zero_extendqisi2
  54 0004 DBB2     		uxtb	r3, r3
  55              	.LVL1:
 240:Generated_Source\PSoC5/cyfitter_cfg.c **** 	CY_SET_XTND_REG8((void CYFAR *)(CYREG_BG_DFT0), (bg_xover_inl_trim & 0x07u));
  56              		.loc 1 240 0
  57 0006 03F00701 		and	r1, r3, #7
  58 000a 094A     		ldr	r2, .L4+4
  59 000c 1170     		strb	r1, [r2]
 241:Generated_Source\PSoC5/cyfitter_cfg.c **** 	CY_SET_XTND_REG8((void CYFAR *)(CYREG_BG_DFT1), ((bg_xover_inl_trim >> 4) & 0x0Fu));
  60              		.loc 1 241 0
  61 000e 1B09     		lsrs	r3, r3, #4
  62              	.LVL2:
  63 0010 0132     		adds	r2, r2, #1
  64 0012 1370     		strb	r3, [r2]
 242:Generated_Source\PSoC5/cyfitter_cfg.c **** 	CY_SET_XTND_REG8((void CYFAR *)CYREG_PRT0_AMUX, 0x80u);
  65              		.loc 1 242 0
  66 0014 8022     		movs	r2, #128
  67 0016 074B     		ldr	r3, .L4+8
  68 0018 1A70     		strb	r2, [r3]
 243:Generated_Source\PSoC5/cyfitter_cfg.c **** 	CY_SET_XTND_REG8((void CYFAR *)CYREG_DAC0_SW3, 0x01u);
  69              		.loc 1 243 0
  70 001a 0122     		movs	r2, #1
  71 001c 03F67713 		addw	r3, r3, #2423
  72 0020 1A70     		strb	r2, [r3]
 244:Generated_Source\PSoC5/cyfitter_cfg.c **** 	CY_SET_XTND_REG8((void CYFAR *)CYREG_PUMP_CR0, 0x44u);
  73              		.loc 1 244 0
  74 0022 4422     		movs	r2, #68
  75 0024 A3F20D23 		subw	r3, r3, #525
  76 0028 1A70     		strb	r2, [r3]
  77 002a 7047     		bx	lr
  78              	.L5:
  79              		.align	2
  80              	.L4:
  81 002c CF010049 		.word	1224737231
  82 0030 6E580040 		.word	1073764462
  83 0034 0C510040 		.word	1073762572
  84              		.cfi_endproc
  85              	.LFE5:
  86              		.size	AnalogSetDefault, .-AnalogSetDefault
  87              		.section	.text.CYMEMZERO,"ax",%progbits
  88              		.align	2
  89              		.thumb
  90              		.thumb_func
  91              		.type	CYMEMZERO, %function
  92              	CYMEMZERO:
  93              	.LFB0:
  78:Generated_Source\PSoC5/cyfitter_cfg.c **** 	(void)memset(s, 0, n);
  94              		.loc 1 78 0
  95              		.cfi_startproc
  96              		@ args = 0, pretend = 0, frame = 0
  97              		@ frame_needed = 0, uses_anonymous_args = 0
ARM GAS  C:\Users\Dell\AppData\Local\Temp\ccOxZPtB.s 			page 7


  98              	.LVL3:
  99 0000 08B5     		push	{r3, lr}
 100              		.cfi_def_cfa_offset 8
 101              		.cfi_offset 3, -8
 102              		.cfi_offset 14, -4
  79:Generated_Source\PSoC5/cyfitter_cfg.c **** }
 103              		.loc 1 79 0
 104 0002 0A46     		mov	r2, r1
 105 0004 0021     		movs	r1, #0
 106              	.LVL4:
 107 0006 FFF7FEFF 		bl	memset
 108              	.LVL5:
 109 000a 08BD     		pop	{r3, pc}
 110              		.cfi_endproc
 111              	.LFE0:
 112              		.size	CYMEMZERO, .-CYMEMZERO
 113              		.section	.text.ClockSetup,"ax",%progbits
 114              		.align	2
 115              		.thumb
 116              		.thumb_func
 117              		.type	ClockSetup, %function
 118              	ClockSetup:
 119              	.LFB4:
 179:Generated_Source\PSoC5/cyfitter_cfg.c **** 	uint32 timeout;
 120              		.loc 1 179 0
 121              		.cfi_startproc
 122              		@ args = 0, pretend = 0, frame = 0
 123              		@ frame_needed = 0, uses_anonymous_args = 0
 124 0000 38B5     		push	{r3, r4, r5, lr}
 125              		.cfi_def_cfa_offset 16
 126              		.cfi_offset 3, -16
 127              		.cfi_offset 4, -12
 128              		.cfi_offset 5, -8
 129              		.cfi_offset 14, -4
 185:Generated_Source\PSoC5/cyfitter_cfg.c **** 	CY_SET_XTND_REG8((void CYFAR *)(CYREG_CLKDIST_CR), 0x08u);
 130              		.loc 1 185 0
 131 0002 0222     		movs	r2, #2
 132 0004 1E4B     		ldr	r3, .L14
 133 0006 1A70     		strb	r2, [r3]
 186:Generated_Source\PSoC5/cyfitter_cfg.c **** 
 134              		.loc 1 186 0
 135 0008 0822     		movs	r2, #8
 136 000a 4FF04023 		mov	r3, #1073758208
 137 000e 1A70     		strb	r2, [r3]
 189:Generated_Source\PSoC5/cyfitter_cfg.c **** 	CY_SET_XTND_REG8((void CYFAR *)(CYREG_IMO_TR1), (CY_GET_XTND_REG8((void CYFAR *)CYREG_FLSHID_CUST_
 138              		.loc 1 189 0
 139 0010 0321     		movs	r1, #3
 140 0012 03F50073 		add	r3, r3, #512
 141 0016 1970     		strb	r1, [r3]
 190:Generated_Source\PSoC5/cyfitter_cfg.c **** 
 142              		.loc 1 190 0
 143 0018 1A4B     		ldr	r3, .L14+4
 144 001a 1B78     		ldrb	r3, [r3]	@ zero_extendqisi2
 145 001c DBB2     		uxtb	r3, r3
 146 001e 1A49     		ldr	r1, .L14+8
 147 0020 0B70     		strb	r3, [r1]
 193:Generated_Source\PSoC5/cyfitter_cfg.c **** 	CY_SET_XTND_REG16((void CYFAR *)(CYREG_FASTCLK_PLL_CFG0), 0x1251u);
ARM GAS  C:\Users\Dell\AppData\Local\Temp\ccOxZPtB.s 			page 8


 148              		.loc 1 193 0
 149 0022 1A4B     		ldr	r3, .L14+12
 150 0024 1A80     		strh	r2, [r3]	@ movhi
 194:Generated_Source\PSoC5/cyfitter_cfg.c **** 	/* Wait up to 250us for the PLL to lock */
 151              		.loc 1 194 0
 152 0026 41F25122 		movw	r2, #4689
 153 002a 023B     		subs	r3, r3, #2
 154 002c 1A80     		strh	r2, [r3]	@ movhi
 155              	.LVL6:
 196:Generated_Source\PSoC5/cyfitter_cfg.c **** 	for (timeout = 250u / 10u; (timeout > 0u) && (pllLock != 0x03u); timeout--)
 156              		.loc 1 196 0
 157 002e 0024     		movs	r4, #0
 197:Generated_Source\PSoC5/cyfitter_cfg.c **** 	{ 
 158              		.loc 1 197 0
 159 0030 1925     		movs	r5, #25
 160 0032 0CE0     		b	.L9
 161              	.LVL7:
 162              	.L11:
 199:Generated_Source\PSoC5/cyfitter_cfg.c **** 		CyDelayCycles(10u * 48u); /* Delay 10us based on 48MHz clock */
 163              		.loc 1 199 0 discriminator 4
 164 0034 164B     		ldr	r3, .L14+16
 165 0036 1B78     		ldrb	r3, [r3]	@ zero_extendqisi2
 166 0038 03F00103 		and	r3, r3, #1
 167 003c 43EA4404 		orr	r4, r3, r4, lsl #1
 168              	.LVL8:
 169 0040 04F00304 		and	r4, r4, #3
 170              	.LVL9:
 200:Generated_Source\PSoC5/cyfitter_cfg.c **** 	}
 171              		.loc 1 200 0 discriminator 4
 172 0044 4FF4F070 		mov	r0, #480
 173 0048 FFF7FEFF 		bl	CyDelayCycles
 174              	.LVL10:
 197:Generated_Source\PSoC5/cyfitter_cfg.c **** 	{ 
 175              		.loc 1 197 0 discriminator 4
 176 004c 013D     		subs	r5, r5, #1
 177              	.LVL11:
 178              	.L9:
 197:Generated_Source\PSoC5/cyfitter_cfg.c **** 	{ 
 179              		.loc 1 197 0 is_stmt 0 discriminator 1
 180 004e 0DB1     		cbz	r5, .L10
 197:Generated_Source\PSoC5/cyfitter_cfg.c **** 	{ 
 181              		.loc 1 197 0 discriminator 3
 182 0050 032C     		cmp	r4, #3
 183 0052 EFD1     		bne	.L11
 184              	.L10:
 203:Generated_Source\PSoC5/cyfitter_cfg.c **** 	{
 185              		.loc 1 203 0 is_stmt 1
 186 0054 15B9     		cbnz	r5, .L12
 205:Generated_Source\PSoC5/cyfitter_cfg.c **** 	}
 187              		.loc 1 205 0
 188 0056 0320     		movs	r0, #3
 189 0058 FFF7FEFF 		bl	CyClockStartupError
 190              	.LVL12:
 191              	.L12:
 209:Generated_Source\PSoC5/cyfitter_cfg.c **** 	CY_SET_XTND_REG8((void CYFAR *)(CYREG_CLKDIST_MSTR0), 0x07u);
 192              		.loc 1 209 0
 193 005c 0D4B     		ldr	r3, .L14+20
ARM GAS  C:\Users\Dell\AppData\Local\Temp\ccOxZPtB.s 			page 9


 194 005e 4FF48072 		mov	r2, #256
 195 0062 1A80     		strh	r2, [r3]	@ movhi
 210:Generated_Source\PSoC5/cyfitter_cfg.c **** 	CY_SET_XTND_REG8((void CYFAR *)(CYREG_CLKDIST_BCFG0), 0x00u);
 196              		.loc 1 210 0
 197 0064 0722     		movs	r2, #7
 198 0066 1A70     		strb	r2, [r3]
 211:Generated_Source\PSoC5/cyfitter_cfg.c **** 	CY_SET_XTND_REG8((void CYFAR *)(CYREG_CLKDIST_BCFG2), 0x48u);
 199              		.loc 1 211 0
 200 0068 0022     		movs	r2, #0
 201 006a 0B49     		ldr	r1, .L14+24
 202 006c 0A70     		strb	r2, [r1]
 212:Generated_Source\PSoC5/cyfitter_cfg.c **** 	CY_SET_XTND_REG8((void CYFAR *)(CYREG_CLKDIST_MSTR0), 0x00u);
 203              		.loc 1 212 0
 204 006e 4820     		movs	r0, #72
 205 0070 0231     		adds	r1, r1, #2
 206 0072 0870     		strb	r0, [r1]
 213:Generated_Source\PSoC5/cyfitter_cfg.c **** 	CY_SET_XTND_REG8((void CYFAR *)(CYREG_CLKDIST_LD), 0x02u);
 207              		.loc 1 213 0
 208 0074 1A70     		strb	r2, [r3]
 214:Generated_Source\PSoC5/cyfitter_cfg.c **** }
 209              		.loc 1 214 0
 210 0076 0222     		movs	r2, #2
 211 0078 033B     		subs	r3, r3, #3
 212 007a 1A70     		strb	r2, [r3]
 213 007c 38BD     		pop	{r3, r4, r5, pc}
 214              	.LVL13:
 215              	.L15:
 216 007e 00BF     		.align	2
 217              	.L14:
 218 0080 00430040 		.word	1073758976
 219 0084 08010049 		.word	1224737032
 220 0088 A1460040 		.word	1073759905
 221 008c 22420040 		.word	1073758754
 222 0090 25420040 		.word	1073758757
 223 0094 04400040 		.word	1073758212
 224 0098 06400040 		.word	1073758214
 225              		.cfi_endproc
 226              	.LFE4:
 227              		.size	ClockSetup, .-ClockSetup
 228              		.section	.text.CYCONFIGCPY,"ax",%progbits
 229              		.align	2
 230              		.thumb
 231              		.thumb_func
 232              		.type	CYCONFIGCPY, %function
 233              	CYCONFIGCPY:
 234              	.LFB1:
  85:Generated_Source\PSoC5/cyfitter_cfg.c **** 	(void)memcpy(dest, src, n);
 235              		.loc 1 85 0
 236              		.cfi_startproc
 237              		@ args = 0, pretend = 0, frame = 0
 238              		@ frame_needed = 0, uses_anonymous_args = 0
 239              	.LVL14:
 240 0000 08B5     		push	{r3, lr}
 241              		.cfi_def_cfa_offset 8
 242              		.cfi_offset 3, -8
 243              		.cfi_offset 14, -4
  86:Generated_Source\PSoC5/cyfitter_cfg.c **** }
ARM GAS  C:\Users\Dell\AppData\Local\Temp\ccOxZPtB.s 			page 10


 244              		.loc 1 86 0
 245 0002 FFF7FEFF 		bl	memcpy
 246              	.LVL15:
 247 0006 08BD     		pop	{r3, pc}
 248              		.cfi_endproc
 249              	.LFE1:
 250              		.size	CYCONFIGCPY, .-CYCONFIGCPY
 251              		.section	.text.SetAnalogRoutingPumps,"ax",%progbits
 252              		.align	2
 253              		.global	SetAnalogRoutingPumps
 254              		.thumb
 255              		.thumb_func
 256              		.type	SetAnalogRoutingPumps, %function
 257              	SetAnalogRoutingPumps:
 258              	.LFB6:
 245:Generated_Source\PSoC5/cyfitter_cfg.c **** }
 246:Generated_Source\PSoC5/cyfitter_cfg.c **** 
 247:Generated_Source\PSoC5/cyfitter_cfg.c **** 
 248:Generated_Source\PSoC5/cyfitter_cfg.c **** /*******************************************************************************
 249:Generated_Source\PSoC5/cyfitter_cfg.c **** * Function Name: SetAnalogRoutingPumps
 250:Generated_Source\PSoC5/cyfitter_cfg.c **** ********************************************************************************
 251:Generated_Source\PSoC5/cyfitter_cfg.c **** *
 252:Generated_Source\PSoC5/cyfitter_cfg.c **** * Summary:
 253:Generated_Source\PSoC5/cyfitter_cfg.c **** * Enables or disables the analog pumps feeding analog routing switches.
 254:Generated_Source\PSoC5/cyfitter_cfg.c **** * Intended to be called at startup, based on the Vdda system configuration;
 255:Generated_Source\PSoC5/cyfitter_cfg.c **** * may be called during operation when the user informs us that the Vdda voltage
 256:Generated_Source\PSoC5/cyfitter_cfg.c **** * crossed the pump threshold.
 257:Generated_Source\PSoC5/cyfitter_cfg.c **** *
 258:Generated_Source\PSoC5/cyfitter_cfg.c **** * Parameters:
 259:Generated_Source\PSoC5/cyfitter_cfg.c **** *  enabled - 1 to enable the pumps, 0 to disable the pumps
 260:Generated_Source\PSoC5/cyfitter_cfg.c **** *
 261:Generated_Source\PSoC5/cyfitter_cfg.c **** * Return:
 262:Generated_Source\PSoC5/cyfitter_cfg.c **** *  void
 263:Generated_Source\PSoC5/cyfitter_cfg.c **** *
 264:Generated_Source\PSoC5/cyfitter_cfg.c **** *******************************************************************************/
 265:Generated_Source\PSoC5/cyfitter_cfg.c **** void SetAnalogRoutingPumps(uint8 enabled)
 266:Generated_Source\PSoC5/cyfitter_cfg.c **** {
 259              		.loc 1 266 0
 260              		.cfi_startproc
 261              		@ args = 0, pretend = 0, frame = 0
 262              		@ frame_needed = 0, uses_anonymous_args = 0
 263              		@ link register save eliminated.
 264              	.LVL16:
 267:Generated_Source\PSoC5/cyfitter_cfg.c **** 	uint8 regValue = CY_GET_XTND_REG8((void CYFAR *)CYREG_PUMP_CR0);
 265              		.loc 1 267 0
 266 0000 024A     		ldr	r2, .L19
 267 0002 1378     		ldrb	r3, [r2]	@ zero_extendqisi2
 268 0004 DBB2     		uxtb	r3, r3
 269              	.LVL17:
 268:Generated_Source\PSoC5/cyfitter_cfg.c **** 	if (enabled != 0u)
 269:Generated_Source\PSoC5/cyfitter_cfg.c **** 	{
 270:Generated_Source\PSoC5/cyfitter_cfg.c **** 		regValue |= 0x00u;
 271:Generated_Source\PSoC5/cyfitter_cfg.c **** 	}
 272:Generated_Source\PSoC5/cyfitter_cfg.c **** 	else
 273:Generated_Source\PSoC5/cyfitter_cfg.c **** 	{
 274:Generated_Source\PSoC5/cyfitter_cfg.c **** 		regValue &= (uint8)~0x00u;
 275:Generated_Source\PSoC5/cyfitter_cfg.c **** 	}
ARM GAS  C:\Users\Dell\AppData\Local\Temp\ccOxZPtB.s 			page 11


 276:Generated_Source\PSoC5/cyfitter_cfg.c **** 	CY_SET_XTND_REG8((void CYFAR *)CYREG_PUMP_CR0, regValue);
 270              		.loc 1 276 0
 271 0006 1370     		strb	r3, [r2]
 272 0008 7047     		bx	lr
 273              	.L20:
 274 000a 00BF     		.align	2
 275              	.L19:
 276 000c 76580040 		.word	1073764470
 277              		.cfi_endproc
 278              	.LFE6:
 279              		.size	SetAnalogRoutingPumps, .-SetAnalogRoutingPumps
 280              		.section	.text.cyfitter_cfg,"ax",%progbits
 281              		.align	2
 282              		.global	cyfitter_cfg
 283              		.thumb
 284              		.thumb_func
 285              		.type	cyfitter_cfg, %function
 286              	cyfitter_cfg:
 287              	.LFB7:
 277:Generated_Source\PSoC5/cyfitter_cfg.c **** }
 278:Generated_Source\PSoC5/cyfitter_cfg.c **** 
 279:Generated_Source\PSoC5/cyfitter_cfg.c **** 
 280:Generated_Source\PSoC5/cyfitter_cfg.c **** 
 281:Generated_Source\PSoC5/cyfitter_cfg.c **** 
 282:Generated_Source\PSoC5/cyfitter_cfg.c **** /*******************************************************************************
 283:Generated_Source\PSoC5/cyfitter_cfg.c **** * Function Name: cyfitter_cfg
 284:Generated_Source\PSoC5/cyfitter_cfg.c **** ********************************************************************************
 285:Generated_Source\PSoC5/cyfitter_cfg.c **** * Summary:
 286:Generated_Source\PSoC5/cyfitter_cfg.c **** *  This function is called by the start-up code for the selected device. It
 287:Generated_Source\PSoC5/cyfitter_cfg.c **** *  performs all of the necessary device configuration based on the design
 288:Generated_Source\PSoC5/cyfitter_cfg.c **** *  settings.  This includes settings from the Design Wide Resources (DWR) such
 289:Generated_Source\PSoC5/cyfitter_cfg.c **** *  as Clocks and Pins as well as any component configuration that is necessary.
 290:Generated_Source\PSoC5/cyfitter_cfg.c **** *
 291:Generated_Source\PSoC5/cyfitter_cfg.c **** * Parameters:
 292:Generated_Source\PSoC5/cyfitter_cfg.c **** *   void
 293:Generated_Source\PSoC5/cyfitter_cfg.c **** *
 294:Generated_Source\PSoC5/cyfitter_cfg.c **** * Return:
 295:Generated_Source\PSoC5/cyfitter_cfg.c **** *   void
 296:Generated_Source\PSoC5/cyfitter_cfg.c **** *
 297:Generated_Source\PSoC5/cyfitter_cfg.c **** *******************************************************************************/
 298:Generated_Source\PSoC5/cyfitter_cfg.c **** 
 299:Generated_Source\PSoC5/cyfitter_cfg.c **** void cyfitter_cfg(void)
 300:Generated_Source\PSoC5/cyfitter_cfg.c **** {
 288              		.loc 1 300 0
 289              		.cfi_startproc
 290              		@ args = 0, pretend = 0, frame = 0
 291              		@ frame_needed = 0, uses_anonymous_args = 0
 292 0000 38B5     		push	{r3, r4, r5, lr}
 293              		.cfi_def_cfa_offset 16
 294              		.cfi_offset 3, -16
 295              		.cfi_offset 4, -12
 296              		.cfi_offset 5, -8
 297              		.cfi_offset 14, -4
 301:Generated_Source\PSoC5/cyfitter_cfg.c **** #ifdef CYGlobalIntDisable
 302:Generated_Source\PSoC5/cyfitter_cfg.c **** 	/* Disable interrupts by default. Let user enable if/when they want. */
 303:Generated_Source\PSoC5/cyfitter_cfg.c **** 	CYGlobalIntDisable
 298              		.loc 1 303 0
ARM GAS  C:\Users\Dell\AppData\Local\Temp\ccOxZPtB.s 			page 12


 299              		.syntax unified
 300              	@ 303 "Generated_Source\PSoC5\cyfitter_cfg.c" 1
 301 0002 72B6     		CPSID   i
 302              	@ 0 "" 2
 304:Generated_Source\PSoC5/cyfitter_cfg.c **** #endif
 305:Generated_Source\PSoC5/cyfitter_cfg.c **** 
 306:Generated_Source\PSoC5/cyfitter_cfg.c **** 	/* Enable/Disable Debug functionality based on settings from System DWR */
 307:Generated_Source\PSoC5/cyfitter_cfg.c **** 	CY_SET_XTND_REG8((void CYFAR *)CYREG_MLOGIC_DEBUG, (CY_GET_XTND_REG8((void CYFAR *)CYREG_MLOGIC_DE
 303              		.loc 1 307 0
 304              		.thumb
 305              		.syntax unified
 306 0004 234A     		ldr	r2, .L25
 307 0006 1378     		ldrb	r3, [r2]	@ zero_extendqisi2
 308 0008 43F00403 		orr	r3, r3, #4
 309 000c 1370     		strb	r3, [r2]
 310              	.LVL18:
 311              	.LBB2:
 308:Generated_Source\PSoC5/cyfitter_cfg.c **** 
 309:Generated_Source\PSoC5/cyfitter_cfg.c **** 	{
 310:Generated_Source\PSoC5/cyfitter_cfg.c **** 
 311:Generated_Source\PSoC5/cyfitter_cfg.c **** 		CYPACKED typedef struct {
 312:Generated_Source\PSoC5/cyfitter_cfg.c **** 			void CYFAR *address;
 313:Generated_Source\PSoC5/cyfitter_cfg.c **** 			uint16 size;
 314:Generated_Source\PSoC5/cyfitter_cfg.c **** 		} CYPACKED_ATTR cfg_memset_t;
 315:Generated_Source\PSoC5/cyfitter_cfg.c **** 
 316:Generated_Source\PSoC5/cyfitter_cfg.c **** 		static const cfg_memset_t CYCODE cfg_memset_list[] = {
 317:Generated_Source\PSoC5/cyfitter_cfg.c **** 			/* address, size */
 318:Generated_Source\PSoC5/cyfitter_cfg.c **** 			{(void CYFAR *)(CYREG_PRT3_DR), 64u},
 319:Generated_Source\PSoC5/cyfitter_cfg.c **** 			{(void CYFAR *)(CYREG_PRT12_DR), 16u},
 320:Generated_Source\PSoC5/cyfitter_cfg.c **** 			{(void CYFAR *)(CYREG_PRT15_DR), 16u},
 321:Generated_Source\PSoC5/cyfitter_cfg.c **** 			{(void CYFAR *)(CYDEV_UCFG_B0_P0_U0_BASE), 4096u},
 322:Generated_Source\PSoC5/cyfitter_cfg.c **** 			{(void CYFAR *)(CYDEV_UCFG_B1_P2_U0_BASE), 2048u},
 323:Generated_Source\PSoC5/cyfitter_cfg.c **** 			{(void CYFAR *)(CYDEV_UCFG_DSI0_BASE), 2560u},
 324:Generated_Source\PSoC5/cyfitter_cfg.c **** 			{(void CYFAR *)(CYDEV_UCFG_DSI12_BASE), 512u},
 325:Generated_Source\PSoC5/cyfitter_cfg.c **** 			{(void CYFAR *)(CYREG_BCTL0_MDCLK_EN), 32u},
 326:Generated_Source\PSoC5/cyfitter_cfg.c **** 		};
 327:Generated_Source\PSoC5/cyfitter_cfg.c **** 
 328:Generated_Source\PSoC5/cyfitter_cfg.c **** 		uint8 CYDATA i;
 329:Generated_Source\PSoC5/cyfitter_cfg.c **** 
 330:Generated_Source\PSoC5/cyfitter_cfg.c **** 		/* Zero out critical memory blocks before beginning configuration */
 331:Generated_Source\PSoC5/cyfitter_cfg.c **** 		for (i = 0u; i < (sizeof(cfg_memset_list)/sizeof(cfg_memset_list[0])); i++)
 312              		.loc 1 331 0
 313 000e 0024     		movs	r4, #0
 314 0010 0CE0     		b	.L22
 315              	.LVL19:
 316              	.L23:
 317              	.LBB3:
 332:Generated_Source\PSoC5/cyfitter_cfg.c **** 		{
 333:Generated_Source\PSoC5/cyfitter_cfg.c **** 			const cfg_memset_t CYCODE * CYDATA ms = &cfg_memset_list[i];
 334:Generated_Source\PSoC5/cyfitter_cfg.c **** 			CYMEMZERO(ms->address, (size_t)(uint32)(ms->size));
 318              		.loc 1 334 0 discriminator 3
 319 0012 214D     		ldr	r5, .L25+4
 320 0014 6300     		lsls	r3, r4, #1
 321 0016 1919     		adds	r1, r3, r4
 322 0018 4A00     		lsls	r2, r1, #1
 323 001a 1146     		mov	r1, r2
 324 001c 2A44     		add	r2, r2, r5
ARM GAS  C:\Users\Dell\AppData\Local\Temp\ccOxZPtB.s 			page 13


 325 001e 0846     		mov	r0, r1
 326 0020 9188     		ldrh	r1, [r2, #4]
 327 0022 2858     		ldr	r0, [r5, r0]	@ unaligned
 328 0024 FFF7FEFF 		bl	CYMEMZERO
 329              	.LVL20:
 330              	.LBE3:
 331:Generated_Source\PSoC5/cyfitter_cfg.c **** 		{
 331              		.loc 1 331 0 discriminator 3
 332 0028 0134     		adds	r4, r4, #1
 333              	.LVL21:
 334 002a E4B2     		uxtb	r4, r4
 335              	.LVL22:
 336              	.L22:
 331:Generated_Source\PSoC5/cyfitter_cfg.c **** 		{
 337              		.loc 1 331 0 is_stmt 0 discriminator 1
 338 002c 072C     		cmp	r4, #7
 339 002e F0D9     		bls	.L23
 335:Generated_Source\PSoC5/cyfitter_cfg.c **** 		}
 336:Generated_Source\PSoC5/cyfitter_cfg.c **** 
 337:Generated_Source\PSoC5/cyfitter_cfg.c **** 		/* Enable digital routing */
 338:Generated_Source\PSoC5/cyfitter_cfg.c **** 		CY_SET_XTND_REG8((void CYFAR *)CYREG_BCTL0_BANK_CTL, CY_GET_XTND_REG8((void CYFAR *)CYREG_BCTL0_B
 340              		.loc 1 338 0 is_stmt 1
 341 0030 1A4A     		ldr	r2, .L25+8
 342 0032 1378     		ldrb	r3, [r2]	@ zero_extendqisi2
 343 0034 43F00203 		orr	r3, r3, #2
 344 0038 1370     		strb	r3, [r2]
 339:Generated_Source\PSoC5/cyfitter_cfg.c **** 		CY_SET_XTND_REG8((void CYFAR *)CYREG_BCTL1_BANK_CTL, CY_GET_XTND_REG8((void CYFAR *)CYREG_BCTL1_B
 345              		.loc 1 339 0
 346 003a 1032     		adds	r2, r2, #16
 347 003c 1378     		ldrb	r3, [r2]	@ zero_extendqisi2
 348 003e 43F00203 		orr	r3, r3, #2
 349 0042 1370     		strb	r3, [r2]
 350              	.LBE2:
 340:Generated_Source\PSoC5/cyfitter_cfg.c **** 	}
 341:Generated_Source\PSoC5/cyfitter_cfg.c **** 
 342:Generated_Source\PSoC5/cyfitter_cfg.c **** 
 343:Generated_Source\PSoC5/cyfitter_cfg.c **** 	/* Perform second pass device configuration. These items must be configured in specific order afte
 344:Generated_Source\PSoC5/cyfitter_cfg.c **** 	CYCONFIGCPY((void CYFAR *)(CYREG_PRT0_DM0), (const void CYFAR *)(BS_IOPINS0_0_VAL), 8u);
 351              		.loc 1 344 0
 352 0044 0822     		movs	r2, #8
 353 0046 4FF09041 		mov	r1, #1207959552
 354 004a 1548     		ldr	r0, .L25+12
 355 004c FFF7FEFF 		bl	CYCONFIGCPY
 356              	.LVL23:
 345:Generated_Source\PSoC5/cyfitter_cfg.c **** 	CYCONFIGCPY((void CYFAR *)(CYREG_PRT1_DM0), (const void CYFAR *)(BS_IOPINS0_1_VAL), 8u);
 357              		.loc 1 345 0
 358 0050 0822     		movs	r2, #8
 359 0052 1449     		ldr	r1, .L25+16
 360 0054 1448     		ldr	r0, .L25+20
 361 0056 FFF7FEFF 		bl	CYCONFIGCPY
 362              	.LVL24:
 346:Generated_Source\PSoC5/cyfitter_cfg.c **** 	CYCONFIGCPY((void CYFAR *)(CYREG_PRT2_DM0), (const void CYFAR *)(BS_IOPINS0_2_VAL), 8u);
 363              		.loc 1 346 0
 364 005a 0822     		movs	r2, #8
 365 005c 1349     		ldr	r1, .L25+24
 366 005e 1448     		ldr	r0, .L25+28
 367 0060 FFF7FEFF 		bl	CYCONFIGCPY
ARM GAS  C:\Users\Dell\AppData\Local\Temp\ccOxZPtB.s 			page 14


 368              	.LVL25:
 347:Generated_Source\PSoC5/cyfitter_cfg.c **** 	/* Switch Boost to the precision bandgap reference from its internal reference */
 348:Generated_Source\PSoC5/cyfitter_cfg.c **** 	CY_SET_REG8((void CYXDATA *)CYREG_BOOST_CR2, (CY_GET_REG8((void CYXDATA *)CYREG_BOOST_CR2) | 0x08u
 369              		.loc 1 348 0
 370 0064 134A     		ldr	r2, .L25+32
 371 0066 1378     		ldrb	r3, [r2]	@ zero_extendqisi2
 372 0068 43F00803 		orr	r3, r3, #8
 373 006c 1370     		strb	r3, [r2]
 349:Generated_Source\PSoC5/cyfitter_cfg.c **** 
 350:Generated_Source\PSoC5/cyfitter_cfg.c **** 	/* Set Flash Cycles based on max possible frequency in case a glitch occurs during ClockSetup(). *
 351:Generated_Source\PSoC5/cyfitter_cfg.c **** 	CY_SET_XTND_REG8((void CYFAR *)(CYREG_CACHE_CC_CTL), (((CYDEV_INSTRUCT_CACHE_ENABLED) != 0) ? 0x61
 374              		.loc 1 351 0
 375 006e 124C     		ldr	r4, .L25+36
 376              	.LVL26:
 377 0070 6123     		movs	r3, #97
 378 0072 2370     		strb	r3, [r4]
 352:Generated_Source\PSoC5/cyfitter_cfg.c **** 	/* Setup clocks based on selections from Clock DWR */
 353:Generated_Source\PSoC5/cyfitter_cfg.c **** 	ClockSetup();
 379              		.loc 1 353 0
 380 0074 FFF7FEFF 		bl	ClockSetup
 381              	.LVL27:
 354:Generated_Source\PSoC5/cyfitter_cfg.c **** 	/* Set Flash Cycles based on newly configured 24.00MHz Bus Clock. */
 355:Generated_Source\PSoC5/cyfitter_cfg.c **** 	CY_SET_XTND_REG8((void CYFAR *)(CYREG_CACHE_CC_CTL), (((CYDEV_INSTRUCT_CACHE_ENABLED) != 0) ? 0x81
 382              		.loc 1 355 0
 383 0078 8123     		movs	r3, #129
 384 007a 2370     		strb	r3, [r4]
 356:Generated_Source\PSoC5/cyfitter_cfg.c **** 	CY_SET_XTND_REG8((void CYFAR *)(CYREG_PANTHER_WAITPIPE), 0x01u);
 385              		.loc 1 356 0
 386 007c 0122     		movs	r2, #1
 387 007e 0F4B     		ldr	r3, .L25+40
 388 0080 1A70     		strb	r2, [r3]
 357:Generated_Source\PSoC5/cyfitter_cfg.c **** 
 358:Generated_Source\PSoC5/cyfitter_cfg.c **** 	/* Perform basic analog initialization to defaults */
 359:Generated_Source\PSoC5/cyfitter_cfg.c **** 	AnalogSetDefault();
 389              		.loc 1 359 0
 390 0082 FFF7FEFF 		bl	AnalogSetDefault
 391              	.LVL28:
 360:Generated_Source\PSoC5/cyfitter_cfg.c **** 
 361:Generated_Source\PSoC5/cyfitter_cfg.c **** 	/* Configure alternate active mode */
 362:Generated_Source\PSoC5/cyfitter_cfg.c **** 	CYCONFIGCPY((void CYFAR *)CYDEV_PM_STBY_BASE, (const void CYFAR *)CYDEV_PM_ACT_BASE, 14u);
 392              		.loc 1 362 0
 393 0086 0E22     		movs	r2, #14
 394 0088 0D49     		ldr	r1, .L25+44
 395 008a 0E48     		ldr	r0, .L25+48
 396 008c FFF7FEFF 		bl	CYCONFIGCPY
 397              	.LVL29:
 398 0090 38BD     		pop	{r3, r4, r5, pc}
 399              	.L26:
 400 0092 00BF     		.align	2
 401              	.L25:
 402 0094 E8460040 		.word	1073759976
 403 0098 00000000 		.word	.LANCHOR0
 404 009c 03500140 		.word	1073827843
 405 00a0 02510040 		.word	1073762562
 406 00a4 08000048 		.word	1207959560
 407 00a8 12510040 		.word	1073762578
 408 00ac 10000048 		.word	1207959568
ARM GAS  C:\Users\Dell\AppData\Local\Temp\ccOxZPtB.s 			page 15


 409 00b0 22510040 		.word	1073762594
 410 00b4 22430040 		.word	1073759010
 411 00b8 00480040 		.word	1073760256
 412 00bc 04000840 		.word	1074266116
 413 00c0 A0430040 		.word	1073759136
 414 00c4 B0430040 		.word	1073759152
 415              		.cfi_endproc
 416              	.LFE7:
 417              		.size	cyfitter_cfg, .-cyfitter_cfg
 418              		.section	.rodata
 419              		.align	2
 420              		.set	.LANCHOR0,. + 0
 421              		.type	cfg_memset_list.4992, %object
 422              		.size	cfg_memset_list.4992, 48
 423              	cfg_memset_list.4992:
 424 0000 30510040 		.word	1073762608
 425 0004 4000     		.short	64
 426 0006 C0510040 		.4byte	1073762752
 427 000a 1000     		.short	16
 428 000c F0510040 		.word	1073762800
 429 0010 1000     		.short	16
 430 0012 00000140 		.4byte	1073807360
 431 0016 0010     		.short	4096
 432 0018 00140140 		.word	1073812480
 433 001c 0008     		.short	2048
 434 001e 00400140 		.4byte	1073823744
 435 0022 000A     		.short	2560
 436 0024 004C0140 		.word	1073826816
 437 0028 0002     		.short	512
 438 002a 00500140 		.4byte	1073827840
 439 002e 2000     		.short	32
 440              		.text
 441              	.Letext0:
 442              		.file 2 "c:\\program files (x86)\\cypress\\psoc creator\\4.2\\psoc creator\\import\\gnu\\arm\\5.4.
 443              		.file 3 "Generated_Source\\PSoC5\\cytypes.h"
 444              		.file 4 "Generated_Source\\PSoC5\\CyLib.h"
 445              		.section	.debug_info,"",%progbits
 446              	.Ldebug_info0:
 447 0000 F2030000 		.4byte	0x3f2
 448 0004 0400     		.2byte	0x4
 449 0006 00000000 		.4byte	.Ldebug_abbrev0
 450 000a 04       		.byte	0x4
 451 000b 01       		.uleb128 0x1
 452 000c DA000000 		.4byte	.LASF39
 453 0010 0C       		.byte	0xc
 454 0011 36020000 		.4byte	.LASF40
 455 0015 6A000000 		.4byte	.LASF41
 456 0019 00000000 		.4byte	.Ldebug_ranges0+0
 457 001d 00000000 		.4byte	0
 458 0021 00000000 		.4byte	.Ldebug_line0
 459 0025 02       		.uleb128 0x2
 460 0026 04       		.byte	0x4
 461 0027 05       		.byte	0x5
 462 0028 696E7400 		.ascii	"int\000"
 463 002c 03       		.uleb128 0x3
 464 002d 14000000 		.4byte	.LASF12
 465 0031 02       		.byte	0x2
ARM GAS  C:\Users\Dell\AppData\Local\Temp\ccOxZPtB.s 			page 16


 466 0032 D8       		.byte	0xd8
 467 0033 37000000 		.4byte	0x37
 468 0037 04       		.uleb128 0x4
 469 0038 04       		.byte	0x4
 470 0039 07       		.byte	0x7
 471 003a E6010000 		.4byte	.LASF0
 472 003e 04       		.uleb128 0x4
 473 003f 08       		.byte	0x8
 474 0040 05       		.byte	0x5
 475 0041 28020000 		.4byte	.LASF1
 476 0045 04       		.uleb128 0x4
 477 0046 08       		.byte	0x8
 478 0047 04       		.byte	0x4
 479 0048 83020000 		.4byte	.LASF2
 480 004c 04       		.uleb128 0x4
 481 004d 01       		.byte	0x1
 482 004e 06       		.byte	0x6
 483 004f A1020000 		.4byte	.LASF3
 484 0053 04       		.uleb128 0x4
 485 0054 01       		.byte	0x1
 486 0055 08       		.byte	0x8
 487 0056 A5010000 		.4byte	.LASF4
 488 005a 04       		.uleb128 0x4
 489 005b 02       		.byte	0x2
 490 005c 05       		.byte	0x5
 491 005d 63020000 		.4byte	.LASF5
 492 0061 04       		.uleb128 0x4
 493 0062 02       		.byte	0x2
 494 0063 07       		.byte	0x7
 495 0064 4F000000 		.4byte	.LASF6
 496 0068 04       		.uleb128 0x4
 497 0069 04       		.byte	0x4
 498 006a 05       		.byte	0x5
 499 006b 75020000 		.4byte	.LASF7
 500 006f 04       		.uleb128 0x4
 501 0070 04       		.byte	0x4
 502 0071 07       		.byte	0x7
 503 0072 6D010000 		.4byte	.LASF8
 504 0076 04       		.uleb128 0x4
 505 0077 08       		.byte	0x8
 506 0078 07       		.byte	0x7
 507 0079 FB010000 		.4byte	.LASF9
 508 007d 04       		.uleb128 0x4
 509 007e 04       		.byte	0x4
 510 007f 07       		.byte	0x7
 511 0080 1F020000 		.4byte	.LASF10
 512 0084 05       		.uleb128 0x5
 513 0085 04       		.byte	0x4
 514 0086 04       		.uleb128 0x4
 515 0087 01       		.byte	0x1
 516 0088 08       		.byte	0x8
 517 0089 7E020000 		.4byte	.LASF11
 518 008d 06       		.uleb128 0x6
 519 008e 7F010000 		.4byte	.LASF13
 520 0092 03       		.byte	0x3
 521 0093 E401     		.2byte	0x1e4
 522 0095 53000000 		.4byte	0x53
ARM GAS  C:\Users\Dell\AppData\Local\Temp\ccOxZPtB.s 			page 17


 523 0099 06       		.uleb128 0x6
 524 009a CE010000 		.4byte	.LASF14
 525 009e 03       		.byte	0x3
 526 009f E501     		.2byte	0x1e5
 527 00a1 61000000 		.4byte	0x61
 528 00a5 06       		.uleb128 0x6
 529 00a6 DF010000 		.4byte	.LASF15
 530 00aa 03       		.byte	0x3
 531 00ab E601     		.2byte	0x1e6
 532 00ad 6F000000 		.4byte	0x6f
 533 00b1 04       		.uleb128 0x4
 534 00b2 04       		.byte	0x4
 535 00b3 04       		.byte	0x4
 536 00b4 B6000000 		.4byte	.LASF16
 537 00b8 04       		.uleb128 0x4
 538 00b9 08       		.byte	0x8
 539 00ba 04       		.byte	0x4
 540 00bb BA010000 		.4byte	.LASF17
 541 00bf 06       		.uleb128 0x6
 542 00c0 68010000 		.4byte	.LASF18
 543 00c4 03       		.byte	0x3
 544 00c5 8E02     		.2byte	0x28e
 545 00c7 CB000000 		.4byte	0xcb
 546 00cb 07       		.uleb128 0x7
 547 00cc 8D000000 		.4byte	0x8d
 548 00d0 06       		.uleb128 0x6
 549 00d1 00000000 		.4byte	.LASF19
 550 00d5 03       		.byte	0x3
 551 00d6 8F02     		.2byte	0x28f
 552 00d8 DC000000 		.4byte	0xdc
 553 00dc 07       		.uleb128 0x7
 554 00dd 99000000 		.4byte	0x99
 555 00e1 08       		.uleb128 0x8
 556 00e2 BC000000 		.4byte	.LASF42
 557 00e6 01       		.byte	0x1
 558 00e7 7F       		.byte	0x7f
 559 00e8 00000000 		.4byte	.LFB3
 560 00ec 02000000 		.4byte	.LFE3-.LFB3
 561 00f0 01       		.uleb128 0x1
 562 00f1 9C       		.byte	0x9c
 563 00f2 04010000 		.4byte	0x104
 564 00f6 09       		.uleb128 0x9
 565 00f7 D5010000 		.4byte	.LASF22
 566 00fb 01       		.byte	0x1
 567 00fc 7F       		.byte	0x7f
 568 00fd 8D000000 		.4byte	0x8d
 569 0101 01       		.uleb128 0x1
 570 0102 50       		.byte	0x50
 571 0103 00       		.byte	0
 572 0104 0A       		.uleb128 0xa
 573 0105 1B000000 		.4byte	.LASF20
 574 0109 01       		.byte	0x1
 575 010a ED       		.byte	0xed
 576 010b 00000000 		.4byte	.LFB5
 577 010f 38000000 		.4byte	.LFE5-.LFB5
 578 0113 01       		.uleb128 0x1
 579 0114 9C       		.byte	0x9c
ARM GAS  C:\Users\Dell\AppData\Local\Temp\ccOxZPtB.s 			page 18


 580 0115 29010000 		.4byte	0x129
 581 0119 0B       		.uleb128 0xb
 582 011a 8F020000 		.4byte	.LASF24
 583 011e 01       		.byte	0x1
 584 011f EF       		.byte	0xef
 585 0120 8D000000 		.4byte	0x8d
 586 0124 00000000 		.4byte	.LLST0
 587 0128 00       		.byte	0
 588 0129 0A       		.uleb128 0xa
 589 012a 85010000 		.4byte	.LASF21
 590 012e 01       		.byte	0x1
 591 012f 4D       		.byte	0x4d
 592 0130 00000000 		.4byte	.LFB0
 593 0134 0C000000 		.4byte	.LFE0-.LFB0
 594 0138 01       		.uleb128 0x1
 595 0139 9C       		.byte	0x9c
 596 013a 76010000 		.4byte	0x176
 597 013e 0C       		.uleb128 0xc
 598 013f 7300     		.ascii	"s\000"
 599 0141 01       		.byte	0x1
 600 0142 4D       		.byte	0x4d
 601 0143 84000000 		.4byte	0x84
 602 0147 13000000 		.4byte	.LLST1
 603 014b 0C       		.uleb128 0xc
 604 014c 6E00     		.ascii	"n\000"
 605 014e 01       		.byte	0x1
 606 014f 4D       		.byte	0x4d
 607 0150 2C000000 		.4byte	0x2c
 608 0154 34000000 		.4byte	.LLST2
 609 0158 0D       		.uleb128 0xd
 610 0159 0A000000 		.4byte	.LVL5
 611 015d D8030000 		.4byte	0x3d8
 612 0161 0E       		.uleb128 0xe
 613 0162 01       		.uleb128 0x1
 614 0163 50       		.byte	0x50
 615 0164 03       		.uleb128 0x3
 616 0165 F3       		.byte	0xf3
 617 0166 01       		.uleb128 0x1
 618 0167 50       		.byte	0x50
 619 0168 0E       		.uleb128 0xe
 620 0169 01       		.uleb128 0x1
 621 016a 51       		.byte	0x51
 622 016b 01       		.uleb128 0x1
 623 016c 30       		.byte	0x30
 624 016d 0E       		.uleb128 0xe
 625 016e 01       		.uleb128 0x1
 626 016f 52       		.byte	0x52
 627 0170 03       		.uleb128 0x3
 628 0171 F3       		.byte	0xf3
 629 0172 01       		.uleb128 0x1
 630 0173 51       		.byte	0x51
 631 0174 00       		.byte	0
 632 0175 00       		.byte	0
 633 0176 0A       		.uleb128 0xa
 634 0177 44000000 		.4byte	.LASF23
 635 017b 01       		.byte	0x1
 636 017c B2       		.byte	0xb2
ARM GAS  C:\Users\Dell\AppData\Local\Temp\ccOxZPtB.s 			page 19


 637 017d 00000000 		.4byte	.LFB4
 638 0181 9C000000 		.4byte	.LFE4-.LFB4
 639 0185 01       		.uleb128 0x1
 640 0186 9C       		.byte	0x9c
 641 0187 CE010000 		.4byte	0x1ce
 642 018b 0B       		.uleb128 0xb
 643 018c 2C000000 		.4byte	.LASF25
 644 0190 01       		.byte	0x1
 645 0191 B4       		.byte	0xb4
 646 0192 A5000000 		.4byte	0xa5
 647 0196 60000000 		.4byte	.LLST3
 648 019a 0B       		.uleb128 0xb
 649 019b 62000000 		.4byte	.LASF26
 650 019f 01       		.byte	0x1
 651 01a0 B5       		.byte	0xb5
 652 01a1 8D000000 		.4byte	0x8d
 653 01a5 7F000000 		.4byte	.LLST4
 654 01a9 0F       		.uleb128 0xf
 655 01aa 4C000000 		.4byte	.LVL10
 656 01ae E1030000 		.4byte	0x3e1
 657 01b2 BE010000 		.4byte	0x1be
 658 01b6 0E       		.uleb128 0xe
 659 01b7 01       		.uleb128 0x1
 660 01b8 50       		.byte	0x50
 661 01b9 03       		.uleb128 0x3
 662 01ba 0A       		.byte	0xa
 663 01bb E001     		.2byte	0x1e0
 664 01bd 00       		.byte	0
 665 01be 0D       		.uleb128 0xd
 666 01bf 5C000000 		.4byte	.LVL12
 667 01c3 E1000000 		.4byte	0xe1
 668 01c7 0E       		.uleb128 0xe
 669 01c8 01       		.uleb128 0x1
 670 01c9 50       		.byte	0x50
 671 01ca 01       		.uleb128 0x1
 672 01cb 33       		.byte	0x33
 673 01cc 00       		.byte	0
 674 01cd 00       		.byte	0
 675 01ce 0A       		.uleb128 0xa
 676 01cf B6020000 		.4byte	.LASF27
 677 01d3 01       		.byte	0x1
 678 01d4 54       		.byte	0x54
 679 01d5 00000000 		.4byte	.LFB1
 680 01d9 08000000 		.4byte	.LFE1-.LFB1
 681 01dd 01       		.uleb128 0x1
 682 01de 9C       		.byte	0x9c
 683 01df 2E020000 		.4byte	0x22e
 684 01e3 10       		.uleb128 0x10
 685 01e4 D0000000 		.4byte	.LASF28
 686 01e8 01       		.byte	0x1
 687 01e9 54       		.byte	0x54
 688 01ea 84000000 		.4byte	0x84
 689 01ee A9000000 		.4byte	.LLST5
 690 01f2 0C       		.uleb128 0xc
 691 01f3 73726300 		.ascii	"src\000"
 692 01f7 01       		.byte	0x1
 693 01f8 54       		.byte	0x54
ARM GAS  C:\Users\Dell\AppData\Local\Temp\ccOxZPtB.s 			page 20


 694 01f9 2E020000 		.4byte	0x22e
 695 01fd CA000000 		.4byte	.LLST6
 696 0201 0C       		.uleb128 0xc
 697 0202 6E00     		.ascii	"n\000"
 698 0204 01       		.byte	0x1
 699 0205 54       		.byte	0x54
 700 0206 2C000000 		.4byte	0x2c
 701 020a EB000000 		.4byte	.LLST7
 702 020e 0D       		.uleb128 0xd
 703 020f 06000000 		.4byte	.LVL15
 704 0213 EC030000 		.4byte	0x3ec
 705 0217 0E       		.uleb128 0xe
 706 0218 01       		.uleb128 0x1
 707 0219 50       		.byte	0x50
 708 021a 03       		.uleb128 0x3
 709 021b F3       		.byte	0xf3
 710 021c 01       		.uleb128 0x1
 711 021d 50       		.byte	0x50
 712 021e 0E       		.uleb128 0xe
 713 021f 01       		.uleb128 0x1
 714 0220 51       		.byte	0x51
 715 0221 03       		.uleb128 0x3
 716 0222 F3       		.byte	0xf3
 717 0223 01       		.uleb128 0x1
 718 0224 51       		.byte	0x51
 719 0225 0E       		.uleb128 0xe
 720 0226 01       		.uleb128 0x1
 721 0227 52       		.byte	0x52
 722 0228 03       		.uleb128 0x3
 723 0229 F3       		.byte	0xf3
 724 022a 01       		.uleb128 0x1
 725 022b 52       		.byte	0x52
 726 022c 00       		.byte	0
 727 022d 00       		.byte	0
 728 022e 11       		.uleb128 0x11
 729 022f 04       		.byte	0x4
 730 0230 34020000 		.4byte	0x234
 731 0234 12       		.uleb128 0x12
 732 0235 13       		.uleb128 0x13
 733 0236 8F010000 		.4byte	.LASF31
 734 023a 01       		.byte	0x1
 735 023b 0901     		.2byte	0x109
 736 023d 00000000 		.4byte	.LFB6
 737 0241 10000000 		.4byte	.LFE6-.LFB6
 738 0245 01       		.uleb128 0x1
 739 0246 9C       		.byte	0x9c
 740 0247 68020000 		.4byte	0x268
 741 024b 14       		.uleb128 0x14
 742 024c 6D020000 		.4byte	.LASF29
 743 0250 01       		.byte	0x1
 744 0251 0901     		.2byte	0x109
 745 0253 8D000000 		.4byte	0x8d
 746 0257 01       		.uleb128 0x1
 747 0258 50       		.byte	0x50
 748 0259 15       		.uleb128 0x15
 749 025a AD020000 		.4byte	.LASF30
 750 025e 01       		.byte	0x1
ARM GAS  C:\Users\Dell\AppData\Local\Temp\ccOxZPtB.s 			page 21


 751 025f 0B01     		.2byte	0x10b
 752 0261 8D000000 		.4byte	0x8d
 753 0265 01       		.uleb128 0x1
 754 0266 53       		.byte	0x53
 755 0267 00       		.byte	0
 756 0268 13       		.uleb128 0x13
 757 0269 C1010000 		.4byte	.LASF32
 758 026d 01       		.byte	0x1
 759 026e 2B01     		.2byte	0x12b
 760 0270 00000000 		.4byte	.LFB7
 761 0274 C8000000 		.4byte	.LFE7-.LFB7
 762 0278 01       		.uleb128 0x1
 763 0279 9C       		.byte	0x9c
 764 027a D8030000 		.4byte	0x3d8
 765 027e 16       		.uleb128 0x16
 766 027f 0E000000 		.4byte	.LBB2
 767 0283 36000000 		.4byte	.LBE2-.LBB2
 768 0287 37030000 		.4byte	0x337
 769 028b 17       		.uleb128 0x17
 770 028c 06       		.byte	0x6
 771 028d 01       		.byte	0x1
 772 028e 3701     		.2byte	0x137
 773 0290 AF020000 		.4byte	0x2af
 774 0294 18       		.uleb128 0x18
 775 0295 F3010000 		.4byte	.LASF33
 776 0299 01       		.byte	0x1
 777 029a 3801     		.2byte	0x138
 778 029c 84000000 		.4byte	0x84
 779 02a0 00       		.byte	0
 780 02a1 18       		.uleb128 0x18
 781 02a2 D5000000 		.4byte	.LASF34
 782 02a6 01       		.byte	0x1
 783 02a7 3901     		.2byte	0x139
 784 02a9 99000000 		.4byte	0x99
 785 02ad 04       		.byte	0x4
 786 02ae 00       		.byte	0
 787 02af 06       		.uleb128 0x6
 788 02b0 12020000 		.4byte	.LASF35
 789 02b4 01       		.byte	0x1
 790 02b5 3A01     		.2byte	0x13a
 791 02b7 8B020000 		.4byte	0x28b
 792 02bb 19       		.uleb128 0x19
 793 02bc CB020000 		.4byte	0x2cb
 794 02c0 CB020000 		.4byte	0x2cb
 795 02c4 1A       		.uleb128 0x1a
 796 02c5 7D000000 		.4byte	0x7d
 797 02c9 07       		.byte	0x7
 798 02ca 00       		.byte	0
 799 02cb 1B       		.uleb128 0x1b
 800 02cc AF020000 		.4byte	0x2af
 801 02d0 15       		.uleb128 0x15
 802 02d1 34000000 		.4byte	.LASF36
 803 02d5 01       		.byte	0x1
 804 02d6 3C01     		.2byte	0x13c
 805 02d8 E2020000 		.4byte	0x2e2
 806 02dc 05       		.uleb128 0x5
 807 02dd 03       		.byte	0x3
ARM GAS  C:\Users\Dell\AppData\Local\Temp\ccOxZPtB.s 			page 22


 808 02de 00000000 		.4byte	cfg_memset_list.4992
 809 02e2 1B       		.uleb128 0x1b
 810 02e3 BB020000 		.4byte	0x2bb
 811 02e7 1C       		.uleb128 0x1c
 812 02e8 6900     		.ascii	"i\000"
 813 02ea 01       		.byte	0x1
 814 02eb 4801     		.2byte	0x148
 815 02ed 8D000000 		.4byte	0x8d
 816 02f1 0C010000 		.4byte	.LLST8
 817 02f5 1D       		.uleb128 0x1d
 818 02f6 12000000 		.4byte	.LBB3
 819 02fa 16000000 		.4byte	.LBE3-.LBB3
 820 02fe 1C       		.uleb128 0x1c
 821 02ff 6D7300   		.ascii	"ms\000"
 822 0302 01       		.byte	0x1
 823 0303 4D01     		.2byte	0x14d
 824 0305 0D030000 		.4byte	0x30d
 825 0309 36010000 		.4byte	.LLST9
 826 030d 11       		.uleb128 0x11
 827 030e 04       		.byte	0x4
 828 030f CB020000 		.4byte	0x2cb
 829 0313 0D       		.uleb128 0xd
 830 0314 28000000 		.4byte	.LVL20
 831 0318 29010000 		.4byte	0x129
 832 031c 0E       		.uleb128 0xe
 833 031d 01       		.uleb128 0x1
 834 031e 51       		.byte	0x51
 835 031f 14       		.uleb128 0x14
 836 0320 74       		.byte	0x74
 837 0321 00       		.sleb128 0
 838 0322 31       		.byte	0x31
 839 0323 24       		.byte	0x24
 840 0324 74       		.byte	0x74
 841 0325 00       		.sleb128 0
 842 0326 22       		.byte	0x22
 843 0327 31       		.byte	0x31
 844 0328 24       		.byte	0x24
 845 0329 75       		.byte	0x75
 846 032a 00       		.sleb128 0
 847 032b 22       		.byte	0x22
 848 032c 23       		.byte	0x23
 849 032d 04       		.uleb128 0x4
 850 032e 94       		.byte	0x94
 851 032f 02       		.byte	0x2
 852 0330 0A       		.byte	0xa
 853 0331 FFFF     		.2byte	0xffff
 854 0333 1A       		.byte	0x1a
 855 0334 00       		.byte	0
 856 0335 00       		.byte	0
 857 0336 00       		.byte	0
 858 0337 0F       		.uleb128 0xf
 859 0338 50000000 		.4byte	.LVL23
 860 033c CE010000 		.4byte	0x1ce
 861 0340 5A030000 		.4byte	0x35a
 862 0344 0E       		.uleb128 0xe
 863 0345 01       		.uleb128 0x1
 864 0346 50       		.byte	0x50
ARM GAS  C:\Users\Dell\AppData\Local\Temp\ccOxZPtB.s 			page 23


 865 0347 05       		.uleb128 0x5
 866 0348 0C       		.byte	0xc
 867 0349 02510040 		.4byte	0x40005102
 868 034d 0E       		.uleb128 0xe
 869 034e 01       		.uleb128 0x1
 870 034f 51       		.byte	0x51
 871 0350 03       		.uleb128 0x3
 872 0351 42       		.byte	0x42
 873 0352 4A       		.byte	0x4a
 874 0353 24       		.byte	0x24
 875 0354 0E       		.uleb128 0xe
 876 0355 01       		.uleb128 0x1
 877 0356 52       		.byte	0x52
 878 0357 01       		.uleb128 0x1
 879 0358 38       		.byte	0x38
 880 0359 00       		.byte	0
 881 035a 0F       		.uleb128 0xf
 882 035b 5A000000 		.4byte	.LVL24
 883 035f CE010000 		.4byte	0x1ce
 884 0363 7F030000 		.4byte	0x37f
 885 0367 0E       		.uleb128 0xe
 886 0368 01       		.uleb128 0x1
 887 0369 50       		.byte	0x50
 888 036a 05       		.uleb128 0x5
 889 036b 0C       		.byte	0xc
 890 036c 12510040 		.4byte	0x40005112
 891 0370 0E       		.uleb128 0xe
 892 0371 01       		.uleb128 0x1
 893 0372 51       		.byte	0x51
 894 0373 05       		.uleb128 0x5
 895 0374 0C       		.byte	0xc
 896 0375 08000048 		.4byte	0x48000008
 897 0379 0E       		.uleb128 0xe
 898 037a 01       		.uleb128 0x1
 899 037b 52       		.byte	0x52
 900 037c 01       		.uleb128 0x1
 901 037d 38       		.byte	0x38
 902 037e 00       		.byte	0
 903 037f 0F       		.uleb128 0xf
 904 0380 64000000 		.4byte	.LVL25
 905 0384 CE010000 		.4byte	0x1ce
 906 0388 A4030000 		.4byte	0x3a4
 907 038c 0E       		.uleb128 0xe
 908 038d 01       		.uleb128 0x1
 909 038e 50       		.byte	0x50
 910 038f 05       		.uleb128 0x5
 911 0390 0C       		.byte	0xc
 912 0391 22510040 		.4byte	0x40005122
 913 0395 0E       		.uleb128 0xe
 914 0396 01       		.uleb128 0x1
 915 0397 51       		.byte	0x51
 916 0398 05       		.uleb128 0x5
 917 0399 0C       		.byte	0xc
 918 039a 10000048 		.4byte	0x48000010
 919 039e 0E       		.uleb128 0xe
 920 039f 01       		.uleb128 0x1
 921 03a0 52       		.byte	0x52
ARM GAS  C:\Users\Dell\AppData\Local\Temp\ccOxZPtB.s 			page 24


 922 03a1 01       		.uleb128 0x1
 923 03a2 38       		.byte	0x38
 924 03a3 00       		.byte	0
 925 03a4 1E       		.uleb128 0x1e
 926 03a5 78000000 		.4byte	.LVL27
 927 03a9 76010000 		.4byte	0x176
 928 03ad 1E       		.uleb128 0x1e
 929 03ae 86000000 		.4byte	.LVL28
 930 03b2 04010000 		.4byte	0x104
 931 03b6 0D       		.uleb128 0xd
 932 03b7 90000000 		.4byte	.LVL29
 933 03bb CE010000 		.4byte	0x1ce
 934 03bf 0E       		.uleb128 0xe
 935 03c0 01       		.uleb128 0x1
 936 03c1 50       		.byte	0x50
 937 03c2 05       		.uleb128 0x5
 938 03c3 0C       		.byte	0xc
 939 03c4 B0430040 		.4byte	0x400043b0
 940 03c8 0E       		.uleb128 0xe
 941 03c9 01       		.uleb128 0x1
 942 03ca 51       		.byte	0x51
 943 03cb 05       		.uleb128 0x5
 944 03cc 0C       		.byte	0xc
 945 03cd A0430040 		.4byte	0x400043a0
 946 03d1 0E       		.uleb128 0xe
 947 03d2 01       		.uleb128 0x1
 948 03d3 52       		.byte	0x52
 949 03d4 01       		.uleb128 0x1
 950 03d5 3E       		.byte	0x3e
 951 03d6 00       		.byte	0
 952 03d7 00       		.byte	0
 953 03d8 1F       		.uleb128 0x1f
 954 03d9 B3010000 		.4byte	.LASF37
 955 03dd B3010000 		.4byte	.LASF37
 956 03e1 20       		.uleb128 0x20
 957 03e2 06000000 		.4byte	.LASF43
 958 03e6 06000000 		.4byte	.LASF43
 959 03ea 04       		.byte	0x4
 960 03eb 79       		.byte	0x79
 961 03ec 1F       		.uleb128 0x1f
 962 03ed 5C020000 		.4byte	.LASF38
 963 03f1 5C020000 		.4byte	.LASF38
 964 03f5 00       		.byte	0
 965              		.section	.debug_abbrev,"",%progbits
 966              	.Ldebug_abbrev0:
 967 0000 01       		.uleb128 0x1
 968 0001 11       		.uleb128 0x11
 969 0002 01       		.byte	0x1
 970 0003 25       		.uleb128 0x25
 971 0004 0E       		.uleb128 0xe
 972 0005 13       		.uleb128 0x13
 973 0006 0B       		.uleb128 0xb
 974 0007 03       		.uleb128 0x3
 975 0008 0E       		.uleb128 0xe
 976 0009 1B       		.uleb128 0x1b
 977 000a 0E       		.uleb128 0xe
 978 000b 55       		.uleb128 0x55
ARM GAS  C:\Users\Dell\AppData\Local\Temp\ccOxZPtB.s 			page 25


 979 000c 17       		.uleb128 0x17
 980 000d 11       		.uleb128 0x11
 981 000e 01       		.uleb128 0x1
 982 000f 10       		.uleb128 0x10
 983 0010 17       		.uleb128 0x17
 984 0011 00       		.byte	0
 985 0012 00       		.byte	0
 986 0013 02       		.uleb128 0x2
 987 0014 24       		.uleb128 0x24
 988 0015 00       		.byte	0
 989 0016 0B       		.uleb128 0xb
 990 0017 0B       		.uleb128 0xb
 991 0018 3E       		.uleb128 0x3e
 992 0019 0B       		.uleb128 0xb
 993 001a 03       		.uleb128 0x3
 994 001b 08       		.uleb128 0x8
 995 001c 00       		.byte	0
 996 001d 00       		.byte	0
 997 001e 03       		.uleb128 0x3
 998 001f 16       		.uleb128 0x16
 999 0020 00       		.byte	0
 1000 0021 03       		.uleb128 0x3
 1001 0022 0E       		.uleb128 0xe
 1002 0023 3A       		.uleb128 0x3a
 1003 0024 0B       		.uleb128 0xb
 1004 0025 3B       		.uleb128 0x3b
 1005 0026 0B       		.uleb128 0xb
 1006 0027 49       		.uleb128 0x49
 1007 0028 13       		.uleb128 0x13
 1008 0029 00       		.byte	0
 1009 002a 00       		.byte	0
 1010 002b 04       		.uleb128 0x4
 1011 002c 24       		.uleb128 0x24
 1012 002d 00       		.byte	0
 1013 002e 0B       		.uleb128 0xb
 1014 002f 0B       		.uleb128 0xb
 1015 0030 3E       		.uleb128 0x3e
 1016 0031 0B       		.uleb128 0xb
 1017 0032 03       		.uleb128 0x3
 1018 0033 0E       		.uleb128 0xe
 1019 0034 00       		.byte	0
 1020 0035 00       		.byte	0
 1021 0036 05       		.uleb128 0x5
 1022 0037 0F       		.uleb128 0xf
 1023 0038 00       		.byte	0
 1024 0039 0B       		.uleb128 0xb
 1025 003a 0B       		.uleb128 0xb
 1026 003b 00       		.byte	0
 1027 003c 00       		.byte	0
 1028 003d 06       		.uleb128 0x6
 1029 003e 16       		.uleb128 0x16
 1030 003f 00       		.byte	0
 1031 0040 03       		.uleb128 0x3
 1032 0041 0E       		.uleb128 0xe
 1033 0042 3A       		.uleb128 0x3a
 1034 0043 0B       		.uleb128 0xb
 1035 0044 3B       		.uleb128 0x3b
ARM GAS  C:\Users\Dell\AppData\Local\Temp\ccOxZPtB.s 			page 26


 1036 0045 05       		.uleb128 0x5
 1037 0046 49       		.uleb128 0x49
 1038 0047 13       		.uleb128 0x13
 1039 0048 00       		.byte	0
 1040 0049 00       		.byte	0
 1041 004a 07       		.uleb128 0x7
 1042 004b 35       		.uleb128 0x35
 1043 004c 00       		.byte	0
 1044 004d 49       		.uleb128 0x49
 1045 004e 13       		.uleb128 0x13
 1046 004f 00       		.byte	0
 1047 0050 00       		.byte	0
 1048 0051 08       		.uleb128 0x8
 1049 0052 2E       		.uleb128 0x2e
 1050 0053 01       		.byte	0x1
 1051 0054 03       		.uleb128 0x3
 1052 0055 0E       		.uleb128 0xe
 1053 0056 3A       		.uleb128 0x3a
 1054 0057 0B       		.uleb128 0xb
 1055 0058 3B       		.uleb128 0x3b
 1056 0059 0B       		.uleb128 0xb
 1057 005a 27       		.uleb128 0x27
 1058 005b 19       		.uleb128 0x19
 1059 005c 8701     		.uleb128 0x87
 1060 005e 19       		.uleb128 0x19
 1061 005f 11       		.uleb128 0x11
 1062 0060 01       		.uleb128 0x1
 1063 0061 12       		.uleb128 0x12
 1064 0062 06       		.uleb128 0x6
 1065 0063 40       		.uleb128 0x40
 1066 0064 18       		.uleb128 0x18
 1067 0065 9742     		.uleb128 0x2117
 1068 0067 19       		.uleb128 0x19
 1069 0068 01       		.uleb128 0x1
 1070 0069 13       		.uleb128 0x13
 1071 006a 00       		.byte	0
 1072 006b 00       		.byte	0
 1073 006c 09       		.uleb128 0x9
 1074 006d 05       		.uleb128 0x5
 1075 006e 00       		.byte	0
 1076 006f 03       		.uleb128 0x3
 1077 0070 0E       		.uleb128 0xe
 1078 0071 3A       		.uleb128 0x3a
 1079 0072 0B       		.uleb128 0xb
 1080 0073 3B       		.uleb128 0x3b
 1081 0074 0B       		.uleb128 0xb
 1082 0075 49       		.uleb128 0x49
 1083 0076 13       		.uleb128 0x13
 1084 0077 02       		.uleb128 0x2
 1085 0078 18       		.uleb128 0x18
 1086 0079 00       		.byte	0
 1087 007a 00       		.byte	0
 1088 007b 0A       		.uleb128 0xa
 1089 007c 2E       		.uleb128 0x2e
 1090 007d 01       		.byte	0x1
 1091 007e 03       		.uleb128 0x3
 1092 007f 0E       		.uleb128 0xe
ARM GAS  C:\Users\Dell\AppData\Local\Temp\ccOxZPtB.s 			page 27


 1093 0080 3A       		.uleb128 0x3a
 1094 0081 0B       		.uleb128 0xb
 1095 0082 3B       		.uleb128 0x3b
 1096 0083 0B       		.uleb128 0xb
 1097 0084 27       		.uleb128 0x27
 1098 0085 19       		.uleb128 0x19
 1099 0086 11       		.uleb128 0x11
 1100 0087 01       		.uleb128 0x1
 1101 0088 12       		.uleb128 0x12
 1102 0089 06       		.uleb128 0x6
 1103 008a 40       		.uleb128 0x40
 1104 008b 18       		.uleb128 0x18
 1105 008c 9742     		.uleb128 0x2117
 1106 008e 19       		.uleb128 0x19
 1107 008f 01       		.uleb128 0x1
 1108 0090 13       		.uleb128 0x13
 1109 0091 00       		.byte	0
 1110 0092 00       		.byte	0
 1111 0093 0B       		.uleb128 0xb
 1112 0094 34       		.uleb128 0x34
 1113 0095 00       		.byte	0
 1114 0096 03       		.uleb128 0x3
 1115 0097 0E       		.uleb128 0xe
 1116 0098 3A       		.uleb128 0x3a
 1117 0099 0B       		.uleb128 0xb
 1118 009a 3B       		.uleb128 0x3b
 1119 009b 0B       		.uleb128 0xb
 1120 009c 49       		.uleb128 0x49
 1121 009d 13       		.uleb128 0x13
 1122 009e 02       		.uleb128 0x2
 1123 009f 17       		.uleb128 0x17
 1124 00a0 00       		.byte	0
 1125 00a1 00       		.byte	0
 1126 00a2 0C       		.uleb128 0xc
 1127 00a3 05       		.uleb128 0x5
 1128 00a4 00       		.byte	0
 1129 00a5 03       		.uleb128 0x3
 1130 00a6 08       		.uleb128 0x8
 1131 00a7 3A       		.uleb128 0x3a
 1132 00a8 0B       		.uleb128 0xb
 1133 00a9 3B       		.uleb128 0x3b
 1134 00aa 0B       		.uleb128 0xb
 1135 00ab 49       		.uleb128 0x49
 1136 00ac 13       		.uleb128 0x13
 1137 00ad 02       		.uleb128 0x2
 1138 00ae 17       		.uleb128 0x17
 1139 00af 00       		.byte	0
 1140 00b0 00       		.byte	0
 1141 00b1 0D       		.uleb128 0xd
 1142 00b2 898201   		.uleb128 0x4109
 1143 00b5 01       		.byte	0x1
 1144 00b6 11       		.uleb128 0x11
 1145 00b7 01       		.uleb128 0x1
 1146 00b8 31       		.uleb128 0x31
 1147 00b9 13       		.uleb128 0x13
 1148 00ba 00       		.byte	0
 1149 00bb 00       		.byte	0
ARM GAS  C:\Users\Dell\AppData\Local\Temp\ccOxZPtB.s 			page 28


 1150 00bc 0E       		.uleb128 0xe
 1151 00bd 8A8201   		.uleb128 0x410a
 1152 00c0 00       		.byte	0
 1153 00c1 02       		.uleb128 0x2
 1154 00c2 18       		.uleb128 0x18
 1155 00c3 9142     		.uleb128 0x2111
 1156 00c5 18       		.uleb128 0x18
 1157 00c6 00       		.byte	0
 1158 00c7 00       		.byte	0
 1159 00c8 0F       		.uleb128 0xf
 1160 00c9 898201   		.uleb128 0x4109
 1161 00cc 01       		.byte	0x1
 1162 00cd 11       		.uleb128 0x11
 1163 00ce 01       		.uleb128 0x1
 1164 00cf 31       		.uleb128 0x31
 1165 00d0 13       		.uleb128 0x13
 1166 00d1 01       		.uleb128 0x1
 1167 00d2 13       		.uleb128 0x13
 1168 00d3 00       		.byte	0
 1169 00d4 00       		.byte	0
 1170 00d5 10       		.uleb128 0x10
 1171 00d6 05       		.uleb128 0x5
 1172 00d7 00       		.byte	0
 1173 00d8 03       		.uleb128 0x3
 1174 00d9 0E       		.uleb128 0xe
 1175 00da 3A       		.uleb128 0x3a
 1176 00db 0B       		.uleb128 0xb
 1177 00dc 3B       		.uleb128 0x3b
 1178 00dd 0B       		.uleb128 0xb
 1179 00de 49       		.uleb128 0x49
 1180 00df 13       		.uleb128 0x13
 1181 00e0 02       		.uleb128 0x2
 1182 00e1 17       		.uleb128 0x17
 1183 00e2 00       		.byte	0
 1184 00e3 00       		.byte	0
 1185 00e4 11       		.uleb128 0x11
 1186 00e5 0F       		.uleb128 0xf
 1187 00e6 00       		.byte	0
 1188 00e7 0B       		.uleb128 0xb
 1189 00e8 0B       		.uleb128 0xb
 1190 00e9 49       		.uleb128 0x49
 1191 00ea 13       		.uleb128 0x13
 1192 00eb 00       		.byte	0
 1193 00ec 00       		.byte	0
 1194 00ed 12       		.uleb128 0x12
 1195 00ee 26       		.uleb128 0x26
 1196 00ef 00       		.byte	0
 1197 00f0 00       		.byte	0
 1198 00f1 00       		.byte	0
 1199 00f2 13       		.uleb128 0x13
 1200 00f3 2E       		.uleb128 0x2e
 1201 00f4 01       		.byte	0x1
 1202 00f5 3F       		.uleb128 0x3f
 1203 00f6 19       		.uleb128 0x19
 1204 00f7 03       		.uleb128 0x3
 1205 00f8 0E       		.uleb128 0xe
 1206 00f9 3A       		.uleb128 0x3a
ARM GAS  C:\Users\Dell\AppData\Local\Temp\ccOxZPtB.s 			page 29


 1207 00fa 0B       		.uleb128 0xb
 1208 00fb 3B       		.uleb128 0x3b
 1209 00fc 05       		.uleb128 0x5
 1210 00fd 27       		.uleb128 0x27
 1211 00fe 19       		.uleb128 0x19
 1212 00ff 11       		.uleb128 0x11
 1213 0100 01       		.uleb128 0x1
 1214 0101 12       		.uleb128 0x12
 1215 0102 06       		.uleb128 0x6
 1216 0103 40       		.uleb128 0x40
 1217 0104 18       		.uleb128 0x18
 1218 0105 9742     		.uleb128 0x2117
 1219 0107 19       		.uleb128 0x19
 1220 0108 01       		.uleb128 0x1
 1221 0109 13       		.uleb128 0x13
 1222 010a 00       		.byte	0
 1223 010b 00       		.byte	0
 1224 010c 14       		.uleb128 0x14
 1225 010d 05       		.uleb128 0x5
 1226 010e 00       		.byte	0
 1227 010f 03       		.uleb128 0x3
 1228 0110 0E       		.uleb128 0xe
 1229 0111 3A       		.uleb128 0x3a
 1230 0112 0B       		.uleb128 0xb
 1231 0113 3B       		.uleb128 0x3b
 1232 0114 05       		.uleb128 0x5
 1233 0115 49       		.uleb128 0x49
 1234 0116 13       		.uleb128 0x13
 1235 0117 02       		.uleb128 0x2
 1236 0118 18       		.uleb128 0x18
 1237 0119 00       		.byte	0
 1238 011a 00       		.byte	0
 1239 011b 15       		.uleb128 0x15
 1240 011c 34       		.uleb128 0x34
 1241 011d 00       		.byte	0
 1242 011e 03       		.uleb128 0x3
 1243 011f 0E       		.uleb128 0xe
 1244 0120 3A       		.uleb128 0x3a
 1245 0121 0B       		.uleb128 0xb
 1246 0122 3B       		.uleb128 0x3b
 1247 0123 05       		.uleb128 0x5
 1248 0124 49       		.uleb128 0x49
 1249 0125 13       		.uleb128 0x13
 1250 0126 02       		.uleb128 0x2
 1251 0127 18       		.uleb128 0x18
 1252 0128 00       		.byte	0
 1253 0129 00       		.byte	0
 1254 012a 16       		.uleb128 0x16
 1255 012b 0B       		.uleb128 0xb
 1256 012c 01       		.byte	0x1
 1257 012d 11       		.uleb128 0x11
 1258 012e 01       		.uleb128 0x1
 1259 012f 12       		.uleb128 0x12
 1260 0130 06       		.uleb128 0x6
 1261 0131 01       		.uleb128 0x1
 1262 0132 13       		.uleb128 0x13
 1263 0133 00       		.byte	0
ARM GAS  C:\Users\Dell\AppData\Local\Temp\ccOxZPtB.s 			page 30


 1264 0134 00       		.byte	0
 1265 0135 17       		.uleb128 0x17
 1266 0136 13       		.uleb128 0x13
 1267 0137 01       		.byte	0x1
 1268 0138 0B       		.uleb128 0xb
 1269 0139 0B       		.uleb128 0xb
 1270 013a 3A       		.uleb128 0x3a
 1271 013b 0B       		.uleb128 0xb
 1272 013c 3B       		.uleb128 0x3b
 1273 013d 05       		.uleb128 0x5
 1274 013e 01       		.uleb128 0x1
 1275 013f 13       		.uleb128 0x13
 1276 0140 00       		.byte	0
 1277 0141 00       		.byte	0
 1278 0142 18       		.uleb128 0x18
 1279 0143 0D       		.uleb128 0xd
 1280 0144 00       		.byte	0
 1281 0145 03       		.uleb128 0x3
 1282 0146 0E       		.uleb128 0xe
 1283 0147 3A       		.uleb128 0x3a
 1284 0148 0B       		.uleb128 0xb
 1285 0149 3B       		.uleb128 0x3b
 1286 014a 05       		.uleb128 0x5
 1287 014b 49       		.uleb128 0x49
 1288 014c 13       		.uleb128 0x13
 1289 014d 38       		.uleb128 0x38
 1290 014e 0B       		.uleb128 0xb
 1291 014f 00       		.byte	0
 1292 0150 00       		.byte	0
 1293 0151 19       		.uleb128 0x19
 1294 0152 01       		.uleb128 0x1
 1295 0153 01       		.byte	0x1
 1296 0154 49       		.uleb128 0x49
 1297 0155 13       		.uleb128 0x13
 1298 0156 01       		.uleb128 0x1
 1299 0157 13       		.uleb128 0x13
 1300 0158 00       		.byte	0
 1301 0159 00       		.byte	0
 1302 015a 1A       		.uleb128 0x1a
 1303 015b 21       		.uleb128 0x21
 1304 015c 00       		.byte	0
 1305 015d 49       		.uleb128 0x49
 1306 015e 13       		.uleb128 0x13
 1307 015f 2F       		.uleb128 0x2f
 1308 0160 0B       		.uleb128 0xb
 1309 0161 00       		.byte	0
 1310 0162 00       		.byte	0
 1311 0163 1B       		.uleb128 0x1b
 1312 0164 26       		.uleb128 0x26
 1313 0165 00       		.byte	0
 1314 0166 49       		.uleb128 0x49
 1315 0167 13       		.uleb128 0x13
 1316 0168 00       		.byte	0
 1317 0169 00       		.byte	0
 1318 016a 1C       		.uleb128 0x1c
 1319 016b 34       		.uleb128 0x34
 1320 016c 00       		.byte	0
ARM GAS  C:\Users\Dell\AppData\Local\Temp\ccOxZPtB.s 			page 31


 1321 016d 03       		.uleb128 0x3
 1322 016e 08       		.uleb128 0x8
 1323 016f 3A       		.uleb128 0x3a
 1324 0170 0B       		.uleb128 0xb
 1325 0171 3B       		.uleb128 0x3b
 1326 0172 05       		.uleb128 0x5
 1327 0173 49       		.uleb128 0x49
 1328 0174 13       		.uleb128 0x13
 1329 0175 02       		.uleb128 0x2
 1330 0176 17       		.uleb128 0x17
 1331 0177 00       		.byte	0
 1332 0178 00       		.byte	0
 1333 0179 1D       		.uleb128 0x1d
 1334 017a 0B       		.uleb128 0xb
 1335 017b 01       		.byte	0x1
 1336 017c 11       		.uleb128 0x11
 1337 017d 01       		.uleb128 0x1
 1338 017e 12       		.uleb128 0x12
 1339 017f 06       		.uleb128 0x6
 1340 0180 00       		.byte	0
 1341 0181 00       		.byte	0
 1342 0182 1E       		.uleb128 0x1e
 1343 0183 898201   		.uleb128 0x4109
 1344 0186 00       		.byte	0
 1345 0187 11       		.uleb128 0x11
 1346 0188 01       		.uleb128 0x1
 1347 0189 31       		.uleb128 0x31
 1348 018a 13       		.uleb128 0x13
 1349 018b 00       		.byte	0
 1350 018c 00       		.byte	0
 1351 018d 1F       		.uleb128 0x1f
 1352 018e 2E       		.uleb128 0x2e
 1353 018f 00       		.byte	0
 1354 0190 3F       		.uleb128 0x3f
 1355 0191 19       		.uleb128 0x19
 1356 0192 3C       		.uleb128 0x3c
 1357 0193 19       		.uleb128 0x19
 1358 0194 6E       		.uleb128 0x6e
 1359 0195 0E       		.uleb128 0xe
 1360 0196 03       		.uleb128 0x3
 1361 0197 0E       		.uleb128 0xe
 1362 0198 00       		.byte	0
 1363 0199 00       		.byte	0
 1364 019a 20       		.uleb128 0x20
 1365 019b 2E       		.uleb128 0x2e
 1366 019c 00       		.byte	0
 1367 019d 3F       		.uleb128 0x3f
 1368 019e 19       		.uleb128 0x19
 1369 019f 3C       		.uleb128 0x3c
 1370 01a0 19       		.uleb128 0x19
 1371 01a1 6E       		.uleb128 0x6e
 1372 01a2 0E       		.uleb128 0xe
 1373 01a3 03       		.uleb128 0x3
 1374 01a4 0E       		.uleb128 0xe
 1375 01a5 3A       		.uleb128 0x3a
 1376 01a6 0B       		.uleb128 0xb
 1377 01a7 3B       		.uleb128 0x3b
ARM GAS  C:\Users\Dell\AppData\Local\Temp\ccOxZPtB.s 			page 32


 1378 01a8 0B       		.uleb128 0xb
 1379 01a9 00       		.byte	0
 1380 01aa 00       		.byte	0
 1381 01ab 00       		.byte	0
 1382              		.section	.debug_loc,"",%progbits
 1383              	.Ldebug_loc0:
 1384              	.LLST0:
 1385 0000 06000000 		.4byte	.LVL1
 1386 0004 10000000 		.4byte	.LVL2
 1387 0008 0100     		.2byte	0x1
 1388 000a 53       		.byte	0x53
 1389 000b 00000000 		.4byte	0
 1390 000f 00000000 		.4byte	0
 1391              	.LLST1:
 1392 0013 00000000 		.4byte	.LVL3
 1393 0017 09000000 		.4byte	.LVL5-1
 1394 001b 0100     		.2byte	0x1
 1395 001d 50       		.byte	0x50
 1396 001e 09000000 		.4byte	.LVL5-1
 1397 0022 0C000000 		.4byte	.LFE0
 1398 0026 0400     		.2byte	0x4
 1399 0028 F3       		.byte	0xf3
 1400 0029 01       		.uleb128 0x1
 1401 002a 50       		.byte	0x50
 1402 002b 9F       		.byte	0x9f
 1403 002c 00000000 		.4byte	0
 1404 0030 00000000 		.4byte	0
 1405              	.LLST2:
 1406 0034 00000000 		.4byte	.LVL3
 1407 0038 06000000 		.4byte	.LVL4
 1408 003c 0100     		.2byte	0x1
 1409 003e 51       		.byte	0x51
 1410 003f 06000000 		.4byte	.LVL4
 1411 0043 09000000 		.4byte	.LVL5-1
 1412 0047 0100     		.2byte	0x1
 1413 0049 52       		.byte	0x52
 1414 004a 09000000 		.4byte	.LVL5-1
 1415 004e 0C000000 		.4byte	.LFE0
 1416 0052 0400     		.2byte	0x4
 1417 0054 F3       		.byte	0xf3
 1418 0055 01       		.uleb128 0x1
 1419 0056 51       		.byte	0x51
 1420 0057 9F       		.byte	0x9f
 1421 0058 00000000 		.4byte	0
 1422 005c 00000000 		.4byte	0
 1423              	.LLST3:
 1424 0060 2E000000 		.4byte	.LVL6
 1425 0064 34000000 		.4byte	.LVL7
 1426 0068 0200     		.2byte	0x2
 1427 006a 49       		.byte	0x49
 1428 006b 9F       		.byte	0x9f
 1429 006c 34000000 		.4byte	.LVL7
 1430 0070 7E000000 		.4byte	.LVL13
 1431 0074 0100     		.2byte	0x1
 1432 0076 55       		.byte	0x55
 1433 0077 00000000 		.4byte	0
 1434 007b 00000000 		.4byte	0
ARM GAS  C:\Users\Dell\AppData\Local\Temp\ccOxZPtB.s 			page 33


 1435              	.LLST4:
 1436 007f 2E000000 		.4byte	.LVL6
 1437 0083 34000000 		.4byte	.LVL7
 1438 0087 0200     		.2byte	0x2
 1439 0089 30       		.byte	0x30
 1440 008a 9F       		.byte	0x9f
 1441 008b 34000000 		.4byte	.LVL7
 1442 008f 40000000 		.4byte	.LVL8
 1443 0093 0100     		.2byte	0x1
 1444 0095 54       		.byte	0x54
 1445 0096 44000000 		.4byte	.LVL9
 1446 009a 7E000000 		.4byte	.LVL13
 1447 009e 0100     		.2byte	0x1
 1448 00a0 54       		.byte	0x54
 1449 00a1 00000000 		.4byte	0
 1450 00a5 00000000 		.4byte	0
 1451              	.LLST5:
 1452 00a9 00000000 		.4byte	.LVL14
 1453 00ad 05000000 		.4byte	.LVL15-1
 1454 00b1 0100     		.2byte	0x1
 1455 00b3 50       		.byte	0x50
 1456 00b4 05000000 		.4byte	.LVL15-1
 1457 00b8 08000000 		.4byte	.LFE1
 1458 00bc 0400     		.2byte	0x4
 1459 00be F3       		.byte	0xf3
 1460 00bf 01       		.uleb128 0x1
 1461 00c0 50       		.byte	0x50
 1462 00c1 9F       		.byte	0x9f
 1463 00c2 00000000 		.4byte	0
 1464 00c6 00000000 		.4byte	0
 1465              	.LLST6:
 1466 00ca 00000000 		.4byte	.LVL14
 1467 00ce 05000000 		.4byte	.LVL15-1
 1468 00d2 0100     		.2byte	0x1
 1469 00d4 51       		.byte	0x51
 1470 00d5 05000000 		.4byte	.LVL15-1
 1471 00d9 08000000 		.4byte	.LFE1
 1472 00dd 0400     		.2byte	0x4
 1473 00df F3       		.byte	0xf3
 1474 00e0 01       		.uleb128 0x1
 1475 00e1 51       		.byte	0x51
 1476 00e2 9F       		.byte	0x9f
 1477 00e3 00000000 		.4byte	0
 1478 00e7 00000000 		.4byte	0
 1479              	.LLST7:
 1480 00eb 00000000 		.4byte	.LVL14
 1481 00ef 05000000 		.4byte	.LVL15-1
 1482 00f3 0100     		.2byte	0x1
 1483 00f5 52       		.byte	0x52
 1484 00f6 05000000 		.4byte	.LVL15-1
 1485 00fa 08000000 		.4byte	.LFE1
 1486 00fe 0400     		.2byte	0x4
 1487 0100 F3       		.byte	0xf3
 1488 0101 01       		.uleb128 0x1
 1489 0102 52       		.byte	0x52
 1490 0103 9F       		.byte	0x9f
 1491 0104 00000000 		.4byte	0
ARM GAS  C:\Users\Dell\AppData\Local\Temp\ccOxZPtB.s 			page 34


 1492 0108 00000000 		.4byte	0
 1493              	.LLST8:
 1494 010c 0E000000 		.4byte	.LVL18
 1495 0110 12000000 		.4byte	.LVL19
 1496 0114 0200     		.2byte	0x2
 1497 0116 30       		.byte	0x30
 1498 0117 9F       		.byte	0x9f
 1499 0118 12000000 		.4byte	.LVL19
 1500 011c 2A000000 		.4byte	.LVL21
 1501 0120 0100     		.2byte	0x1
 1502 0122 54       		.byte	0x54
 1503 0123 2C000000 		.4byte	.LVL22
 1504 0127 70000000 		.4byte	.LVL26
 1505 012b 0100     		.2byte	0x1
 1506 012d 54       		.byte	0x54
 1507 012e 00000000 		.4byte	0
 1508 0132 00000000 		.4byte	0
 1509              	.LLST9:
 1510 0136 12000000 		.4byte	.LVL19
 1511 013a 2A000000 		.4byte	.LVL21
 1512 013e 0B00     		.2byte	0xb
 1513 0140 74       		.byte	0x74
 1514 0141 00       		.sleb128 0
 1515 0142 36       		.byte	0x36
 1516 0143 1E       		.byte	0x1e
 1517 0144 03       		.byte	0x3
 1518 0145 00000000 		.4byte	cfg_memset_list.4992
 1519 0149 22       		.byte	0x22
 1520 014a 9F       		.byte	0x9f
 1521 014b 2A000000 		.4byte	.LVL21
 1522 014f 2C000000 		.4byte	.LVL22
 1523 0153 0B00     		.2byte	0xb
 1524 0155 74       		.byte	0x74
 1525 0156 7F       		.sleb128 -1
 1526 0157 36       		.byte	0x36
 1527 0158 1E       		.byte	0x1e
 1528 0159 03       		.byte	0x3
 1529 015a 00000000 		.4byte	cfg_memset_list.4992
 1530 015e 22       		.byte	0x22
 1531 015f 9F       		.byte	0x9f
 1532 0160 00000000 		.4byte	0
 1533 0164 00000000 		.4byte	0
 1534              		.section	.debug_aranges,"",%progbits
 1535 0000 4C000000 		.4byte	0x4c
 1536 0004 0200     		.2byte	0x2
 1537 0006 00000000 		.4byte	.Ldebug_info0
 1538 000a 04       		.byte	0x4
 1539 000b 00       		.byte	0
 1540 000c 0000     		.2byte	0
 1541 000e 0000     		.2byte	0
 1542 0010 00000000 		.4byte	.LFB3
 1543 0014 02000000 		.4byte	.LFE3-.LFB3
 1544 0018 00000000 		.4byte	.LFB5
 1545 001c 38000000 		.4byte	.LFE5-.LFB5
 1546 0020 00000000 		.4byte	.LFB0
 1547 0024 0C000000 		.4byte	.LFE0-.LFB0
 1548 0028 00000000 		.4byte	.LFB4
ARM GAS  C:\Users\Dell\AppData\Local\Temp\ccOxZPtB.s 			page 35


 1549 002c 9C000000 		.4byte	.LFE4-.LFB4
 1550 0030 00000000 		.4byte	.LFB1
 1551 0034 08000000 		.4byte	.LFE1-.LFB1
 1552 0038 00000000 		.4byte	.LFB6
 1553 003c 10000000 		.4byte	.LFE6-.LFB6
 1554 0040 00000000 		.4byte	.LFB7
 1555 0044 C8000000 		.4byte	.LFE7-.LFB7
 1556 0048 00000000 		.4byte	0
 1557 004c 00000000 		.4byte	0
 1558              		.section	.debug_ranges,"",%progbits
 1559              	.Ldebug_ranges0:
 1560 0000 00000000 		.4byte	.LFB3
 1561 0004 02000000 		.4byte	.LFE3
 1562 0008 00000000 		.4byte	.LFB5
 1563 000c 38000000 		.4byte	.LFE5
 1564 0010 00000000 		.4byte	.LFB0
 1565 0014 0C000000 		.4byte	.LFE0
 1566 0018 00000000 		.4byte	.LFB4
 1567 001c 9C000000 		.4byte	.LFE4
 1568 0020 00000000 		.4byte	.LFB1
 1569 0024 08000000 		.4byte	.LFE1
 1570 0028 00000000 		.4byte	.LFB6
 1571 002c 10000000 		.4byte	.LFE6
 1572 0030 00000000 		.4byte	.LFB7
 1573 0034 C8000000 		.4byte	.LFE7
 1574 0038 00000000 		.4byte	0
 1575 003c 00000000 		.4byte	0
 1576              		.section	.debug_line,"",%progbits
 1577              	.Ldebug_line0:
 1578 0000 A5010000 		.section	.debug_str,"MS",%progbits,1
 1578      0200D600 
 1578      00000201 
 1578      FB0E0D00 
 1578      01010101 
 1579              	.LASF19:
 1580 0000 72656731 		.ascii	"reg16\000"
 1580      3600
 1581              	.LASF43:
 1582 0006 43794465 		.ascii	"CyDelayCycles\000"
 1582      6C617943 
 1582      79636C65 
 1582      7300
 1583              	.LASF12:
 1584 0014 73697A65 		.ascii	"size_t\000"
 1584      5F7400
 1585              	.LASF20:
 1586 001b 416E616C 		.ascii	"AnalogSetDefault\000"
 1586      6F675365 
 1586      74446566 
 1586      61756C74 
 1586      00
 1587              	.LASF25:
 1588 002c 74696D65 		.ascii	"timeout\000"
 1588      6F757400 
 1589              	.LASF36:
 1590 0034 6366675F 		.ascii	"cfg_memset_list\000"
 1590      6D656D73 
ARM GAS  C:\Users\Dell\AppData\Local\Temp\ccOxZPtB.s 			page 36


 1590      65745F6C 
 1590      69737400 
 1591              	.LASF23:
 1592 0044 436C6F63 		.ascii	"ClockSetup\000"
 1592      6B536574 
 1592      757000
 1593              	.LASF6:
 1594 004f 73686F72 		.ascii	"short unsigned int\000"
 1594      7420756E 
 1594      7369676E 
 1594      65642069 
 1594      6E7400
 1595              	.LASF26:
 1596 0062 706C6C4C 		.ascii	"pllLock\000"
 1596      6F636B00 
 1597              	.LASF41:
 1598 006a 433A5C55 		.ascii	"C:\\Users\\Dell\\Documents\\PSoC Creator\\DAC_senal"
 1598      73657273 
 1598      5C44656C 
 1598      6C5C446F 
 1598      63756D65 
 1599 0098 65735C67 		.ascii	"es\\generador_de_senales.cydsn\000"
 1599      656E6572 
 1599      61646F72 
 1599      5F64655F 
 1599      73656E61 
 1600              	.LASF16:
 1601 00b6 666C6F61 		.ascii	"float\000"
 1601      7400
 1602              	.LASF42:
 1603 00bc 4379436C 		.ascii	"CyClockStartupError\000"
 1603      6F636B53 
 1603      74617274 
 1603      75704572 
 1603      726F7200 
 1604              	.LASF28:
 1605 00d0 64657374 		.ascii	"dest\000"
 1605      00
 1606              	.LASF34:
 1607 00d5 73697A65 		.ascii	"size\000"
 1607      00
 1608              	.LASF39:
 1609 00da 474E5520 		.ascii	"GNU C11 5.4.1 20160609 (release) [ARM/embedded-5-br"
 1609      43313120 
 1609      352E342E 
 1609      31203230 
 1609      31363036 
 1610 010d 616E6368 		.ascii	"anch revision 237715] -mcpu=cortex-m3 -mthumb -g -O"
 1610      20726576 
 1610      6973696F 
 1610      6E203233 
 1610      37373135 
 1611 0140 67202D66 		.ascii	"g -ffunction-sections -ffat-lto-objects\000"
 1611      66756E63 
 1611      74696F6E 
 1611      2D736563 
 1611      74696F6E 
ARM GAS  C:\Users\Dell\AppData\Local\Temp\ccOxZPtB.s 			page 37


 1612              	.LASF18:
 1613 0168 72656738 		.ascii	"reg8\000"
 1613      00
 1614              	.LASF8:
 1615 016d 6C6F6E67 		.ascii	"long unsigned int\000"
 1615      20756E73 
 1615      69676E65 
 1615      6420696E 
 1615      7400
 1616              	.LASF13:
 1617 017f 75696E74 		.ascii	"uint8\000"
 1617      3800
 1618              	.LASF21:
 1619 0185 43594D45 		.ascii	"CYMEMZERO\000"
 1619      4D5A4552 
 1619      4F00
 1620              	.LASF31:
 1621 018f 53657441 		.ascii	"SetAnalogRoutingPumps\000"
 1621      6E616C6F 
 1621      67526F75 
 1621      74696E67 
 1621      50756D70 
 1622              	.LASF4:
 1623 01a5 756E7369 		.ascii	"unsigned char\000"
 1623      676E6564 
 1623      20636861 
 1623      7200
 1624              	.LASF37:
 1625 01b3 6D656D73 		.ascii	"memset\000"
 1625      657400
 1626              	.LASF17:
 1627 01ba 646F7562 		.ascii	"double\000"
 1627      6C6500
 1628              	.LASF32:
 1629 01c1 63796669 		.ascii	"cyfitter_cfg\000"
 1629      74746572 
 1629      5F636667 
 1629      00
 1630              	.LASF14:
 1631 01ce 75696E74 		.ascii	"uint16\000"
 1631      313600
 1632              	.LASF22:
 1633 01d5 6572726F 		.ascii	"errorCode\000"
 1633      72436F64 
 1633      6500
 1634              	.LASF15:
 1635 01df 75696E74 		.ascii	"uint32\000"
 1635      333200
 1636              	.LASF0:
 1637 01e6 756E7369 		.ascii	"unsigned int\000"
 1637      676E6564 
 1637      20696E74 
 1637      00
 1638              	.LASF33:
 1639 01f3 61646472 		.ascii	"address\000"
 1639      65737300 
 1640              	.LASF9:
ARM GAS  C:\Users\Dell\AppData\Local\Temp\ccOxZPtB.s 			page 38


 1641 01fb 6C6F6E67 		.ascii	"long long unsigned int\000"
 1641      206C6F6E 
 1641      6720756E 
 1641      7369676E 
 1641      65642069 
 1642              	.LASF35:
 1643 0212 6366675F 		.ascii	"cfg_memset_t\000"
 1643      6D656D73 
 1643      65745F74 
 1643      00
 1644              	.LASF10:
 1645 021f 73697A65 		.ascii	"sizetype\000"
 1645      74797065 
 1645      00
 1646              	.LASF1:
 1647 0228 6C6F6E67 		.ascii	"long long int\000"
 1647      206C6F6E 
 1647      6720696E 
 1647      7400
 1648              	.LASF40:
 1649 0236 47656E65 		.ascii	"Generated_Source\\PSoC5\\cyfitter_cfg.c\000"
 1649      72617465 
 1649      645F536F 
 1649      75726365 
 1649      5C50536F 
 1650              	.LASF38:
 1651 025c 6D656D63 		.ascii	"memcpy\000"
 1651      707900
 1652              	.LASF5:
 1653 0263 73686F72 		.ascii	"short int\000"
 1653      7420696E 
 1653      7400
 1654              	.LASF29:
 1655 026d 656E6162 		.ascii	"enabled\000"
 1655      6C656400 
 1656              	.LASF7:
 1657 0275 6C6F6E67 		.ascii	"long int\000"
 1657      20696E74 
 1657      00
 1658              	.LASF11:
 1659 027e 63686172 		.ascii	"char\000"
 1659      00
 1660              	.LASF2:
 1661 0283 6C6F6E67 		.ascii	"long double\000"
 1661      20646F75 
 1661      626C6500 
 1662              	.LASF24:
 1663 028f 62675F78 		.ascii	"bg_xover_inl_trim\000"
 1663      6F766572 
 1663      5F696E6C 
 1663      5F747269 
 1663      6D00
 1664              	.LASF3:
 1665 02a1 7369676E 		.ascii	"signed char\000"
 1665      65642063 
 1665      68617200 
 1666              	.LASF30:
ARM GAS  C:\Users\Dell\AppData\Local\Temp\ccOxZPtB.s 			page 39


 1667 02ad 72656756 		.ascii	"regValue\000"
 1667      616C7565 
 1667      00
 1668              	.LASF27:
 1669 02b6 4359434F 		.ascii	"CYCONFIGCPY\000"
 1669      4E464947 
 1669      43505900 
 1670              		.ident	"GCC: (GNU Tools for ARM Embedded Processors) 5.4.1 20160609 (release) [ARM/embedded-5-bran
