ARM GAS  C:\Users\Dell\AppData\Local\Temp\ccyVBeGm.s 			page 1


   1              		.syntax unified
   2              		.cpu cortex-m3
   3              		.fpu softvfp
   4              		.eabi_attribute 20, 1
   5              		.eabi_attribute 21, 1
   6              		.eabi_attribute 23, 3
   7              		.eabi_attribute 24, 1
   8              		.eabi_attribute 25, 1
   9              		.eabi_attribute 26, 1
  10              		.eabi_attribute 30, 1
  11              		.eabi_attribute 34, 1
  12              		.eabi_attribute 18, 4
  13              		.thumb
  14              		.syntax unified
  15              		.file	"main.c"
  16              		.text
  17              	.Ltext0:
  18              		.cfi_sections	.debug_frame
  19              		.section	.text.main,"ax",%progbits
  20              		.align	2
  21              		.global	main
  22              		.thumb
  23              		.thumb_func
  24              		.type	main, %function
  25              	main:
  26              	.LFB63:
  27              		.file 1 "main.c"
   1:main.c        **** /* ========================================
   2:main.c        ****  *
   3:main.c        ****  * Copyright YOUR COMPANY, THE YEAR
   4:main.c        ****  * All Rights Reserved
   5:main.c        ****  * UNPUBLISHED, LICENSED SOFTWARE.
   6:main.c        ****  *
   7:main.c        ****  * CONFIDENTIAL AND PROPRIETARY INFORMATION
   8:main.c        ****  * WHICH IS THE PROPERTY OF your company.
   9:main.c        ****  *
  10:main.c        ****  * ========================================
  11:main.c        **** */
  12:main.c        **** #include "project.h"
  13:main.c        **** uint8 i;
  14:main.c        **** 
  15:main.c        **** int main(void)
  16:main.c        **** {
  28              		.loc 1 16 0
  29              		.cfi_startproc
  30              		@ Volatile: function does not return.
  31              		@ args = 0, pretend = 0, frame = 0
  32              		@ frame_needed = 0, uses_anonymous_args = 0
  33 0000 08B5     		push	{r3, lr}
  34              		.cfi_def_cfa_offset 8
  35              		.cfi_offset 3, -8
  36              		.cfi_offset 14, -4
  17:main.c        ****     //CyGlobalIntEnable; /* Enable global interrupts. */
  18:main.c        **** 
  19:main.c        ****     /* Place your initialization/startup code here (e.g. MyInst_Start()) */
  20:main.c        ****     VDAC8_Start();
  37              		.loc 1 20 0
ARM GAS  C:\Users\Dell\AppData\Local\Temp\ccyVBeGm.s 			page 2


  38 0002 FFF7FEFF 		bl	VDAC8_Start
  39              	.LVL0:
  40              	.L3:
  21:main.c        **** 
  22:main.c        ****     for(;;)
  23:main.c        ****     {
  24:main.c        ****         /* Place your application code here. */
  25:main.c        ****         switch (SW_Read())
  41              		.loc 1 25 0
  42 0006 FFF7FEFF 		bl	SW_Read
  43              	.LVL1:
  44 000a 0128     		cmp	r0, #1
  45 000c 1FD0     		beq	.L4
  46 000e 10B1     		cbz	r0, .L5
  47 0010 0228     		cmp	r0, #2
  48 0012 2BD0     		beq	.L6
  49 0014 F7E7     		b	.L3
  50              	.L5:
  26:main.c        ****         {
  27:main.c        ****             case 0:
  28:main.c        ****             for(i=0;i<255;i++){
  51              		.loc 1 28 0
  52 0016 0022     		movs	r2, #0
  53 0018 1B4B     		ldr	r3, .L15
  54 001a 1A70     		strb	r2, [r3]
  55 001c 05E0     		b	.L7
  56              	.L8:
  29:main.c        ****                 VDAC8_SetValue(i);
  57              		.loc 1 29 0 discriminator 3
  58 001e FFF7FEFF 		bl	VDAC8_SetValue
  59              	.LVL2:
  28:main.c        ****                 VDAC8_SetValue(i);
  60              		.loc 1 28 0 discriminator 3
  61 0022 194A     		ldr	r2, .L15
  62 0024 1378     		ldrb	r3, [r2]	@ zero_extendqisi2
  63 0026 0133     		adds	r3, r3, #1
  64 0028 1370     		strb	r3, [r2]
  65              	.L7:
  28:main.c        ****                 VDAC8_SetValue(i);
  66              		.loc 1 28 0 is_stmt 0 discriminator 1
  67 002a 174B     		ldr	r3, .L15
  68 002c 1878     		ldrb	r0, [r3]	@ zero_extendqisi2
  69 002e FF28     		cmp	r0, #255
  70 0030 F5D1     		bne	.L8
  30:main.c        ****             }for(i=255;i>0;i--){
  71              		.loc 1 30 0 is_stmt 1
  72 0032 FF22     		movs	r2, #255
  73 0034 1A70     		strb	r2, [r3]
  74 0036 05E0     		b	.L9
  75              	.L10:
  31:main.c        ****                 VDAC8_SetValue(i);
  76              		.loc 1 31 0 discriminator 3
  77 0038 FFF7FEFF 		bl	VDAC8_SetValue
  78              	.LVL3:
  30:main.c        ****             }for(i=255;i>0;i--){
  79              		.loc 1 30 0 discriminator 3
  80 003c 124A     		ldr	r2, .L15
ARM GAS  C:\Users\Dell\AppData\Local\Temp\ccyVBeGm.s 			page 3


  81 003e 1378     		ldrb	r3, [r2]	@ zero_extendqisi2
  82 0040 013B     		subs	r3, r3, #1
  83 0042 1370     		strb	r3, [r2]
  84              	.L9:
  30:main.c        ****             }for(i=255;i>0;i--){
  85              		.loc 1 30 0 is_stmt 0 discriminator 1
  86 0044 104B     		ldr	r3, .L15
  87 0046 1878     		ldrb	r0, [r3]	@ zero_extendqisi2
  88 0048 0028     		cmp	r0, #0
  89 004a F5D1     		bne	.L10
  90 004c DBE7     		b	.L3
  91              	.L4:
  32:main.c        ****             }
  33:main.c        ****             break;
  34:main.c        ****             
  35:main.c        ****             case 1:
  36:main.c        ****             for(i=0;i<255;i++){
  92              		.loc 1 36 0 is_stmt 1
  93 004e 0022     		movs	r2, #0
  94 0050 0D4B     		ldr	r3, .L15
  95 0052 1A70     		strb	r2, [r3]
  96 0054 05E0     		b	.L12
  97              	.L13:
  37:main.c        ****                 VDAC8_SetValue(i);
  98              		.loc 1 37 0 discriminator 3
  99 0056 FFF7FEFF 		bl	VDAC8_SetValue
 100              	.LVL4:
  36:main.c        ****                 VDAC8_SetValue(i);
 101              		.loc 1 36 0 discriminator 3
 102 005a 0B4A     		ldr	r2, .L15
 103 005c 1378     		ldrb	r3, [r2]	@ zero_extendqisi2
 104 005e 0133     		adds	r3, r3, #1
 105 0060 1370     		strb	r3, [r2]
 106              	.L12:
  36:main.c        ****                 VDAC8_SetValue(i);
 107              		.loc 1 36 0 is_stmt 0 discriminator 1
 108 0062 094B     		ldr	r3, .L15
 109 0064 1878     		ldrb	r0, [r3]	@ zero_extendqisi2
 110 0066 FF28     		cmp	r0, #255
 111 0068 F5D1     		bne	.L13
 112 006a CCE7     		b	.L3
 113              	.L6:
  38:main.c        ****             }
  39:main.c        ****             break;
  40:main.c        ****             
  41:main.c        ****             case 2:
  42:main.c        ****             VDAC8_SetValue(0);
 114              		.loc 1 42 0 is_stmt 1
 115 006c 0020     		movs	r0, #0
 116 006e FFF7FEFF 		bl	VDAC8_SetValue
 117              	.LVL5:
  43:main.c        ****             CyDelay(1);
 118              		.loc 1 43 0
 119 0072 0120     		movs	r0, #1
 120 0074 FFF7FEFF 		bl	CyDelay
 121              	.LVL6:
  44:main.c        ****             VDAC8_SetValue(255);
ARM GAS  C:\Users\Dell\AppData\Local\Temp\ccyVBeGm.s 			page 4


 122              		.loc 1 44 0
 123 0078 FF20     		movs	r0, #255
 124 007a FFF7FEFF 		bl	VDAC8_SetValue
 125              	.LVL7:
  45:main.c        ****             CyDelay(1);
 126              		.loc 1 45 0
 127 007e 0120     		movs	r0, #1
 128 0080 FFF7FEFF 		bl	CyDelay
 129              	.LVL8:
  46:main.c        ****             break;
 130              		.loc 1 46 0
 131 0084 BFE7     		b	.L3
 132              	.L16:
 133 0086 00BF     		.align	2
 134              	.L15:
 135 0088 00000000 		.word	i
 136              		.cfi_endproc
 137              	.LFE63:
 138              		.size	main, .-main
 139              		.comm	i,1,1
 140              		.text
 141              	.Letext0:
 142              		.file 2 "c:\\program files (x86)\\cypress\\psoc creator\\4.2\\psoc creator\\import\\gnu\\arm\\5.4.
 143              		.file 3 "c:\\program files (x86)\\cypress\\psoc creator\\4.2\\psoc creator\\import\\gnu\\arm\\5.4.
 144              		.file 4 "Generated_Source\\PSoC5/cytypes.h"
 145              		.file 5 "Generated_Source\\PSoC5/VDAC8.h"
 146              		.file 6 "Generated_Source\\PSoC5/SW.h"
 147              		.file 7 "Generated_Source\\PSoC5/CyLib.h"
 148              		.file 8 "Generated_Source\\PSoC5/core_cm3.h"
 149              		.section	.debug_info,"",%progbits
 150              	.Ldebug_info0:
 151 0000 89010000 		.4byte	0x189
 152 0004 0400     		.2byte	0x4
 153 0006 00000000 		.4byte	.Ldebug_abbrev0
 154 000a 04       		.byte	0x4
 155 000b 01       		.uleb128 0x1
 156 000c 3A000000 		.4byte	.LASF22
 157 0010 0C       		.byte	0xc
 158 0011 2E000000 		.4byte	.LASF23
 159 0015 6D010000 		.4byte	.LASF24
 160 0019 00000000 		.4byte	.Ldebug_ranges0+0
 161 001d 00000000 		.4byte	0
 162 0021 00000000 		.4byte	.Ldebug_line0
 163 0025 02       		.uleb128 0x2
 164 0026 01       		.byte	0x1
 165 0027 06       		.byte	0x6
 166 0028 2F010000 		.4byte	.LASF0
 167 002c 02       		.uleb128 0x2
 168 002d 01       		.byte	0x1
 169 002e 08       		.byte	0x8
 170 002f FF000000 		.4byte	.LASF1
 171 0033 02       		.uleb128 0x2
 172 0034 02       		.byte	0x2
 173 0035 05       		.byte	0x5
 174 0036 63010000 		.4byte	.LASF2
 175 003a 02       		.uleb128 0x2
 176 003b 02       		.byte	0x2
ARM GAS  C:\Users\Dell\AppData\Local\Temp\ccyVBeGm.s 			page 5


 177 003c 07       		.byte	0x7
 178 003d 0E000000 		.4byte	.LASF3
 179 0041 03       		.uleb128 0x3
 180 0042 53010000 		.4byte	.LASF9
 181 0046 02       		.byte	0x2
 182 0047 3F       		.byte	0x3f
 183 0048 4C000000 		.4byte	0x4c
 184 004c 02       		.uleb128 0x2
 185 004d 04       		.byte	0x4
 186 004e 05       		.byte	0x5
 187 004f 12010000 		.4byte	.LASF4
 188 0053 02       		.uleb128 0x2
 189 0054 04       		.byte	0x4
 190 0055 07       		.byte	0x7
 191 0056 D6000000 		.4byte	.LASF5
 192 005a 02       		.uleb128 0x2
 193 005b 08       		.byte	0x8
 194 005c 05       		.byte	0x5
 195 005d 00000000 		.4byte	.LASF6
 196 0061 02       		.uleb128 0x2
 197 0062 08       		.byte	0x8
 198 0063 07       		.byte	0x7
 199 0064 E8000000 		.4byte	.LASF7
 200 0068 04       		.uleb128 0x4
 201 0069 04       		.byte	0x4
 202 006a 05       		.byte	0x5
 203 006b 696E7400 		.ascii	"int\000"
 204 006f 02       		.uleb128 0x2
 205 0070 04       		.byte	0x4
 206 0071 07       		.byte	0x7
 207 0072 21000000 		.4byte	.LASF8
 208 0076 03       		.uleb128 0x3
 209 0077 B9010000 		.4byte	.LASF10
 210 007b 03       		.byte	0x3
 211 007c 2C       		.byte	0x2c
 212 007d 41000000 		.4byte	0x41
 213 0081 05       		.uleb128 0x5
 214 0082 D0000000 		.4byte	.LASF11
 215 0086 04       		.byte	0x4
 216 0087 E401     		.2byte	0x1e4
 217 0089 2C000000 		.4byte	0x2c
 218 008d 02       		.uleb128 0x2
 219 008e 04       		.byte	0x4
 220 008f 04       		.byte	0x4
 221 0090 5D010000 		.4byte	.LASF12
 222 0094 02       		.uleb128 0x2
 223 0095 08       		.byte	0x8
 224 0096 04       		.byte	0x4
 225 0097 1B010000 		.4byte	.LASF13
 226 009b 02       		.uleb128 0x2
 227 009c 01       		.byte	0x1
 228 009d 08       		.byte	0x8
 229 009e 0D010000 		.4byte	.LASF14
 230 00a2 02       		.uleb128 0x2
 231 00a3 04       		.byte	0x4
 232 00a4 07       		.byte	0x7
 233 00a5 D0010000 		.4byte	.LASF15
ARM GAS  C:\Users\Dell\AppData\Local\Temp\ccyVBeGm.s 			page 6


 234 00a9 02       		.uleb128 0x2
 235 00aa 08       		.byte	0x8
 236 00ab 04       		.byte	0x4
 237 00ac 3B010000 		.4byte	.LASF16
 238 00b0 06       		.uleb128 0x6
 239 00b1 35000000 		.4byte	.LASF25
 240 00b5 01       		.byte	0x1
 241 00b6 0F       		.byte	0xf
 242 00b7 68000000 		.4byte	0x68
 243 00bb 00000000 		.4byte	.LFB63
 244 00bf 8C000000 		.4byte	.LFE63-.LFB63
 245 00c3 01       		.uleb128 0x1
 246 00c4 9C       		.byte	0x9c
 247 00c5 40010000 		.4byte	0x140
 248 00c9 07       		.uleb128 0x7
 249 00ca 06000000 		.4byte	.LVL0
 250 00ce 60010000 		.4byte	0x160
 251 00d2 07       		.uleb128 0x7
 252 00d3 0A000000 		.4byte	.LVL1
 253 00d7 6B010000 		.4byte	0x16b
 254 00db 07       		.uleb128 0x7
 255 00dc 22000000 		.4byte	.LVL2
 256 00e0 76010000 		.4byte	0x176
 257 00e4 07       		.uleb128 0x7
 258 00e5 3C000000 		.4byte	.LVL3
 259 00e9 76010000 		.4byte	0x176
 260 00ed 07       		.uleb128 0x7
 261 00ee 5A000000 		.4byte	.LVL4
 262 00f2 76010000 		.4byte	0x176
 263 00f6 08       		.uleb128 0x8
 264 00f7 72000000 		.4byte	.LVL5
 265 00fb 76010000 		.4byte	0x176
 266 00ff 09010000 		.4byte	0x109
 267 0103 09       		.uleb128 0x9
 268 0104 01       		.uleb128 0x1
 269 0105 50       		.byte	0x50
 270 0106 01       		.uleb128 0x1
 271 0107 30       		.byte	0x30
 272 0108 00       		.byte	0
 273 0109 08       		.uleb128 0x8
 274 010a 78000000 		.4byte	.LVL6
 275 010e 81010000 		.4byte	0x181
 276 0112 1C010000 		.4byte	0x11c
 277 0116 09       		.uleb128 0x9
 278 0117 01       		.uleb128 0x1
 279 0118 50       		.byte	0x50
 280 0119 01       		.uleb128 0x1
 281 011a 31       		.byte	0x31
 282 011b 00       		.byte	0
 283 011c 08       		.uleb128 0x8
 284 011d 7E000000 		.4byte	.LVL7
 285 0121 76010000 		.4byte	0x176
 286 0125 30010000 		.4byte	0x130
 287 0129 09       		.uleb128 0x9
 288 012a 01       		.uleb128 0x1
 289 012b 50       		.byte	0x50
 290 012c 02       		.uleb128 0x2
ARM GAS  C:\Users\Dell\AppData\Local\Temp\ccyVBeGm.s 			page 7


 291 012d 09       		.byte	0x9
 292 012e FF       		.byte	0xff
 293 012f 00       		.byte	0
 294 0130 0A       		.uleb128 0xa
 295 0131 84000000 		.4byte	.LVL8
 296 0135 81010000 		.4byte	0x181
 297 0139 09       		.uleb128 0x9
 298 013a 01       		.uleb128 0x1
 299 013b 50       		.byte	0x50
 300 013c 01       		.uleb128 0x1
 301 013d 31       		.byte	0x31
 302 013e 00       		.byte	0
 303 013f 00       		.byte	0
 304 0140 0B       		.uleb128 0xb
 305 0141 22010000 		.4byte	.LASF17
 306 0145 08       		.byte	0x8
 307 0146 1207     		.2byte	0x712
 308 0148 4C010000 		.4byte	0x14c
 309 014c 0C       		.uleb128 0xc
 310 014d 76000000 		.4byte	0x76
 311 0151 0D       		.uleb128 0xd
 312 0152 6900     		.ascii	"i\000"
 313 0154 01       		.byte	0x1
 314 0155 0D       		.byte	0xd
 315 0156 81000000 		.4byte	0x81
 316 015a 05       		.uleb128 0x5
 317 015b 03       		.byte	0x3
 318 015c 00000000 		.4byte	i
 319 0160 0E       		.uleb128 0xe
 320 0161 47010000 		.4byte	.LASF18
 321 0165 47010000 		.4byte	.LASF18
 322 0169 05       		.byte	0x5
 323 016a 33       		.byte	0x33
 324 016b 0E       		.uleb128 0xe
 325 016c D9010000 		.4byte	.LASF19
 326 0170 D9010000 		.4byte	.LASF19
 327 0174 06       		.byte	0x6
 328 0175 29       		.byte	0x29
 329 0176 0E       		.uleb128 0xe
 330 0177 C1010000 		.4byte	.LASF20
 331 017b C1010000 		.4byte	.LASF20
 332 017f 05       		.byte	0x5
 333 0180 37       		.byte	0x37
 334 0181 0E       		.uleb128 0xe
 335 0182 C8000000 		.4byte	.LASF21
 336 0186 C8000000 		.4byte	.LASF21
 337 018a 07       		.byte	0x7
 338 018b 76       		.byte	0x76
 339 018c 00       		.byte	0
 340              		.section	.debug_abbrev,"",%progbits
 341              	.Ldebug_abbrev0:
 342 0000 01       		.uleb128 0x1
 343 0001 11       		.uleb128 0x11
 344 0002 01       		.byte	0x1
 345 0003 25       		.uleb128 0x25
 346 0004 0E       		.uleb128 0xe
 347 0005 13       		.uleb128 0x13
ARM GAS  C:\Users\Dell\AppData\Local\Temp\ccyVBeGm.s 			page 8


 348 0006 0B       		.uleb128 0xb
 349 0007 03       		.uleb128 0x3
 350 0008 0E       		.uleb128 0xe
 351 0009 1B       		.uleb128 0x1b
 352 000a 0E       		.uleb128 0xe
 353 000b 55       		.uleb128 0x55
 354 000c 17       		.uleb128 0x17
 355 000d 11       		.uleb128 0x11
 356 000e 01       		.uleb128 0x1
 357 000f 10       		.uleb128 0x10
 358 0010 17       		.uleb128 0x17
 359 0011 00       		.byte	0
 360 0012 00       		.byte	0
 361 0013 02       		.uleb128 0x2
 362 0014 24       		.uleb128 0x24
 363 0015 00       		.byte	0
 364 0016 0B       		.uleb128 0xb
 365 0017 0B       		.uleb128 0xb
 366 0018 3E       		.uleb128 0x3e
 367 0019 0B       		.uleb128 0xb
 368 001a 03       		.uleb128 0x3
 369 001b 0E       		.uleb128 0xe
 370 001c 00       		.byte	0
 371 001d 00       		.byte	0
 372 001e 03       		.uleb128 0x3
 373 001f 16       		.uleb128 0x16
 374 0020 00       		.byte	0
 375 0021 03       		.uleb128 0x3
 376 0022 0E       		.uleb128 0xe
 377 0023 3A       		.uleb128 0x3a
 378 0024 0B       		.uleb128 0xb
 379 0025 3B       		.uleb128 0x3b
 380 0026 0B       		.uleb128 0xb
 381 0027 49       		.uleb128 0x49
 382 0028 13       		.uleb128 0x13
 383 0029 00       		.byte	0
 384 002a 00       		.byte	0
 385 002b 04       		.uleb128 0x4
 386 002c 24       		.uleb128 0x24
 387 002d 00       		.byte	0
 388 002e 0B       		.uleb128 0xb
 389 002f 0B       		.uleb128 0xb
 390 0030 3E       		.uleb128 0x3e
 391 0031 0B       		.uleb128 0xb
 392 0032 03       		.uleb128 0x3
 393 0033 08       		.uleb128 0x8
 394 0034 00       		.byte	0
 395 0035 00       		.byte	0
 396 0036 05       		.uleb128 0x5
 397 0037 16       		.uleb128 0x16
 398 0038 00       		.byte	0
 399 0039 03       		.uleb128 0x3
 400 003a 0E       		.uleb128 0xe
 401 003b 3A       		.uleb128 0x3a
 402 003c 0B       		.uleb128 0xb
 403 003d 3B       		.uleb128 0x3b
 404 003e 05       		.uleb128 0x5
ARM GAS  C:\Users\Dell\AppData\Local\Temp\ccyVBeGm.s 			page 9


 405 003f 49       		.uleb128 0x49
 406 0040 13       		.uleb128 0x13
 407 0041 00       		.byte	0
 408 0042 00       		.byte	0
 409 0043 06       		.uleb128 0x6
 410 0044 2E       		.uleb128 0x2e
 411 0045 01       		.byte	0x1
 412 0046 3F       		.uleb128 0x3f
 413 0047 19       		.uleb128 0x19
 414 0048 03       		.uleb128 0x3
 415 0049 0E       		.uleb128 0xe
 416 004a 3A       		.uleb128 0x3a
 417 004b 0B       		.uleb128 0xb
 418 004c 3B       		.uleb128 0x3b
 419 004d 0B       		.uleb128 0xb
 420 004e 27       		.uleb128 0x27
 421 004f 19       		.uleb128 0x19
 422 0050 49       		.uleb128 0x49
 423 0051 13       		.uleb128 0x13
 424 0052 8701     		.uleb128 0x87
 425 0054 19       		.uleb128 0x19
 426 0055 11       		.uleb128 0x11
 427 0056 01       		.uleb128 0x1
 428 0057 12       		.uleb128 0x12
 429 0058 06       		.uleb128 0x6
 430 0059 40       		.uleb128 0x40
 431 005a 18       		.uleb128 0x18
 432 005b 9742     		.uleb128 0x2117
 433 005d 19       		.uleb128 0x19
 434 005e 01       		.uleb128 0x1
 435 005f 13       		.uleb128 0x13
 436 0060 00       		.byte	0
 437 0061 00       		.byte	0
 438 0062 07       		.uleb128 0x7
 439 0063 898201   		.uleb128 0x4109
 440 0066 00       		.byte	0
 441 0067 11       		.uleb128 0x11
 442 0068 01       		.uleb128 0x1
 443 0069 31       		.uleb128 0x31
 444 006a 13       		.uleb128 0x13
 445 006b 00       		.byte	0
 446 006c 00       		.byte	0
 447 006d 08       		.uleb128 0x8
 448 006e 898201   		.uleb128 0x4109
 449 0071 01       		.byte	0x1
 450 0072 11       		.uleb128 0x11
 451 0073 01       		.uleb128 0x1
 452 0074 31       		.uleb128 0x31
 453 0075 13       		.uleb128 0x13
 454 0076 01       		.uleb128 0x1
 455 0077 13       		.uleb128 0x13
 456 0078 00       		.byte	0
 457 0079 00       		.byte	0
 458 007a 09       		.uleb128 0x9
 459 007b 8A8201   		.uleb128 0x410a
 460 007e 00       		.byte	0
 461 007f 02       		.uleb128 0x2
ARM GAS  C:\Users\Dell\AppData\Local\Temp\ccyVBeGm.s 			page 10


 462 0080 18       		.uleb128 0x18
 463 0081 9142     		.uleb128 0x2111
 464 0083 18       		.uleb128 0x18
 465 0084 00       		.byte	0
 466 0085 00       		.byte	0
 467 0086 0A       		.uleb128 0xa
 468 0087 898201   		.uleb128 0x4109
 469 008a 01       		.byte	0x1
 470 008b 11       		.uleb128 0x11
 471 008c 01       		.uleb128 0x1
 472 008d 31       		.uleb128 0x31
 473 008e 13       		.uleb128 0x13
 474 008f 00       		.byte	0
 475 0090 00       		.byte	0
 476 0091 0B       		.uleb128 0xb
 477 0092 34       		.uleb128 0x34
 478 0093 00       		.byte	0
 479 0094 03       		.uleb128 0x3
 480 0095 0E       		.uleb128 0xe
 481 0096 3A       		.uleb128 0x3a
 482 0097 0B       		.uleb128 0xb
 483 0098 3B       		.uleb128 0x3b
 484 0099 05       		.uleb128 0x5
 485 009a 49       		.uleb128 0x49
 486 009b 13       		.uleb128 0x13
 487 009c 3F       		.uleb128 0x3f
 488 009d 19       		.uleb128 0x19
 489 009e 3C       		.uleb128 0x3c
 490 009f 19       		.uleb128 0x19
 491 00a0 00       		.byte	0
 492 00a1 00       		.byte	0
 493 00a2 0C       		.uleb128 0xc
 494 00a3 35       		.uleb128 0x35
 495 00a4 00       		.byte	0
 496 00a5 49       		.uleb128 0x49
 497 00a6 13       		.uleb128 0x13
 498 00a7 00       		.byte	0
 499 00a8 00       		.byte	0
 500 00a9 0D       		.uleb128 0xd
 501 00aa 34       		.uleb128 0x34
 502 00ab 00       		.byte	0
 503 00ac 03       		.uleb128 0x3
 504 00ad 08       		.uleb128 0x8
 505 00ae 3A       		.uleb128 0x3a
 506 00af 0B       		.uleb128 0xb
 507 00b0 3B       		.uleb128 0x3b
 508 00b1 0B       		.uleb128 0xb
 509 00b2 49       		.uleb128 0x49
 510 00b3 13       		.uleb128 0x13
 511 00b4 3F       		.uleb128 0x3f
 512 00b5 19       		.uleb128 0x19
 513 00b6 02       		.uleb128 0x2
 514 00b7 18       		.uleb128 0x18
 515 00b8 00       		.byte	0
 516 00b9 00       		.byte	0
 517 00ba 0E       		.uleb128 0xe
 518 00bb 2E       		.uleb128 0x2e
ARM GAS  C:\Users\Dell\AppData\Local\Temp\ccyVBeGm.s 			page 11


 519 00bc 00       		.byte	0
 520 00bd 3F       		.uleb128 0x3f
 521 00be 19       		.uleb128 0x19
 522 00bf 3C       		.uleb128 0x3c
 523 00c0 19       		.uleb128 0x19
 524 00c1 6E       		.uleb128 0x6e
 525 00c2 0E       		.uleb128 0xe
 526 00c3 03       		.uleb128 0x3
 527 00c4 0E       		.uleb128 0xe
 528 00c5 3A       		.uleb128 0x3a
 529 00c6 0B       		.uleb128 0xb
 530 00c7 3B       		.uleb128 0x3b
 531 00c8 0B       		.uleb128 0xb
 532 00c9 00       		.byte	0
 533 00ca 00       		.byte	0
 534 00cb 00       		.byte	0
 535              		.section	.debug_aranges,"",%progbits
 536 0000 1C000000 		.4byte	0x1c
 537 0004 0200     		.2byte	0x2
 538 0006 00000000 		.4byte	.Ldebug_info0
 539 000a 04       		.byte	0x4
 540 000b 00       		.byte	0
 541 000c 0000     		.2byte	0
 542 000e 0000     		.2byte	0
 543 0010 00000000 		.4byte	.LFB63
 544 0014 8C000000 		.4byte	.LFE63-.LFB63
 545 0018 00000000 		.4byte	0
 546 001c 00000000 		.4byte	0
 547              		.section	.debug_ranges,"",%progbits
 548              	.Ldebug_ranges0:
 549 0000 00000000 		.4byte	.LFB63
 550 0004 8C000000 		.4byte	.LFE63
 551 0008 00000000 		.4byte	0
 552 000c 00000000 		.4byte	0
 553              		.section	.debug_line,"",%progbits
 554              	.Ldebug_line0:
 555 0000 BC010000 		.section	.debug_str,"MS",%progbits,1
 555      02006A01 
 555      00000201 
 555      FB0E0D00 
 555      01010101 
 556              	.LASF6:
 557 0000 6C6F6E67 		.ascii	"long long int\000"
 557      206C6F6E 
 557      6720696E 
 557      7400
 558              	.LASF3:
 559 000e 73686F72 		.ascii	"short unsigned int\000"
 559      7420756E 
 559      7369676E 
 559      65642069 
 559      6E7400
 560              	.LASF8:
 561 0021 756E7369 		.ascii	"unsigned int\000"
 561      676E6564 
 561      20696E74 
 561      00
ARM GAS  C:\Users\Dell\AppData\Local\Temp\ccyVBeGm.s 			page 12


 562              	.LASF23:
 563 002e 6D61696E 		.ascii	"main.c\000"
 563      2E6300
 564              	.LASF25:
 565 0035 6D61696E 		.ascii	"main\000"
 565      00
 566              	.LASF22:
 567 003a 474E5520 		.ascii	"GNU C11 5.4.1 20160609 (release) [ARM/embedded-5-br"
 567      43313120 
 567      352E342E 
 567      31203230 
 567      31363036 
 568 006d 616E6368 		.ascii	"anch revision 237715] -mcpu=cortex-m3 -mthumb -g -O"
 568      20726576 
 568      6973696F 
 568      6E203233 
 568      37373135 
 569 00a0 67202D66 		.ascii	"g -ffunction-sections -ffat-lto-objects\000"
 569      66756E63 
 569      74696F6E 
 569      2D736563 
 569      74696F6E 
 570              	.LASF21:
 571 00c8 43794465 		.ascii	"CyDelay\000"
 571      6C617900 
 572              	.LASF11:
 573 00d0 75696E74 		.ascii	"uint8\000"
 573      3800
 574              	.LASF5:
 575 00d6 6C6F6E67 		.ascii	"long unsigned int\000"
 575      20756E73 
 575      69676E65 
 575      6420696E 
 575      7400
 576              	.LASF7:
 577 00e8 6C6F6E67 		.ascii	"long long unsigned int\000"
 577      206C6F6E 
 577      6720756E 
 577      7369676E 
 577      65642069 
 578              	.LASF1:
 579 00ff 756E7369 		.ascii	"unsigned char\000"
 579      676E6564 
 579      20636861 
 579      7200
 580              	.LASF14:
 581 010d 63686172 		.ascii	"char\000"
 581      00
 582              	.LASF4:
 583 0112 6C6F6E67 		.ascii	"long int\000"
 583      20696E74 
 583      00
 584              	.LASF13:
 585 011b 646F7562 		.ascii	"double\000"
 585      6C6500
 586              	.LASF17:
 587 0122 49544D5F 		.ascii	"ITM_RxBuffer\000"
ARM GAS  C:\Users\Dell\AppData\Local\Temp\ccyVBeGm.s 			page 13


 587      52784275 
 587      66666572 
 587      00
 588              	.LASF0:
 589 012f 7369676E 		.ascii	"signed char\000"
 589      65642063 
 589      68617200 
 590              	.LASF16:
 591 013b 6C6F6E67 		.ascii	"long double\000"
 591      20646F75 
 591      626C6500 
 592              	.LASF18:
 593 0147 56444143 		.ascii	"VDAC8_Start\000"
 593      385F5374 
 593      61727400 
 594              	.LASF9:
 595 0153 5F5F696E 		.ascii	"__int32_t\000"
 595      7433325F 
 595      7400
 596              	.LASF12:
 597 015d 666C6F61 		.ascii	"float\000"
 597      7400
 598              	.LASF2:
 599 0163 73686F72 		.ascii	"short int\000"
 599      7420696E 
 599      7400
 600              	.LASF24:
 601 016d 433A5C55 		.ascii	"C:\\Users\\Dell\\Documents\\PSoC Creator\\DAC_senal"
 601      73657273 
 601      5C44656C 
 601      6C5C446F 
 601      63756D65 
 602 019b 65735C67 		.ascii	"es\\generador_de_senales.cydsn\000"
 602      656E6572 
 602      61646F72 
 602      5F64655F 
 602      73656E61 
 603              	.LASF10:
 604 01b9 696E7433 		.ascii	"int32_t\000"
 604      325F7400 
 605              	.LASF20:
 606 01c1 56444143 		.ascii	"VDAC8_SetValue\000"
 606      385F5365 
 606      7456616C 
 606      756500
 607              	.LASF15:
 608 01d0 73697A65 		.ascii	"sizetype\000"
 608      74797065 
 608      00
 609              	.LASF19:
 610 01d9 53575F52 		.ascii	"SW_Read\000"
 610      65616400 
 611              		.ident	"GCC: (GNU Tools for ARM Embedded Processors) 5.4.1 20160609 (release) [ARM/embedded-5-bran
