--------------- Build Started: 09/14/2018 11:38:59 Project: FuenteDestino, Configuration: ARM GCC 5.4-2016-q2-update Debug ---------------
cydsfit.exe -.appdatapath "C:\Users\Nicolas Zamora\AppData\Local\Cypress Semiconductor\PSoC Creator\4.2" -.fdsnotice -.fdswarpdepfile=warp_dependencies.txt -.fdselabdepfile=elab_dependencies.txt -.fdsbldfile=generated_files.txt -.fdsreffile=referenced_files.txt -p "C:\Users\Nicolas Zamora\Documents\PSoC Creator\DNA\FuenteDestino.cydsn\FuenteDestino.cyprj" -d CY8C5888LTI-LP097 -s "C:\Users\Nicolas Zamora\Documents\PSoC Creator\DNA\FuenteDestino.cydsn\Generated_Source\PSoC5" -- -yv2 -q10 -ygs -o2 -v3 -.fftcfgtype=LE
Elaborating Design...
HDL Generation...
Synthesis...
Tech Mapping...
ADD: pft.M0040: information: The following 1 pin(s) will be assigned a location by the fitter: Pin_1(0)
Analog Placement...
Log: apr.M0058: The analog placement iterative improvement is 46% done. (App=cydsfit)
Log: apr.M0058: The analog placement iterative improvement is 66% done. (App=cydsfit)
Log: apr.M0058: The analog placement iterative improvement is 100% done. (App=cydsfit)
Analog Routing...
Analog Code Generation...
Digital Placement...
Digital Routing...
Bitstream Generation...
Bitstream Verification...
Static timing analysis...
API Generation...
Dependency Generation...
Cleanup...
--------------- Build Succeeded: 09/14/2018 11:39:16 ---------------
