ARM GAS  C:\Users\NICOLA~1\AppData\Local\Temp\cccbSxrK.s 			page 1


   1              		.syntax unified
   2              		.cpu cortex-m3
   3              		.fpu softvfp
   4              		.eabi_attribute 20, 1
   5              		.eabi_attribute 21, 1
   6              		.eabi_attribute 23, 3
   7              		.eabi_attribute 24, 1
   8              		.eabi_attribute 25, 1
   9              		.eabi_attribute 26, 1
  10              		.eabi_attribute 30, 1
  11              		.eabi_attribute 34, 1
  12              		.eabi_attribute 18, 4
  13              		.thumb
  14              		.syntax unified
  15              		.file	"main.c"
  16              		.text
  17              	.Ltext0:
  18              		.cfi_sections	.debug_frame
  19              		.section	.text.main,"ax",%progbits
  20              		.align	2
  21              		.global	main
  22              		.thumb
  23              		.thumb_func
  24              		.type	main, %function
  25              	main:
  26              	.LFB63:
  27              		.file 1 "main.c"
   1:main.c        **** /* ========================================
   2:main.c        ****  *
   3:main.c        ****  * Copyright YOUR COMPANY, THE YEAR
   4:main.c        ****  * All Rights Reserved
   5:main.c        ****  * UNPUBLISHED, LICENSED SOFTWARE.
   6:main.c        ****  *
   7:main.c        ****  * CONFIDENTIAL AND PROPRIETARY INFORMATION
   8:main.c        ****  * WHICH IS THE PROPERTY OF your company.
   9:main.c        ****  *
  10:main.c        ****  * ========================================
  11:main.c        **** */
  12:main.c        **** 
  13:main.c        **** /*
  14:main.c        ****     Cada 1/12M se lee la tabla y se pasa al DAC
  15:main.c        **** */
  16:main.c        **** #include "project.h"
  17:main.c        **** 
  18:main.c        **** const uint8 Tabla[]={
  19:main.c        **** 128,131,134,137,140,144,147,150,153,156,159,162,165,168,171,174,
  20:main.c        **** 177,180,182,185,188,191,194,196,199,201,204,206,209,211,214,216,
  21:main.c        **** 218,220,222,224,226,228,230,232,234,236,237,239,240,242,243,244,
  22:main.c        **** 246,247,248,249,250,251,251,252,253,253,254,254,254,255,255,255,
  23:main.c        **** 255,255,255,255,254,254,253,253,252,252,251,250,249,248,247,246,
  24:main.c        **** 245,244,242,241,240,238,236,235,233,231,229,227,225,223,221,219,
  25:main.c        **** 217,215,212,210,208,205,203,200,197,195,192,189,187,184,181,178,
  26:main.c        **** 175,172,169,166,164,160,157,154,151,148,145,142,139,136,133,130,
  27:main.c        **** 126,123,120,117,114,111,108,105,102,99,96,92,89,87,84,81,
  28:main.c        **** 78,75,72,69,67,64,61,59,56,53,51,48,46,44,41,39,37,35,33,
  29:main.c        **** 31,29,27,25,23,21,20,18,16,15,14,12,11,10,9,8,7,6,5,4,4,
  30:main.c        **** 3,3,2,2,1,1,1,1,1,1,1,2,2,2,3,3,4,5,5,6,7,8,9,10,12,13,14,16,
ARM GAS  C:\Users\NICOLA~1\AppData\Local\Temp\cccbSxrK.s 			page 2


  31:main.c        **** 17,19,20,22,24,26,28,30,32,34,36,38,40,42,45,47,50,52,55,57,60,
  32:main.c        **** 62,65,68,71,74,76,79,82,85,88,91,94,97,100,103,106,109,112,116,
  33:main.c        **** 119,122,125,128
  34:main.c        **** };
  35:main.c        **** 
  36:main.c        ****   /* Variable declarations for DMA */
  37:main.c        ****     /* Move these variable declarations to the top of the function */
  38:main.c        ****     uint8 DMA_Chan;
  39:main.c        ****     uint8 DMA_TD[1];
  40:main.c        **** 
  41:main.c        **** int main(void)
  42:main.c        **** {
  28              		.loc 1 42 0
  29              		.cfi_startproc
  30              		@ Volatile: function does not return.
  31              		@ args = 0, pretend = 0, frame = 0
  32              		@ frame_needed = 0, uses_anonymous_args = 0
  33 0000 08B5     		push	{r3, lr}
  34              		.cfi_def_cfa_offset 8
  35              		.cfi_offset 3, -8
  36              		.cfi_offset 14, -4
  43:main.c        ****     CyGlobalIntEnable; /* Enable global interrupts. */
  37              		.loc 1 43 0
  38              		.syntax unified
  39              	@ 43 "main.c" 1
  40 0002 62B6     		CPSIE   i
  41              	@ 0 "" 2
  44:main.c        ****         /* Defines for DMA */
  45:main.c        ****     #define DMA_BYTES_PER_BURST 1
  46:main.c        ****     #define DMA_REQUEST_PER_BURST 1
  47:main.c        ****     #define DMA_SRC_BASE (CYDEV_FLS_BASE)
  48:main.c        ****     #define DMA_DST_BASE (CYDEV_PERIPH_BASE)
  49:main.c        **** 
  50:main.c        **** 
  51:main.c        ****     /* DMA Configuration for DMA */
  52:main.c        ****     DMA_Chan = DMA_DmaInitialize(DMA_BYTES_PER_BURST, DMA_REQUEST_PER_BURST, 
  42              		.loc 1 52 0
  43              		.thumb
  44              		.syntax unified
  45 0004 4FF48043 		mov	r3, #16384
  46 0008 0022     		movs	r2, #0
  47 000a 0121     		movs	r1, #1
  48 000c 0846     		mov	r0, r1
  49 000e FFF7FEFF 		bl	DMA_DmaInitialize
  50              	.LVL0:
  51 0012 0F4C     		ldr	r4, .L4
  52 0014 2070     		strb	r0, [r4]
  53:main.c        ****         HI16(DMA_SRC_BASE), HI16(DMA_DST_BASE));
  54:main.c        ****     DMA_TD[0] = CyDmaTdAllocate();
  53              		.loc 1 54 0
  54 0016 FFF7FEFF 		bl	CyDmaTdAllocate
  55              	.LVL1:
  56 001a 0246     		mov	r2, r0
  57 001c 0D4D     		ldr	r5, .L4+4
  58 001e 2870     		strb	r0, [r5]
  55:main.c        ****     CyDmaTdSetConfiguration(DMA_TD[0], 256, DMA_TD[0], CY_DMA_TD_INC_SRC_ADR);
  59              		.loc 1 55 0
ARM GAS  C:\Users\NICOLA~1\AppData\Local\Temp\cccbSxrK.s 			page 3


  60 0020 0123     		movs	r3, #1
  61 0022 4FF48071 		mov	r1, #256
  62 0026 FFF7FEFF 		bl	CyDmaTdSetConfiguration
  63              	.LVL2:
  56:main.c        ****     CyDmaTdSetAddress(DMA_TD[0], LO16((uint32)Tabla), LO16((uint32)VDAC8_Data_PTR));
  64              		.loc 1 56 0
  65 002a 4FF4B742 		mov	r2, #23424
  66 002e 0A49     		ldr	r1, .L4+8
  67 0030 89B2     		uxth	r1, r1
  68 0032 2878     		ldrb	r0, [r5]	@ zero_extendqisi2
  69 0034 FFF7FEFF 		bl	CyDmaTdSetAddress
  70              	.LVL3:
  57:main.c        ****     CyDmaChSetInitialTd(DMA_Chan, DMA_TD[0]);
  71              		.loc 1 57 0
  72 0038 2978     		ldrb	r1, [r5]	@ zero_extendqisi2
  73 003a 2078     		ldrb	r0, [r4]	@ zero_extendqisi2
  74 003c FFF7FEFF 		bl	CyDmaChSetInitialTd
  75              	.LVL4:
  58:main.c        ****     CyDmaChEnable(DMA_Chan, 1);
  76              		.loc 1 58 0
  77 0040 0121     		movs	r1, #1
  78 0042 2078     		ldrb	r0, [r4]	@ zero_extendqisi2
  79 0044 FFF7FEFF 		bl	CyDmaChEnable
  80              	.LVL5:
  59:main.c        **** 
  60:main.c        ****     /* Place your initialization/startup code here (e.g. MyInst_Start()) */
  61:main.c        ****     VDAC8_Start();
  81              		.loc 1 61 0
  82 0048 FFF7FEFF 		bl	VDAC8_Start
  83              	.LVL6:
  84              	.L2:
  85 004c FEE7     		b	.L2
  86              	.L5:
  87 004e 00BF     		.align	2
  88              	.L4:
  89 0050 00000000 		.word	DMA_Chan
  90 0054 00000000 		.word	DMA_TD
  91 0058 00000000 		.word	.LANCHOR0
  92              		.cfi_endproc
  93              	.LFE63:
  94              		.size	main, .-main
  95              		.comm	DMA_TD,1,4
  96              		.comm	DMA_Chan,1,1
  97              		.global	Tabla
  98              		.section	.rodata
  99              		.align	2
 100              		.set	.LANCHOR0,. + 0
 101              		.type	Tabla, %object
 102              		.size	Tabla, 256
 103              	Tabla:
 104 0000 80       		.byte	-128
 105 0001 83       		.byte	-125
 106 0002 86       		.byte	-122
 107 0003 89       		.byte	-119
 108 0004 8C       		.byte	-116
 109 0005 90       		.byte	-112
 110 0006 93       		.byte	-109
ARM GAS  C:\Users\NICOLA~1\AppData\Local\Temp\cccbSxrK.s 			page 4


 111 0007 96       		.byte	-106
 112 0008 99       		.byte	-103
 113 0009 9C       		.byte	-100
 114 000a 9F       		.byte	-97
 115 000b A2       		.byte	-94
 116 000c A5       		.byte	-91
 117 000d A8       		.byte	-88
 118 000e AB       		.byte	-85
 119 000f AE       		.byte	-82
 120 0010 B1       		.byte	-79
 121 0011 B4       		.byte	-76
 122 0012 B6       		.byte	-74
 123 0013 B9       		.byte	-71
 124 0014 BC       		.byte	-68
 125 0015 BF       		.byte	-65
 126 0016 C2       		.byte	-62
 127 0017 C4       		.byte	-60
 128 0018 C7       		.byte	-57
 129 0019 C9       		.byte	-55
 130 001a CC       		.byte	-52
 131 001b CE       		.byte	-50
 132 001c D1       		.byte	-47
 133 001d D3       		.byte	-45
 134 001e D6       		.byte	-42
 135 001f D8       		.byte	-40
 136 0020 DA       		.byte	-38
 137 0021 DC       		.byte	-36
 138 0022 DE       		.byte	-34
 139 0023 E0       		.byte	-32
 140 0024 E2       		.byte	-30
 141 0025 E4       		.byte	-28
 142 0026 E6       		.byte	-26
 143 0027 E8       		.byte	-24
 144 0028 EA       		.byte	-22
 145 0029 EC       		.byte	-20
 146 002a ED       		.byte	-19
 147 002b EF       		.byte	-17
 148 002c F0       		.byte	-16
 149 002d F2       		.byte	-14
 150 002e F3       		.byte	-13
 151 002f F4       		.byte	-12
 152 0030 F6       		.byte	-10
 153 0031 F7       		.byte	-9
 154 0032 F8       		.byte	-8
 155 0033 F9       		.byte	-7
 156 0034 FA       		.byte	-6
 157 0035 FB       		.byte	-5
 158 0036 FB       		.byte	-5
 159 0037 FC       		.byte	-4
 160 0038 FD       		.byte	-3
 161 0039 FD       		.byte	-3
 162 003a FE       		.byte	-2
 163 003b FE       		.byte	-2
 164 003c FE       		.byte	-2
 165 003d FF       		.byte	-1
 166 003e FF       		.byte	-1
 167 003f FF       		.byte	-1
ARM GAS  C:\Users\NICOLA~1\AppData\Local\Temp\cccbSxrK.s 			page 5


 168 0040 FF       		.byte	-1
 169 0041 FF       		.byte	-1
 170 0042 FF       		.byte	-1
 171 0043 FF       		.byte	-1
 172 0044 FE       		.byte	-2
 173 0045 FE       		.byte	-2
 174 0046 FD       		.byte	-3
 175 0047 FD       		.byte	-3
 176 0048 FC       		.byte	-4
 177 0049 FC       		.byte	-4
 178 004a FB       		.byte	-5
 179 004b FA       		.byte	-6
 180 004c F9       		.byte	-7
 181 004d F8       		.byte	-8
 182 004e F7       		.byte	-9
 183 004f F6       		.byte	-10
 184 0050 F5       		.byte	-11
 185 0051 F4       		.byte	-12
 186 0052 F2       		.byte	-14
 187 0053 F1       		.byte	-15
 188 0054 F0       		.byte	-16
 189 0055 EE       		.byte	-18
 190 0056 EC       		.byte	-20
 191 0057 EB       		.byte	-21
 192 0058 E9       		.byte	-23
 193 0059 E7       		.byte	-25
 194 005a E5       		.byte	-27
 195 005b E3       		.byte	-29
 196 005c E1       		.byte	-31
 197 005d DF       		.byte	-33
 198 005e DD       		.byte	-35
 199 005f DB       		.byte	-37
 200 0060 D9       		.byte	-39
 201 0061 D7       		.byte	-41
 202 0062 D4       		.byte	-44
 203 0063 D2       		.byte	-46
 204 0064 D0       		.byte	-48
 205 0065 CD       		.byte	-51
 206 0066 CB       		.byte	-53
 207 0067 C8       		.byte	-56
 208 0068 C5       		.byte	-59
 209 0069 C3       		.byte	-61
 210 006a C0       		.byte	-64
 211 006b BD       		.byte	-67
 212 006c BB       		.byte	-69
 213 006d B8       		.byte	-72
 214 006e B5       		.byte	-75
 215 006f B2       		.byte	-78
 216 0070 AF       		.byte	-81
 217 0071 AC       		.byte	-84
 218 0072 A9       		.byte	-87
 219 0073 A6       		.byte	-90
 220 0074 A4       		.byte	-92
 221 0075 A0       		.byte	-96
 222 0076 9D       		.byte	-99
 223 0077 9A       		.byte	-102
 224 0078 97       		.byte	-105
ARM GAS  C:\Users\NICOLA~1\AppData\Local\Temp\cccbSxrK.s 			page 6


 225 0079 94       		.byte	-108
 226 007a 91       		.byte	-111
 227 007b 8E       		.byte	-114
 228 007c 8B       		.byte	-117
 229 007d 88       		.byte	-120
 230 007e 85       		.byte	-123
 231 007f 82       		.byte	-126
 232 0080 7E       		.byte	126
 233 0081 7B       		.byte	123
 234 0082 78       		.byte	120
 235 0083 75       		.byte	117
 236 0084 72       		.byte	114
 237 0085 6F       		.byte	111
 238 0086 6C       		.byte	108
 239 0087 69       		.byte	105
 240 0088 66       		.byte	102
 241 0089 63       		.byte	99
 242 008a 60       		.byte	96
 243 008b 5C       		.byte	92
 244 008c 59       		.byte	89
 245 008d 57       		.byte	87
 246 008e 54       		.byte	84
 247 008f 51       		.byte	81
 248 0090 4E       		.byte	78
 249 0091 4B       		.byte	75
 250 0092 48       		.byte	72
 251 0093 45       		.byte	69
 252 0094 43       		.byte	67
 253 0095 40       		.byte	64
 254 0096 3D       		.byte	61
 255 0097 3B       		.byte	59
 256 0098 38       		.byte	56
 257 0099 35       		.byte	53
 258 009a 33       		.byte	51
 259 009b 30       		.byte	48
 260 009c 2E       		.byte	46
 261 009d 2C       		.byte	44
 262 009e 29       		.byte	41
 263 009f 27       		.byte	39
 264 00a0 25       		.byte	37
 265 00a1 23       		.byte	35
 266 00a2 21       		.byte	33
 267 00a3 1F       		.byte	31
 268 00a4 1D       		.byte	29
 269 00a5 1B       		.byte	27
 270 00a6 19       		.byte	25
 271 00a7 17       		.byte	23
 272 00a8 15       		.byte	21
 273 00a9 14       		.byte	20
 274 00aa 12       		.byte	18
 275 00ab 10       		.byte	16
 276 00ac 0F       		.byte	15
 277 00ad 0E       		.byte	14
 278 00ae 0C       		.byte	12
 279 00af 0B       		.byte	11
 280 00b0 0A       		.byte	10
 281 00b1 09       		.byte	9
ARM GAS  C:\Users\NICOLA~1\AppData\Local\Temp\cccbSxrK.s 			page 7


 282 00b2 08       		.byte	8
 283 00b3 07       		.byte	7
 284 00b4 06       		.byte	6
 285 00b5 05       		.byte	5
 286 00b6 04       		.byte	4
 287 00b7 04       		.byte	4
 288 00b8 03       		.byte	3
 289 00b9 03       		.byte	3
 290 00ba 02       		.byte	2
 291 00bb 02       		.byte	2
 292 00bc 01       		.byte	1
 293 00bd 01       		.byte	1
 294 00be 01       		.byte	1
 295 00bf 01       		.byte	1
 296 00c0 01       		.byte	1
 297 00c1 01       		.byte	1
 298 00c2 01       		.byte	1
 299 00c3 02       		.byte	2
 300 00c4 02       		.byte	2
 301 00c5 02       		.byte	2
 302 00c6 03       		.byte	3
 303 00c7 03       		.byte	3
 304 00c8 04       		.byte	4
 305 00c9 05       		.byte	5
 306 00ca 05       		.byte	5
 307 00cb 06       		.byte	6
 308 00cc 07       		.byte	7
 309 00cd 08       		.byte	8
 310 00ce 09       		.byte	9
 311 00cf 0A       		.byte	10
 312 00d0 0C       		.byte	12
 313 00d1 0D       		.byte	13
 314 00d2 0E       		.byte	14
 315 00d3 10       		.byte	16
 316 00d4 11       		.byte	17
 317 00d5 13       		.byte	19
 318 00d6 14       		.byte	20
 319 00d7 16       		.byte	22
 320 00d8 18       		.byte	24
 321 00d9 1A       		.byte	26
 322 00da 1C       		.byte	28
 323 00db 1E       		.byte	30
 324 00dc 20       		.byte	32
 325 00dd 22       		.byte	34
 326 00de 24       		.byte	36
 327 00df 26       		.byte	38
 328 00e0 28       		.byte	40
 329 00e1 2A       		.byte	42
 330 00e2 2D       		.byte	45
 331 00e3 2F       		.byte	47
 332 00e4 32       		.byte	50
 333 00e5 34       		.byte	52
 334 00e6 37       		.byte	55
 335 00e7 39       		.byte	57
 336 00e8 3C       		.byte	60
 337 00e9 3E       		.byte	62
 338 00ea 41       		.byte	65
ARM GAS  C:\Users\NICOLA~1\AppData\Local\Temp\cccbSxrK.s 			page 8


 339 00eb 44       		.byte	68
 340 00ec 47       		.byte	71
 341 00ed 4A       		.byte	74
 342 00ee 4C       		.byte	76
 343 00ef 4F       		.byte	79
 344 00f0 52       		.byte	82
 345 00f1 55       		.byte	85
 346 00f2 58       		.byte	88
 347 00f3 5B       		.byte	91
 348 00f4 5E       		.byte	94
 349 00f5 61       		.byte	97
 350 00f6 64       		.byte	100
 351 00f7 67       		.byte	103
 352 00f8 6A       		.byte	106
 353 00f9 6D       		.byte	109
 354 00fa 70       		.byte	112
 355 00fb 74       		.byte	116
 356 00fc 77       		.byte	119
 357 00fd 7A       		.byte	122
 358 00fe 7D       		.byte	125
 359 00ff 80       		.byte	-128
 360              		.text
 361              	.Letext0:
 362              		.file 2 "c:\\program files (x86)\\cypress\\psoc creator\\4.2\\psoc creator\\import\\gnu\\arm\\5.4.
 363              		.file 3 "c:\\program files (x86)\\cypress\\psoc creator\\4.2\\psoc creator\\import\\gnu\\arm\\5.4.
 364              		.file 4 "Generated_Source\\PSoC5/cytypes.h"
 365              		.file 5 "Generated_Source\\PSoC5/core_cm3.h"
 366              		.file 6 "Generated_Source\\PSoC5/DMA_dma.h"
 367              		.file 7 "Generated_Source\\PSoC5/CYDMAC.H"
 368              		.file 8 "Generated_Source\\PSoC5/VDAC8.h"
 369              		.section	.debug_info,"",%progbits
 370              	.Ldebug_info0:
 371 0000 35020000 		.4byte	0x235
 372 0004 0400     		.2byte	0x4
 373 0006 00000000 		.4byte	.Ldebug_abbrev0
 374 000a 04       		.byte	0x4
 375 000b 01       		.uleb128 0x1
 376 000c 75000000 		.4byte	.LASF31
 377 0010 0C       		.byte	0xc
 378 0011 0B020000 		.4byte	.LASF32
 379 0015 52010000 		.4byte	.LASF33
 380 0019 00000000 		.4byte	.Ldebug_ranges0+0
 381 001d 00000000 		.4byte	0
 382 0021 00000000 		.4byte	.Ldebug_line0
 383 0025 02       		.uleb128 0x2
 384 0026 01       		.byte	0x1
 385 0027 06       		.byte	0x6
 386 0028 3C020000 		.4byte	.LASF0
 387 002c 02       		.uleb128 0x2
 388 002d 01       		.byte	0x1
 389 002e 08       		.byte	0x8
 390 002f 67000000 		.4byte	.LASF1
 391 0033 02       		.uleb128 0x2
 392 0034 02       		.byte	0x2
 393 0035 05       		.byte	0x5
 394 0036 17020000 		.4byte	.LASF2
 395 003a 02       		.uleb128 0x2
ARM GAS  C:\Users\NICOLA~1\AppData\Local\Temp\cccbSxrK.s 			page 9


 396 003b 02       		.byte	0x2
 397 003c 07       		.byte	0x7
 398 003d 32010000 		.4byte	.LASF3
 399 0041 03       		.uleb128 0x3
 400 0042 07000000 		.4byte	.LASF9
 401 0046 02       		.byte	0x2
 402 0047 3F       		.byte	0x3f
 403 0048 4C000000 		.4byte	0x4c
 404 004c 02       		.uleb128 0x2
 405 004d 04       		.byte	0x4
 406 004e 05       		.byte	0x5
 407 004f 27020000 		.4byte	.LASF4
 408 0053 02       		.uleb128 0x2
 409 0054 04       		.byte	0x4
 410 0055 07       		.byte	0x7
 411 0056 20010000 		.4byte	.LASF5
 412 005a 02       		.uleb128 0x2
 413 005b 08       		.byte	0x8
 414 005c 05       		.byte	0x5
 415 005d FD010000 		.4byte	.LASF6
 416 0061 02       		.uleb128 0x2
 417 0062 08       		.byte	0x8
 418 0063 07       		.byte	0x7
 419 0064 D7010000 		.4byte	.LASF7
 420 0068 04       		.uleb128 0x4
 421 0069 04       		.byte	0x4
 422 006a 05       		.byte	0x5
 423 006b 696E7400 		.ascii	"int\000"
 424 006f 02       		.uleb128 0x2
 425 0070 04       		.byte	0x4
 426 0071 07       		.byte	0x7
 427 0072 CA010000 		.4byte	.LASF8
 428 0076 03       		.uleb128 0x3
 429 0077 49000000 		.4byte	.LASF10
 430 007b 03       		.byte	0x3
 431 007c 2C       		.byte	0x2c
 432 007d 41000000 		.4byte	0x41
 433 0081 05       		.uleb128 0x5
 434 0082 21020000 		.4byte	.LASF11
 435 0086 04       		.byte	0x4
 436 0087 E401     		.2byte	0x1e4
 437 0089 2C000000 		.4byte	0x2c
 438 008d 05       		.uleb128 0x5
 439 008e B3010000 		.4byte	.LASF12
 440 0092 04       		.byte	0x4
 441 0093 E501     		.2byte	0x1e5
 442 0095 3A000000 		.4byte	0x3a
 443 0099 05       		.uleb128 0x5
 444 009a C3010000 		.4byte	.LASF13
 445 009e 04       		.byte	0x4
 446 009f E601     		.2byte	0x1e6
 447 00a1 53000000 		.4byte	0x53
 448 00a5 02       		.uleb128 0x2
 449 00a6 04       		.byte	0x4
 450 00a7 04       		.byte	0x4
 451 00a8 61000000 		.4byte	.LASF14
 452 00ac 02       		.uleb128 0x2
ARM GAS  C:\Users\NICOLA~1\AppData\Local\Temp\cccbSxrK.s 			page 10


 453 00ad 08       		.byte	0x8
 454 00ae 04       		.byte	0x4
 455 00af 99010000 		.4byte	.LASF15
 456 00b3 02       		.uleb128 0x2
 457 00b4 01       		.byte	0x1
 458 00b5 08       		.byte	0x8
 459 00b6 12020000 		.4byte	.LASF16
 460 00ba 05       		.uleb128 0x5
 461 00bb 03010000 		.4byte	.LASF17
 462 00bf 04       		.byte	0x4
 463 00c0 8E02     		.2byte	0x28e
 464 00c2 C6000000 		.4byte	0xc6
 465 00c6 06       		.uleb128 0x6
 466 00c7 81000000 		.4byte	0x81
 467 00cb 02       		.uleb128 0x2
 468 00cc 08       		.byte	0x8
 469 00cd 04       		.byte	0x4
 470 00ce 30020000 		.4byte	.LASF18
 471 00d2 02       		.uleb128 0x2
 472 00d3 04       		.byte	0x4
 473 00d4 07       		.byte	0x7
 474 00d5 F4010000 		.4byte	.LASF19
 475 00d9 07       		.uleb128 0x7
 476 00da A0010000 		.4byte	.LASF34
 477 00de 01       		.byte	0x1
 478 00df 29       		.byte	0x29
 479 00e0 68000000 		.4byte	0x68
 480 00e4 00000000 		.4byte	.LFB63
 481 00e8 5C000000 		.4byte	.LFE63-.LFB63
 482 00ec 01       		.uleb128 0x1
 483 00ed 9C       		.byte	0x9c
 484 00ee 7D010000 		.4byte	0x17d
 485 00f2 08       		.uleb128 0x8
 486 00f3 12000000 		.4byte	.LVL0
 487 00f7 EB010000 		.4byte	0x1eb
 488 00fb 16010000 		.4byte	0x116
 489 00ff 09       		.uleb128 0x9
 490 0100 01       		.uleb128 0x1
 491 0101 50       		.byte	0x50
 492 0102 01       		.uleb128 0x1
 493 0103 31       		.byte	0x31
 494 0104 09       		.uleb128 0x9
 495 0105 01       		.uleb128 0x1
 496 0106 51       		.byte	0x51
 497 0107 01       		.uleb128 0x1
 498 0108 31       		.byte	0x31
 499 0109 09       		.uleb128 0x9
 500 010a 01       		.uleb128 0x1
 501 010b 52       		.byte	0x52
 502 010c 01       		.uleb128 0x1
 503 010d 30       		.byte	0x30
 504 010e 09       		.uleb128 0x9
 505 010f 01       		.uleb128 0x1
 506 0110 53       		.byte	0x53
 507 0111 03       		.uleb128 0x3
 508 0112 0A       		.byte	0xa
 509 0113 0040     		.2byte	0x4000
ARM GAS  C:\Users\NICOLA~1\AppData\Local\Temp\cccbSxrK.s 			page 11


 510 0115 00       		.byte	0
 511 0116 0A       		.uleb128 0xa
 512 0117 1A000000 		.4byte	.LVL1
 513 011b F6010000 		.4byte	0x1f6
 514 011f 08       		.uleb128 0x8
 515 0120 2A000000 		.4byte	.LVL2
 516 0124 01020000 		.4byte	0x201
 517 0128 39010000 		.4byte	0x139
 518 012c 09       		.uleb128 0x9
 519 012d 01       		.uleb128 0x1
 520 012e 51       		.byte	0x51
 521 012f 03       		.uleb128 0x3
 522 0130 0A       		.byte	0xa
 523 0131 0001     		.2byte	0x100
 524 0133 09       		.uleb128 0x9
 525 0134 01       		.uleb128 0x1
 526 0135 53       		.byte	0x53
 527 0136 01       		.uleb128 0x1
 528 0137 31       		.byte	0x31
 529 0138 00       		.byte	0
 530 0139 08       		.uleb128 0x8
 531 013a 38000000 		.4byte	.LVL3
 532 013e 0C020000 		.4byte	0x20c
 533 0142 57010000 		.4byte	0x157
 534 0146 09       		.uleb128 0x9
 535 0147 01       		.uleb128 0x1
 536 0148 51       		.byte	0x51
 537 0149 05       		.uleb128 0x5
 538 014a 03       		.byte	0x3
 539 014b 00000000 		.4byte	.LANCHOR0
 540 014f 09       		.uleb128 0x9
 541 0150 01       		.uleb128 0x1
 542 0151 52       		.byte	0x52
 543 0152 03       		.uleb128 0x3
 544 0153 0A       		.byte	0xa
 545 0154 805B     		.2byte	0x5b80
 546 0156 00       		.byte	0
 547 0157 0A       		.uleb128 0xa
 548 0158 40000000 		.4byte	.LVL4
 549 015c 17020000 		.4byte	0x217
 550 0160 08       		.uleb128 0x8
 551 0161 48000000 		.4byte	.LVL5
 552 0165 22020000 		.4byte	0x222
 553 0169 73010000 		.4byte	0x173
 554 016d 09       		.uleb128 0x9
 555 016e 01       		.uleb128 0x1
 556 016f 51       		.byte	0x51
 557 0170 01       		.uleb128 0x1
 558 0171 31       		.byte	0x31
 559 0172 00       		.byte	0
 560 0173 0A       		.uleb128 0xa
 561 0174 4C000000 		.4byte	.LVL6
 562 0178 2D020000 		.4byte	0x22d
 563 017c 00       		.byte	0
 564 017d 0B       		.uleb128 0xb
 565 017e 45010000 		.4byte	.LASF20
 566 0182 05       		.byte	0x5
ARM GAS  C:\Users\NICOLA~1\AppData\Local\Temp\cccbSxrK.s 			page 12


 567 0183 1207     		.2byte	0x712
 568 0185 89010000 		.4byte	0x189
 569 0189 06       		.uleb128 0x6
 570 018a 76000000 		.4byte	0x76
 571 018e 0C       		.uleb128 0xc
 572 018f 9E010000 		.4byte	0x19e
 573 0193 9E010000 		.4byte	0x19e
 574 0197 0D       		.uleb128 0xd
 575 0198 D2000000 		.4byte	0xd2
 576 019c FF       		.byte	0xff
 577 019d 00       		.byte	0
 578 019e 0E       		.uleb128 0xe
 579 019f 81000000 		.4byte	0x81
 580 01a3 0F       		.uleb128 0xf
 581 01a4 EE010000 		.4byte	.LASF21
 582 01a8 01       		.byte	0x1
 583 01a9 12       		.byte	0x12
 584 01aa B4010000 		.4byte	0x1b4
 585 01ae 05       		.uleb128 0x5
 586 01af 03       		.byte	0x3
 587 01b0 00000000 		.4byte	Tabla
 588 01b4 0E       		.uleb128 0xe
 589 01b5 8E010000 		.4byte	0x18e
 590 01b9 0F       		.uleb128 0xf
 591 01ba BA010000 		.4byte	.LASF22
 592 01be 01       		.byte	0x1
 593 01bf 26       		.byte	0x26
 594 01c0 81000000 		.4byte	0x81
 595 01c4 05       		.uleb128 0x5
 596 01c5 03       		.byte	0x3
 597 01c6 00000000 		.4byte	DMA_Chan
 598 01ca 0C       		.uleb128 0xc
 599 01cb 81000000 		.4byte	0x81
 600 01cf DA010000 		.4byte	0x1da
 601 01d3 0D       		.uleb128 0xd
 602 01d4 D2000000 		.4byte	0xd2
 603 01d8 00       		.byte	0
 604 01d9 00       		.byte	0
 605 01da 0F       		.uleb128 0xf
 606 01db 00000000 		.4byte	.LASF23
 607 01df 01       		.byte	0x1
 608 01e0 27       		.byte	0x27
 609 01e1 CA010000 		.4byte	0x1ca
 610 01e5 05       		.uleb128 0x5
 611 01e6 03       		.byte	0x3
 612 01e7 00000000 		.4byte	DMA_TD
 613 01eb 10       		.uleb128 0x10
 614 01ec 23000000 		.4byte	.LASF24
 615 01f0 23000000 		.4byte	.LASF24
 616 01f4 06       		.byte	0x6
 617 01f5 1E       		.byte	0x1e
 618 01f6 10       		.uleb128 0x10
 619 01f7 51000000 		.4byte	.LASF25
 620 01fb 51000000 		.4byte	.LASF25
 621 01ff 07       		.byte	0x7
 622 0200 38       		.byte	0x38
 623 0201 10       		.uleb128 0x10
ARM GAS  C:\Users\NICOLA~1\AppData\Local\Temp\cccbSxrK.s 			page 13


 624 0202 08010000 		.4byte	.LASF26
 625 0206 08010000 		.4byte	.LASF26
 626 020a 07       		.byte	0x7
 627 020b 3B       		.byte	0x3b
 628 020c 10       		.uleb128 0x10
 629 020d 11000000 		.4byte	.LASF27
 630 0211 11000000 		.4byte	.LASF27
 631 0215 07       		.byte	0x7
 632 0216 3F       		.byte	0x3f
 633 0217 10       		.uleb128 0x10
 634 0218 35000000 		.4byte	.LASF28
 635 021c 35000000 		.4byte	.LASF28
 636 0220 07       		.byte	0x7
 637 0221 2F       		.byte	0x2f
 638 0222 10       		.uleb128 0x10
 639 0223 A5010000 		.4byte	.LASF29
 640 0227 A5010000 		.4byte	.LASF29
 641 022b 07       		.byte	0x7
 642 022c 29       		.byte	0x29
 643 022d 10       		.uleb128 0x10
 644 022e 48020000 		.4byte	.LASF30
 645 0232 48020000 		.4byte	.LASF30
 646 0236 08       		.byte	0x8
 647 0237 33       		.byte	0x33
 648 0238 00       		.byte	0
 649              		.section	.debug_abbrev,"",%progbits
 650              	.Ldebug_abbrev0:
 651 0000 01       		.uleb128 0x1
 652 0001 11       		.uleb128 0x11
 653 0002 01       		.byte	0x1
 654 0003 25       		.uleb128 0x25
 655 0004 0E       		.uleb128 0xe
 656 0005 13       		.uleb128 0x13
 657 0006 0B       		.uleb128 0xb
 658 0007 03       		.uleb128 0x3
 659 0008 0E       		.uleb128 0xe
 660 0009 1B       		.uleb128 0x1b
 661 000a 0E       		.uleb128 0xe
 662 000b 55       		.uleb128 0x55
 663 000c 17       		.uleb128 0x17
 664 000d 11       		.uleb128 0x11
 665 000e 01       		.uleb128 0x1
 666 000f 10       		.uleb128 0x10
 667 0010 17       		.uleb128 0x17
 668 0011 00       		.byte	0
 669 0012 00       		.byte	0
 670 0013 02       		.uleb128 0x2
 671 0014 24       		.uleb128 0x24
 672 0015 00       		.byte	0
 673 0016 0B       		.uleb128 0xb
 674 0017 0B       		.uleb128 0xb
 675 0018 3E       		.uleb128 0x3e
 676 0019 0B       		.uleb128 0xb
 677 001a 03       		.uleb128 0x3
 678 001b 0E       		.uleb128 0xe
 679 001c 00       		.byte	0
 680 001d 00       		.byte	0
ARM GAS  C:\Users\NICOLA~1\AppData\Local\Temp\cccbSxrK.s 			page 14


 681 001e 03       		.uleb128 0x3
 682 001f 16       		.uleb128 0x16
 683 0020 00       		.byte	0
 684 0021 03       		.uleb128 0x3
 685 0022 0E       		.uleb128 0xe
 686 0023 3A       		.uleb128 0x3a
 687 0024 0B       		.uleb128 0xb
 688 0025 3B       		.uleb128 0x3b
 689 0026 0B       		.uleb128 0xb
 690 0027 49       		.uleb128 0x49
 691 0028 13       		.uleb128 0x13
 692 0029 00       		.byte	0
 693 002a 00       		.byte	0
 694 002b 04       		.uleb128 0x4
 695 002c 24       		.uleb128 0x24
 696 002d 00       		.byte	0
 697 002e 0B       		.uleb128 0xb
 698 002f 0B       		.uleb128 0xb
 699 0030 3E       		.uleb128 0x3e
 700 0031 0B       		.uleb128 0xb
 701 0032 03       		.uleb128 0x3
 702 0033 08       		.uleb128 0x8
 703 0034 00       		.byte	0
 704 0035 00       		.byte	0
 705 0036 05       		.uleb128 0x5
 706 0037 16       		.uleb128 0x16
 707 0038 00       		.byte	0
 708 0039 03       		.uleb128 0x3
 709 003a 0E       		.uleb128 0xe
 710 003b 3A       		.uleb128 0x3a
 711 003c 0B       		.uleb128 0xb
 712 003d 3B       		.uleb128 0x3b
 713 003e 05       		.uleb128 0x5
 714 003f 49       		.uleb128 0x49
 715 0040 13       		.uleb128 0x13
 716 0041 00       		.byte	0
 717 0042 00       		.byte	0
 718 0043 06       		.uleb128 0x6
 719 0044 35       		.uleb128 0x35
 720 0045 00       		.byte	0
 721 0046 49       		.uleb128 0x49
 722 0047 13       		.uleb128 0x13
 723 0048 00       		.byte	0
 724 0049 00       		.byte	0
 725 004a 07       		.uleb128 0x7
 726 004b 2E       		.uleb128 0x2e
 727 004c 01       		.byte	0x1
 728 004d 3F       		.uleb128 0x3f
 729 004e 19       		.uleb128 0x19
 730 004f 03       		.uleb128 0x3
 731 0050 0E       		.uleb128 0xe
 732 0051 3A       		.uleb128 0x3a
 733 0052 0B       		.uleb128 0xb
 734 0053 3B       		.uleb128 0x3b
 735 0054 0B       		.uleb128 0xb
 736 0055 27       		.uleb128 0x27
 737 0056 19       		.uleb128 0x19
ARM GAS  C:\Users\NICOLA~1\AppData\Local\Temp\cccbSxrK.s 			page 15


 738 0057 49       		.uleb128 0x49
 739 0058 13       		.uleb128 0x13
 740 0059 8701     		.uleb128 0x87
 741 005b 19       		.uleb128 0x19
 742 005c 11       		.uleb128 0x11
 743 005d 01       		.uleb128 0x1
 744 005e 12       		.uleb128 0x12
 745 005f 06       		.uleb128 0x6
 746 0060 40       		.uleb128 0x40
 747 0061 18       		.uleb128 0x18
 748 0062 9742     		.uleb128 0x2117
 749 0064 19       		.uleb128 0x19
 750 0065 01       		.uleb128 0x1
 751 0066 13       		.uleb128 0x13
 752 0067 00       		.byte	0
 753 0068 00       		.byte	0
 754 0069 08       		.uleb128 0x8
 755 006a 898201   		.uleb128 0x4109
 756 006d 01       		.byte	0x1
 757 006e 11       		.uleb128 0x11
 758 006f 01       		.uleb128 0x1
 759 0070 31       		.uleb128 0x31
 760 0071 13       		.uleb128 0x13
 761 0072 01       		.uleb128 0x1
 762 0073 13       		.uleb128 0x13
 763 0074 00       		.byte	0
 764 0075 00       		.byte	0
 765 0076 09       		.uleb128 0x9
 766 0077 8A8201   		.uleb128 0x410a
 767 007a 00       		.byte	0
 768 007b 02       		.uleb128 0x2
 769 007c 18       		.uleb128 0x18
 770 007d 9142     		.uleb128 0x2111
 771 007f 18       		.uleb128 0x18
 772 0080 00       		.byte	0
 773 0081 00       		.byte	0
 774 0082 0A       		.uleb128 0xa
 775 0083 898201   		.uleb128 0x4109
 776 0086 00       		.byte	0
 777 0087 11       		.uleb128 0x11
 778 0088 01       		.uleb128 0x1
 779 0089 31       		.uleb128 0x31
 780 008a 13       		.uleb128 0x13
 781 008b 00       		.byte	0
 782 008c 00       		.byte	0
 783 008d 0B       		.uleb128 0xb
 784 008e 34       		.uleb128 0x34
 785 008f 00       		.byte	0
 786 0090 03       		.uleb128 0x3
 787 0091 0E       		.uleb128 0xe
 788 0092 3A       		.uleb128 0x3a
 789 0093 0B       		.uleb128 0xb
 790 0094 3B       		.uleb128 0x3b
 791 0095 05       		.uleb128 0x5
 792 0096 49       		.uleb128 0x49
 793 0097 13       		.uleb128 0x13
 794 0098 3F       		.uleb128 0x3f
ARM GAS  C:\Users\NICOLA~1\AppData\Local\Temp\cccbSxrK.s 			page 16


 795 0099 19       		.uleb128 0x19
 796 009a 3C       		.uleb128 0x3c
 797 009b 19       		.uleb128 0x19
 798 009c 00       		.byte	0
 799 009d 00       		.byte	0
 800 009e 0C       		.uleb128 0xc
 801 009f 01       		.uleb128 0x1
 802 00a0 01       		.byte	0x1
 803 00a1 49       		.uleb128 0x49
 804 00a2 13       		.uleb128 0x13
 805 00a3 01       		.uleb128 0x1
 806 00a4 13       		.uleb128 0x13
 807 00a5 00       		.byte	0
 808 00a6 00       		.byte	0
 809 00a7 0D       		.uleb128 0xd
 810 00a8 21       		.uleb128 0x21
 811 00a9 00       		.byte	0
 812 00aa 49       		.uleb128 0x49
 813 00ab 13       		.uleb128 0x13
 814 00ac 2F       		.uleb128 0x2f
 815 00ad 0B       		.uleb128 0xb
 816 00ae 00       		.byte	0
 817 00af 00       		.byte	0
 818 00b0 0E       		.uleb128 0xe
 819 00b1 26       		.uleb128 0x26
 820 00b2 00       		.byte	0
 821 00b3 49       		.uleb128 0x49
 822 00b4 13       		.uleb128 0x13
 823 00b5 00       		.byte	0
 824 00b6 00       		.byte	0
 825 00b7 0F       		.uleb128 0xf
 826 00b8 34       		.uleb128 0x34
 827 00b9 00       		.byte	0
 828 00ba 03       		.uleb128 0x3
 829 00bb 0E       		.uleb128 0xe
 830 00bc 3A       		.uleb128 0x3a
 831 00bd 0B       		.uleb128 0xb
 832 00be 3B       		.uleb128 0x3b
 833 00bf 0B       		.uleb128 0xb
 834 00c0 49       		.uleb128 0x49
 835 00c1 13       		.uleb128 0x13
 836 00c2 3F       		.uleb128 0x3f
 837 00c3 19       		.uleb128 0x19
 838 00c4 02       		.uleb128 0x2
 839 00c5 18       		.uleb128 0x18
 840 00c6 00       		.byte	0
 841 00c7 00       		.byte	0
 842 00c8 10       		.uleb128 0x10
 843 00c9 2E       		.uleb128 0x2e
 844 00ca 00       		.byte	0
 845 00cb 3F       		.uleb128 0x3f
 846 00cc 19       		.uleb128 0x19
 847 00cd 3C       		.uleb128 0x3c
 848 00ce 19       		.uleb128 0x19
 849 00cf 6E       		.uleb128 0x6e
 850 00d0 0E       		.uleb128 0xe
 851 00d1 03       		.uleb128 0x3
ARM GAS  C:\Users\NICOLA~1\AppData\Local\Temp\cccbSxrK.s 			page 17


 852 00d2 0E       		.uleb128 0xe
 853 00d3 3A       		.uleb128 0x3a
 854 00d4 0B       		.uleb128 0xb
 855 00d5 3B       		.uleb128 0x3b
 856 00d6 0B       		.uleb128 0xb
 857 00d7 00       		.byte	0
 858 00d8 00       		.byte	0
 859 00d9 00       		.byte	0
 860              		.section	.debug_aranges,"",%progbits
 861 0000 1C000000 		.4byte	0x1c
 862 0004 0200     		.2byte	0x2
 863 0006 00000000 		.4byte	.Ldebug_info0
 864 000a 04       		.byte	0x4
 865 000b 00       		.byte	0
 866 000c 0000     		.2byte	0
 867 000e 0000     		.2byte	0
 868 0010 00000000 		.4byte	.LFB63
 869 0014 5C000000 		.4byte	.LFE63-.LFB63
 870 0018 00000000 		.4byte	0
 871 001c 00000000 		.4byte	0
 872              		.section	.debug_ranges,"",%progbits
 873              	.Ldebug_ranges0:
 874 0000 00000000 		.4byte	.LFB63
 875 0004 5C000000 		.4byte	.LFE63
 876 0008 00000000 		.4byte	0
 877 000c 00000000 		.4byte	0
 878              		.section	.debug_line,"",%progbits
 879              	.Ldebug_line0:
 880 0000 8F010000 		.section	.debug_str,"MS",%progbits,1
 880      02007001 
 880      00000201 
 880      FB0E0D00 
 880      01010101 
 881              	.LASF23:
 882 0000 444D415F 		.ascii	"DMA_TD\000"
 882      544400
 883              	.LASF9:
 884 0007 5F5F696E 		.ascii	"__int32_t\000"
 884      7433325F 
 884      7400
 885              	.LASF27:
 886 0011 4379446D 		.ascii	"CyDmaTdSetAddress\000"
 886      61546453 
 886      65744164 
 886      64726573 
 886      7300
 887              	.LASF24:
 888 0023 444D415F 		.ascii	"DMA_DmaInitialize\000"
 888      446D6149 
 888      6E697469 
 888      616C697A 
 888      6500
 889              	.LASF28:
 890 0035 4379446D 		.ascii	"CyDmaChSetInitialTd\000"
 890      61436853 
 890      6574496E 
 890      69746961 
ARM GAS  C:\Users\NICOLA~1\AppData\Local\Temp\cccbSxrK.s 			page 18


 890      6C546400 
 891              	.LASF10:
 892 0049 696E7433 		.ascii	"int32_t\000"
 892      325F7400 
 893              	.LASF25:
 894 0051 4379446D 		.ascii	"CyDmaTdAllocate\000"
 894      61546441 
 894      6C6C6F63 
 894      61746500 
 895              	.LASF14:
 896 0061 666C6F61 		.ascii	"float\000"
 896      7400
 897              	.LASF1:
 898 0067 756E7369 		.ascii	"unsigned char\000"
 898      676E6564 
 898      20636861 
 898      7200
 899              	.LASF31:
 900 0075 474E5520 		.ascii	"GNU C11 5.4.1 20160609 (release) [ARM/embedded-5-br"
 900      43313120 
 900      352E342E 
 900      31203230 
 900      31363036 
 901 00a8 616E6368 		.ascii	"anch revision 237715] -mcpu=cortex-m3 -mthumb -g -O"
 901      20726576 
 901      6973696F 
 901      6E203233 
 901      37373135 
 902 00db 67202D66 		.ascii	"g -ffunction-sections -ffat-lto-objects\000"
 902      66756E63 
 902      74696F6E 
 902      2D736563 
 902      74696F6E 
 903              	.LASF17:
 904 0103 72656738 		.ascii	"reg8\000"
 904      00
 905              	.LASF26:
 906 0108 4379446D 		.ascii	"CyDmaTdSetConfiguration\000"
 906      61546453 
 906      6574436F 
 906      6E666967 
 906      75726174 
 907              	.LASF5:
 908 0120 6C6F6E67 		.ascii	"long unsigned int\000"
 908      20756E73 
 908      69676E65 
 908      6420696E 
 908      7400
 909              	.LASF3:
 910 0132 73686F72 		.ascii	"short unsigned int\000"
 910      7420756E 
 910      7369676E 
 910      65642069 
 910      6E7400
 911              	.LASF20:
 912 0145 49544D5F 		.ascii	"ITM_RxBuffer\000"
 912      52784275 
ARM GAS  C:\Users\NICOLA~1\AppData\Local\Temp\cccbSxrK.s 			page 19


 912      66666572 
 912      00
 913              	.LASF33:
 914 0152 433A5C55 		.ascii	"C:\\Users\\Nicolas Zamora\\Documents\\PSoC Creator\\"
 914      73657273 
 914      5C4E6963 
 914      6F6C6173 
 914      205A616D 
 915 0181 444E415C 		.ascii	"DNA\\FuenteDestino.cydsn\000"
 915      4675656E 
 915      74654465 
 915      7374696E 
 915      6F2E6379 
 916              	.LASF15:
 917 0199 646F7562 		.ascii	"double\000"
 917      6C6500
 918              	.LASF34:
 919 01a0 6D61696E 		.ascii	"main\000"
 919      00
 920              	.LASF29:
 921 01a5 4379446D 		.ascii	"CyDmaChEnable\000"
 921      61436845 
 921      6E61626C 
 921      6500
 922              	.LASF12:
 923 01b3 75696E74 		.ascii	"uint16\000"
 923      313600
 924              	.LASF22:
 925 01ba 444D415F 		.ascii	"DMA_Chan\000"
 925      4368616E 
 925      00
 926              	.LASF13:
 927 01c3 75696E74 		.ascii	"uint32\000"
 927      333200
 928              	.LASF8:
 929 01ca 756E7369 		.ascii	"unsigned int\000"
 929      676E6564 
 929      20696E74 
 929      00
 930              	.LASF7:
 931 01d7 6C6F6E67 		.ascii	"long long unsigned int\000"
 931      206C6F6E 
 931      6720756E 
 931      7369676E 
 931      65642069 
 932              	.LASF21:
 933 01ee 5461626C 		.ascii	"Tabla\000"
 933      6100
 934              	.LASF19:
 935 01f4 73697A65 		.ascii	"sizetype\000"
 935      74797065 
 935      00
 936              	.LASF6:
 937 01fd 6C6F6E67 		.ascii	"long long int\000"
 937      206C6F6E 
 937      6720696E 
 937      7400
ARM GAS  C:\Users\NICOLA~1\AppData\Local\Temp\cccbSxrK.s 			page 20


 938              	.LASF32:
 939 020b 6D61696E 		.ascii	"main.c\000"
 939      2E6300
 940              	.LASF16:
 941 0212 63686172 		.ascii	"char\000"
 941      00
 942              	.LASF2:
 943 0217 73686F72 		.ascii	"short int\000"
 943      7420696E 
 943      7400
 944              	.LASF11:
 945 0221 75696E74 		.ascii	"uint8\000"
 945      3800
 946              	.LASF4:
 947 0227 6C6F6E67 		.ascii	"long int\000"
 947      20696E74 
 947      00
 948              	.LASF18:
 949 0230 6C6F6E67 		.ascii	"long double\000"
 949      20646F75 
 949      626C6500 
 950              	.LASF0:
 951 023c 7369676E 		.ascii	"signed char\000"
 951      65642063 
 951      68617200 
 952              	.LASF30:
 953 0248 56444143 		.ascii	"VDAC8_Start\000"
 953      385F5374 
 953      61727400 
 954              		.ident	"GCC: (GNU Tools for ARM Embedded Processors) 5.4.1 20160609 (release) [ARM/embedded-5-bran
