ARM GAS  C:\Users\NICOLA~1\AppData\Local\Temp\ccs8NVlP.s 			page 1


   1              		.syntax unified
   2              		.cpu cortex-m3
   3              		.fpu softvfp
   4              		.eabi_attribute 20, 1
   5              		.eabi_attribute 21, 1
   6              		.eabi_attribute 23, 3
   7              		.eabi_attribute 24, 1
   8              		.eabi_attribute 25, 1
   9              		.eabi_attribute 26, 1
  10              		.eabi_attribute 30, 1
  11              		.eabi_attribute 34, 1
  12              		.eabi_attribute 18, 4
  13              		.thumb
  14              		.syntax unified
  15              		.file	"main.c"
  16              		.text
  17              	.Ltext0:
  18              		.cfi_sections	.debug_frame
  19              		.section	.text.main,"ax",%progbits
  20              		.align	2
  21              		.global	main
  22              		.thumb
  23              		.thumb_func
  24              		.type	main, %function
  25              	main:
  26              	.LFB63:
  27              		.file 1 "main.c"
   1:main.c        **** /* ========================================
   2:main.c        ****  *
   3:main.c        ****  * Copyright YOUR COMPANY, THE YEAR
   4:main.c        ****  * All Rights Reserved
   5:main.c        ****  * UNPUBLISHED, LICENSED SOFTWARE.
   6:main.c        ****  *
   7:main.c        ****  * CONFIDENTIAL AND PROPRIETARY INFORMATION
   8:main.c        ****  * WHICH IS THE PROPERTY OF your company.
   9:main.c        ****  *
  10:main.c        ****  * ========================================
  11:main.c        **** */
  12:main.c        **** #include "project.h"
  13:main.c        **** uint8 i;
  14:main.c        **** int main(void)
  15:main.c        **** {
  28              		.loc 1 15 0
  29              		.cfi_startproc
  30              		@ Volatile: function does not return.
  31              		@ args = 0, pretend = 0, frame = 0
  32              		@ frame_needed = 0, uses_anonymous_args = 0
  33 0000 08B5     		push	{r3, lr}
  34              		.cfi_def_cfa_offset 8
  35              		.cfi_offset 3, -8
  36              		.cfi_offset 14, -4
  16:main.c        ****     CyGlobalIntEnable; /* Enable global interrupts. */
  37              		.loc 1 16 0
  38              		.syntax unified
  39              	@ 16 "main.c" 1
  40 0002 62B6     		CPSIE   i
  41              	@ 0 "" 2
ARM GAS  C:\Users\NICOLA~1\AppData\Local\Temp\ccs8NVlP.s 			page 2


  17:main.c        **** 
  18:main.c        ****     /* Place your initialization/startup code here (e.g. MyInst_Start()) */
  19:main.c        ****     LCD_Start();
  42              		.loc 1 19 0
  43              		.thumb
  44              		.syntax unified
  45 0004 FFF7FEFF 		bl	LCD_Start
  46              	.LVL0:
  20:main.c        ****     LCD_Position(0,0);
  47              		.loc 1 20 0
  48 0008 0021     		movs	r1, #0
  49 000a 0846     		mov	r0, r1
  50 000c FFF7FEFF 		bl	LCD_Position
  51              	.LVL1:
  21:main.c        ****     LCD_PrintString("Mambo");
  52              		.loc 1 21 0
  53 0010 1548     		ldr	r0, .L6
  54 0012 FFF7FEFF 		bl	LCD_PrintString
  55              	.LVL2:
  22:main.c        ****     LCD_Position(1,0);
  56              		.loc 1 22 0
  57 0016 0021     		movs	r1, #0
  58 0018 0120     		movs	r0, #1
  59 001a FFF7FEFF 		bl	LCD_Position
  60              	.LVL3:
  23:main.c        ****     LCD_PrintString("Si Si!!");
  61              		.loc 1 23 0
  62 001e 1348     		ldr	r0, .L6+4
  63 0020 FFF7FEFF 		bl	LCD_PrintString
  64              	.LVL4:
  24:main.c        **** 
  25:main.c        ****     for(i=0;i<5;i++){
  65              		.loc 1 25 0
  66 0024 0022     		movs	r2, #0
  67 0026 124B     		ldr	r3, .L6+8
  68 0028 1A70     		strb	r2, [r3]
  69 002a 17E0     		b	.L2
  70              	.L3:
  26:main.c        ****            CyDelay(500);
  71              		.loc 1 26 0 discriminator 3
  72 002c 4FF4FA70 		mov	r0, #500
  73 0030 FFF7FEFF 		bl	CyDelay
  74              	.LVL5:
  27:main.c        ****            LCD_DisplayOff();
  75              		.loc 1 27 0 discriminator 3
  76 0034 0820     		movs	r0, #8
  77 0036 FFF7FEFF 		bl	LCD_WriteControl
  78              	.LVL6:
  28:main.c        ****            Buzzer_Write(1);
  79              		.loc 1 28 0 discriminator 3
  80 003a 0120     		movs	r0, #1
  81 003c FFF7FEFF 		bl	Buzzer_Write
  82              	.LVL7:
  29:main.c        ****            CyDelay(500);
  83              		.loc 1 29 0 discriminator 3
  84 0040 4FF4FA70 		mov	r0, #500
  85 0044 FFF7FEFF 		bl	CyDelay
ARM GAS  C:\Users\NICOLA~1\AppData\Local\Temp\ccs8NVlP.s 			page 3


  86              	.LVL8:
  30:main.c        ****            LCD_DisplayOn();
  87              		.loc 1 30 0 discriminator 3
  88 0048 0C20     		movs	r0, #12
  89 004a FFF7FEFF 		bl	LCD_WriteControl
  90              	.LVL9:
  31:main.c        ****            Buzzer_Write(0);
  91              		.loc 1 31 0 discriminator 3
  92 004e 0020     		movs	r0, #0
  93 0050 FFF7FEFF 		bl	Buzzer_Write
  94              	.LVL10:
  25:main.c        ****            CyDelay(500);
  95              		.loc 1 25 0 discriminator 3
  96 0054 064A     		ldr	r2, .L6+8
  97 0056 1378     		ldrb	r3, [r2]	@ zero_extendqisi2
  98 0058 0133     		adds	r3, r3, #1
  99 005a 1370     		strb	r3, [r2]
 100              	.L2:
  25:main.c        ****            CyDelay(500);
 101              		.loc 1 25 0 is_stmt 0 discriminator 1
 102 005c 044B     		ldr	r3, .L6+8
 103 005e 1B78     		ldrb	r3, [r3]	@ zero_extendqisi2
 104 0060 042B     		cmp	r3, #4
 105 0062 E3D9     		bls	.L3
 106              	.L4:
 107 0064 FEE7     		b	.L4
 108              	.L7:
 109 0066 00BF     		.align	2
 110              	.L6:
 111 0068 00000000 		.word	.LC0
 112 006c 08000000 		.word	.LC1
 113 0070 00000000 		.word	i
 114              		.cfi_endproc
 115              	.LFE63:
 116              		.size	main, .-main
 117              		.comm	i,1,1
 118              		.section	.rodata.str1.4,"aMS",%progbits,1
 119              		.align	2
 120              	.LC0:
 121 0000 4D616D62 		.ascii	"Mambo\000"
 121      6F00
 122 0006 0000     		.space	2
 123              	.LC1:
 124 0008 53692053 		.ascii	"Si Si!!\000"
 124      69212100 
 125              		.text
 126              	.Letext0:
 127              		.file 2 "c:\\program files (x86)\\cypress\\psoc creator\\4.2\\psoc creator\\import\\gnu\\arm\\5.4.
 128              		.file 3 "c:\\program files (x86)\\cypress\\psoc creator\\4.2\\psoc creator\\import\\gnu\\arm\\5.4.
 129              		.file 4 "Generated_Source\\PSoC5/cytypes.h"
 130              		.file 5 "Generated_Source\\PSoC5/LCD.h"
 131              		.file 6 "Generated_Source\\PSoC5/CyLib.h"
 132              		.file 7 "Generated_Source\\PSoC5/Buzzer.h"
 133              		.file 8 "Generated_Source\\PSoC5/core_cm3.h"
 134              		.section	.debug_info,"",%progbits
 135              	.Ldebug_info0:
 136 0000 02020000 		.4byte	0x202
ARM GAS  C:\Users\NICOLA~1\AppData\Local\Temp\ccs8NVlP.s 			page 4


 137 0004 0400     		.2byte	0x4
 138 0006 00000000 		.4byte	.Ldebug_abbrev0
 139 000a 04       		.byte	0x4
 140 000b 01       		.uleb128 0x1
 141 000c 3A000000 		.4byte	.LASF24
 142 0010 0C       		.byte	0xc
 143 0011 2E000000 		.4byte	.LASF25
 144 0015 57010000 		.4byte	.LASF26
 145 0019 00000000 		.4byte	.Ldebug_ranges0+0
 146 001d 00000000 		.4byte	0
 147 0021 00000000 		.4byte	.Ldebug_line0
 148 0025 02       		.uleb128 0x2
 149 0026 01       		.byte	0x1
 150 0027 06       		.byte	0x6
 151 0028 A6010000 		.4byte	.LASF0
 152 002c 02       		.uleb128 0x2
 153 002d 01       		.byte	0x1
 154 002e 08       		.byte	0x8
 155 002f 1A010000 		.4byte	.LASF1
 156 0033 02       		.uleb128 0x2
 157 0034 02       		.byte	0x2
 158 0035 05       		.byte	0x5
 159 0036 CE010000 		.4byte	.LASF2
 160 003a 02       		.uleb128 0x2
 161 003b 02       		.byte	0x2
 162 003c 07       		.byte	0x7
 163 003d 0E000000 		.4byte	.LASF3
 164 0041 03       		.uleb128 0x3
 165 0042 BE010000 		.4byte	.LASF9
 166 0046 02       		.byte	0x2
 167 0047 3F       		.byte	0x3f
 168 0048 4C000000 		.4byte	0x4c
 169 004c 02       		.uleb128 0x2
 170 004d 04       		.byte	0x4
 171 004e 05       		.byte	0x5
 172 004f 2D010000 		.4byte	.LASF4
 173 0053 02       		.uleb128 0x2
 174 0054 04       		.byte	0x4
 175 0055 07       		.byte	0x7
 176 0056 D6000000 		.4byte	.LASF5
 177 005a 02       		.uleb128 0x2
 178 005b 08       		.byte	0x8
 179 005c 05       		.byte	0x5
 180 005d 00000000 		.4byte	.LASF6
 181 0061 02       		.uleb128 0x2
 182 0062 08       		.byte	0x8
 183 0063 07       		.byte	0x7
 184 0064 E8000000 		.4byte	.LASF7
 185 0068 04       		.uleb128 0x4
 186 0069 04       		.byte	0x4
 187 006a 05       		.byte	0x5
 188 006b 696E7400 		.ascii	"int\000"
 189 006f 02       		.uleb128 0x2
 190 0070 04       		.byte	0x4
 191 0071 07       		.byte	0x7
 192 0072 21000000 		.4byte	.LASF8
 193 0076 03       		.uleb128 0x3
ARM GAS  C:\Users\NICOLA~1\AppData\Local\Temp\ccs8NVlP.s 			page 5


 194 0077 D8010000 		.4byte	.LASF10
 195 007b 03       		.byte	0x3
 196 007c 2C       		.byte	0x2c
 197 007d 41000000 		.4byte	0x41
 198 0081 05       		.uleb128 0x5
 199 0082 D0000000 		.4byte	.LASF11
 200 0086 04       		.byte	0x4
 201 0087 E401     		.2byte	0x1e4
 202 0089 2C000000 		.4byte	0x2c
 203 008d 02       		.uleb128 0x2
 204 008e 04       		.byte	0x4
 205 008f 04       		.byte	0x4
 206 0090 C8010000 		.4byte	.LASF12
 207 0094 02       		.uleb128 0x2
 208 0095 08       		.byte	0x8
 209 0096 04       		.byte	0x4
 210 0097 43010000 		.4byte	.LASF13
 211 009b 02       		.uleb128 0x2
 212 009c 01       		.byte	0x1
 213 009d 08       		.byte	0x8
 214 009e 28010000 		.4byte	.LASF14
 215 00a2 02       		.uleb128 0x2
 216 00a3 04       		.byte	0x4
 217 00a4 07       		.byte	0x7
 218 00a5 E0010000 		.4byte	.LASF15
 219 00a9 02       		.uleb128 0x2
 220 00aa 08       		.byte	0x8
 221 00ab 04       		.byte	0x4
 222 00ac B2010000 		.4byte	.LASF16
 223 00b0 06       		.uleb128 0x6
 224 00b1 35000000 		.4byte	.LASF27
 225 00b5 01       		.byte	0x1
 226 00b6 0E       		.byte	0xe
 227 00b7 68000000 		.4byte	0x68
 228 00bb 00000000 		.4byte	.LFB63
 229 00bf 74000000 		.4byte	.LFE63-.LFB63
 230 00c3 01       		.uleb128 0x1
 231 00c4 9C       		.byte	0x9c
 232 00c5 A3010000 		.4byte	0x1a3
 233 00c9 07       		.uleb128 0x7
 234 00ca 08000000 		.4byte	.LVL0
 235 00ce C3010000 		.4byte	0x1c3
 236 00d2 08       		.uleb128 0x8
 237 00d3 10000000 		.4byte	.LVL1
 238 00d7 CE010000 		.4byte	0x1ce
 239 00db EA000000 		.4byte	0xea
 240 00df 09       		.uleb128 0x9
 241 00e0 01       		.uleb128 0x1
 242 00e1 50       		.byte	0x50
 243 00e2 01       		.uleb128 0x1
 244 00e3 30       		.byte	0x30
 245 00e4 09       		.uleb128 0x9
 246 00e5 01       		.uleb128 0x1
 247 00e6 51       		.byte	0x51
 248 00e7 01       		.uleb128 0x1
 249 00e8 30       		.byte	0x30
 250 00e9 00       		.byte	0
ARM GAS  C:\Users\NICOLA~1\AppData\Local\Temp\ccs8NVlP.s 			page 6


 251 00ea 08       		.uleb128 0x8
 252 00eb 16000000 		.4byte	.LVL2
 253 00ef D9010000 		.4byte	0x1d9
 254 00f3 01010000 		.4byte	0x101
 255 00f7 09       		.uleb128 0x9
 256 00f8 01       		.uleb128 0x1
 257 00f9 50       		.byte	0x50
 258 00fa 05       		.uleb128 0x5
 259 00fb 03       		.byte	0x3
 260 00fc 00000000 		.4byte	.LC0
 261 0100 00       		.byte	0
 262 0101 08       		.uleb128 0x8
 263 0102 1E000000 		.4byte	.LVL3
 264 0106 CE010000 		.4byte	0x1ce
 265 010a 19010000 		.4byte	0x119
 266 010e 09       		.uleb128 0x9
 267 010f 01       		.uleb128 0x1
 268 0110 50       		.byte	0x50
 269 0111 01       		.uleb128 0x1
 270 0112 31       		.byte	0x31
 271 0113 09       		.uleb128 0x9
 272 0114 01       		.uleb128 0x1
 273 0115 51       		.byte	0x51
 274 0116 01       		.uleb128 0x1
 275 0117 30       		.byte	0x30
 276 0118 00       		.byte	0
 277 0119 08       		.uleb128 0x8
 278 011a 24000000 		.4byte	.LVL4
 279 011e D9010000 		.4byte	0x1d9
 280 0122 30010000 		.4byte	0x130
 281 0126 09       		.uleb128 0x9
 282 0127 01       		.uleb128 0x1
 283 0128 50       		.byte	0x50
 284 0129 05       		.uleb128 0x5
 285 012a 03       		.byte	0x3
 286 012b 08000000 		.4byte	.LC1
 287 012f 00       		.byte	0
 288 0130 08       		.uleb128 0x8
 289 0131 34000000 		.4byte	.LVL5
 290 0135 E4010000 		.4byte	0x1e4
 291 0139 45010000 		.4byte	0x145
 292 013d 09       		.uleb128 0x9
 293 013e 01       		.uleb128 0x1
 294 013f 50       		.byte	0x50
 295 0140 03       		.uleb128 0x3
 296 0141 0A       		.byte	0xa
 297 0142 F401     		.2byte	0x1f4
 298 0144 00       		.byte	0
 299 0145 08       		.uleb128 0x8
 300 0146 3A000000 		.4byte	.LVL6
 301 014a EF010000 		.4byte	0x1ef
 302 014e 58010000 		.4byte	0x158
 303 0152 09       		.uleb128 0x9
 304 0153 01       		.uleb128 0x1
 305 0154 50       		.byte	0x50
 306 0155 01       		.uleb128 0x1
 307 0156 38       		.byte	0x38
ARM GAS  C:\Users\NICOLA~1\AppData\Local\Temp\ccs8NVlP.s 			page 7


 308 0157 00       		.byte	0
 309 0158 08       		.uleb128 0x8
 310 0159 40000000 		.4byte	.LVL7
 311 015d FA010000 		.4byte	0x1fa
 312 0161 6B010000 		.4byte	0x16b
 313 0165 09       		.uleb128 0x9
 314 0166 01       		.uleb128 0x1
 315 0167 50       		.byte	0x50
 316 0168 01       		.uleb128 0x1
 317 0169 31       		.byte	0x31
 318 016a 00       		.byte	0
 319 016b 08       		.uleb128 0x8
 320 016c 48000000 		.4byte	.LVL8
 321 0170 E4010000 		.4byte	0x1e4
 322 0174 80010000 		.4byte	0x180
 323 0178 09       		.uleb128 0x9
 324 0179 01       		.uleb128 0x1
 325 017a 50       		.byte	0x50
 326 017b 03       		.uleb128 0x3
 327 017c 0A       		.byte	0xa
 328 017d F401     		.2byte	0x1f4
 329 017f 00       		.byte	0
 330 0180 08       		.uleb128 0x8
 331 0181 4E000000 		.4byte	.LVL9
 332 0185 EF010000 		.4byte	0x1ef
 333 0189 93010000 		.4byte	0x193
 334 018d 09       		.uleb128 0x9
 335 018e 01       		.uleb128 0x1
 336 018f 50       		.byte	0x50
 337 0190 01       		.uleb128 0x1
 338 0191 3C       		.byte	0x3c
 339 0192 00       		.byte	0
 340 0193 0A       		.uleb128 0xa
 341 0194 54000000 		.4byte	.LVL10
 342 0198 FA010000 		.4byte	0x1fa
 343 019c 09       		.uleb128 0x9
 344 019d 01       		.uleb128 0x1
 345 019e 50       		.byte	0x50
 346 019f 01       		.uleb128 0x1
 347 01a0 30       		.byte	0x30
 348 01a1 00       		.byte	0
 349 01a2 00       		.byte	0
 350 01a3 0B       		.uleb128 0xb
 351 01a4 99010000 		.4byte	.LASF17
 352 01a8 08       		.byte	0x8
 353 01a9 1207     		.2byte	0x712
 354 01ab AF010000 		.4byte	0x1af
 355 01af 0C       		.uleb128 0xc
 356 01b0 76000000 		.4byte	0x76
 357 01b4 0D       		.uleb128 0xd
 358 01b5 6900     		.ascii	"i\000"
 359 01b7 01       		.byte	0x1
 360 01b8 0D       		.byte	0xd
 361 01b9 81000000 		.4byte	0x81
 362 01bd 05       		.uleb128 0x5
 363 01be 03       		.byte	0x3
 364 01bf 00000000 		.4byte	i
ARM GAS  C:\Users\NICOLA~1\AppData\Local\Temp\ccs8NVlP.s 			page 8


 365 01c3 0E       		.uleb128 0xe
 366 01c4 FF000000 		.4byte	.LASF18
 367 01c8 FF000000 		.4byte	.LASF18
 368 01cc 05       		.byte	0x5
 369 01cd 38       		.byte	0x38
 370 01ce 0E       		.uleb128 0xe
 371 01cf 4A010000 		.4byte	.LASF19
 372 01d3 4A010000 		.4byte	.LASF19
 373 01d7 05       		.byte	0x5
 374 01d8 3D       		.byte	0x3d
 375 01d9 0E       		.uleb128 0xe
 376 01da E9010000 		.4byte	.LASF20
 377 01de E9010000 		.4byte	.LASF20
 378 01e2 05       		.byte	0x5
 379 01e3 3C       		.byte	0x3c
 380 01e4 0E       		.uleb128 0xe
 381 01e5 C8000000 		.4byte	.LASF21
 382 01e9 C8000000 		.4byte	.LASF21
 383 01ed 06       		.byte	0x6
 384 01ee 76       		.byte	0x76
 385 01ef 0E       		.uleb128 0xe
 386 01f0 09010000 		.4byte	.LASF22
 387 01f4 09010000 		.4byte	.LASF22
 388 01f8 05       		.byte	0x5
 389 01f9 3A       		.byte	0x3a
 390 01fa 0E       		.uleb128 0xe
 391 01fb 36010000 		.4byte	.LASF23
 392 01ff 36010000 		.4byte	.LASF23
 393 0203 07       		.byte	0x7
 394 0204 26       		.byte	0x26
 395 0205 00       		.byte	0
 396              		.section	.debug_abbrev,"",%progbits
 397              	.Ldebug_abbrev0:
 398 0000 01       		.uleb128 0x1
 399 0001 11       		.uleb128 0x11
 400 0002 01       		.byte	0x1
 401 0003 25       		.uleb128 0x25
 402 0004 0E       		.uleb128 0xe
 403 0005 13       		.uleb128 0x13
 404 0006 0B       		.uleb128 0xb
 405 0007 03       		.uleb128 0x3
 406 0008 0E       		.uleb128 0xe
 407 0009 1B       		.uleb128 0x1b
 408 000a 0E       		.uleb128 0xe
 409 000b 55       		.uleb128 0x55
 410 000c 17       		.uleb128 0x17
 411 000d 11       		.uleb128 0x11
 412 000e 01       		.uleb128 0x1
 413 000f 10       		.uleb128 0x10
 414 0010 17       		.uleb128 0x17
 415 0011 00       		.byte	0
 416 0012 00       		.byte	0
 417 0013 02       		.uleb128 0x2
 418 0014 24       		.uleb128 0x24
 419 0015 00       		.byte	0
 420 0016 0B       		.uleb128 0xb
 421 0017 0B       		.uleb128 0xb
ARM GAS  C:\Users\NICOLA~1\AppData\Local\Temp\ccs8NVlP.s 			page 9


 422 0018 3E       		.uleb128 0x3e
 423 0019 0B       		.uleb128 0xb
 424 001a 03       		.uleb128 0x3
 425 001b 0E       		.uleb128 0xe
 426 001c 00       		.byte	0
 427 001d 00       		.byte	0
 428 001e 03       		.uleb128 0x3
 429 001f 16       		.uleb128 0x16
 430 0020 00       		.byte	0
 431 0021 03       		.uleb128 0x3
 432 0022 0E       		.uleb128 0xe
 433 0023 3A       		.uleb128 0x3a
 434 0024 0B       		.uleb128 0xb
 435 0025 3B       		.uleb128 0x3b
 436 0026 0B       		.uleb128 0xb
 437 0027 49       		.uleb128 0x49
 438 0028 13       		.uleb128 0x13
 439 0029 00       		.byte	0
 440 002a 00       		.byte	0
 441 002b 04       		.uleb128 0x4
 442 002c 24       		.uleb128 0x24
 443 002d 00       		.byte	0
 444 002e 0B       		.uleb128 0xb
 445 002f 0B       		.uleb128 0xb
 446 0030 3E       		.uleb128 0x3e
 447 0031 0B       		.uleb128 0xb
 448 0032 03       		.uleb128 0x3
 449 0033 08       		.uleb128 0x8
 450 0034 00       		.byte	0
 451 0035 00       		.byte	0
 452 0036 05       		.uleb128 0x5
 453 0037 16       		.uleb128 0x16
 454 0038 00       		.byte	0
 455 0039 03       		.uleb128 0x3
 456 003a 0E       		.uleb128 0xe
 457 003b 3A       		.uleb128 0x3a
 458 003c 0B       		.uleb128 0xb
 459 003d 3B       		.uleb128 0x3b
 460 003e 05       		.uleb128 0x5
 461 003f 49       		.uleb128 0x49
 462 0040 13       		.uleb128 0x13
 463 0041 00       		.byte	0
 464 0042 00       		.byte	0
 465 0043 06       		.uleb128 0x6
 466 0044 2E       		.uleb128 0x2e
 467 0045 01       		.byte	0x1
 468 0046 3F       		.uleb128 0x3f
 469 0047 19       		.uleb128 0x19
 470 0048 03       		.uleb128 0x3
 471 0049 0E       		.uleb128 0xe
 472 004a 3A       		.uleb128 0x3a
 473 004b 0B       		.uleb128 0xb
 474 004c 3B       		.uleb128 0x3b
 475 004d 0B       		.uleb128 0xb
 476 004e 27       		.uleb128 0x27
 477 004f 19       		.uleb128 0x19
 478 0050 49       		.uleb128 0x49
ARM GAS  C:\Users\NICOLA~1\AppData\Local\Temp\ccs8NVlP.s 			page 10


 479 0051 13       		.uleb128 0x13
 480 0052 8701     		.uleb128 0x87
 481 0054 19       		.uleb128 0x19
 482 0055 11       		.uleb128 0x11
 483 0056 01       		.uleb128 0x1
 484 0057 12       		.uleb128 0x12
 485 0058 06       		.uleb128 0x6
 486 0059 40       		.uleb128 0x40
 487 005a 18       		.uleb128 0x18
 488 005b 9742     		.uleb128 0x2117
 489 005d 19       		.uleb128 0x19
 490 005e 01       		.uleb128 0x1
 491 005f 13       		.uleb128 0x13
 492 0060 00       		.byte	0
 493 0061 00       		.byte	0
 494 0062 07       		.uleb128 0x7
 495 0063 898201   		.uleb128 0x4109
 496 0066 00       		.byte	0
 497 0067 11       		.uleb128 0x11
 498 0068 01       		.uleb128 0x1
 499 0069 31       		.uleb128 0x31
 500 006a 13       		.uleb128 0x13
 501 006b 00       		.byte	0
 502 006c 00       		.byte	0
 503 006d 08       		.uleb128 0x8
 504 006e 898201   		.uleb128 0x4109
 505 0071 01       		.byte	0x1
 506 0072 11       		.uleb128 0x11
 507 0073 01       		.uleb128 0x1
 508 0074 31       		.uleb128 0x31
 509 0075 13       		.uleb128 0x13
 510 0076 01       		.uleb128 0x1
 511 0077 13       		.uleb128 0x13
 512 0078 00       		.byte	0
 513 0079 00       		.byte	0
 514 007a 09       		.uleb128 0x9
 515 007b 8A8201   		.uleb128 0x410a
 516 007e 00       		.byte	0
 517 007f 02       		.uleb128 0x2
 518 0080 18       		.uleb128 0x18
 519 0081 9142     		.uleb128 0x2111
 520 0083 18       		.uleb128 0x18
 521 0084 00       		.byte	0
 522 0085 00       		.byte	0
 523 0086 0A       		.uleb128 0xa
 524 0087 898201   		.uleb128 0x4109
 525 008a 01       		.byte	0x1
 526 008b 11       		.uleb128 0x11
 527 008c 01       		.uleb128 0x1
 528 008d 31       		.uleb128 0x31
 529 008e 13       		.uleb128 0x13
 530 008f 00       		.byte	0
 531 0090 00       		.byte	0
 532 0091 0B       		.uleb128 0xb
 533 0092 34       		.uleb128 0x34
 534 0093 00       		.byte	0
 535 0094 03       		.uleb128 0x3
ARM GAS  C:\Users\NICOLA~1\AppData\Local\Temp\ccs8NVlP.s 			page 11


 536 0095 0E       		.uleb128 0xe
 537 0096 3A       		.uleb128 0x3a
 538 0097 0B       		.uleb128 0xb
 539 0098 3B       		.uleb128 0x3b
 540 0099 05       		.uleb128 0x5
 541 009a 49       		.uleb128 0x49
 542 009b 13       		.uleb128 0x13
 543 009c 3F       		.uleb128 0x3f
 544 009d 19       		.uleb128 0x19
 545 009e 3C       		.uleb128 0x3c
 546 009f 19       		.uleb128 0x19
 547 00a0 00       		.byte	0
 548 00a1 00       		.byte	0
 549 00a2 0C       		.uleb128 0xc
 550 00a3 35       		.uleb128 0x35
 551 00a4 00       		.byte	0
 552 00a5 49       		.uleb128 0x49
 553 00a6 13       		.uleb128 0x13
 554 00a7 00       		.byte	0
 555 00a8 00       		.byte	0
 556 00a9 0D       		.uleb128 0xd
 557 00aa 34       		.uleb128 0x34
 558 00ab 00       		.byte	0
 559 00ac 03       		.uleb128 0x3
 560 00ad 08       		.uleb128 0x8
 561 00ae 3A       		.uleb128 0x3a
 562 00af 0B       		.uleb128 0xb
 563 00b0 3B       		.uleb128 0x3b
 564 00b1 0B       		.uleb128 0xb
 565 00b2 49       		.uleb128 0x49
 566 00b3 13       		.uleb128 0x13
 567 00b4 3F       		.uleb128 0x3f
 568 00b5 19       		.uleb128 0x19
 569 00b6 02       		.uleb128 0x2
 570 00b7 18       		.uleb128 0x18
 571 00b8 00       		.byte	0
 572 00b9 00       		.byte	0
 573 00ba 0E       		.uleb128 0xe
 574 00bb 2E       		.uleb128 0x2e
 575 00bc 00       		.byte	0
 576 00bd 3F       		.uleb128 0x3f
 577 00be 19       		.uleb128 0x19
 578 00bf 3C       		.uleb128 0x3c
 579 00c0 19       		.uleb128 0x19
 580 00c1 6E       		.uleb128 0x6e
 581 00c2 0E       		.uleb128 0xe
 582 00c3 03       		.uleb128 0x3
 583 00c4 0E       		.uleb128 0xe
 584 00c5 3A       		.uleb128 0x3a
 585 00c6 0B       		.uleb128 0xb
 586 00c7 3B       		.uleb128 0x3b
 587 00c8 0B       		.uleb128 0xb
 588 00c9 00       		.byte	0
 589 00ca 00       		.byte	0
 590 00cb 00       		.byte	0
 591              		.section	.debug_aranges,"",%progbits
 592 0000 1C000000 		.4byte	0x1c
ARM GAS  C:\Users\NICOLA~1\AppData\Local\Temp\ccs8NVlP.s 			page 12


 593 0004 0200     		.2byte	0x2
 594 0006 00000000 		.4byte	.Ldebug_info0
 595 000a 04       		.byte	0x4
 596 000b 00       		.byte	0
 597 000c 0000     		.2byte	0
 598 000e 0000     		.2byte	0
 599 0010 00000000 		.4byte	.LFB63
 600 0014 74000000 		.4byte	.LFE63-.LFB63
 601 0018 00000000 		.4byte	0
 602 001c 00000000 		.4byte	0
 603              		.section	.debug_ranges,"",%progbits
 604              	.Ldebug_ranges0:
 605 0000 00000000 		.4byte	.LFB63
 606 0004 74000000 		.4byte	.LFE63
 607 0008 00000000 		.4byte	0
 608 000c 00000000 		.4byte	0
 609              		.section	.debug_line,"",%progbits
 610              	.Ldebug_line0:
 611 0000 B3010000 		.section	.debug_str,"MS",%progbits,1
 611      02006C01 
 611      00000201 
 611      FB0E0D00 
 611      01010101 
 612              	.LASF6:
 613 0000 6C6F6E67 		.ascii	"long long int\000"
 613      206C6F6E 
 613      6720696E 
 613      7400
 614              	.LASF3:
 615 000e 73686F72 		.ascii	"short unsigned int\000"
 615      7420756E 
 615      7369676E 
 615      65642069 
 615      6E7400
 616              	.LASF8:
 617 0021 756E7369 		.ascii	"unsigned int\000"
 617      676E6564 
 617      20696E74 
 617      00
 618              	.LASF25:
 619 002e 6D61696E 		.ascii	"main.c\000"
 619      2E6300
 620              	.LASF27:
 621 0035 6D61696E 		.ascii	"main\000"
 621      00
 622              	.LASF24:
 623 003a 474E5520 		.ascii	"GNU C11 5.4.1 20160609 (release) [ARM/embedded-5-br"
 623      43313120 
 623      352E342E 
 623      31203230 
 623      31363036 
 624 006d 616E6368 		.ascii	"anch revision 237715] -mcpu=cortex-m3 -mthumb -g -O"
 624      20726576 
 624      6973696F 
 624      6E203233 
 624      37373135 
 625 00a0 67202D66 		.ascii	"g -ffunction-sections -ffat-lto-objects\000"
ARM GAS  C:\Users\NICOLA~1\AppData\Local\Temp\ccs8NVlP.s 			page 13


 625      66756E63 
 625      74696F6E 
 625      2D736563 
 625      74696F6E 
 626              	.LASF21:
 627 00c8 43794465 		.ascii	"CyDelay\000"
 627      6C617900 
 628              	.LASF11:
 629 00d0 75696E74 		.ascii	"uint8\000"
 629      3800
 630              	.LASF5:
 631 00d6 6C6F6E67 		.ascii	"long unsigned int\000"
 631      20756E73 
 631      69676E65 
 631      6420696E 
 631      7400
 632              	.LASF7:
 633 00e8 6C6F6E67 		.ascii	"long long unsigned int\000"
 633      206C6F6E 
 633      6720756E 
 633      7369676E 
 633      65642069 
 634              	.LASF18:
 635 00ff 4C43445F 		.ascii	"LCD_Start\000"
 635      53746172 
 635      7400
 636              	.LASF22:
 637 0109 4C43445F 		.ascii	"LCD_WriteControl\000"
 637      57726974 
 637      65436F6E 
 637      74726F6C 
 637      00
 638              	.LASF1:
 639 011a 756E7369 		.ascii	"unsigned char\000"
 639      676E6564 
 639      20636861 
 639      7200
 640              	.LASF14:
 641 0128 63686172 		.ascii	"char\000"
 641      00
 642              	.LASF4:
 643 012d 6C6F6E67 		.ascii	"long int\000"
 643      20696E74 
 643      00
 644              	.LASF23:
 645 0136 42757A7A 		.ascii	"Buzzer_Write\000"
 645      65725F57 
 645      72697465 
 645      00
 646              	.LASF13:
 647 0143 646F7562 		.ascii	"double\000"
 647      6C6500
 648              	.LASF19:
 649 014a 4C43445F 		.ascii	"LCD_Position\000"
 649      506F7369 
 649      74696F6E 
 649      00
ARM GAS  C:\Users\NICOLA~1\AppData\Local\Temp\ccs8NVlP.s 			page 14


 650              	.LASF26:
 651 0157 433A5C55 		.ascii	"C:\\Users\\Nicolas Zamora\\Documents\\PSoC Creator\\"
 651      73657273 
 651      5C4E6963 
 651      6F6C6173 
 651      205A616D 
 652 0186 4C43445C 		.ascii	"LCD\\Design01.cydsn\000"
 652      44657369 
 652      676E3031 
 652      2E637964 
 652      736E00
 653              	.LASF17:
 654 0199 49544D5F 		.ascii	"ITM_RxBuffer\000"
 654      52784275 
 654      66666572 
 654      00
 655              	.LASF0:
 656 01a6 7369676E 		.ascii	"signed char\000"
 656      65642063 
 656      68617200 
 657              	.LASF16:
 658 01b2 6C6F6E67 		.ascii	"long double\000"
 658      20646F75 
 658      626C6500 
 659              	.LASF9:
 660 01be 5F5F696E 		.ascii	"__int32_t\000"
 660      7433325F 
 660      7400
 661              	.LASF12:
 662 01c8 666C6F61 		.ascii	"float\000"
 662      7400
 663              	.LASF2:
 664 01ce 73686F72 		.ascii	"short int\000"
 664      7420696E 
 664      7400
 665              	.LASF10:
 666 01d8 696E7433 		.ascii	"int32_t\000"
 666      325F7400 
 667              	.LASF15:
 668 01e0 73697A65 		.ascii	"sizetype\000"
 668      74797065 
 668      00
 669              	.LASF20:
 670 01e9 4C43445F 		.ascii	"LCD_PrintString\000"
 670      5072696E 
 670      74537472 
 670      696E6700 
 671              		.ident	"GCC: (GNU Tools for ARM Embedded Processors) 5.4.1 20160609 (release) [ARM/embedded-5-bran
