ARM GAS  C:\Users\Dell\AppData\Local\Temp\ccaSiHHU.s 			page 1


   1              		.syntax unified
   2              		.cpu cortex-m3
   3              		.fpu softvfp
   4              		.eabi_attribute 20, 1
   5              		.eabi_attribute 21, 1
   6              		.eabi_attribute 23, 3
   7              		.eabi_attribute 24, 1
   8              		.eabi_attribute 25, 1
   9              		.eabi_attribute 26, 1
  10              		.eabi_attribute 30, 1
  11              		.eabi_attribute 34, 1
  12              		.eabi_attribute 18, 4
  13              		.thumb
  14              		.syntax unified
  15              		.file	"main.c"
  16              		.text
  17              	.Ltext0:
  18              		.cfi_sections	.debug_frame
  19              		.section	.text.main,"ax",%progbits
  20              		.align	2
  21              		.global	main
  22              		.thumb
  23              		.thumb_func
  24              		.type	main, %function
  25              	main:
  26              	.LFB63:
  27              		.file 1 "main.c"
   1:main.c        **** /* ========================================
   2:main.c        ****  *
   3:main.c        ****  * Copyright YOUR COMPANY, THE YEAR
   4:main.c        ****  * All Rights Reserved
   5:main.c        ****  * UNPUBLISHED, LICENSED SOFTWARE.
   6:main.c        ****  *
   7:main.c        ****  * CONFIDENTIAL AND PROPRIETARY INFORMATION
   8:main.c        ****  * WHICH IS THE PROPERTY OF your company.
   9:main.c        ****  *
  10:main.c        ****  * ========================================
  11:main.c        **** */
  12:main.c        **** #include "project.h"
  13:main.c        **** uint16 volt;
  14:main.c        **** int main(void)
  15:main.c        **** {
  28              		.loc 1 15 0
  29              		.cfi_startproc
  30              		@ Volatile: function does not return.
  31              		@ args = 0, pretend = 0, frame = 0
  32              		@ frame_needed = 0, uses_anonymous_args = 0
  33 0000 08B5     		push	{r3, lr}
  34              		.cfi_def_cfa_offset 8
  35              		.cfi_offset 3, -8
  36              		.cfi_offset 14, -4
  16:main.c        ****     //CyGlobalIntEnable; /* Enable global interrupts. */
  17:main.c        **** 
  18:main.c        ****     /* Place your initialization/startup code here (e.g. MyInst_Start()) */
  19:main.c        ****     LCD_Start();
  37              		.loc 1 19 0
  38 0002 FFF7FEFF 		bl	LCD_Start
ARM GAS  C:\Users\Dell\AppData\Local\Temp\ccaSiHHU.s 			page 2


  39              	.LVL0:
  20:main.c        ****     ADC_Start();
  40              		.loc 1 20 0
  41 0006 FFF7FEFF 		bl	ADC_Start
  42              	.LVL1:
  21:main.c        ****     LCD_PrintString("voltaje:");
  43              		.loc 1 21 0
  44 000a 1848     		ldr	r0, .L4
  45 000c FFF7FEFF 		bl	LCD_PrintString
  46              	.LVL2:
  47              	.L2:
  22:main.c        ****     for(;;)
  23:main.c        ****     {
  24:main.c        ****         LCD_Position(1,8);
  48              		.loc 1 24 0 discriminator 1
  49 0010 0821     		movs	r1, #8
  50 0012 0120     		movs	r0, #1
  51 0014 FFF7FEFF 		bl	LCD_Position
  52              	.LVL3:
  25:main.c        ****         ADC_StartConvert();
  53              		.loc 1 25 0 discriminator 1
  54 0018 FFF7FEFF 		bl	ADC_StartConvert
  55              	.LVL4:
  26:main.c        ****         ADC_IsEndConversion(ADC_WAIT_FOR_RESULT);
  56              		.loc 1 26 0 discriminator 1
  57 001c 0020     		movs	r0, #0
  58 001e FFF7FEFF 		bl	ADC_IsEndConversion
  59              	.LVL5:
  27:main.c        ****         volt=ADC_GetResult16();
  60              		.loc 1 27 0 discriminator 1
  61 0022 FFF7FEFF 		bl	ADC_GetResult16
  62              	.LVL6:
  63 0026 124C     		ldr	r4, .L4+4
  64 0028 2080     		strh	r0, [r4]	@ movhi
  28:main.c        ****         volt=ADC_CountsTo_mVolts(volt);
  65              		.loc 1 28 0 discriminator 1
  66 002a FFF7FEFF 		bl	ADC_CountsTo_mVolts
  67              	.LVL7:
  68 002e 80B2     		uxth	r0, r0
  69 0030 2080     		strh	r0, [r4]	@ movhi
  29:main.c        ****         LCD_PrintDecUint16(volt);
  70              		.loc 1 29 0 discriminator 1
  71 0032 FFF7FEFF 		bl	LCD_PrintU32Number
  72              	.LVL8:
  30:main.c        ****         LCD_Position(1,9);
  73              		.loc 1 30 0 discriminator 1
  74 0036 0921     		movs	r1, #9
  75 0038 0120     		movs	r0, #1
  76 003a FFF7FEFF 		bl	LCD_Position
  77              	.LVL9:
  31:main.c        ****         LCD_PrintDecUint16(volt);
  78              		.loc 1 31 0 discriminator 1
  79 003e 2088     		ldrh	r0, [r4]
  80 0040 FFF7FEFF 		bl	LCD_PrintU32Number
  81              	.LVL10:
  32:main.c        ****         LCD_Position(1,9);
  82              		.loc 1 32 0 discriminator 1
ARM GAS  C:\Users\Dell\AppData\Local\Temp\ccaSiHHU.s 			page 3


  83 0044 0921     		movs	r1, #9
  84 0046 0120     		movs	r0, #1
  85 0048 FFF7FEFF 		bl	LCD_Position
  86              	.LVL11:
  33:main.c        ****         LCD_PutChar('.');
  87              		.loc 1 33 0 discriminator 1
  88 004c 2E20     		movs	r0, #46
  89 004e FFF7FEFF 		bl	LCD_PutChar
  90              	.LVL12:
  34:main.c        ****         LCD_Position(1,13);
  91              		.loc 1 34 0 discriminator 1
  92 0052 0D21     		movs	r1, #13
  93 0054 0120     		movs	r0, #1
  94 0056 FFF7FEFF 		bl	LCD_Position
  95              	.LVL13:
  35:main.c        ****         LCD_PutChar('V');
  96              		.loc 1 35 0 discriminator 1
  97 005a 5620     		movs	r0, #86
  98 005c FFF7FEFF 		bl	LCD_PutChar
  99              	.LVL14:
  36:main.c        ****         CyDelay(1000);
 100              		.loc 1 36 0 discriminator 1
 101 0060 4FF47A70 		mov	r0, #1000
 102 0064 FFF7FEFF 		bl	CyDelay
 103              	.LVL15:
 104 0068 D2E7     		b	.L2
 105              	.L5:
 106 006a 00BF     		.align	2
 107              	.L4:
 108 006c 00000000 		.word	.LC0
 109 0070 00000000 		.word	volt
 110              		.cfi_endproc
 111              	.LFE63:
 112              		.size	main, .-main
 113              		.comm	volt,2,2
 114              		.section	.rodata.str1.4,"aMS",%progbits,1
 115              		.align	2
 116              	.LC0:
 117 0000 766F6C74 		.ascii	"voltaje:\000"
 117      616A653A 
 117      00
 118              		.text
 119              	.Letext0:
 120              		.file 2 "c:\\program files (x86)\\cypress\\psoc creator\\4.2\\psoc creator\\import\\gnu\\arm\\5.4.
 121              		.file 3 "c:\\program files (x86)\\cypress\\psoc creator\\4.2\\psoc creator\\import\\gnu\\arm\\5.4.
 122              		.file 4 "Generated_Source\\PSoC5/cytypes.h"
 123              		.file 5 "Generated_Source\\PSoC5/core_cm3.h"
 124              		.file 6 "Generated_Source\\PSoC5/LCD.h"
 125              		.file 7 "Generated_Source\\PSoC5/ADC.h"
 126              		.file 8 "Generated_Source\\PSoC5/CyLib.h"
 127              		.section	.debug_info,"",%progbits
 128              	.Ldebug_info0:
 129 0000 64020000 		.4byte	0x264
 130 0004 0400     		.2byte	0x4
 131 0006 00000000 		.4byte	.Ldebug_abbrev0
 132 000a 04       		.byte	0x4
 133 000b 01       		.uleb128 0x1
ARM GAS  C:\Users\Dell\AppData\Local\Temp\ccaSiHHU.s 			page 4


 134 000c 43000000 		.4byte	.LASF30
 135 0010 0C       		.byte	0xc
 136 0011 0E020000 		.4byte	.LASF31
 137 0015 26010000 		.4byte	.LASF32
 138 0019 00000000 		.4byte	.Ldebug_ranges0+0
 139 001d 00000000 		.4byte	0
 140 0021 00000000 		.4byte	.Ldebug_line0
 141 0025 02       		.uleb128 0x2
 142 0026 01       		.byte	0x1
 143 0027 06       		.byte	0x6
 144 0028 3E020000 		.4byte	.LASF0
 145 002c 02       		.uleb128 0x2
 146 002d 01       		.byte	0x1
 147 002e 08       		.byte	0x8
 148 002f 35000000 		.4byte	.LASF1
 149 0033 02       		.uleb128 0x2
 150 0034 02       		.byte	0x2
 151 0035 05       		.byte	0x5
 152 0036 1F020000 		.4byte	.LASF2
 153 003a 02       		.uleb128 0x2
 154 003b 02       		.byte	0x2
 155 003c 07       		.byte	0x7
 156 003d F6000000 		.4byte	.LASF3
 157 0041 03       		.uleb128 0x3
 158 0042 00000000 		.4byte	.LASF9
 159 0046 02       		.byte	0x2
 160 0047 3F       		.byte	0x3f
 161 0048 4C000000 		.4byte	0x4c
 162 004c 02       		.uleb128 0x2
 163 004d 04       		.byte	0x4
 164 004e 05       		.byte	0x5
 165 004f 29020000 		.4byte	.LASF4
 166 0053 02       		.uleb128 0x2
 167 0054 04       		.byte	0x4
 168 0055 07       		.byte	0x7
 169 0056 67010000 		.4byte	.LASF5
 170 005a 02       		.uleb128 0x2
 171 005b 08       		.byte	0x8
 172 005c 05       		.byte	0x5
 173 005d 00020000 		.4byte	.LASF6
 174 0061 02       		.uleb128 0x2
 175 0062 08       		.byte	0x8
 176 0063 07       		.byte	0x7
 177 0064 A2010000 		.4byte	.LASF7
 178 0068 04       		.uleb128 0x4
 179 0069 04       		.byte	0x4
 180 006a 05       		.byte	0x5
 181 006b 696E7400 		.ascii	"int\000"
 182 006f 02       		.uleb128 0x2
 183 0070 04       		.byte	0x4
 184 0071 07       		.byte	0x7
 185 0072 95010000 		.4byte	.LASF8
 186 0076 03       		.uleb128 0x3
 187 0077 EF010000 		.4byte	.LASF10
 188 007b 03       		.byte	0x3
 189 007c 2C       		.byte	0x2c
 190 007d 41000000 		.4byte	0x41
ARM GAS  C:\Users\Dell\AppData\Local\Temp\ccaSiHHU.s 			page 5


 191 0081 05       		.uleb128 0x5
 192 0082 8E010000 		.4byte	.LASF11
 193 0086 04       		.byte	0x4
 194 0087 E501     		.2byte	0x1e5
 195 0089 3A000000 		.4byte	0x3a
 196 008d 02       		.uleb128 0x2
 197 008e 04       		.byte	0x4
 198 008f 04       		.byte	0x4
 199 0090 25000000 		.4byte	.LASF12
 200 0094 02       		.uleb128 0x2
 201 0095 08       		.byte	0x8
 202 0096 04       		.byte	0x4
 203 0097 1E000000 		.4byte	.LASF13
 204 009b 02       		.uleb128 0x2
 205 009c 01       		.byte	0x1
 206 009d 08       		.byte	0x8
 207 009e 15020000 		.4byte	.LASF14
 208 00a2 02       		.uleb128 0x2
 209 00a3 04       		.byte	0x4
 210 00a4 07       		.byte	0x7
 211 00a5 F7010000 		.4byte	.LASF15
 212 00a9 02       		.uleb128 0x2
 213 00aa 08       		.byte	0x8
 214 00ab 04       		.byte	0x4
 215 00ac 32020000 		.4byte	.LASF16
 216 00b0 06       		.uleb128 0x6
 217 00b1 79010000 		.4byte	.LASF33
 218 00b5 01       		.byte	0x1
 219 00b6 0E       		.byte	0xe
 220 00b7 68000000 		.4byte	0x68
 221 00bb 00000000 		.4byte	.LFB63
 222 00bf 74000000 		.4byte	.LFE63-.LFB63
 223 00c3 01       		.uleb128 0x1
 224 00c4 9C       		.byte	0x9c
 225 00c5 CC010000 		.4byte	0x1cc
 226 00c9 07       		.uleb128 0x7
 227 00ca 06000000 		.4byte	.LVL0
 228 00ce EE010000 		.4byte	0x1ee
 229 00d2 07       		.uleb128 0x7
 230 00d3 0A000000 		.4byte	.LVL1
 231 00d7 F9010000 		.4byte	0x1f9
 232 00db 08       		.uleb128 0x8
 233 00dc 10000000 		.4byte	.LVL2
 234 00e0 04020000 		.4byte	0x204
 235 00e4 F2000000 		.4byte	0xf2
 236 00e8 09       		.uleb128 0x9
 237 00e9 01       		.uleb128 0x1
 238 00ea 50       		.byte	0x50
 239 00eb 05       		.uleb128 0x5
 240 00ec 03       		.byte	0x3
 241 00ed 00000000 		.4byte	.LC0
 242 00f1 00       		.byte	0
 243 00f2 08       		.uleb128 0x8
 244 00f3 18000000 		.4byte	.LVL3
 245 00f7 0F020000 		.4byte	0x20f
 246 00fb 0A010000 		.4byte	0x10a
 247 00ff 09       		.uleb128 0x9
ARM GAS  C:\Users\Dell\AppData\Local\Temp\ccaSiHHU.s 			page 6


 248 0100 01       		.uleb128 0x1
 249 0101 50       		.byte	0x50
 250 0102 01       		.uleb128 0x1
 251 0103 31       		.byte	0x31
 252 0104 09       		.uleb128 0x9
 253 0105 01       		.uleb128 0x1
 254 0106 51       		.byte	0x51
 255 0107 01       		.uleb128 0x1
 256 0108 38       		.byte	0x38
 257 0109 00       		.byte	0
 258 010a 07       		.uleb128 0x7
 259 010b 1C000000 		.4byte	.LVL4
 260 010f 1A020000 		.4byte	0x21a
 261 0113 08       		.uleb128 0x8
 262 0114 22000000 		.4byte	.LVL5
 263 0118 25020000 		.4byte	0x225
 264 011c 26010000 		.4byte	0x126
 265 0120 09       		.uleb128 0x9
 266 0121 01       		.uleb128 0x1
 267 0122 50       		.byte	0x50
 268 0123 01       		.uleb128 0x1
 269 0124 30       		.byte	0x30
 270 0125 00       		.byte	0
 271 0126 07       		.uleb128 0x7
 272 0127 26000000 		.4byte	.LVL6
 273 012b 30020000 		.4byte	0x230
 274 012f 07       		.uleb128 0x7
 275 0130 2E000000 		.4byte	.LVL7
 276 0134 3B020000 		.4byte	0x23b
 277 0138 07       		.uleb128 0x7
 278 0139 36000000 		.4byte	.LVL8
 279 013d 46020000 		.4byte	0x246
 280 0141 08       		.uleb128 0x8
 281 0142 3E000000 		.4byte	.LVL9
 282 0146 0F020000 		.4byte	0x20f
 283 014a 59010000 		.4byte	0x159
 284 014e 09       		.uleb128 0x9
 285 014f 01       		.uleb128 0x1
 286 0150 50       		.byte	0x50
 287 0151 01       		.uleb128 0x1
 288 0152 31       		.byte	0x31
 289 0153 09       		.uleb128 0x9
 290 0154 01       		.uleb128 0x1
 291 0155 51       		.byte	0x51
 292 0156 01       		.uleb128 0x1
 293 0157 39       		.byte	0x39
 294 0158 00       		.byte	0
 295 0159 07       		.uleb128 0x7
 296 015a 44000000 		.4byte	.LVL10
 297 015e 46020000 		.4byte	0x246
 298 0162 08       		.uleb128 0x8
 299 0163 4C000000 		.4byte	.LVL11
 300 0167 0F020000 		.4byte	0x20f
 301 016b 7A010000 		.4byte	0x17a
 302 016f 09       		.uleb128 0x9
 303 0170 01       		.uleb128 0x1
 304 0171 50       		.byte	0x50
ARM GAS  C:\Users\Dell\AppData\Local\Temp\ccaSiHHU.s 			page 7


 305 0172 01       		.uleb128 0x1
 306 0173 31       		.byte	0x31
 307 0174 09       		.uleb128 0x9
 308 0175 01       		.uleb128 0x1
 309 0176 51       		.byte	0x51
 310 0177 01       		.uleb128 0x1
 311 0178 39       		.byte	0x39
 312 0179 00       		.byte	0
 313 017a 08       		.uleb128 0x8
 314 017b 52000000 		.4byte	.LVL12
 315 017f 51020000 		.4byte	0x251
 316 0183 8E010000 		.4byte	0x18e
 317 0187 09       		.uleb128 0x9
 318 0188 01       		.uleb128 0x1
 319 0189 50       		.byte	0x50
 320 018a 02       		.uleb128 0x2
 321 018b 08       		.byte	0x8
 322 018c 2E       		.byte	0x2e
 323 018d 00       		.byte	0
 324 018e 08       		.uleb128 0x8
 325 018f 5A000000 		.4byte	.LVL13
 326 0193 0F020000 		.4byte	0x20f
 327 0197 A6010000 		.4byte	0x1a6
 328 019b 09       		.uleb128 0x9
 329 019c 01       		.uleb128 0x1
 330 019d 50       		.byte	0x50
 331 019e 01       		.uleb128 0x1
 332 019f 31       		.byte	0x31
 333 01a0 09       		.uleb128 0x9
 334 01a1 01       		.uleb128 0x1
 335 01a2 51       		.byte	0x51
 336 01a3 01       		.uleb128 0x1
 337 01a4 3D       		.byte	0x3d
 338 01a5 00       		.byte	0
 339 01a6 08       		.uleb128 0x8
 340 01a7 60000000 		.4byte	.LVL14
 341 01ab 51020000 		.4byte	0x251
 342 01af BA010000 		.4byte	0x1ba
 343 01b3 09       		.uleb128 0x9
 344 01b4 01       		.uleb128 0x1
 345 01b5 50       		.byte	0x50
 346 01b6 02       		.uleb128 0x2
 347 01b7 08       		.byte	0x8
 348 01b8 56       		.byte	0x56
 349 01b9 00       		.byte	0
 350 01ba 0A       		.uleb128 0xa
 351 01bb 68000000 		.4byte	.LVL15
 352 01bf 5C020000 		.4byte	0x25c
 353 01c3 09       		.uleb128 0x9
 354 01c4 01       		.uleb128 0x1
 355 01c5 50       		.byte	0x50
 356 01c6 03       		.uleb128 0x3
 357 01c7 0A       		.byte	0xa
 358 01c8 E803     		.2byte	0x3e8
 359 01ca 00       		.byte	0
 360 01cb 00       		.byte	0
 361 01cc 0B       		.uleb128 0xb
ARM GAS  C:\Users\Dell\AppData\Local\Temp\ccaSiHHU.s 			page 8


 362 01cd 19010000 		.4byte	.LASF17
 363 01d1 05       		.byte	0x5
 364 01d2 1207     		.2byte	0x712
 365 01d4 D8010000 		.4byte	0x1d8
 366 01d8 0C       		.uleb128 0xc
 367 01d9 76000000 		.4byte	0x76
 368 01dd 0D       		.uleb128 0xd
 369 01de 1A020000 		.4byte	.LASF18
 370 01e2 01       		.byte	0x1
 371 01e3 0D       		.byte	0xd
 372 01e4 81000000 		.4byte	0x81
 373 01e8 05       		.uleb128 0x5
 374 01e9 03       		.byte	0x3
 375 01ea 00000000 		.4byte	volt
 376 01ee 0E       		.uleb128 0xe
 377 01ef 2B000000 		.4byte	.LASF19
 378 01f3 2B000000 		.4byte	.LASF19
 379 01f7 06       		.byte	0x6
 380 01f8 38       		.byte	0x38
 381 01f9 0E       		.uleb128 0xe
 382 01fa E5010000 		.4byte	.LASF20
 383 01fe E5010000 		.4byte	.LASF20
 384 0202 07       		.byte	0x7
 385 0203 34       		.byte	0x34
 386 0204 0E       		.uleb128 0xe
 387 0205 7E010000 		.4byte	.LASF21
 388 0209 7E010000 		.4byte	.LASF21
 389 020d 06       		.byte	0x6
 390 020e 3C       		.byte	0x3c
 391 020f 0E       		.uleb128 0xe
 392 0210 B9010000 		.4byte	.LASF22
 393 0214 B9010000 		.4byte	.LASF22
 394 0218 06       		.byte	0x6
 395 0219 3D       		.byte	0x3d
 396 021a 0E       		.uleb128 0xe
 397 021b D1000000 		.4byte	.LASF23
 398 021f D1000000 		.4byte	.LASF23
 399 0223 07       		.byte	0x7
 400 0224 D1       		.byte	0xd1
 401 0225 0E       		.uleb128 0xe
 402 0226 E2000000 		.4byte	.LASF24
 403 022a E2000000 		.4byte	.LASF24
 404 022e 07       		.byte	0x7
 405 022f 39       		.byte	0x39
 406 0230 0E       		.uleb128 0xe
 407 0231 09010000 		.4byte	.LASF25
 408 0235 09010000 		.4byte	.LASF25
 409 0239 07       		.byte	0x7
 410 023a 3B       		.byte	0x3b
 411 023b 0E       		.uleb128 0xe
 412 023c 0A000000 		.4byte	.LASF26
 413 0240 0A000000 		.4byte	.LASF26
 414 0244 07       		.byte	0x7
 415 0245 3F       		.byte	0x3f
 416 0246 0E       		.uleb128 0xe
 417 0247 C6010000 		.4byte	.LASF27
 418 024b C6010000 		.4byte	.LASF27
ARM GAS  C:\Users\Dell\AppData\Local\Temp\ccaSiHHU.s 			page 9


 419 024f 06       		.byte	0x6
 420 0250 61       		.byte	0x61
 421 0251 0E       		.uleb128 0xe
 422 0252 D9010000 		.4byte	.LASF28
 423 0256 D9010000 		.4byte	.LASF28
 424 025a 06       		.byte	0x6
 425 025b 3E       		.byte	0x3e
 426 025c 0E       		.uleb128 0xe
 427 025d 4A020000 		.4byte	.LASF29
 428 0261 4A020000 		.4byte	.LASF29
 429 0265 08       		.byte	0x8
 430 0266 76       		.byte	0x76
 431 0267 00       		.byte	0
 432              		.section	.debug_abbrev,"",%progbits
 433              	.Ldebug_abbrev0:
 434 0000 01       		.uleb128 0x1
 435 0001 11       		.uleb128 0x11
 436 0002 01       		.byte	0x1
 437 0003 25       		.uleb128 0x25
 438 0004 0E       		.uleb128 0xe
 439 0005 13       		.uleb128 0x13
 440 0006 0B       		.uleb128 0xb
 441 0007 03       		.uleb128 0x3
 442 0008 0E       		.uleb128 0xe
 443 0009 1B       		.uleb128 0x1b
 444 000a 0E       		.uleb128 0xe
 445 000b 55       		.uleb128 0x55
 446 000c 17       		.uleb128 0x17
 447 000d 11       		.uleb128 0x11
 448 000e 01       		.uleb128 0x1
 449 000f 10       		.uleb128 0x10
 450 0010 17       		.uleb128 0x17
 451 0011 00       		.byte	0
 452 0012 00       		.byte	0
 453 0013 02       		.uleb128 0x2
 454 0014 24       		.uleb128 0x24
 455 0015 00       		.byte	0
 456 0016 0B       		.uleb128 0xb
 457 0017 0B       		.uleb128 0xb
 458 0018 3E       		.uleb128 0x3e
 459 0019 0B       		.uleb128 0xb
 460 001a 03       		.uleb128 0x3
 461 001b 0E       		.uleb128 0xe
 462 001c 00       		.byte	0
 463 001d 00       		.byte	0
 464 001e 03       		.uleb128 0x3
 465 001f 16       		.uleb128 0x16
 466 0020 00       		.byte	0
 467 0021 03       		.uleb128 0x3
 468 0022 0E       		.uleb128 0xe
 469 0023 3A       		.uleb128 0x3a
 470 0024 0B       		.uleb128 0xb
 471 0025 3B       		.uleb128 0x3b
 472 0026 0B       		.uleb128 0xb
 473 0027 49       		.uleb128 0x49
 474 0028 13       		.uleb128 0x13
 475 0029 00       		.byte	0
ARM GAS  C:\Users\Dell\AppData\Local\Temp\ccaSiHHU.s 			page 10


 476 002a 00       		.byte	0
 477 002b 04       		.uleb128 0x4
 478 002c 24       		.uleb128 0x24
 479 002d 00       		.byte	0
 480 002e 0B       		.uleb128 0xb
 481 002f 0B       		.uleb128 0xb
 482 0030 3E       		.uleb128 0x3e
 483 0031 0B       		.uleb128 0xb
 484 0032 03       		.uleb128 0x3
 485 0033 08       		.uleb128 0x8
 486 0034 00       		.byte	0
 487 0035 00       		.byte	0
 488 0036 05       		.uleb128 0x5
 489 0037 16       		.uleb128 0x16
 490 0038 00       		.byte	0
 491 0039 03       		.uleb128 0x3
 492 003a 0E       		.uleb128 0xe
 493 003b 3A       		.uleb128 0x3a
 494 003c 0B       		.uleb128 0xb
 495 003d 3B       		.uleb128 0x3b
 496 003e 05       		.uleb128 0x5
 497 003f 49       		.uleb128 0x49
 498 0040 13       		.uleb128 0x13
 499 0041 00       		.byte	0
 500 0042 00       		.byte	0
 501 0043 06       		.uleb128 0x6
 502 0044 2E       		.uleb128 0x2e
 503 0045 01       		.byte	0x1
 504 0046 3F       		.uleb128 0x3f
 505 0047 19       		.uleb128 0x19
 506 0048 03       		.uleb128 0x3
 507 0049 0E       		.uleb128 0xe
 508 004a 3A       		.uleb128 0x3a
 509 004b 0B       		.uleb128 0xb
 510 004c 3B       		.uleb128 0x3b
 511 004d 0B       		.uleb128 0xb
 512 004e 27       		.uleb128 0x27
 513 004f 19       		.uleb128 0x19
 514 0050 49       		.uleb128 0x49
 515 0051 13       		.uleb128 0x13
 516 0052 8701     		.uleb128 0x87
 517 0054 19       		.uleb128 0x19
 518 0055 11       		.uleb128 0x11
 519 0056 01       		.uleb128 0x1
 520 0057 12       		.uleb128 0x12
 521 0058 06       		.uleb128 0x6
 522 0059 40       		.uleb128 0x40
 523 005a 18       		.uleb128 0x18
 524 005b 9742     		.uleb128 0x2117
 525 005d 19       		.uleb128 0x19
 526 005e 01       		.uleb128 0x1
 527 005f 13       		.uleb128 0x13
 528 0060 00       		.byte	0
 529 0061 00       		.byte	0
 530 0062 07       		.uleb128 0x7
 531 0063 898201   		.uleb128 0x4109
 532 0066 00       		.byte	0
ARM GAS  C:\Users\Dell\AppData\Local\Temp\ccaSiHHU.s 			page 11


 533 0067 11       		.uleb128 0x11
 534 0068 01       		.uleb128 0x1
 535 0069 31       		.uleb128 0x31
 536 006a 13       		.uleb128 0x13
 537 006b 00       		.byte	0
 538 006c 00       		.byte	0
 539 006d 08       		.uleb128 0x8
 540 006e 898201   		.uleb128 0x4109
 541 0071 01       		.byte	0x1
 542 0072 11       		.uleb128 0x11
 543 0073 01       		.uleb128 0x1
 544 0074 31       		.uleb128 0x31
 545 0075 13       		.uleb128 0x13
 546 0076 01       		.uleb128 0x1
 547 0077 13       		.uleb128 0x13
 548 0078 00       		.byte	0
 549 0079 00       		.byte	0
 550 007a 09       		.uleb128 0x9
 551 007b 8A8201   		.uleb128 0x410a
 552 007e 00       		.byte	0
 553 007f 02       		.uleb128 0x2
 554 0080 18       		.uleb128 0x18
 555 0081 9142     		.uleb128 0x2111
 556 0083 18       		.uleb128 0x18
 557 0084 00       		.byte	0
 558 0085 00       		.byte	0
 559 0086 0A       		.uleb128 0xa
 560 0087 898201   		.uleb128 0x4109
 561 008a 01       		.byte	0x1
 562 008b 11       		.uleb128 0x11
 563 008c 01       		.uleb128 0x1
 564 008d 31       		.uleb128 0x31
 565 008e 13       		.uleb128 0x13
 566 008f 00       		.byte	0
 567 0090 00       		.byte	0
 568 0091 0B       		.uleb128 0xb
 569 0092 34       		.uleb128 0x34
 570 0093 00       		.byte	0
 571 0094 03       		.uleb128 0x3
 572 0095 0E       		.uleb128 0xe
 573 0096 3A       		.uleb128 0x3a
 574 0097 0B       		.uleb128 0xb
 575 0098 3B       		.uleb128 0x3b
 576 0099 05       		.uleb128 0x5
 577 009a 49       		.uleb128 0x49
 578 009b 13       		.uleb128 0x13
 579 009c 3F       		.uleb128 0x3f
 580 009d 19       		.uleb128 0x19
 581 009e 3C       		.uleb128 0x3c
 582 009f 19       		.uleb128 0x19
 583 00a0 00       		.byte	0
 584 00a1 00       		.byte	0
 585 00a2 0C       		.uleb128 0xc
 586 00a3 35       		.uleb128 0x35
 587 00a4 00       		.byte	0
 588 00a5 49       		.uleb128 0x49
 589 00a6 13       		.uleb128 0x13
ARM GAS  C:\Users\Dell\AppData\Local\Temp\ccaSiHHU.s 			page 12


 590 00a7 00       		.byte	0
 591 00a8 00       		.byte	0
 592 00a9 0D       		.uleb128 0xd
 593 00aa 34       		.uleb128 0x34
 594 00ab 00       		.byte	0
 595 00ac 03       		.uleb128 0x3
 596 00ad 0E       		.uleb128 0xe
 597 00ae 3A       		.uleb128 0x3a
 598 00af 0B       		.uleb128 0xb
 599 00b0 3B       		.uleb128 0x3b
 600 00b1 0B       		.uleb128 0xb
 601 00b2 49       		.uleb128 0x49
 602 00b3 13       		.uleb128 0x13
 603 00b4 3F       		.uleb128 0x3f
 604 00b5 19       		.uleb128 0x19
 605 00b6 02       		.uleb128 0x2
 606 00b7 18       		.uleb128 0x18
 607 00b8 00       		.byte	0
 608 00b9 00       		.byte	0
 609 00ba 0E       		.uleb128 0xe
 610 00bb 2E       		.uleb128 0x2e
 611 00bc 00       		.byte	0
 612 00bd 3F       		.uleb128 0x3f
 613 00be 19       		.uleb128 0x19
 614 00bf 3C       		.uleb128 0x3c
 615 00c0 19       		.uleb128 0x19
 616 00c1 6E       		.uleb128 0x6e
 617 00c2 0E       		.uleb128 0xe
 618 00c3 03       		.uleb128 0x3
 619 00c4 0E       		.uleb128 0xe
 620 00c5 3A       		.uleb128 0x3a
 621 00c6 0B       		.uleb128 0xb
 622 00c7 3B       		.uleb128 0x3b
 623 00c8 0B       		.uleb128 0xb
 624 00c9 00       		.byte	0
 625 00ca 00       		.byte	0
 626 00cb 00       		.byte	0
 627              		.section	.debug_aranges,"",%progbits
 628 0000 1C000000 		.4byte	0x1c
 629 0004 0200     		.2byte	0x2
 630 0006 00000000 		.4byte	.Ldebug_info0
 631 000a 04       		.byte	0x4
 632 000b 00       		.byte	0
 633 000c 0000     		.2byte	0
 634 000e 0000     		.2byte	0
 635 0010 00000000 		.4byte	.LFB63
 636 0014 74000000 		.4byte	.LFE63-.LFB63
 637 0018 00000000 		.4byte	0
 638 001c 00000000 		.4byte	0
 639              		.section	.debug_ranges,"",%progbits
 640              	.Ldebug_ranges0:
 641 0000 00000000 		.4byte	.LFB63
 642 0004 74000000 		.4byte	.LFE63
 643 0008 00000000 		.4byte	0
 644 000c 00000000 		.4byte	0
 645              		.section	.debug_line,"",%progbits
 646              	.Ldebug_line0:
ARM GAS  C:\Users\Dell\AppData\Local\Temp\ccaSiHHU.s 			page 13


 647 0000 C2010000 		.section	.debug_str,"MS",%progbits,1
 647      02006901 
 647      00000201 
 647      FB0E0D00 
 647      01010101 
 648              	.LASF9:
 649 0000 5F5F696E 		.ascii	"__int32_t\000"
 649      7433325F 
 649      7400
 650              	.LASF26:
 651 000a 4144435F 		.ascii	"ADC_CountsTo_mVolts\000"
 651      436F756E 
 651      7473546F 
 651      5F6D566F 
 651      6C747300 
 652              	.LASF13:
 653 001e 646F7562 		.ascii	"double\000"
 653      6C6500
 654              	.LASF12:
 655 0025 666C6F61 		.ascii	"float\000"
 655      7400
 656              	.LASF19:
 657 002b 4C43445F 		.ascii	"LCD_Start\000"
 657      53746172 
 657      7400
 658              	.LASF1:
 659 0035 756E7369 		.ascii	"unsigned char\000"
 659      676E6564 
 659      20636861 
 659      7200
 660              	.LASF30:
 661 0043 474E5520 		.ascii	"GNU C11 5.4.1 20160609 (release) [ARM/embedded-5-br"
 661      43313120 
 661      352E342E 
 661      31203230 
 661      31363036 
 662 0076 616E6368 		.ascii	"anch revision 237715] -mcpu=cortex-m3 -mthumb -g -O"
 662      20726576 
 662      6973696F 
 662      6E203233 
 662      37373135 
 663 00a9 67202D66 		.ascii	"g -ffunction-sections -ffat-lto-objects\000"
 663      66756E63 
 663      74696F6E 
 663      2D736563 
 663      74696F6E 
 664              	.LASF23:
 665 00d1 4144435F 		.ascii	"ADC_StartConvert\000"
 665      53746172 
 665      74436F6E 
 665      76657274 
 665      00
 666              	.LASF24:
 667 00e2 4144435F 		.ascii	"ADC_IsEndConversion\000"
 667      4973456E 
 667      64436F6E 
 667      76657273 
ARM GAS  C:\Users\Dell\AppData\Local\Temp\ccaSiHHU.s 			page 14


 667      696F6E00 
 668              	.LASF3:
 669 00f6 73686F72 		.ascii	"short unsigned int\000"
 669      7420756E 
 669      7369676E 
 669      65642069 
 669      6E7400
 670              	.LASF25:
 671 0109 4144435F 		.ascii	"ADC_GetResult16\000"
 671      47657452 
 671      6573756C 
 671      74313600 
 672              	.LASF17:
 673 0119 49544D5F 		.ascii	"ITM_RxBuffer\000"
 673      52784275 
 673      66666572 
 673      00
 674              	.LASF32:
 675 0126 433A5C55 		.ascii	"C:\\Users\\Dell\\Documents\\PSoC Creator\\Workspace"
 675      73657273 
 675      5C44656C 
 675      6C5C446F 
 675      63756D65 
 676 0154 30315C41 		.ascii	"01\\ADC_clase.cydsn\000"
 676      44435F63 
 676      6C617365 
 676      2E637964 
 676      736E00
 677              	.LASF5:
 678 0167 6C6F6E67 		.ascii	"long unsigned int\000"
 678      20756E73 
 678      69676E65 
 678      6420696E 
 678      7400
 679              	.LASF33:
 680 0179 6D61696E 		.ascii	"main\000"
 680      00
 681              	.LASF21:
 682 017e 4C43445F 		.ascii	"LCD_PrintString\000"
 682      5072696E 
 682      74537472 
 682      696E6700 
 683              	.LASF11:
 684 018e 75696E74 		.ascii	"uint16\000"
 684      313600
 685              	.LASF8:
 686 0195 756E7369 		.ascii	"unsigned int\000"
 686      676E6564 
 686      20696E74 
 686      00
 687              	.LASF7:
 688 01a2 6C6F6E67 		.ascii	"long long unsigned int\000"
 688      206C6F6E 
 688      6720756E 
 688      7369676E 
 688      65642069 
 689              	.LASF22:
ARM GAS  C:\Users\Dell\AppData\Local\Temp\ccaSiHHU.s 			page 15


 690 01b9 4C43445F 		.ascii	"LCD_Position\000"
 690      506F7369 
 690      74696F6E 
 690      00
 691              	.LASF27:
 692 01c6 4C43445F 		.ascii	"LCD_PrintU32Number\000"
 692      5072696E 
 692      74553332 
 692      4E756D62 
 692      657200
 693              	.LASF28:
 694 01d9 4C43445F 		.ascii	"LCD_PutChar\000"
 694      50757443 
 694      68617200 
 695              	.LASF20:
 696 01e5 4144435F 		.ascii	"ADC_Start\000"
 696      53746172 
 696      7400
 697              	.LASF10:
 698 01ef 696E7433 		.ascii	"int32_t\000"
 698      325F7400 
 699              	.LASF15:
 700 01f7 73697A65 		.ascii	"sizetype\000"
 700      74797065 
 700      00
 701              	.LASF6:
 702 0200 6C6F6E67 		.ascii	"long long int\000"
 702      206C6F6E 
 702      6720696E 
 702      7400
 703              	.LASF31:
 704 020e 6D61696E 		.ascii	"main.c\000"
 704      2E6300
 705              	.LASF14:
 706 0215 63686172 		.ascii	"char\000"
 706      00
 707              	.LASF18:
 708 021a 766F6C74 		.ascii	"volt\000"
 708      00
 709              	.LASF2:
 710 021f 73686F72 		.ascii	"short int\000"
 710      7420696E 
 710      7400
 711              	.LASF4:
 712 0229 6C6F6E67 		.ascii	"long int\000"
 712      20696E74 
 712      00
 713              	.LASF16:
 714 0232 6C6F6E67 		.ascii	"long double\000"
 714      20646F75 
 714      626C6500 
 715              	.LASF0:
 716 023e 7369676E 		.ascii	"signed char\000"
 716      65642063 
 716      68617200 
 717              	.LASF29:
 718 024a 43794465 		.ascii	"CyDelay\000"
ARM GAS  C:\Users\Dell\AppData\Local\Temp\ccaSiHHU.s 			page 16


 718      6C617900 
 719              		.ident	"GCC: (GNU Tools for ARM Embedded Processors) 5.4.1 20160609 (release) [ARM/embedded-5-bran
