ARM GAS  C:\Users\LASER_2\AppData\Local\Temp\ccNUHH2n.s 			page 1


   1              		.syntax unified
   2              		.cpu cortex-m3
   3              		.fpu softvfp
   4              		.eabi_attribute 20, 1
   5              		.eabi_attribute 21, 1
   6              		.eabi_attribute 23, 3
   7              		.eabi_attribute 24, 1
   8              		.eabi_attribute 25, 1
   9              		.eabi_attribute 26, 1
  10              		.eabi_attribute 30, 1
  11              		.eabi_attribute 34, 1
  12              		.eabi_attribute 18, 4
  13              		.thumb
  14              		.syntax unified
  15              		.file	"main.c"
  16              		.text
  17              	.Ltext0:
  18              		.cfi_sections	.debug_frame
  19              		.section	.text.main,"ax",%progbits
  20              		.align	2
  21              		.global	main
  22              		.thumb
  23              		.thumb_func
  24              		.type	main, %function
  25              	main:
  26              	.LFB63:
  27              		.file 1 "main.c"
   1:main.c        **** /* ========================================
   2:main.c        ****  *
   3:main.c        ****  * Copyright YOUR COMPANY, THE YEAR
   4:main.c        ****  * All Rights Reserved
   5:main.c        ****  * UNPUBLISHED, LICENSED SOFTWARE.
   6:main.c        ****  *
   7:main.c        ****  * CONFIDENTIAL AND PROPRIETARY INFORMATION
   8:main.c        ****  * WHICH IS THE PROPERTY OF your company.
   9:main.c        ****  *
  10:main.c        ****  * ========================================
  11:main.c        **** */
  12:main.c        **** #include "project.h"
  13:main.c        **** uint16 count;
  14:main.c        **** uint8 de=1;
  15:main.c        **** /*
  16:main.c        **** CY_ISR(INT_sw){
  17:main.c        ****     switch(sw_Read())
  18:main.c        ****     {
  19:main.c        ****         case 1:
  20:main.c        ****             if(count!=255)count++;
  21:main.c        ****             while(PWM_STATUS_TC==0);
  22:main.c        ****             PWM_WriteCompare(count);
  23:main.c        ****             break;
  24:main.c        ****         case 2:
  25:main.c        ****             if(count!=0)count--;
  26:main.c        ****             while(PWM_STATUS_TC==0);
  27:main.c        ****             PWM_WriteCompare(count);
  28:main.c        ****             break;
  29:main.c        ****             default:
  30:main.c        ****             
ARM GAS  C:\Users\LASER_2\AppData\Local\Temp\ccNUHH2n.s 			page 2


  31:main.c        ****             break;
  32:main.c        ****         }
  33:main.c        ****     sw_ClearInterrupt();
  34:main.c        ****     
  35:main.c        **** }
  36:main.c        ****     */
  37:main.c        **** int main(void)
  38:main.c        **** {
  28              		.loc 1 38 0
  29              		.cfi_startproc
  30              		@ Volatile: function does not return.
  31              		@ args = 0, pretend = 0, frame = 0
  32              		@ frame_needed = 0, uses_anonymous_args = 0
  33 0000 08B5     		push	{r3, lr}
  34              		.cfi_def_cfa_offset 8
  35              		.cfi_offset 3, -8
  36              		.cfi_offset 14, -4
  39:main.c        ****     LCD_Start();
  37              		.loc 1 39 0
  38 0002 FFF7FEFF 		bl	LCD_Start
  39              	.LVL0:
  40:main.c        ****     LCD_Position(0,3);
  40              		.loc 1 40 0
  41 0006 0321     		movs	r1, #3
  42 0008 0020     		movs	r0, #0
  43 000a FFF7FEFF 		bl	LCD_Position
  44              	.LVL1:
  41:main.c        ****     LCD_PrintString("Valor PWM:");
  45              		.loc 1 41 0
  46 000e 1D48     		ldr	r0, .L8
  47 0010 FFF7FEFF 		bl	LCD_PrintString
  48              	.LVL2:
  42:main.c        ****     
  43:main.c        ****     
  44:main.c        ****     CyGlobalIntEnable; /* Enable global interrupts. */
  49              		.loc 1 44 0
  50              		.syntax unified
  51              	@ 44 "main.c" 1
  52 0014 62B6     		CPSIE   i
  53              	@ 0 "" 2
  45:main.c        **** 
  46:main.c        ****     /* Place your initialization/startup code here (e.g. MyInst_Start()) */
  47:main.c        ****     
  48:main.c        ****     PWM_Start();
  54              		.loc 1 48 0
  55              		.thumb
  56              		.syntax unified
  57 0016 FFF7FEFF 		bl	PWM_Start
  58              	.LVL3:
  49:main.c        ****     count=25;
  59              		.loc 1 49 0
  60 001a 1920     		movs	r0, #25
  61 001c 1A4B     		ldr	r3, .L8+4
  62 001e 1880     		strh	r0, [r3]	@ movhi
  50:main.c        ****     PWM_WriteCompare(count);
  63              		.loc 1 50 0
  64 0020 FFF7FEFF 		bl	PWM_WriteCompare
ARM GAS  C:\Users\LASER_2\AppData\Local\Temp\ccNUHH2n.s 			page 3


  65              	.LVL4:
  66              	.L6:
  51:main.c        **** 
  52:main.c        ****     for(;;)
  53:main.c        ****     {
  54:main.c        ****        /* Place your application code here. */
  55:main.c        ****        if (count==745){
  67              		.loc 1 55 0
  68 0024 184B     		ldr	r3, .L8+4
  69 0026 1B88     		ldrh	r3, [r3]
  70 0028 40F2E922 		movw	r2, #745
  71 002c 9342     		cmp	r3, r2
  72 002e 02D1     		bne	.L2
  56:main.c        **** 		de=0;
  73              		.loc 1 56 0
  74 0030 0021     		movs	r1, #0
  75 0032 164A     		ldr	r2, .L8+8
  76 0034 1170     		strb	r1, [r2]
  77              	.L2:
  57:main.c        **** 	}
  58:main.c        **** 	if(count==25){
  78              		.loc 1 58 0
  79 0036 192B     		cmp	r3, #25
  80 0038 02D1     		bne	.L3
  59:main.c        **** 		de=1;
  81              		.loc 1 59 0
  82 003a 0121     		movs	r1, #1
  83 003c 134A     		ldr	r2, .L8+8
  84 003e 1170     		strb	r1, [r2]
  85              	.L3:
  60:main.c        **** 	}
  61:main.c        ****          if(de==1){
  86              		.loc 1 61 0
  87 0040 124A     		ldr	r2, .L8+8
  88 0042 1278     		ldrb	r2, [r2]	@ zero_extendqisi2
  89 0044 012A     		cmp	r2, #1
  90 0046 03D1     		bne	.L4
  62:main.c        ****             count=count+25;
  91              		.loc 1 62 0
  92 0048 1933     		adds	r3, r3, #25
  93 004a 0F4A     		ldr	r2, .L8+4
  94 004c 1380     		strh	r3, [r2]	@ movhi
  95 004e 02E0     		b	.L5
  96              	.L4:
  63:main.c        ****         }else{
  64:main.c        ****             count=count-25;}
  97              		.loc 1 64 0
  98 0050 193B     		subs	r3, r3, #25
  99 0052 0D4A     		ldr	r2, .L8+4
 100 0054 1380     		strh	r3, [r2]	@ movhi
 101              	.L5:
  65:main.c        ****         
  66:main.c        ****             while(PWM_STATUS_TC==0);
  67:main.c        ****             PWM_WriteCompare(count);
 102              		.loc 1 67 0
 103 0056 0C4C     		ldr	r4, .L8+4
 104 0058 2088     		ldrh	r0, [r4]
ARM GAS  C:\Users\LASER_2\AppData\Local\Temp\ccNUHH2n.s 			page 4


 105 005a FFF7FEFF 		bl	PWM_WriteCompare
 106              	.LVL5:
  68:main.c        ****         LCD_Position(1,0);
 107              		.loc 1 68 0
 108 005e 0021     		movs	r1, #0
 109 0060 0120     		movs	r0, #1
 110 0062 FFF7FEFF 		bl	LCD_Position
 111              	.LVL6:
  69:main.c        ****         LCD_PrintString("            ");
 112              		.loc 1 69 0
 113 0066 0A48     		ldr	r0, .L8+12
 114 0068 FFF7FEFF 		bl	LCD_PrintString
 115              	.LVL7:
  70:main.c        ****         LCD_Position(1,0);
 116              		.loc 1 70 0
 117 006c 0021     		movs	r1, #0
 118 006e 0120     		movs	r0, #1
 119 0070 FFF7FEFF 		bl	LCD_Position
 120              	.LVL8:
  71:main.c        ****         LCD_PrintNumber(count);
 121              		.loc 1 71 0
 122 0074 2088     		ldrh	r0, [r4]
 123 0076 FFF7FEFF 		bl	LCD_PrintU32Number
 124              	.LVL9:
  72:main.c        ****             
  73:main.c        ****         CyDelay(1000);
 125              		.loc 1 73 0
 126 007a 4FF47A70 		mov	r0, #1000
 127 007e FFF7FEFF 		bl	CyDelay
 128              	.LVL10:
  74:main.c        ****         
  75:main.c        ****     }
 129              		.loc 1 75 0
 130 0082 CFE7     		b	.L6
 131              	.L9:
 132              		.align	2
 133              	.L8:
 134 0084 00000000 		.word	.LC0
 135 0088 00000000 		.word	count
 136 008c 00000000 		.word	.LANCHOR0
 137 0090 0C000000 		.word	.LC1
 138              		.cfi_endproc
 139              	.LFE63:
 140              		.size	main, .-main
 141              		.global	de
 142              		.comm	count,2,2
 143              		.data
 144              		.set	.LANCHOR0,. + 0
 145              		.type	de, %object
 146              		.size	de, 1
 147              	de:
 148 0000 01       		.byte	1
 149              		.section	.rodata.str1.4,"aMS",%progbits,1
 150              		.align	2
 151              	.LC0:
 152 0000 56616C6F 		.ascii	"Valor PWM:\000"
 152      72205057 
ARM GAS  C:\Users\LASER_2\AppData\Local\Temp\ccNUHH2n.s 			page 5


 152      4D3A00
 153 000b 00       		.space	1
 154              	.LC1:
 155 000c 20202020 		.ascii	"            \000"
 155      20202020 
 155      20202020 
 155      00
 156              		.text
 157              	.Letext0:
 158              		.file 2 "c:\\program files (x86)\\cypress\\psoc creator\\4.2\\psoc creator\\import\\gnu\\arm\\5.4.
 159              		.file 3 "c:\\program files (x86)\\cypress\\psoc creator\\4.2\\psoc creator\\import\\gnu\\arm\\5.4.
 160              		.file 4 "Generated_Source\\PSoC5/cytypes.h"
 161              		.file 5 "Generated_Source\\PSoC5/core_cm3.h"
 162              		.file 6 "Generated_Source\\PSoC5/LCD.h"
 163              		.file 7 "Generated_Source\\PSoC5/PWM.h"
 164              		.file 8 "Generated_Source\\PSoC5/CyLib.h"
 165              		.section	.debug_info,"",%progbits
 166              	.Ldebug_info0:
 167 0000 10020000 		.4byte	0x210
 168 0004 0400     		.2byte	0x4
 169 0006 00000000 		.4byte	.Ldebug_abbrev0
 170 000a 04       		.byte	0x4
 171 000b 01       		.uleb128 0x1
 172 000c 2E000000 		.4byte	.LASF27
 173 0010 0C       		.byte	0xc
 174 0011 D6010000 		.4byte	.LASF28
 175 0015 2F010000 		.4byte	.LASF29
 176 0019 00000000 		.4byte	.Ldebug_ranges0+0
 177 001d 00000000 		.4byte	0
 178 0021 00000000 		.4byte	.Ldebug_line0
 179 0025 02       		.uleb128 0x2
 180 0026 01       		.byte	0x1
 181 0027 06       		.byte	0x6
 182 0028 11020000 		.4byte	.LASF0
 183 002c 02       		.uleb128 0x2
 184 002d 01       		.byte	0x1
 185 002e 08       		.byte	0x8
 186 002f 20000000 		.4byte	.LASF1
 187 0033 02       		.uleb128 0x2
 188 0034 02       		.byte	0x2
 189 0035 05       		.byte	0x5
 190 0036 E8010000 		.4byte	.LASF2
 191 003a 02       		.uleb128 0x2
 192 003b 02       		.byte	0x2
 193 003c 07       		.byte	0x7
 194 003d CE000000 		.4byte	.LASF3
 195 0041 03       		.uleb128 0x3
 196 0042 00000000 		.4byte	.LASF9
 197 0046 02       		.byte	0x2
 198 0047 3F       		.byte	0x3f
 199 0048 4C000000 		.4byte	0x4c
 200 004c 02       		.uleb128 0x2
 201 004d 04       		.byte	0x4
 202 004e 05       		.byte	0x5
 203 004f FC010000 		.4byte	.LASF4
 204 0053 02       		.uleb128 0x2
 205 0054 04       		.byte	0x4
ARM GAS  C:\Users\LASER_2\AppData\Local\Temp\ccNUHH2n.s 			page 6


 206 0055 07       		.byte	0x7
 207 0056 BC000000 		.4byte	.LASF5
 208 005a 02       		.uleb128 0x2
 209 005b 08       		.byte	0x8
 210 005c 05       		.byte	0x5
 211 005d C8010000 		.4byte	.LASF6
 212 0061 02       		.uleb128 0x2
 213 0062 08       		.byte	0x8
 214 0063 07       		.byte	0x7
 215 0064 80010000 		.4byte	.LASF7
 216 0068 04       		.uleb128 0x4
 217 0069 04       		.byte	0x4
 218 006a 05       		.byte	0x5
 219 006b 696E7400 		.ascii	"int\000"
 220 006f 02       		.uleb128 0x2
 221 0070 04       		.byte	0x4
 222 0071 07       		.byte	0x7
 223 0072 22010000 		.4byte	.LASF8
 224 0076 03       		.uleb128 0x3
 225 0077 B7010000 		.4byte	.LASF10
 226 007b 03       		.byte	0x3
 227 007c 2C       		.byte	0x2c
 228 007d 41000000 		.4byte	0x41
 229 0081 05       		.uleb128 0x5
 230 0082 1A000000 		.4byte	.LASF11
 231 0086 04       		.byte	0x4
 232 0087 E401     		.2byte	0x1e4
 233 0089 2C000000 		.4byte	0x2c
 234 008d 05       		.uleb128 0x5
 235 008e 1B010000 		.4byte	.LASF12
 236 0092 04       		.byte	0x4
 237 0093 E501     		.2byte	0x1e5
 238 0095 3A000000 		.4byte	0x3a
 239 0099 02       		.uleb128 0x2
 240 009a 04       		.byte	0x4
 241 009b 04       		.byte	0x4
 242 009c 0A000000 		.4byte	.LASF13
 243 00a0 02       		.uleb128 0x2
 244 00a1 08       		.byte	0x8
 245 00a2 04       		.byte	0x4
 246 00a3 EE000000 		.4byte	.LASF14
 247 00a7 02       		.uleb128 0x2
 248 00a8 01       		.byte	0x1
 249 00a9 08       		.byte	0x8
 250 00aa DD010000 		.4byte	.LASF15
 251 00ae 02       		.uleb128 0x2
 252 00af 08       		.byte	0x8
 253 00b0 04       		.byte	0x4
 254 00b1 05020000 		.4byte	.LASF16
 255 00b5 02       		.uleb128 0x2
 256 00b6 04       		.byte	0x4
 257 00b7 07       		.byte	0x7
 258 00b8 BF010000 		.4byte	.LASF17
 259 00bc 06       		.uleb128 0x6
 260 00bd 06010000 		.4byte	.LASF30
 261 00c1 01       		.byte	0x1
 262 00c2 25       		.byte	0x25
ARM GAS  C:\Users\LASER_2\AppData\Local\Temp\ccNUHH2n.s 			page 7


 263 00c3 68000000 		.4byte	0x68
 264 00c7 00000000 		.4byte	.LFB63
 265 00cb 94000000 		.4byte	.LFE63-.LFB63
 266 00cf 01       		.uleb128 0x1
 267 00d0 9C       		.byte	0x9c
 268 00d1 94010000 		.4byte	0x194
 269 00d5 07       		.uleb128 0x7
 270 00d6 06000000 		.4byte	.LVL0
 271 00da C6010000 		.4byte	0x1c6
 272 00de 08       		.uleb128 0x8
 273 00df 0E000000 		.4byte	.LVL1
 274 00e3 D1010000 		.4byte	0x1d1
 275 00e7 F6000000 		.4byte	0xf6
 276 00eb 09       		.uleb128 0x9
 277 00ec 01       		.uleb128 0x1
 278 00ed 50       		.byte	0x50
 279 00ee 01       		.uleb128 0x1
 280 00ef 30       		.byte	0x30
 281 00f0 09       		.uleb128 0x9
 282 00f1 01       		.uleb128 0x1
 283 00f2 51       		.byte	0x51
 284 00f3 01       		.uleb128 0x1
 285 00f4 33       		.byte	0x33
 286 00f5 00       		.byte	0
 287 00f6 08       		.uleb128 0x8
 288 00f7 14000000 		.4byte	.LVL2
 289 00fb DC010000 		.4byte	0x1dc
 290 00ff 0D010000 		.4byte	0x10d
 291 0103 09       		.uleb128 0x9
 292 0104 01       		.uleb128 0x1
 293 0105 50       		.byte	0x50
 294 0106 05       		.uleb128 0x5
 295 0107 03       		.byte	0x3
 296 0108 00000000 		.4byte	.LC0
 297 010c 00       		.byte	0
 298 010d 07       		.uleb128 0x7
 299 010e 1A000000 		.4byte	.LVL3
 300 0112 E7010000 		.4byte	0x1e7
 301 0116 08       		.uleb128 0x8
 302 0117 24000000 		.4byte	.LVL4
 303 011b F2010000 		.4byte	0x1f2
 304 011f 29010000 		.4byte	0x129
 305 0123 09       		.uleb128 0x9
 306 0124 01       		.uleb128 0x1
 307 0125 50       		.byte	0x50
 308 0126 01       		.uleb128 0x1
 309 0127 49       		.byte	0x49
 310 0128 00       		.byte	0
 311 0129 07       		.uleb128 0x7
 312 012a 5E000000 		.4byte	.LVL5
 313 012e F2010000 		.4byte	0x1f2
 314 0132 08       		.uleb128 0x8
 315 0133 66000000 		.4byte	.LVL6
 316 0137 D1010000 		.4byte	0x1d1
 317 013b 4A010000 		.4byte	0x14a
 318 013f 09       		.uleb128 0x9
 319 0140 01       		.uleb128 0x1
ARM GAS  C:\Users\LASER_2\AppData\Local\Temp\ccNUHH2n.s 			page 8


 320 0141 50       		.byte	0x50
 321 0142 01       		.uleb128 0x1
 322 0143 31       		.byte	0x31
 323 0144 09       		.uleb128 0x9
 324 0145 01       		.uleb128 0x1
 325 0146 51       		.byte	0x51
 326 0147 01       		.uleb128 0x1
 327 0148 30       		.byte	0x30
 328 0149 00       		.byte	0
 329 014a 08       		.uleb128 0x8
 330 014b 6C000000 		.4byte	.LVL7
 331 014f DC010000 		.4byte	0x1dc
 332 0153 61010000 		.4byte	0x161
 333 0157 09       		.uleb128 0x9
 334 0158 01       		.uleb128 0x1
 335 0159 50       		.byte	0x50
 336 015a 05       		.uleb128 0x5
 337 015b 03       		.byte	0x3
 338 015c 0C000000 		.4byte	.LC1
 339 0160 00       		.byte	0
 340 0161 08       		.uleb128 0x8
 341 0162 74000000 		.4byte	.LVL8
 342 0166 D1010000 		.4byte	0x1d1
 343 016a 79010000 		.4byte	0x179
 344 016e 09       		.uleb128 0x9
 345 016f 01       		.uleb128 0x1
 346 0170 50       		.byte	0x50
 347 0171 01       		.uleb128 0x1
 348 0172 31       		.byte	0x31
 349 0173 09       		.uleb128 0x9
 350 0174 01       		.uleb128 0x1
 351 0175 51       		.byte	0x51
 352 0176 01       		.uleb128 0x1
 353 0177 30       		.byte	0x30
 354 0178 00       		.byte	0
 355 0179 07       		.uleb128 0x7
 356 017a 7A000000 		.4byte	.LVL9
 357 017e FD010000 		.4byte	0x1fd
 358 0182 0A       		.uleb128 0xa
 359 0183 82000000 		.4byte	.LVL10
 360 0187 08020000 		.4byte	0x208
 361 018b 09       		.uleb128 0x9
 362 018c 01       		.uleb128 0x1
 363 018d 50       		.byte	0x50
 364 018e 03       		.uleb128 0x3
 365 018f 0A       		.byte	0xa
 366 0190 E803     		.2byte	0x3e8
 367 0192 00       		.byte	0
 368 0193 00       		.byte	0
 369 0194 0B       		.uleb128 0xb
 370 0195 E1000000 		.4byte	.LASF18
 371 0199 05       		.byte	0x5
 372 019a 1207     		.2byte	0x712
 373 019c A0010000 		.4byte	0x1a0
 374 01a0 0C       		.uleb128 0xc
 375 01a1 76000000 		.4byte	0x76
 376 01a5 0D       		.uleb128 0xd
ARM GAS  C:\Users\LASER_2\AppData\Local\Temp\ccNUHH2n.s 			page 9


 377 01a6 E2010000 		.4byte	.LASF19
 378 01aa 01       		.byte	0x1
 379 01ab 0D       		.byte	0xd
 380 01ac 8D000000 		.4byte	0x8d
 381 01b0 05       		.uleb128 0x5
 382 01b1 03       		.byte	0x3
 383 01b2 00000000 		.4byte	count
 384 01b6 0E       		.uleb128 0xe
 385 01b7 646500   		.ascii	"de\000"
 386 01ba 01       		.byte	0x1
 387 01bb 0E       		.byte	0xe
 388 01bc 81000000 		.4byte	0x81
 389 01c0 05       		.uleb128 0x5
 390 01c1 03       		.byte	0x3
 391 01c2 00000000 		.4byte	de
 392 01c6 0F       		.uleb128 0xf
 393 01c7 10000000 		.4byte	.LASF20
 394 01cb 10000000 		.4byte	.LASF20
 395 01cf 06       		.byte	0x6
 396 01d0 38       		.byte	0x38
 397 01d1 0F       		.uleb128 0xf
 398 01d2 97010000 		.4byte	.LASF21
 399 01d6 97010000 		.4byte	.LASF21
 400 01da 06       		.byte	0x6
 401 01db 3D       		.byte	0x3d
 402 01dc 0F       		.uleb128 0xf
 403 01dd 0B010000 		.4byte	.LASF22
 404 01e1 0B010000 		.4byte	.LASF22
 405 01e5 06       		.byte	0x6
 406 01e6 3C       		.byte	0x3c
 407 01e7 0F       		.uleb128 0xf
 408 01e8 F2010000 		.4byte	.LASF23
 409 01ec F2010000 		.4byte	.LASF23
 410 01f0 07       		.byte	0x7
 411 01f1 92       		.byte	0x92
 412 01f2 0F       		.uleb128 0xf
 413 01f3 F5000000 		.4byte	.LASF24
 414 01f7 F5000000 		.4byte	.LASF24
 415 01fb 07       		.byte	0x7
 416 01fc C3       		.byte	0xc3
 417 01fd 0F       		.uleb128 0xf
 418 01fe A4010000 		.4byte	.LASF25
 419 0202 A4010000 		.4byte	.LASF25
 420 0206 06       		.byte	0x6
 421 0207 61       		.byte	0x61
 422 0208 0F       		.uleb128 0xf
 423 0209 1D020000 		.4byte	.LASF26
 424 020d 1D020000 		.4byte	.LASF26
 425 0211 08       		.byte	0x8
 426 0212 76       		.byte	0x76
 427 0213 00       		.byte	0
 428              		.section	.debug_abbrev,"",%progbits
 429              	.Ldebug_abbrev0:
 430 0000 01       		.uleb128 0x1
 431 0001 11       		.uleb128 0x11
 432 0002 01       		.byte	0x1
 433 0003 25       		.uleb128 0x25
ARM GAS  C:\Users\LASER_2\AppData\Local\Temp\ccNUHH2n.s 			page 10


 434 0004 0E       		.uleb128 0xe
 435 0005 13       		.uleb128 0x13
 436 0006 0B       		.uleb128 0xb
 437 0007 03       		.uleb128 0x3
 438 0008 0E       		.uleb128 0xe
 439 0009 1B       		.uleb128 0x1b
 440 000a 0E       		.uleb128 0xe
 441 000b 55       		.uleb128 0x55
 442 000c 17       		.uleb128 0x17
 443 000d 11       		.uleb128 0x11
 444 000e 01       		.uleb128 0x1
 445 000f 10       		.uleb128 0x10
 446 0010 17       		.uleb128 0x17
 447 0011 00       		.byte	0
 448 0012 00       		.byte	0
 449 0013 02       		.uleb128 0x2
 450 0014 24       		.uleb128 0x24
 451 0015 00       		.byte	0
 452 0016 0B       		.uleb128 0xb
 453 0017 0B       		.uleb128 0xb
 454 0018 3E       		.uleb128 0x3e
 455 0019 0B       		.uleb128 0xb
 456 001a 03       		.uleb128 0x3
 457 001b 0E       		.uleb128 0xe
 458 001c 00       		.byte	0
 459 001d 00       		.byte	0
 460 001e 03       		.uleb128 0x3
 461 001f 16       		.uleb128 0x16
 462 0020 00       		.byte	0
 463 0021 03       		.uleb128 0x3
 464 0022 0E       		.uleb128 0xe
 465 0023 3A       		.uleb128 0x3a
 466 0024 0B       		.uleb128 0xb
 467 0025 3B       		.uleb128 0x3b
 468 0026 0B       		.uleb128 0xb
 469 0027 49       		.uleb128 0x49
 470 0028 13       		.uleb128 0x13
 471 0029 00       		.byte	0
 472 002a 00       		.byte	0
 473 002b 04       		.uleb128 0x4
 474 002c 24       		.uleb128 0x24
 475 002d 00       		.byte	0
 476 002e 0B       		.uleb128 0xb
 477 002f 0B       		.uleb128 0xb
 478 0030 3E       		.uleb128 0x3e
 479 0031 0B       		.uleb128 0xb
 480 0032 03       		.uleb128 0x3
 481 0033 08       		.uleb128 0x8
 482 0034 00       		.byte	0
 483 0035 00       		.byte	0
 484 0036 05       		.uleb128 0x5
 485 0037 16       		.uleb128 0x16
 486 0038 00       		.byte	0
 487 0039 03       		.uleb128 0x3
 488 003a 0E       		.uleb128 0xe
 489 003b 3A       		.uleb128 0x3a
 490 003c 0B       		.uleb128 0xb
ARM GAS  C:\Users\LASER_2\AppData\Local\Temp\ccNUHH2n.s 			page 11


 491 003d 3B       		.uleb128 0x3b
 492 003e 05       		.uleb128 0x5
 493 003f 49       		.uleb128 0x49
 494 0040 13       		.uleb128 0x13
 495 0041 00       		.byte	0
 496 0042 00       		.byte	0
 497 0043 06       		.uleb128 0x6
 498 0044 2E       		.uleb128 0x2e
 499 0045 01       		.byte	0x1
 500 0046 3F       		.uleb128 0x3f
 501 0047 19       		.uleb128 0x19
 502 0048 03       		.uleb128 0x3
 503 0049 0E       		.uleb128 0xe
 504 004a 3A       		.uleb128 0x3a
 505 004b 0B       		.uleb128 0xb
 506 004c 3B       		.uleb128 0x3b
 507 004d 0B       		.uleb128 0xb
 508 004e 27       		.uleb128 0x27
 509 004f 19       		.uleb128 0x19
 510 0050 49       		.uleb128 0x49
 511 0051 13       		.uleb128 0x13
 512 0052 8701     		.uleb128 0x87
 513 0054 19       		.uleb128 0x19
 514 0055 11       		.uleb128 0x11
 515 0056 01       		.uleb128 0x1
 516 0057 12       		.uleb128 0x12
 517 0058 06       		.uleb128 0x6
 518 0059 40       		.uleb128 0x40
 519 005a 18       		.uleb128 0x18
 520 005b 9742     		.uleb128 0x2117
 521 005d 19       		.uleb128 0x19
 522 005e 01       		.uleb128 0x1
 523 005f 13       		.uleb128 0x13
 524 0060 00       		.byte	0
 525 0061 00       		.byte	0
 526 0062 07       		.uleb128 0x7
 527 0063 898201   		.uleb128 0x4109
 528 0066 00       		.byte	0
 529 0067 11       		.uleb128 0x11
 530 0068 01       		.uleb128 0x1
 531 0069 31       		.uleb128 0x31
 532 006a 13       		.uleb128 0x13
 533 006b 00       		.byte	0
 534 006c 00       		.byte	0
 535 006d 08       		.uleb128 0x8
 536 006e 898201   		.uleb128 0x4109
 537 0071 01       		.byte	0x1
 538 0072 11       		.uleb128 0x11
 539 0073 01       		.uleb128 0x1
 540 0074 31       		.uleb128 0x31
 541 0075 13       		.uleb128 0x13
 542 0076 01       		.uleb128 0x1
 543 0077 13       		.uleb128 0x13
 544 0078 00       		.byte	0
 545 0079 00       		.byte	0
 546 007a 09       		.uleb128 0x9
 547 007b 8A8201   		.uleb128 0x410a
ARM GAS  C:\Users\LASER_2\AppData\Local\Temp\ccNUHH2n.s 			page 12


 548 007e 00       		.byte	0
 549 007f 02       		.uleb128 0x2
 550 0080 18       		.uleb128 0x18
 551 0081 9142     		.uleb128 0x2111
 552 0083 18       		.uleb128 0x18
 553 0084 00       		.byte	0
 554 0085 00       		.byte	0
 555 0086 0A       		.uleb128 0xa
 556 0087 898201   		.uleb128 0x4109
 557 008a 01       		.byte	0x1
 558 008b 11       		.uleb128 0x11
 559 008c 01       		.uleb128 0x1
 560 008d 31       		.uleb128 0x31
 561 008e 13       		.uleb128 0x13
 562 008f 00       		.byte	0
 563 0090 00       		.byte	0
 564 0091 0B       		.uleb128 0xb
 565 0092 34       		.uleb128 0x34
 566 0093 00       		.byte	0
 567 0094 03       		.uleb128 0x3
 568 0095 0E       		.uleb128 0xe
 569 0096 3A       		.uleb128 0x3a
 570 0097 0B       		.uleb128 0xb
 571 0098 3B       		.uleb128 0x3b
 572 0099 05       		.uleb128 0x5
 573 009a 49       		.uleb128 0x49
 574 009b 13       		.uleb128 0x13
 575 009c 3F       		.uleb128 0x3f
 576 009d 19       		.uleb128 0x19
 577 009e 3C       		.uleb128 0x3c
 578 009f 19       		.uleb128 0x19
 579 00a0 00       		.byte	0
 580 00a1 00       		.byte	0
 581 00a2 0C       		.uleb128 0xc
 582 00a3 35       		.uleb128 0x35
 583 00a4 00       		.byte	0
 584 00a5 49       		.uleb128 0x49
 585 00a6 13       		.uleb128 0x13
 586 00a7 00       		.byte	0
 587 00a8 00       		.byte	0
 588 00a9 0D       		.uleb128 0xd
 589 00aa 34       		.uleb128 0x34
 590 00ab 00       		.byte	0
 591 00ac 03       		.uleb128 0x3
 592 00ad 0E       		.uleb128 0xe
 593 00ae 3A       		.uleb128 0x3a
 594 00af 0B       		.uleb128 0xb
 595 00b0 3B       		.uleb128 0x3b
 596 00b1 0B       		.uleb128 0xb
 597 00b2 49       		.uleb128 0x49
 598 00b3 13       		.uleb128 0x13
 599 00b4 3F       		.uleb128 0x3f
 600 00b5 19       		.uleb128 0x19
 601 00b6 02       		.uleb128 0x2
 602 00b7 18       		.uleb128 0x18
 603 00b8 00       		.byte	0
 604 00b9 00       		.byte	0
ARM GAS  C:\Users\LASER_2\AppData\Local\Temp\ccNUHH2n.s 			page 13


 605 00ba 0E       		.uleb128 0xe
 606 00bb 34       		.uleb128 0x34
 607 00bc 00       		.byte	0
 608 00bd 03       		.uleb128 0x3
 609 00be 08       		.uleb128 0x8
 610 00bf 3A       		.uleb128 0x3a
 611 00c0 0B       		.uleb128 0xb
 612 00c1 3B       		.uleb128 0x3b
 613 00c2 0B       		.uleb128 0xb
 614 00c3 49       		.uleb128 0x49
 615 00c4 13       		.uleb128 0x13
 616 00c5 3F       		.uleb128 0x3f
 617 00c6 19       		.uleb128 0x19
 618 00c7 02       		.uleb128 0x2
 619 00c8 18       		.uleb128 0x18
 620 00c9 00       		.byte	0
 621 00ca 00       		.byte	0
 622 00cb 0F       		.uleb128 0xf
 623 00cc 2E       		.uleb128 0x2e
 624 00cd 00       		.byte	0
 625 00ce 3F       		.uleb128 0x3f
 626 00cf 19       		.uleb128 0x19
 627 00d0 3C       		.uleb128 0x3c
 628 00d1 19       		.uleb128 0x19
 629 00d2 6E       		.uleb128 0x6e
 630 00d3 0E       		.uleb128 0xe
 631 00d4 03       		.uleb128 0x3
 632 00d5 0E       		.uleb128 0xe
 633 00d6 3A       		.uleb128 0x3a
 634 00d7 0B       		.uleb128 0xb
 635 00d8 3B       		.uleb128 0x3b
 636 00d9 0B       		.uleb128 0xb
 637 00da 00       		.byte	0
 638 00db 00       		.byte	0
 639 00dc 00       		.byte	0
 640              		.section	.debug_aranges,"",%progbits
 641 0000 1C000000 		.4byte	0x1c
 642 0004 0200     		.2byte	0x2
 643 0006 00000000 		.4byte	.Ldebug_info0
 644 000a 04       		.byte	0x4
 645 000b 00       		.byte	0
 646 000c 0000     		.2byte	0
 647 000e 0000     		.2byte	0
 648 0010 00000000 		.4byte	.LFB63
 649 0014 94000000 		.4byte	.LFE63-.LFB63
 650 0018 00000000 		.4byte	0
 651 001c 00000000 		.4byte	0
 652              		.section	.debug_ranges,"",%progbits
 653              	.Ldebug_ranges0:
 654 0000 00000000 		.4byte	.LFB63
 655 0004 94000000 		.4byte	.LFE63
 656 0008 00000000 		.4byte	0
 657 000c 00000000 		.4byte	0
 658              		.section	.debug_line,"",%progbits
 659              	.Ldebug_line0:
 660 0000 93010000 		.section	.debug_str,"MS",%progbits,1
 660      02006901 
ARM GAS  C:\Users\LASER_2\AppData\Local\Temp\ccNUHH2n.s 			page 14


 660      00000201 
 660      FB0E0D00 
 660      01010101 
 661              	.LASF9:
 662 0000 5F5F696E 		.ascii	"__int32_t\000"
 662      7433325F 
 662      7400
 663              	.LASF13:
 664 000a 666C6F61 		.ascii	"float\000"
 664      7400
 665              	.LASF20:
 666 0010 4C43445F 		.ascii	"LCD_Start\000"
 666      53746172 
 666      7400
 667              	.LASF11:
 668 001a 75696E74 		.ascii	"uint8\000"
 668      3800
 669              	.LASF1:
 670 0020 756E7369 		.ascii	"unsigned char\000"
 670      676E6564 
 670      20636861 
 670      7200
 671              	.LASF27:
 672 002e 474E5520 		.ascii	"GNU C11 5.4.1 20160609 (release) [ARM/embedded-5-br"
 672      43313120 
 672      352E342E 
 672      31203230 
 672      31363036 
 673 0061 616E6368 		.ascii	"anch revision 237715] -mcpu=cortex-m3 -mthumb -g -O"
 673      20726576 
 673      6973696F 
 673      6E203233 
 673      37373135 
 674 0094 67202D66 		.ascii	"g -ffunction-sections -ffat-lto-objects\000"
 674      66756E63 
 674      74696F6E 
 674      2D736563 
 674      74696F6E 
 675              	.LASF5:
 676 00bc 6C6F6E67 		.ascii	"long unsigned int\000"
 676      20756E73 
 676      69676E65 
 676      6420696E 
 676      7400
 677              	.LASF3:
 678 00ce 73686F72 		.ascii	"short unsigned int\000"
 678      7420756E 
 678      7369676E 
 678      65642069 
 678      6E7400
 679              	.LASF18:
 680 00e1 49544D5F 		.ascii	"ITM_RxBuffer\000"
 680      52784275 
 680      66666572 
 680      00
 681              	.LASF14:
 682 00ee 646F7562 		.ascii	"double\000"
ARM GAS  C:\Users\LASER_2\AppData\Local\Temp\ccNUHH2n.s 			page 15


 682      6C6500
 683              	.LASF24:
 684 00f5 50574D5F 		.ascii	"PWM_WriteCompare\000"
 684      57726974 
 684      65436F6D 
 684      70617265 
 684      00
 685              	.LASF30:
 686 0106 6D61696E 		.ascii	"main\000"
 686      00
 687              	.LASF22:
 688 010b 4C43445F 		.ascii	"LCD_PrintString\000"
 688      5072696E 
 688      74537472 
 688      696E6700 
 689              	.LASF12:
 690 011b 75696E74 		.ascii	"uint16\000"
 690      313600
 691              	.LASF8:
 692 0122 756E7369 		.ascii	"unsigned int\000"
 692      676E6564 
 692      20696E74 
 692      00
 693              	.LASF29:
 694 012f 433A5C55 		.ascii	"C:\\Users\\LASER_2\\Documents\\PSoC Creator\\ejempl"
 694      73657273 
 694      5C4C4153 
 694      45525F32 
 694      5C446F63 
 695 015d 6F5F7073 		.ascii	"o_psoc_5\\TIMER\\Dimer con PWM.cydsn\000"
 695      6F635F35 
 695      5C54494D 
 695      45525C44 
 695      696D6572 
 696              	.LASF7:
 697 0180 6C6F6E67 		.ascii	"long long unsigned int\000"
 697      206C6F6E 
 697      6720756E 
 697      7369676E 
 697      65642069 
 698              	.LASF21:
 699 0197 4C43445F 		.ascii	"LCD_Position\000"
 699      506F7369 
 699      74696F6E 
 699      00
 700              	.LASF25:
 701 01a4 4C43445F 		.ascii	"LCD_PrintU32Number\000"
 701      5072696E 
 701      74553332 
 701      4E756D62 
 701      657200
 702              	.LASF10:
 703 01b7 696E7433 		.ascii	"int32_t\000"
 703      325F7400 
 704              	.LASF17:
 705 01bf 73697A65 		.ascii	"sizetype\000"
 705      74797065 
ARM GAS  C:\Users\LASER_2\AppData\Local\Temp\ccNUHH2n.s 			page 16


 705      00
 706              	.LASF6:
 707 01c8 6C6F6E67 		.ascii	"long long int\000"
 707      206C6F6E 
 707      6720696E 
 707      7400
 708              	.LASF28:
 709 01d6 6D61696E 		.ascii	"main.c\000"
 709      2E6300
 710              	.LASF15:
 711 01dd 63686172 		.ascii	"char\000"
 711      00
 712              	.LASF19:
 713 01e2 636F756E 		.ascii	"count\000"
 713      7400
 714              	.LASF2:
 715 01e8 73686F72 		.ascii	"short int\000"
 715      7420696E 
 715      7400
 716              	.LASF23:
 717 01f2 50574D5F 		.ascii	"PWM_Start\000"
 717      53746172 
 717      7400
 718              	.LASF4:
 719 01fc 6C6F6E67 		.ascii	"long int\000"
 719      20696E74 
 719      00
 720              	.LASF16:
 721 0205 6C6F6E67 		.ascii	"long double\000"
 721      20646F75 
 721      626C6500 
 722              	.LASF0:
 723 0211 7369676E 		.ascii	"signed char\000"
 723      65642063 
 723      68617200 
 724              	.LASF26:
 725 021d 43794465 		.ascii	"CyDelay\000"
 725      6C617900 
 726              		.ident	"GCC: (GNU Tools for ARM Embedded Processors) 5.4.1 20160609 (release) [ARM/embedded-5-bran
