ARM GAS  C:\Users\NICOLA~1\AppData\Local\Temp\cci8I5b8.s 			page 1


   1              		.syntax unified
   2              		.cpu cortex-m3
   3              		.fpu softvfp
   4              		.eabi_attribute 20, 1
   5              		.eabi_attribute 21, 1
   6              		.eabi_attribute 23, 3
   7              		.eabi_attribute 24, 1
   8              		.eabi_attribute 25, 1
   9              		.eabi_attribute 26, 1
  10              		.eabi_attribute 30, 1
  11              		.eabi_attribute 34, 1
  12              		.eabi_attribute 18, 4
  13              		.thumb
  14              		.syntax unified
  15              		.file	"main.c"
  16              		.text
  17              	.Ltext0:
  18              		.cfi_sections	.debug_frame
  19              		.section	.text.main,"ax",%progbits
  20              		.align	2
  21              		.global	main
  22              		.thumb
  23              		.thumb_func
  24              		.type	main, %function
  25              	main:
  26              	.LFB63:
  27              		.file 1 "main.c"
   1:main.c        **** /* ========================================
   2:main.c        ****  *
   3:main.c        ****  * Copyright YOUR COMPANY, THE YEAR
   4:main.c        ****  * All Rights Reserved
   5:main.c        ****  * UNPUBLISHED, LICENSED SOFTWARE.
   6:main.c        ****  *
   7:main.c        ****  * CONFIDENTIAL AND PROPRIETARY INFORMATION
   8:main.c        ****  * WHICH IS THE PROPERTY OF your company.
   9:main.c        ****  *
  10:main.c        ****  * ========================================
  11:main.c        **** */
  12:main.c        **** #include "project.h"
  13:main.c        **** 
  14:main.c        **** int main(void)
  15:main.c        **** {
  28              		.loc 1 15 0
  29              		.cfi_startproc
  30              		@ Volatile: function does not return.
  31              		@ args = 0, pretend = 0, frame = 0
  32              		@ frame_needed = 0, uses_anonymous_args = 0
  33 0000 08B5     		push	{r3, lr}
  34              		.cfi_def_cfa_offset 8
  35              		.cfi_offset 3, -8
  36              		.cfi_offset 14, -4
  16:main.c        ****     //CyGlobalIntEnable; /* Enable global interrupts. */
  17:main.c        **** 
  18:main.c        ****     /* Place your initialization/startup code here (e.g. MyInst_Start()) */
  19:main.c        ****     Timer_1_Start();
  37              		.loc 1 19 0
  38 0002 FFF7FEFF 		bl	Timer_1_Start
ARM GAS  C:\Users\NICOLA~1\AppData\Local\Temp\cci8I5b8.s 			page 2


  39              	.LVL0:
  20:main.c        ****     Timer_2_Start();
  40              		.loc 1 20 0
  41 0006 FFF7FEFF 		bl	Timer_2_Start
  42              	.LVL1:
  43              	.L2:
  21:main.c        ****     
  22:main.c        ****     for(;;)
  23:main.c        ****     {
  24:main.c        ****         /* Place your application code here. */
  25:main.c        ****         while((Timer_2_ReadStatusRegister()&0x80)==0);
  44              		.loc 1 25 0 discriminator 1
  45 000a FFF7FEFF 		bl	Timer_2_ReadStatusRegister
  46              	.LVL2:
  47 000e 10F0800F 		tst	r0, #128
  48 0012 FAD0     		beq	.L2
  26:main.c        ****         LED2_Write(~LED2_Read());
  49              		.loc 1 26 0
  50 0014 FFF7FEFF 		bl	LED2_Read
  51              	.LVL3:
  52 0018 C043     		mvns	r0, r0
  53 001a C0B2     		uxtb	r0, r0
  54 001c FFF7FEFF 		bl	LED2_Write
  55              	.LVL4:
  27:main.c        ****         
  28:main.c        ****     }
  56              		.loc 1 28 0
  57 0020 F3E7     		b	.L2
  58              		.cfi_endproc
  59              	.LFE63:
  60              		.size	main, .-main
  61 0022 00BF     		.text
  62              	.Letext0:
  63              		.file 2 "c:\\program files (x86)\\cypress\\psoc creator\\4.2\\psoc creator\\import\\gnu\\arm\\5.4.
  64              		.file 3 "c:\\program files (x86)\\cypress\\psoc creator\\4.2\\psoc creator\\import\\gnu\\arm\\5.4.
  65              		.file 4 "Generated_Source\\PSoC5/Timer_1.h"
  66              		.file 5 "Generated_Source\\PSoC5/Timer_2.h"
  67              		.file 6 "Generated_Source\\PSoC5/LED2.h"
  68              		.file 7 "Generated_Source\\PSoC5/core_cm3.h"
  69              		.section	.debug_info,"",%progbits
  70              	.Ldebug_info0:
  71 0000 30010000 		.4byte	0x130
  72 0004 0400     		.2byte	0x4
  73 0006 00000000 		.4byte	.Ldebug_abbrev0
  74 000a 04       		.byte	0x4
  75 000b 01       		.uleb128 0x1
  76 000c 60000000 		.4byte	.LASF21
  77 0010 0C       		.byte	0xc
  78 0011 49000000 		.4byte	.LASF22
  79 0015 17010000 		.4byte	.LASF23
  80 0019 00000000 		.4byte	.Ldebug_ranges0+0
  81 001d 00000000 		.4byte	0
  82 0021 00000000 		.4byte	.Ldebug_line0
  83 0025 02       		.uleb128 0x2
  84 0026 01       		.byte	0x1
  85 0027 06       		.byte	0x6
  86 0028 B1010000 		.4byte	.LASF0
ARM GAS  C:\Users\NICOLA~1\AppData\Local\Temp\cci8I5b8.s 			page 3


  87 002c 02       		.uleb128 0x2
  88 002d 01       		.byte	0x1
  89 002e 08       		.byte	0x8
  90 002f 73010000 		.4byte	.LASF1
  91 0033 02       		.uleb128 0x2
  92 0034 02       		.byte	0x2
  93 0035 05       		.byte	0x5
  94 0036 D9010000 		.4byte	.LASF2
  95 003a 02       		.uleb128 0x2
  96 003b 02       		.byte	0x2
  97 003c 07       		.byte	0x7
  98 003d 0E000000 		.4byte	.LASF3
  99 0041 03       		.uleb128 0x3
 100 0042 C9010000 		.4byte	.LASF9
 101 0046 02       		.byte	0x2
 102 0047 3F       		.byte	0x3f
 103 0048 4C000000 		.4byte	0x4c
 104 004c 02       		.uleb128 0x2
 105 004d 04       		.byte	0x4
 106 004e 05       		.byte	0x5
 107 004f 86010000 		.4byte	.LASF4
 108 0053 02       		.uleb128 0x2
 109 0054 04       		.byte	0x4
 110 0055 07       		.byte	0x7
 111 0056 EE000000 		.4byte	.LASF5
 112 005a 02       		.uleb128 0x2
 113 005b 08       		.byte	0x8
 114 005c 05       		.byte	0x5
 115 005d 00000000 		.4byte	.LASF6
 116 0061 02       		.uleb128 0x2
 117 0062 08       		.byte	0x8
 118 0063 07       		.byte	0x7
 119 0064 00010000 		.4byte	.LASF7
 120 0068 04       		.uleb128 0x4
 121 0069 04       		.byte	0x4
 122 006a 05       		.byte	0x5
 123 006b 696E7400 		.ascii	"int\000"
 124 006f 02       		.uleb128 0x2
 125 0070 04       		.byte	0x4
 126 0071 07       		.byte	0x7
 127 0072 21000000 		.4byte	.LASF8
 128 0076 03       		.uleb128 0x3
 129 0077 E3010000 		.4byte	.LASF10
 130 007b 03       		.byte	0x3
 131 007c 2C       		.byte	0x2c
 132 007d 41000000 		.4byte	0x41
 133 0081 02       		.uleb128 0x2
 134 0082 04       		.byte	0x4
 135 0083 04       		.byte	0x4
 136 0084 D3010000 		.4byte	.LASF11
 137 0088 02       		.uleb128 0x2
 138 0089 08       		.byte	0x8
 139 008a 04       		.byte	0x4
 140 008b 8F010000 		.4byte	.LASF12
 141 008f 02       		.uleb128 0x2
 142 0090 01       		.byte	0x1
 143 0091 08       		.byte	0x8
ARM GAS  C:\Users\NICOLA~1\AppData\Local\Temp\cci8I5b8.s 			page 4


 144 0092 81010000 		.4byte	.LASF13
 145 0096 02       		.uleb128 0x2
 146 0097 08       		.byte	0x8
 147 0098 04       		.byte	0x4
 148 0099 BD010000 		.4byte	.LASF14
 149 009d 02       		.uleb128 0x2
 150 009e 04       		.byte	0x4
 151 009f 07       		.byte	0x7
 152 00a0 EB010000 		.4byte	.LASF15
 153 00a4 05       		.uleb128 0x5
 154 00a5 50000000 		.4byte	.LASF24
 155 00a9 01       		.byte	0x1
 156 00aa 0E       		.byte	0xe
 157 00ab 68000000 		.4byte	0x68
 158 00af 00000000 		.4byte	.LFB63
 159 00b3 22000000 		.4byte	.LFE63-.LFB63
 160 00b7 01       		.uleb128 0x1
 161 00b8 9C       		.byte	0x9c
 162 00b9 EB000000 		.4byte	0xeb
 163 00bd 06       		.uleb128 0x6
 164 00be 06000000 		.4byte	.LVL0
 165 00c2 FC000000 		.4byte	0xfc
 166 00c6 06       		.uleb128 0x6
 167 00c7 0A000000 		.4byte	.LVL1
 168 00cb 07010000 		.4byte	0x107
 169 00cf 06       		.uleb128 0x6
 170 00d0 0E000000 		.4byte	.LVL2
 171 00d4 12010000 		.4byte	0x112
 172 00d8 06       		.uleb128 0x6
 173 00d9 18000000 		.4byte	.LVL3
 174 00dd 1D010000 		.4byte	0x11d
 175 00e1 06       		.uleb128 0x6
 176 00e2 20000000 		.4byte	.LVL4
 177 00e6 28010000 		.4byte	0x128
 178 00ea 00       		.byte	0
 179 00eb 07       		.uleb128 0x7
 180 00ec A4010000 		.4byte	.LASF25
 181 00f0 07       		.byte	0x7
 182 00f1 1207     		.2byte	0x712
 183 00f3 F7000000 		.4byte	0xf7
 184 00f7 08       		.uleb128 0x8
 185 00f8 76000000 		.4byte	0x76
 186 00fc 09       		.uleb128 0x9
 187 00fd 65010000 		.4byte	.LASF16
 188 0101 65010000 		.4byte	.LASF16
 189 0105 04       		.byte	0x4
 190 0106 5A       		.byte	0x5a
 191 0107 09       		.uleb128 0x9
 192 0108 96010000 		.4byte	.LASF17
 193 010c 96010000 		.4byte	.LASF17
 194 0110 05       		.byte	0x5
 195 0111 5A       		.byte	0x5a
 196 0112 09       		.uleb128 0x9
 197 0113 2E000000 		.4byte	.LASF18
 198 0117 2E000000 		.4byte	.LASF18
 199 011b 05       		.byte	0x5
 200 011c 5E       		.byte	0x5e
ARM GAS  C:\Users\NICOLA~1\AppData\Local\Temp\cci8I5b8.s 			page 5


 201 011d 09       		.uleb128 0x9
 202 011e 5B010000 		.4byte	.LASF19
 203 0122 5B010000 		.4byte	.LASF19
 204 0126 06       		.byte	0x6
 205 0127 29       		.byte	0x29
 206 0128 09       		.uleb128 0x9
 207 0129 55000000 		.4byte	.LASF20
 208 012d 55000000 		.4byte	.LASF20
 209 0131 06       		.byte	0x6
 210 0132 26       		.byte	0x26
 211 0133 00       		.byte	0
 212              		.section	.debug_abbrev,"",%progbits
 213              	.Ldebug_abbrev0:
 214 0000 01       		.uleb128 0x1
 215 0001 11       		.uleb128 0x11
 216 0002 01       		.byte	0x1
 217 0003 25       		.uleb128 0x25
 218 0004 0E       		.uleb128 0xe
 219 0005 13       		.uleb128 0x13
 220 0006 0B       		.uleb128 0xb
 221 0007 03       		.uleb128 0x3
 222 0008 0E       		.uleb128 0xe
 223 0009 1B       		.uleb128 0x1b
 224 000a 0E       		.uleb128 0xe
 225 000b 55       		.uleb128 0x55
 226 000c 17       		.uleb128 0x17
 227 000d 11       		.uleb128 0x11
 228 000e 01       		.uleb128 0x1
 229 000f 10       		.uleb128 0x10
 230 0010 17       		.uleb128 0x17
 231 0011 00       		.byte	0
 232 0012 00       		.byte	0
 233 0013 02       		.uleb128 0x2
 234 0014 24       		.uleb128 0x24
 235 0015 00       		.byte	0
 236 0016 0B       		.uleb128 0xb
 237 0017 0B       		.uleb128 0xb
 238 0018 3E       		.uleb128 0x3e
 239 0019 0B       		.uleb128 0xb
 240 001a 03       		.uleb128 0x3
 241 001b 0E       		.uleb128 0xe
 242 001c 00       		.byte	0
 243 001d 00       		.byte	0
 244 001e 03       		.uleb128 0x3
 245 001f 16       		.uleb128 0x16
 246 0020 00       		.byte	0
 247 0021 03       		.uleb128 0x3
 248 0022 0E       		.uleb128 0xe
 249 0023 3A       		.uleb128 0x3a
 250 0024 0B       		.uleb128 0xb
 251 0025 3B       		.uleb128 0x3b
 252 0026 0B       		.uleb128 0xb
 253 0027 49       		.uleb128 0x49
 254 0028 13       		.uleb128 0x13
 255 0029 00       		.byte	0
 256 002a 00       		.byte	0
 257 002b 04       		.uleb128 0x4
ARM GAS  C:\Users\NICOLA~1\AppData\Local\Temp\cci8I5b8.s 			page 6


 258 002c 24       		.uleb128 0x24
 259 002d 00       		.byte	0
 260 002e 0B       		.uleb128 0xb
 261 002f 0B       		.uleb128 0xb
 262 0030 3E       		.uleb128 0x3e
 263 0031 0B       		.uleb128 0xb
 264 0032 03       		.uleb128 0x3
 265 0033 08       		.uleb128 0x8
 266 0034 00       		.byte	0
 267 0035 00       		.byte	0
 268 0036 05       		.uleb128 0x5
 269 0037 2E       		.uleb128 0x2e
 270 0038 01       		.byte	0x1
 271 0039 3F       		.uleb128 0x3f
 272 003a 19       		.uleb128 0x19
 273 003b 03       		.uleb128 0x3
 274 003c 0E       		.uleb128 0xe
 275 003d 3A       		.uleb128 0x3a
 276 003e 0B       		.uleb128 0xb
 277 003f 3B       		.uleb128 0x3b
 278 0040 0B       		.uleb128 0xb
 279 0041 27       		.uleb128 0x27
 280 0042 19       		.uleb128 0x19
 281 0043 49       		.uleb128 0x49
 282 0044 13       		.uleb128 0x13
 283 0045 8701     		.uleb128 0x87
 284 0047 19       		.uleb128 0x19
 285 0048 11       		.uleb128 0x11
 286 0049 01       		.uleb128 0x1
 287 004a 12       		.uleb128 0x12
 288 004b 06       		.uleb128 0x6
 289 004c 40       		.uleb128 0x40
 290 004d 18       		.uleb128 0x18
 291 004e 9742     		.uleb128 0x2117
 292 0050 19       		.uleb128 0x19
 293 0051 01       		.uleb128 0x1
 294 0052 13       		.uleb128 0x13
 295 0053 00       		.byte	0
 296 0054 00       		.byte	0
 297 0055 06       		.uleb128 0x6
 298 0056 898201   		.uleb128 0x4109
 299 0059 00       		.byte	0
 300 005a 11       		.uleb128 0x11
 301 005b 01       		.uleb128 0x1
 302 005c 31       		.uleb128 0x31
 303 005d 13       		.uleb128 0x13
 304 005e 00       		.byte	0
 305 005f 00       		.byte	0
 306 0060 07       		.uleb128 0x7
 307 0061 34       		.uleb128 0x34
 308 0062 00       		.byte	0
 309 0063 03       		.uleb128 0x3
 310 0064 0E       		.uleb128 0xe
 311 0065 3A       		.uleb128 0x3a
 312 0066 0B       		.uleb128 0xb
 313 0067 3B       		.uleb128 0x3b
 314 0068 05       		.uleb128 0x5
ARM GAS  C:\Users\NICOLA~1\AppData\Local\Temp\cci8I5b8.s 			page 7


 315 0069 49       		.uleb128 0x49
 316 006a 13       		.uleb128 0x13
 317 006b 3F       		.uleb128 0x3f
 318 006c 19       		.uleb128 0x19
 319 006d 3C       		.uleb128 0x3c
 320 006e 19       		.uleb128 0x19
 321 006f 00       		.byte	0
 322 0070 00       		.byte	0
 323 0071 08       		.uleb128 0x8
 324 0072 35       		.uleb128 0x35
 325 0073 00       		.byte	0
 326 0074 49       		.uleb128 0x49
 327 0075 13       		.uleb128 0x13
 328 0076 00       		.byte	0
 329 0077 00       		.byte	0
 330 0078 09       		.uleb128 0x9
 331 0079 2E       		.uleb128 0x2e
 332 007a 00       		.byte	0
 333 007b 3F       		.uleb128 0x3f
 334 007c 19       		.uleb128 0x19
 335 007d 3C       		.uleb128 0x3c
 336 007e 19       		.uleb128 0x19
 337 007f 6E       		.uleb128 0x6e
 338 0080 0E       		.uleb128 0xe
 339 0081 03       		.uleb128 0x3
 340 0082 0E       		.uleb128 0xe
 341 0083 3A       		.uleb128 0x3a
 342 0084 0B       		.uleb128 0xb
 343 0085 3B       		.uleb128 0x3b
 344 0086 0B       		.uleb128 0xb
 345 0087 00       		.byte	0
 346 0088 00       		.byte	0
 347 0089 00       		.byte	0
 348              		.section	.debug_aranges,"",%progbits
 349 0000 1C000000 		.4byte	0x1c
 350 0004 0200     		.2byte	0x2
 351 0006 00000000 		.4byte	.Ldebug_info0
 352 000a 04       		.byte	0x4
 353 000b 00       		.byte	0
 354 000c 0000     		.2byte	0
 355 000e 0000     		.2byte	0
 356 0010 00000000 		.4byte	.LFB63
 357 0014 22000000 		.4byte	.LFE63-.LFB63
 358 0018 00000000 		.4byte	0
 359 001c 00000000 		.4byte	0
 360              		.section	.debug_ranges,"",%progbits
 361              	.Ldebug_ranges0:
 362 0000 00000000 		.4byte	.LFB63
 363 0004 22000000 		.4byte	.LFE63
 364 0008 00000000 		.4byte	0
 365 000c 00000000 		.4byte	0
 366              		.section	.debug_line,"",%progbits
 367              	.Ldebug_line0:
 368 0000 81010000 		.section	.debug_str,"MS",%progbits,1
 368      02006301 
 368      00000201 
 368      FB0E0D00 
ARM GAS  C:\Users\NICOLA~1\AppData\Local\Temp\cci8I5b8.s 			page 8


 368      01010101 
 369              	.LASF6:
 370 0000 6C6F6E67 		.ascii	"long long int\000"
 370      206C6F6E 
 370      6720696E 
 370      7400
 371              	.LASF3:
 372 000e 73686F72 		.ascii	"short unsigned int\000"
 372      7420756E 
 372      7369676E 
 372      65642069 
 372      6E7400
 373              	.LASF8:
 374 0021 756E7369 		.ascii	"unsigned int\000"
 374      676E6564 
 374      20696E74 
 374      00
 375              	.LASF18:
 376 002e 54696D65 		.ascii	"Timer_2_ReadStatusRegister\000"
 376      725F325F 
 376      52656164 
 376      53746174 
 376      75735265 
 377              	.LASF22:
 378 0049 6D61696E 		.ascii	"main.c\000"
 378      2E6300
 379              	.LASF24:
 380 0050 6D61696E 		.ascii	"main\000"
 380      00
 381              	.LASF20:
 382 0055 4C454432 		.ascii	"LED2_Write\000"
 382      5F577269 
 382      746500
 383              	.LASF21:
 384 0060 474E5520 		.ascii	"GNU C11 5.4.1 20160609 (release) [ARM/embedded-5-br"
 384      43313120 
 384      352E342E 
 384      31203230 
 384      31363036 
 385 0093 616E6368 		.ascii	"anch revision 237715] -mcpu=cortex-m3 -mthumb -g -O"
 385      20726576 
 385      6973696F 
 385      6E203233 
 385      37373135 
 386 00c6 67202D66 		.ascii	"g -ffunction-sections -ffat-lto-objects\000"
 386      66756E63 
 386      74696F6E 
 386      2D736563 
 386      74696F6E 
 387              	.LASF5:
 388 00ee 6C6F6E67 		.ascii	"long unsigned int\000"
 388      20756E73 
 388      69676E65 
 388      6420696E 
 388      7400
 389              	.LASF7:
 390 0100 6C6F6E67 		.ascii	"long long unsigned int\000"
ARM GAS  C:\Users\NICOLA~1\AppData\Local\Temp\cci8I5b8.s 			page 9


 390      206C6F6E 
 390      6720756E 
 390      7369676E 
 390      65642069 
 391              	.LASF23:
 392 0117 433A5C55 		.ascii	"C:\\Users\\Nicolas Zamora\\Documents\\PSoC Creator\\"
 392      73657273 
 392      5C4E6963 
 392      6F6C6173 
 392      205A616D 
 393 0146 54696D65 		.ascii	"Timer\\Design01.cydsn\000"
 393      725C4465 
 393      7369676E 
 393      30312E63 
 393      7964736E 
 394              	.LASF19:
 395 015b 4C454432 		.ascii	"LED2_Read\000"
 395      5F526561 
 395      6400
 396              	.LASF16:
 397 0165 54696D65 		.ascii	"Timer_1_Start\000"
 397      725F315F 
 397      53746172 
 397      7400
 398              	.LASF1:
 399 0173 756E7369 		.ascii	"unsigned char\000"
 399      676E6564 
 399      20636861 
 399      7200
 400              	.LASF13:
 401 0181 63686172 		.ascii	"char\000"
 401      00
 402              	.LASF4:
 403 0186 6C6F6E67 		.ascii	"long int\000"
 403      20696E74 
 403      00
 404              	.LASF12:
 405 018f 646F7562 		.ascii	"double\000"
 405      6C6500
 406              	.LASF17:
 407 0196 54696D65 		.ascii	"Timer_2_Start\000"
 407      725F325F 
 407      53746172 
 407      7400
 408              	.LASF25:
 409 01a4 49544D5F 		.ascii	"ITM_RxBuffer\000"
 409      52784275 
 409      66666572 
 409      00
 410              	.LASF0:
 411 01b1 7369676E 		.ascii	"signed char\000"
 411      65642063 
 411      68617200 
 412              	.LASF14:
 413 01bd 6C6F6E67 		.ascii	"long double\000"
 413      20646F75 
 413      626C6500 
ARM GAS  C:\Users\NICOLA~1\AppData\Local\Temp\cci8I5b8.s 			page 10


 414              	.LASF9:
 415 01c9 5F5F696E 		.ascii	"__int32_t\000"
 415      7433325F 
 415      7400
 416              	.LASF11:
 417 01d3 666C6F61 		.ascii	"float\000"
 417      7400
 418              	.LASF2:
 419 01d9 73686F72 		.ascii	"short int\000"
 419      7420696E 
 419      7400
 420              	.LASF10:
 421 01e3 696E7433 		.ascii	"int32_t\000"
 421      325F7400 
 422              	.LASF15:
 423 01eb 73697A65 		.ascii	"sizetype\000"
 423      74797065 
 423      00
 424              		.ident	"GCC: (GNU Tools for ARM Embedded Processors) 5.4.1 20160609 (release) [ARM/embedded-5-bran
