ARM GAS  C:\Users\NICOLA~1\AppData\Local\Temp\ccvAqbPF.s 			page 1


   1              		.syntax unified
   2              		.cpu cortex-m3
   3              		.fpu softvfp
   4              		.eabi_attribute 20, 1
   5              		.eabi_attribute 21, 1
   6              		.eabi_attribute 23, 3
   7              		.eabi_attribute 24, 1
   8              		.eabi_attribute 25, 1
   9              		.eabi_attribute 26, 1
  10              		.eabi_attribute 30, 1
  11              		.eabi_attribute 34, 1
  12              		.eabi_attribute 18, 4
  13              		.thumb
  14              		.syntax unified
  15              		.file	"main.c"
  16              		.text
  17              	.Ltext0:
  18              		.cfi_sections	.debug_frame
  19              		.section	.text.Inte,"ax",%progbits
  20              		.align	2
  21              		.global	Inte
  22              		.thumb
  23              		.thumb_func
  24              		.type	Inte, %function
  25              	Inte:
  26              	.LFB63:
  27              		.file 1 "main.c"
   1:main.c        **** /* ========================================
   2:main.c        ****  *
   3:main.c        ****  * Copyright YOUR COMPANY, THE YEAR
   4:main.c        ****  * All Rights Reserved
   5:main.c        ****  * UNPUBLISHED, LICENSED SOFTWARE.
   6:main.c        ****  *
   7:main.c        ****  * CONFIDENTIAL AND PROPRIETARY INFORMATION
   8:main.c        ****  * WHICH IS THE PROPERTY OF your company.
   9:main.c        ****  *
  10:main.c        ****  * ========================================
  11:main.c        **** */
  12:main.c        **** #include "project.h"
  13:main.c        **** 
  14:main.c        **** extern uint8 const CYCODE LCD_customFonts[];
  15:main.c        **** uint8 i;
  16:main.c        **** volatile uint16 tiempo;
  17:main.c        **** 
  18:main.c        **** 
  19:main.c        **** CY_ISR(Inte){
  28              		.loc 1 19 0
  29              		.cfi_startproc
  30              		@ args = 0, pretend = 0, frame = 0
  31              		@ frame_needed = 0, uses_anonymous_args = 0
  32 0000 08B5     		push	{r3, lr}
  33              		.cfi_def_cfa_offset 8
  34              		.cfi_offset 3, -8
  35              		.cfi_offset 14, -4
  20:main.c        ****     switch(sw_Read()){
  36              		.loc 1 20 0
  37 0002 FFF7FEFF 		bl	sw_Read
ARM GAS  C:\Users\NICOLA~1\AppData\Local\Temp\ccvAqbPF.s 			page 2


  38              	.LVL0:
  39 0006 0738     		subs	r0, r0, #7
  40 0008 0728     		cmp	r0, #7
  41 000a 16D8     		bhi	.L2
  42 000c DFE800F0 		tbb	[pc, r0]
  43              	.L4:
  44 0010 11       		.byte	(.L3-.L4)/2
  45 0011 15       		.byte	(.L2-.L4)/2
  46 0012 15       		.byte	(.L2-.L4)/2
  47 0013 15       		.byte	(.L2-.L4)/2
  48 0014 0C       		.byte	(.L5-.L4)/2
  49 0015 15       		.byte	(.L2-.L4)/2
  50 0016 08       		.byte	(.L6-.L4)/2
  51 0017 04       		.byte	(.L7-.L4)/2
  52              		.p2align 1
  53              	.L7:
  21:main.c        ****     case 0x0E:
  22:main.c        ****         tiempo=100;
  54              		.loc 1 22 0
  55 0018 6422     		movs	r2, #100
  56 001a 094B     		ldr	r3, .L9
  57 001c 1A80     		strh	r2, [r3]	@ movhi
  23:main.c        ****         break;
  58              		.loc 1 23 0
  59 001e 0CE0     		b	.L2
  60              	.L6:
  24:main.c        ****     case 0x0D:
  25:main.c        ****         tiempo=200;
  61              		.loc 1 25 0
  62 0020 C822     		movs	r2, #200
  63 0022 074B     		ldr	r3, .L9
  64 0024 1A80     		strh	r2, [r3]	@ movhi
  26:main.c        ****         break;
  65              		.loc 1 26 0
  66 0026 08E0     		b	.L2
  67              	.L5:
  27:main.c        ****     case 0x0B:
  28:main.c        ****         tiempo=500;
  68              		.loc 1 28 0
  69 0028 4FF4FA72 		mov	r2, #500
  70 002c 044B     		ldr	r3, .L9
  71 002e 1A80     		strh	r2, [r3]	@ movhi
  29:main.c        ****         break;
  72              		.loc 1 29 0
  73 0030 03E0     		b	.L2
  74              	.L3:
  30:main.c        ****     case 0x7:
  31:main.c        ****         tiempo=1000;
  75              		.loc 1 31 0
  76 0032 4FF47A72 		mov	r2, #1000
  77 0036 024B     		ldr	r3, .L9
  78 0038 1A80     		strh	r2, [r3]	@ movhi
  79              	.L2:
  32:main.c        ****         break;
  33:main.c        ****      default:
  34:main.c        ****         break;
  35:main.c        ****     }
ARM GAS  C:\Users\NICOLA~1\AppData\Local\Temp\ccvAqbPF.s 			page 3


  36:main.c        ****     sw_ClearInterrupt();
  80              		.loc 1 36 0
  81 003a FFF7FEFF 		bl	sw_ClearInterrupt
  82              	.LVL1:
  83 003e 08BD     		pop	{r3, pc}
  84              	.L10:
  85              		.align	2
  86              	.L9:
  87 0040 00000000 		.word	tiempo
  88              		.cfi_endproc
  89              	.LFE63:
  90              		.size	Inte, .-Inte
  91              		.section	.text.main,"ax",%progbits
  92              		.align	2
  93              		.global	main
  94              		.thumb
  95              		.thumb_func
  96              		.type	main, %function
  97              	main:
  98              	.LFB64:
  37:main.c        **** }
  38:main.c        **** int main(void)
  39:main.c        **** {
  99              		.loc 1 39 0
 100              		.cfi_startproc
 101              		@ Volatile: function does not return.
 102              		@ args = 0, pretend = 0, frame = 0
 103              		@ frame_needed = 0, uses_anonymous_args = 0
 104 0000 08B5     		push	{r3, lr}
 105              		.cfi_def_cfa_offset 8
 106              		.cfi_offset 3, -8
 107              		.cfi_offset 14, -4
  40:main.c        **** 
  41:main.c        ****     LCD_Start();//Carga caracteres personalizados
 108              		.loc 1 41 0
 109 0002 FFF7FEFF 		bl	LCD_Start
 110              	.LVL2:
  42:main.c        ****     //LCD_LoadCustomFonts(LCD_customFonts);
  43:main.c        ****     CyGlobalIntEnable; /* Enable global interrupts. */
 111              		.loc 1 43 0
 112              		.syntax unified
 113              	@ 43 "main.c" 1
 114 0006 62B6     		CPSIE   i
 115              	@ 0 "" 2
  44:main.c        ****     IRS_SW_StartEx(Inte);
 116              		.loc 1 44 0
 117              		.thumb
 118              		.syntax unified
 119 0008 1548     		ldr	r0, .L16
 120 000a FFF7FEFF 		bl	IRS_SW_StartEx
 121              	.LVL3:
  45:main.c        ****     tiempo=10;
 122              		.loc 1 45 0
 123 000e 0A22     		movs	r2, #10
 124 0010 144B     		ldr	r3, .L16+4
 125 0012 1A80     		strh	r2, [r3]	@ movhi
 126              	.L14:
ARM GAS  C:\Users\NICOLA~1\AppData\Local\Temp\ccvAqbPF.s 			page 4


  46:main.c        ****     /* Place your initialization/startup code here (e.g. MyInst_Start()) */
  47:main.c        ****     
  48:main.c        ****     /* Place your initialization/startup code here (e.g. MyInst_Start()) */
  49:main.c        **** 
  50:main.c        ****     for(;;)
  51:main.c        ****     {
  52:main.c        ****     for(i=0;i<20;i++){
 127              		.loc 1 52 0
 128 0014 0022     		movs	r2, #0
 129 0016 144B     		ldr	r3, .L16+8
 130 0018 1A70     		strb	r2, [r3]
 131 001a 1BE0     		b	.L12
 132              	.L13:
  53:main.c        ****     LCD_ClearDisplay();
 133              		.loc 1 53 0 discriminator 3
 134 001c 0120     		movs	r0, #1
 135 001e FFF7FEFF 		bl	LCD_WriteControl
 136              	.LVL4:
  54:main.c        ****     LCD_Position(0,i);
 137              		.loc 1 54 0 discriminator 3
 138 0022 114C     		ldr	r4, .L16+8
 139 0024 2178     		ldrb	r1, [r4]	@ zero_extendqisi2
 140 0026 0020     		movs	r0, #0
 141 0028 FFF7FEFF 		bl	LCD_Position
 142              	.LVL5:
  55:main.c        ****     LCD_PutChar(LCD_CUSTOM_0);
 143              		.loc 1 55 0 discriminator 3
 144 002c 0020     		movs	r0, #0
 145 002e FFF7FEFF 		bl	LCD_PutChar
 146              	.LVL6:
  56:main.c        ****     LCD_PutChar(LCD_CUSTOM_1);
 147              		.loc 1 56 0 discriminator 3
 148 0032 0120     		movs	r0, #1
 149 0034 FFF7FEFF 		bl	LCD_PutChar
 150              	.LVL7:
  57:main.c        ****     LCD_PutChar(LCD_CUSTOM_2);
 151              		.loc 1 57 0 discriminator 3
 152 0038 0220     		movs	r0, #2
 153 003a FFF7FEFF 		bl	LCD_PutChar
 154              	.LVL8:
  58:main.c        ****     LCD_PutChar(LCD_CUSTOM_3);
 155              		.loc 1 58 0 discriminator 3
 156 003e 0320     		movs	r0, #3
 157 0040 FFF7FEFF 		bl	LCD_PutChar
 158              	.LVL9:
  59:main.c        ****     CyDelay(tiempo);
 159              		.loc 1 59 0 discriminator 3
 160 0044 074B     		ldr	r3, .L16+4
 161 0046 1888     		ldrh	r0, [r3]
 162 0048 80B2     		uxth	r0, r0
 163 004a FFF7FEFF 		bl	CyDelay
 164              	.LVL10:
  52:main.c        ****     LCD_ClearDisplay();
 165              		.loc 1 52 0 discriminator 3
 166 004e 2378     		ldrb	r3, [r4]	@ zero_extendqisi2
 167 0050 0133     		adds	r3, r3, #1
 168 0052 2370     		strb	r3, [r4]
ARM GAS  C:\Users\NICOLA~1\AppData\Local\Temp\ccvAqbPF.s 			page 5


 169              	.L12:
  52:main.c        ****     LCD_ClearDisplay();
 170              		.loc 1 52 0 is_stmt 0 discriminator 1
 171 0054 044B     		ldr	r3, .L16+8
 172 0056 1B78     		ldrb	r3, [r3]	@ zero_extendqisi2
 173 0058 132B     		cmp	r3, #19
 174 005a DFD9     		bls	.L13
 175 005c DAE7     		b	.L14
 176              	.L17:
 177 005e 00BF     		.align	2
 178              	.L16:
 179 0060 00000000 		.word	Inte
 180 0064 00000000 		.word	tiempo
 181 0068 00000000 		.word	i
 182              		.cfi_endproc
 183              	.LFE64:
 184              		.size	main, .-main
 185              		.comm	tiempo,2,2
 186              		.comm	i,1,1
 187              		.text
 188              	.Letext0:
 189              		.file 2 "c:\\program files (x86)\\cypress\\psoc creator\\4.2\\psoc creator\\import\\gnu\\arm\\5.4.
 190              		.file 3 "c:\\program files (x86)\\cypress\\psoc creator\\4.2\\psoc creator\\import\\gnu\\arm\\5.4.
 191              		.file 4 "Generated_Source\\PSoC5/cytypes.h"
 192              		.file 5 "Generated_Source\\PSoC5/core_cm3.h"
 193              		.file 6 "Generated_Source\\PSoC5/sw.h"
 194              		.file 7 "Generated_Source\\PSoC5/LCD.h"
 195              		.file 8 "Generated_Source\\PSoC5/IRS_SW.h"
 196              		.file 9 "Generated_Source\\PSoC5/CyLib.h"
 197              		.section	.debug_info,"",%progbits
 198              	.Ldebug_info0:
 199 0000 24020000 		.4byte	0x224
 200 0004 0400     		.2byte	0x4
 201 0006 00000000 		.4byte	.Ldebug_abbrev0
 202 000a 04       		.byte	0x4
 203 000b 01       		.uleb128 0x1
 204 000c A7000000 		.4byte	.LASF28
 205 0010 0C       		.byte	0xc
 206 0011 D9010000 		.4byte	.LASF29
 207 0015 3C000000 		.4byte	.LASF30
 208 0019 00000000 		.4byte	.Ldebug_ranges0+0
 209 001d 00000000 		.4byte	0
 210 0021 00000000 		.4byte	.Ldebug_line0
 211 0025 02       		.uleb128 0x2
 212 0026 01       		.byte	0x1
 213 0027 06       		.byte	0x6
 214 0028 1B020000 		.4byte	.LASF0
 215 002c 02       		.uleb128 0x2
 216 002d 01       		.byte	0x1
 217 002e 08       		.byte	0x8
 218 002f 99000000 		.4byte	.LASF1
 219 0033 02       		.uleb128 0x2
 220 0034 02       		.byte	0x2
 221 0035 05       		.byte	0x5
 222 0036 F6010000 		.4byte	.LASF2
 223 003a 02       		.uleb128 0x2
 224 003b 02       		.byte	0x2
ARM GAS  C:\Users\NICOLA~1\AppData\Local\Temp\ccvAqbPF.s 			page 6


 225 003c 07       		.byte	0x7
 226 003d 47010000 		.4byte	.LASF3
 227 0041 03       		.uleb128 0x3
 228 0042 26000000 		.4byte	.LASF9
 229 0046 02       		.byte	0x2
 230 0047 3F       		.byte	0x3f
 231 0048 4C000000 		.4byte	0x4c
 232 004c 02       		.uleb128 0x2
 233 004d 04       		.byte	0x4
 234 004e 05       		.byte	0x5
 235 004f 06020000 		.4byte	.LASF4
 236 0053 02       		.uleb128 0x2
 237 0054 04       		.byte	0x4
 238 0055 07       		.byte	0x7
 239 0056 35010000 		.4byte	.LASF5
 240 005a 02       		.uleb128 0x2
 241 005b 08       		.byte	0x8
 242 005c 05       		.byte	0x5
 243 005d CB010000 		.4byte	.LASF6
 244 0061 02       		.uleb128 0x2
 245 0062 08       		.byte	0x8
 246 0063 07       		.byte	0x7
 247 0064 8F010000 		.4byte	.LASF7
 248 0068 04       		.uleb128 0x4
 249 0069 04       		.byte	0x4
 250 006a 05       		.byte	0x5
 251 006b 696E7400 		.ascii	"int\000"
 252 006f 02       		.uleb128 0x2
 253 0070 04       		.byte	0x4
 254 0071 07       		.byte	0x7
 255 0072 82010000 		.4byte	.LASF8
 256 0076 03       		.uleb128 0x3
 257 0077 BA010000 		.4byte	.LASF10
 258 007b 03       		.byte	0x3
 259 007c 2C       		.byte	0x2c
 260 007d 41000000 		.4byte	0x41
 261 0081 05       		.uleb128 0x5
 262 0082 00020000 		.4byte	.LASF11
 263 0086 04       		.byte	0x4
 264 0087 E401     		.2byte	0x1e4
 265 0089 2C000000 		.4byte	0x2c
 266 008d 05       		.uleb128 0x5
 267 008e 7B010000 		.4byte	.LASF12
 268 0092 04       		.byte	0x4
 269 0093 E501     		.2byte	0x1e5
 270 0095 3A000000 		.4byte	0x3a
 271 0099 02       		.uleb128 0x2
 272 009a 04       		.byte	0x4
 273 009b 04       		.byte	0x4
 274 009c 89000000 		.4byte	.LASF13
 275 00a0 02       		.uleb128 0x2
 276 00a1 08       		.byte	0x8
 277 00a2 04       		.byte	0x4
 278 00a3 67010000 		.4byte	.LASF14
 279 00a7 02       		.uleb128 0x2
 280 00a8 01       		.byte	0x1
 281 00a9 08       		.byte	0x8
ARM GAS  C:\Users\NICOLA~1\AppData\Local\Temp\ccvAqbPF.s 			page 7


 282 00aa E0010000 		.4byte	.LASF15
 283 00ae 06       		.uleb128 0x6
 284 00af 8D000000 		.4byte	0x8d
 285 00b3 02       		.uleb128 0x2
 286 00b4 04       		.byte	0x4
 287 00b5 07       		.byte	0x7
 288 00b6 C2010000 		.4byte	.LASF16
 289 00ba 02       		.uleb128 0x2
 290 00bb 08       		.byte	0x8
 291 00bc 04       		.byte	0x4
 292 00bd 0F020000 		.4byte	.LASF17
 293 00c1 07       		.uleb128 0x7
 294 00c2 12000000 		.4byte	.LASF31
 295 00c6 01       		.byte	0x1
 296 00c7 13       		.byte	0x13
 297 00c8 00000000 		.4byte	.LFB63
 298 00cc 44000000 		.4byte	.LFE63-.LFB63
 299 00d0 01       		.uleb128 0x1
 300 00d1 9C       		.byte	0x9c
 301 00d2 E9000000 		.4byte	0xe9
 302 00d6 08       		.uleb128 0x8
 303 00d7 06000000 		.4byte	.LVL0
 304 00db CF010000 		.4byte	0x1cf
 305 00df 08       		.uleb128 0x8
 306 00e0 3E000000 		.4byte	.LVL1
 307 00e4 DA010000 		.4byte	0x1da
 308 00e8 00       		.byte	0
 309 00e9 09       		.uleb128 0x9
 310 00ea 6E010000 		.4byte	.LASF32
 311 00ee 01       		.byte	0x1
 312 00ef 26       		.byte	0x26
 313 00f0 68000000 		.4byte	0x68
 314 00f4 00000000 		.4byte	.LFB64
 315 00f8 6C000000 		.4byte	.LFE64-.LFB64
 316 00fc 01       		.uleb128 0x1
 317 00fd 9C       		.byte	0x9c
 318 00fe 9E010000 		.4byte	0x19e
 319 0102 08       		.uleb128 0x8
 320 0103 06000000 		.4byte	.LVL2
 321 0107 E5010000 		.4byte	0x1e5
 322 010b 0A       		.uleb128 0xa
 323 010c 0E000000 		.4byte	.LVL3
 324 0110 F0010000 		.4byte	0x1f0
 325 0114 22010000 		.4byte	0x122
 326 0118 0B       		.uleb128 0xb
 327 0119 01       		.uleb128 0x1
 328 011a 50       		.byte	0x50
 329 011b 05       		.uleb128 0x5
 330 011c 03       		.byte	0x3
 331 011d 00000000 		.4byte	Inte
 332 0121 00       		.byte	0
 333 0122 0A       		.uleb128 0xa
 334 0123 22000000 		.4byte	.LVL4
 335 0127 FB010000 		.4byte	0x1fb
 336 012b 35010000 		.4byte	0x135
 337 012f 0B       		.uleb128 0xb
 338 0130 01       		.uleb128 0x1
ARM GAS  C:\Users\NICOLA~1\AppData\Local\Temp\ccvAqbPF.s 			page 8


 339 0131 50       		.byte	0x50
 340 0132 01       		.uleb128 0x1
 341 0133 31       		.byte	0x31
 342 0134 00       		.byte	0
 343 0135 0A       		.uleb128 0xa
 344 0136 2C000000 		.4byte	.LVL5
 345 013a 06020000 		.4byte	0x206
 346 013e 48010000 		.4byte	0x148
 347 0142 0B       		.uleb128 0xb
 348 0143 01       		.uleb128 0x1
 349 0144 50       		.byte	0x50
 350 0145 01       		.uleb128 0x1
 351 0146 30       		.byte	0x30
 352 0147 00       		.byte	0
 353 0148 0A       		.uleb128 0xa
 354 0149 32000000 		.4byte	.LVL6
 355 014d 11020000 		.4byte	0x211
 356 0151 5B010000 		.4byte	0x15b
 357 0155 0B       		.uleb128 0xb
 358 0156 01       		.uleb128 0x1
 359 0157 50       		.byte	0x50
 360 0158 01       		.uleb128 0x1
 361 0159 30       		.byte	0x30
 362 015a 00       		.byte	0
 363 015b 0A       		.uleb128 0xa
 364 015c 38000000 		.4byte	.LVL7
 365 0160 11020000 		.4byte	0x211
 366 0164 6E010000 		.4byte	0x16e
 367 0168 0B       		.uleb128 0xb
 368 0169 01       		.uleb128 0x1
 369 016a 50       		.byte	0x50
 370 016b 01       		.uleb128 0x1
 371 016c 31       		.byte	0x31
 372 016d 00       		.byte	0
 373 016e 0A       		.uleb128 0xa
 374 016f 3E000000 		.4byte	.LVL8
 375 0173 11020000 		.4byte	0x211
 376 0177 81010000 		.4byte	0x181
 377 017b 0B       		.uleb128 0xb
 378 017c 01       		.uleb128 0x1
 379 017d 50       		.byte	0x50
 380 017e 01       		.uleb128 0x1
 381 017f 32       		.byte	0x32
 382 0180 00       		.byte	0
 383 0181 0A       		.uleb128 0xa
 384 0182 44000000 		.4byte	.LVL9
 385 0186 11020000 		.4byte	0x211
 386 018a 94010000 		.4byte	0x194
 387 018e 0B       		.uleb128 0xb
 388 018f 01       		.uleb128 0x1
 389 0190 50       		.byte	0x50
 390 0191 01       		.uleb128 0x1
 391 0192 33       		.byte	0x33
 392 0193 00       		.byte	0
 393 0194 08       		.uleb128 0x8
 394 0195 4E000000 		.4byte	.LVL10
 395 0199 1C020000 		.4byte	0x21c
ARM GAS  C:\Users\NICOLA~1\AppData\Local\Temp\ccvAqbPF.s 			page 9


 396 019d 00       		.byte	0
 397 019e 0C       		.uleb128 0xc
 398 019f 5A010000 		.4byte	.LASF18
 399 01a3 05       		.byte	0x5
 400 01a4 1207     		.2byte	0x712
 401 01a6 AA010000 		.4byte	0x1aa
 402 01aa 06       		.uleb128 0x6
 403 01ab 76000000 		.4byte	0x76
 404 01af 0D       		.uleb128 0xd
 405 01b0 6900     		.ascii	"i\000"
 406 01b2 01       		.byte	0x1
 407 01b3 0F       		.byte	0xf
 408 01b4 81000000 		.4byte	0x81
 409 01b8 05       		.uleb128 0x5
 410 01b9 03       		.byte	0x3
 411 01ba 00000000 		.4byte	i
 412 01be 0E       		.uleb128 0xe
 413 01bf B3010000 		.4byte	.LASF19
 414 01c3 01       		.byte	0x1
 415 01c4 10       		.byte	0x10
 416 01c5 AE000000 		.4byte	0xae
 417 01c9 05       		.uleb128 0x5
 418 01ca 03       		.byte	0x3
 419 01cb 00000000 		.4byte	tiempo
 420 01cf 0F       		.uleb128 0xf
 421 01d0 73010000 		.4byte	.LASF20
 422 01d4 73010000 		.4byte	.LASF20
 423 01d8 06       		.byte	0x6
 424 01d9 29       		.byte	0x29
 425 01da 0F       		.uleb128 0xf
 426 01db 00000000 		.4byte	.LASF21
 427 01df 00000000 		.4byte	.LASF21
 428 01e3 06       		.byte	0x6
 429 01e4 2B       		.byte	0x2b
 430 01e5 0F       		.uleb128 0xf
 431 01e6 8F000000 		.4byte	.LASF22
 432 01ea 8F000000 		.4byte	.LASF22
 433 01ee 07       		.byte	0x7
 434 01ef 38       		.byte	0x38
 435 01f0 0F       		.uleb128 0xf
 436 01f1 17000000 		.4byte	.LASF23
 437 01f5 17000000 		.4byte	.LASF23
 438 01f9 08       		.byte	0x8
 439 01fa 18       		.byte	0x18
 440 01fb 0F       		.uleb128 0xf
 441 01fc E5010000 		.4byte	.LASF24
 442 0200 E5010000 		.4byte	.LASF24
 443 0204 07       		.byte	0x7
 444 0205 3A       		.byte	0x3a
 445 0206 0F       		.uleb128 0xf
 446 0207 A6010000 		.4byte	.LASF25
 447 020b A6010000 		.4byte	.LASF25
 448 020f 07       		.byte	0x7
 449 0210 3D       		.byte	0x3d
 450 0211 0F       		.uleb128 0xf
 451 0212 30000000 		.4byte	.LASF26
 452 0216 30000000 		.4byte	.LASF26
ARM GAS  C:\Users\NICOLA~1\AppData\Local\Temp\ccvAqbPF.s 			page 10


 453 021a 07       		.byte	0x7
 454 021b 3E       		.byte	0x3e
 455 021c 0F       		.uleb128 0xf
 456 021d 27020000 		.4byte	.LASF27
 457 0221 27020000 		.4byte	.LASF27
 458 0225 09       		.byte	0x9
 459 0226 76       		.byte	0x76
 460 0227 00       		.byte	0
 461              		.section	.debug_abbrev,"",%progbits
 462              	.Ldebug_abbrev0:
 463 0000 01       		.uleb128 0x1
 464 0001 11       		.uleb128 0x11
 465 0002 01       		.byte	0x1
 466 0003 25       		.uleb128 0x25
 467 0004 0E       		.uleb128 0xe
 468 0005 13       		.uleb128 0x13
 469 0006 0B       		.uleb128 0xb
 470 0007 03       		.uleb128 0x3
 471 0008 0E       		.uleb128 0xe
 472 0009 1B       		.uleb128 0x1b
 473 000a 0E       		.uleb128 0xe
 474 000b 55       		.uleb128 0x55
 475 000c 17       		.uleb128 0x17
 476 000d 11       		.uleb128 0x11
 477 000e 01       		.uleb128 0x1
 478 000f 10       		.uleb128 0x10
 479 0010 17       		.uleb128 0x17
 480 0011 00       		.byte	0
 481 0012 00       		.byte	0
 482 0013 02       		.uleb128 0x2
 483 0014 24       		.uleb128 0x24
 484 0015 00       		.byte	0
 485 0016 0B       		.uleb128 0xb
 486 0017 0B       		.uleb128 0xb
 487 0018 3E       		.uleb128 0x3e
 488 0019 0B       		.uleb128 0xb
 489 001a 03       		.uleb128 0x3
 490 001b 0E       		.uleb128 0xe
 491 001c 00       		.byte	0
 492 001d 00       		.byte	0
 493 001e 03       		.uleb128 0x3
 494 001f 16       		.uleb128 0x16
 495 0020 00       		.byte	0
 496 0021 03       		.uleb128 0x3
 497 0022 0E       		.uleb128 0xe
 498 0023 3A       		.uleb128 0x3a
 499 0024 0B       		.uleb128 0xb
 500 0025 3B       		.uleb128 0x3b
 501 0026 0B       		.uleb128 0xb
 502 0027 49       		.uleb128 0x49
 503 0028 13       		.uleb128 0x13
 504 0029 00       		.byte	0
 505 002a 00       		.byte	0
 506 002b 04       		.uleb128 0x4
 507 002c 24       		.uleb128 0x24
 508 002d 00       		.byte	0
 509 002e 0B       		.uleb128 0xb
ARM GAS  C:\Users\NICOLA~1\AppData\Local\Temp\ccvAqbPF.s 			page 11


 510 002f 0B       		.uleb128 0xb
 511 0030 3E       		.uleb128 0x3e
 512 0031 0B       		.uleb128 0xb
 513 0032 03       		.uleb128 0x3
 514 0033 08       		.uleb128 0x8
 515 0034 00       		.byte	0
 516 0035 00       		.byte	0
 517 0036 05       		.uleb128 0x5
 518 0037 16       		.uleb128 0x16
 519 0038 00       		.byte	0
 520 0039 03       		.uleb128 0x3
 521 003a 0E       		.uleb128 0xe
 522 003b 3A       		.uleb128 0x3a
 523 003c 0B       		.uleb128 0xb
 524 003d 3B       		.uleb128 0x3b
 525 003e 05       		.uleb128 0x5
 526 003f 49       		.uleb128 0x49
 527 0040 13       		.uleb128 0x13
 528 0041 00       		.byte	0
 529 0042 00       		.byte	0
 530 0043 06       		.uleb128 0x6
 531 0044 35       		.uleb128 0x35
 532 0045 00       		.byte	0
 533 0046 49       		.uleb128 0x49
 534 0047 13       		.uleb128 0x13
 535 0048 00       		.byte	0
 536 0049 00       		.byte	0
 537 004a 07       		.uleb128 0x7
 538 004b 2E       		.uleb128 0x2e
 539 004c 01       		.byte	0x1
 540 004d 3F       		.uleb128 0x3f
 541 004e 19       		.uleb128 0x19
 542 004f 03       		.uleb128 0x3
 543 0050 0E       		.uleb128 0xe
 544 0051 3A       		.uleb128 0x3a
 545 0052 0B       		.uleb128 0xb
 546 0053 3B       		.uleb128 0x3b
 547 0054 0B       		.uleb128 0xb
 548 0055 27       		.uleb128 0x27
 549 0056 19       		.uleb128 0x19
 550 0057 11       		.uleb128 0x11
 551 0058 01       		.uleb128 0x1
 552 0059 12       		.uleb128 0x12
 553 005a 06       		.uleb128 0x6
 554 005b 40       		.uleb128 0x40
 555 005c 18       		.uleb128 0x18
 556 005d 9742     		.uleb128 0x2117
 557 005f 19       		.uleb128 0x19
 558 0060 01       		.uleb128 0x1
 559 0061 13       		.uleb128 0x13
 560 0062 00       		.byte	0
 561 0063 00       		.byte	0
 562 0064 08       		.uleb128 0x8
 563 0065 898201   		.uleb128 0x4109
 564 0068 00       		.byte	0
 565 0069 11       		.uleb128 0x11
 566 006a 01       		.uleb128 0x1
ARM GAS  C:\Users\NICOLA~1\AppData\Local\Temp\ccvAqbPF.s 			page 12


 567 006b 31       		.uleb128 0x31
 568 006c 13       		.uleb128 0x13
 569 006d 00       		.byte	0
 570 006e 00       		.byte	0
 571 006f 09       		.uleb128 0x9
 572 0070 2E       		.uleb128 0x2e
 573 0071 01       		.byte	0x1
 574 0072 3F       		.uleb128 0x3f
 575 0073 19       		.uleb128 0x19
 576 0074 03       		.uleb128 0x3
 577 0075 0E       		.uleb128 0xe
 578 0076 3A       		.uleb128 0x3a
 579 0077 0B       		.uleb128 0xb
 580 0078 3B       		.uleb128 0x3b
 581 0079 0B       		.uleb128 0xb
 582 007a 27       		.uleb128 0x27
 583 007b 19       		.uleb128 0x19
 584 007c 49       		.uleb128 0x49
 585 007d 13       		.uleb128 0x13
 586 007e 8701     		.uleb128 0x87
 587 0080 19       		.uleb128 0x19
 588 0081 11       		.uleb128 0x11
 589 0082 01       		.uleb128 0x1
 590 0083 12       		.uleb128 0x12
 591 0084 06       		.uleb128 0x6
 592 0085 40       		.uleb128 0x40
 593 0086 18       		.uleb128 0x18
 594 0087 9742     		.uleb128 0x2117
 595 0089 19       		.uleb128 0x19
 596 008a 01       		.uleb128 0x1
 597 008b 13       		.uleb128 0x13
 598 008c 00       		.byte	0
 599 008d 00       		.byte	0
 600 008e 0A       		.uleb128 0xa
 601 008f 898201   		.uleb128 0x4109
 602 0092 01       		.byte	0x1
 603 0093 11       		.uleb128 0x11
 604 0094 01       		.uleb128 0x1
 605 0095 31       		.uleb128 0x31
 606 0096 13       		.uleb128 0x13
 607 0097 01       		.uleb128 0x1
 608 0098 13       		.uleb128 0x13
 609 0099 00       		.byte	0
 610 009a 00       		.byte	0
 611 009b 0B       		.uleb128 0xb
 612 009c 8A8201   		.uleb128 0x410a
 613 009f 00       		.byte	0
 614 00a0 02       		.uleb128 0x2
 615 00a1 18       		.uleb128 0x18
 616 00a2 9142     		.uleb128 0x2111
 617 00a4 18       		.uleb128 0x18
 618 00a5 00       		.byte	0
 619 00a6 00       		.byte	0
 620 00a7 0C       		.uleb128 0xc
 621 00a8 34       		.uleb128 0x34
 622 00a9 00       		.byte	0
 623 00aa 03       		.uleb128 0x3
ARM GAS  C:\Users\NICOLA~1\AppData\Local\Temp\ccvAqbPF.s 			page 13


 624 00ab 0E       		.uleb128 0xe
 625 00ac 3A       		.uleb128 0x3a
 626 00ad 0B       		.uleb128 0xb
 627 00ae 3B       		.uleb128 0x3b
 628 00af 05       		.uleb128 0x5
 629 00b0 49       		.uleb128 0x49
 630 00b1 13       		.uleb128 0x13
 631 00b2 3F       		.uleb128 0x3f
 632 00b3 19       		.uleb128 0x19
 633 00b4 3C       		.uleb128 0x3c
 634 00b5 19       		.uleb128 0x19
 635 00b6 00       		.byte	0
 636 00b7 00       		.byte	0
 637 00b8 0D       		.uleb128 0xd
 638 00b9 34       		.uleb128 0x34
 639 00ba 00       		.byte	0
 640 00bb 03       		.uleb128 0x3
 641 00bc 08       		.uleb128 0x8
 642 00bd 3A       		.uleb128 0x3a
 643 00be 0B       		.uleb128 0xb
 644 00bf 3B       		.uleb128 0x3b
 645 00c0 0B       		.uleb128 0xb
 646 00c1 49       		.uleb128 0x49
 647 00c2 13       		.uleb128 0x13
 648 00c3 3F       		.uleb128 0x3f
 649 00c4 19       		.uleb128 0x19
 650 00c5 02       		.uleb128 0x2
 651 00c6 18       		.uleb128 0x18
 652 00c7 00       		.byte	0
 653 00c8 00       		.byte	0
 654 00c9 0E       		.uleb128 0xe
 655 00ca 34       		.uleb128 0x34
 656 00cb 00       		.byte	0
 657 00cc 03       		.uleb128 0x3
 658 00cd 0E       		.uleb128 0xe
 659 00ce 3A       		.uleb128 0x3a
 660 00cf 0B       		.uleb128 0xb
 661 00d0 3B       		.uleb128 0x3b
 662 00d1 0B       		.uleb128 0xb
 663 00d2 49       		.uleb128 0x49
 664 00d3 13       		.uleb128 0x13
 665 00d4 3F       		.uleb128 0x3f
 666 00d5 19       		.uleb128 0x19
 667 00d6 02       		.uleb128 0x2
 668 00d7 18       		.uleb128 0x18
 669 00d8 00       		.byte	0
 670 00d9 00       		.byte	0
 671 00da 0F       		.uleb128 0xf
 672 00db 2E       		.uleb128 0x2e
 673 00dc 00       		.byte	0
 674 00dd 3F       		.uleb128 0x3f
 675 00de 19       		.uleb128 0x19
 676 00df 3C       		.uleb128 0x3c
 677 00e0 19       		.uleb128 0x19
 678 00e1 6E       		.uleb128 0x6e
 679 00e2 0E       		.uleb128 0xe
 680 00e3 03       		.uleb128 0x3
ARM GAS  C:\Users\NICOLA~1\AppData\Local\Temp\ccvAqbPF.s 			page 14


 681 00e4 0E       		.uleb128 0xe
 682 00e5 3A       		.uleb128 0x3a
 683 00e6 0B       		.uleb128 0xb
 684 00e7 3B       		.uleb128 0x3b
 685 00e8 0B       		.uleb128 0xb
 686 00e9 00       		.byte	0
 687 00ea 00       		.byte	0
 688 00eb 00       		.byte	0
 689              		.section	.debug_aranges,"",%progbits
 690 0000 24000000 		.4byte	0x24
 691 0004 0200     		.2byte	0x2
 692 0006 00000000 		.4byte	.Ldebug_info0
 693 000a 04       		.byte	0x4
 694 000b 00       		.byte	0
 695 000c 0000     		.2byte	0
 696 000e 0000     		.2byte	0
 697 0010 00000000 		.4byte	.LFB63
 698 0014 44000000 		.4byte	.LFE63-.LFB63
 699 0018 00000000 		.4byte	.LFB64
 700 001c 6C000000 		.4byte	.LFE64-.LFB64
 701 0020 00000000 		.4byte	0
 702 0024 00000000 		.4byte	0
 703              		.section	.debug_ranges,"",%progbits
 704              	.Ldebug_ranges0:
 705 0000 00000000 		.4byte	.LFB63
 706 0004 44000000 		.4byte	.LFE63
 707 0008 00000000 		.4byte	.LFB64
 708 000c 6C000000 		.4byte	.LFE64
 709 0010 00000000 		.4byte	0
 710 0014 00000000 		.4byte	0
 711              		.section	.debug_line,"",%progbits
 712              	.Ldebug_line0:
 713 0000 D6010000 		.section	.debug_str,"MS",%progbits,1
 713      02007401 
 713      00000201 
 713      FB0E0D00 
 713      01010101 
 714              	.LASF21:
 715 0000 73775F43 		.ascii	"sw_ClearInterrupt\000"
 715      6C656172 
 715      496E7465 
 715      72727570 
 715      7400
 716              	.LASF31:
 717 0012 496E7465 		.ascii	"Inte\000"
 717      00
 718              	.LASF23:
 719 0017 4952535F 		.ascii	"IRS_SW_StartEx\000"
 719      53575F53 
 719      74617274 
 719      457800
 720              	.LASF9:
 721 0026 5F5F696E 		.ascii	"__int32_t\000"
 721      7433325F 
 721      7400
 722              	.LASF26:
 723 0030 4C43445F 		.ascii	"LCD_PutChar\000"
ARM GAS  C:\Users\NICOLA~1\AppData\Local\Temp\ccvAqbPF.s 			page 15


 723      50757443 
 723      68617200 
 724              	.LASF30:
 725 003c 433A5C55 		.ascii	"C:\\Users\\Nicolas Zamora\\Documents\\PSoC Creator\\"
 725      73657273 
 725      5C4E6963 
 725      6F6C6173 
 725      205A616D 
 726 006b 4C43445F 		.ascii	"LCD_P\\LCD_PERSONALIZADO.cydsn\000"
 726      505C4C43 
 726      445F5045 
 726      52534F4E 
 726      414C495A 
 727              	.LASF13:
 728 0089 666C6F61 		.ascii	"float\000"
 728      7400
 729              	.LASF22:
 730 008f 4C43445F 		.ascii	"LCD_Start\000"
 730      53746172 
 730      7400
 731              	.LASF1:
 732 0099 756E7369 		.ascii	"unsigned char\000"
 732      676E6564 
 732      20636861 
 732      7200
 733              	.LASF28:
 734 00a7 474E5520 		.ascii	"GNU C11 5.4.1 20160609 (release) [ARM/embedded-5-br"
 734      43313120 
 734      352E342E 
 734      31203230 
 734      31363036 
 735 00da 616E6368 		.ascii	"anch revision 237715] -mcpu=cortex-m3 -mthumb -g -O"
 735      20726576 
 735      6973696F 
 735      6E203233 
 735      37373135 
 736 010d 67202D66 		.ascii	"g -ffunction-sections -ffat-lto-objects\000"
 736      66756E63 
 736      74696F6E 
 736      2D736563 
 736      74696F6E 
 737              	.LASF5:
 738 0135 6C6F6E67 		.ascii	"long unsigned int\000"
 738      20756E73 
 738      69676E65 
 738      6420696E 
 738      7400
 739              	.LASF3:
 740 0147 73686F72 		.ascii	"short unsigned int\000"
 740      7420756E 
 740      7369676E 
 740      65642069 
 740      6E7400
 741              	.LASF18:
 742 015a 49544D5F 		.ascii	"ITM_RxBuffer\000"
 742      52784275 
 742      66666572 
ARM GAS  C:\Users\NICOLA~1\AppData\Local\Temp\ccvAqbPF.s 			page 16


 742      00
 743              	.LASF14:
 744 0167 646F7562 		.ascii	"double\000"
 744      6C6500
 745              	.LASF32:
 746 016e 6D61696E 		.ascii	"main\000"
 746      00
 747              	.LASF20:
 748 0173 73775F52 		.ascii	"sw_Read\000"
 748      65616400 
 749              	.LASF12:
 750 017b 75696E74 		.ascii	"uint16\000"
 750      313600
 751              	.LASF8:
 752 0182 756E7369 		.ascii	"unsigned int\000"
 752      676E6564 
 752      20696E74 
 752      00
 753              	.LASF7:
 754 018f 6C6F6E67 		.ascii	"long long unsigned int\000"
 754      206C6F6E 
 754      6720756E 
 754      7369676E 
 754      65642069 
 755              	.LASF25:
 756 01a6 4C43445F 		.ascii	"LCD_Position\000"
 756      506F7369 
 756      74696F6E 
 756      00
 757              	.LASF19:
 758 01b3 7469656D 		.ascii	"tiempo\000"
 758      706F00
 759              	.LASF10:
 760 01ba 696E7433 		.ascii	"int32_t\000"
 760      325F7400 
 761              	.LASF16:
 762 01c2 73697A65 		.ascii	"sizetype\000"
 762      74797065 
 762      00
 763              	.LASF6:
 764 01cb 6C6F6E67 		.ascii	"long long int\000"
 764      206C6F6E 
 764      6720696E 
 764      7400
 765              	.LASF29:
 766 01d9 6D61696E 		.ascii	"main.c\000"
 766      2E6300
 767              	.LASF15:
 768 01e0 63686172 		.ascii	"char\000"
 768      00
 769              	.LASF24:
 770 01e5 4C43445F 		.ascii	"LCD_WriteControl\000"
 770      57726974 
 770      65436F6E 
 770      74726F6C 
 770      00
 771              	.LASF2:
ARM GAS  C:\Users\NICOLA~1\AppData\Local\Temp\ccvAqbPF.s 			page 17


 772 01f6 73686F72 		.ascii	"short int\000"
 772      7420696E 
 772      7400
 773              	.LASF11:
 774 0200 75696E74 		.ascii	"uint8\000"
 774      3800
 775              	.LASF4:
 776 0206 6C6F6E67 		.ascii	"long int\000"
 776      20696E74 
 776      00
 777              	.LASF17:
 778 020f 6C6F6E67 		.ascii	"long double\000"
 778      20646F75 
 778      626C6500 
 779              	.LASF0:
 780 021b 7369676E 		.ascii	"signed char\000"
 780      65642063 
 780      68617200 
 781              	.LASF27:
 782 0227 43794465 		.ascii	"CyDelay\000"
 782      6C617900 
 783              		.ident	"GCC: (GNU Tools for ARM Embedded Processors) 5.4.1 20160609 (release) [ARM/embedded-5-bran
