ARM GAS  C:\Users\Dell\AppData\Local\Temp\ccPcCFPc.s 			page 1


   1              		.syntax unified
   2              		.cpu cortex-m3
   3              		.fpu softvfp
   4              		.eabi_attribute 20, 1
   5              		.eabi_attribute 21, 1
   6              		.eabi_attribute 23, 3
   7              		.eabi_attribute 24, 1
   8              		.eabi_attribute 25, 1
   9              		.eabi_attribute 26, 1
  10              		.eabi_attribute 30, 1
  11              		.eabi_attribute 34, 1
  12              		.eabi_attribute 18, 4
  13              		.thumb
  14              		.syntax unified
  15              		.file	"main.c"
  16              		.text
  17              	.Ltext0:
  18              		.cfi_sections	.debug_frame
  19              		.section	.text.main,"ax",%progbits
  20              		.align	2
  21              		.global	main
  22              		.thumb
  23              		.thumb_func
  24              		.type	main, %function
  25              	main:
  26              	.LFB63:
  27              		.file 1 "main.c"
   1:main.c        **** /* ========================================
   2:main.c        ****  *
   3:main.c        ****  * Copyright YOUR COMPANY, THE YEAR
   4:main.c        ****  * All Rights Reserved
   5:main.c        ****  * UNPUBLISHED, LICENSED SOFTWARE.
   6:main.c        ****  *
   7:main.c        ****  * CONFIDENTIAL AND PROPRIETARY INFORMATION
   8:main.c        ****  * WHICH IS THE PROPERTY OF your company.
   9:main.c        ****  *
  10:main.c        ****  * ========================================
  11:main.c        **** */
  12:main.c        **** #include "project.h"
  13:main.c        **** 
  14:main.c        **** int main(void)
  15:main.c        **** {
  28              		.loc 1 15 0
  29              		.cfi_startproc
  30              		@ args = 0, pretend = 0, frame = 0
  31              		@ frame_needed = 0, uses_anonymous_args = 0
  32 0000 10B5     		push	{r4, lr}
  33              		.cfi_def_cfa_offset 8
  34              		.cfi_offset 4, -8
  35              		.cfi_offset 14, -4
  16:main.c        ****     CyGlobalIntEnable; /* Enable global interrupts. */
  36              		.loc 1 16 0
  37              		.syntax unified
  38              	@ 16 "main.c" 1
  39 0002 62B6     		CPSIE   i
  40              	@ 0 "" 2
  17:main.c        **** 
ARM GAS  C:\Users\Dell\AppData\Local\Temp\ccPcCFPc.s 			page 2


  18:main.c        ****     /* Place your initialization/startup code here (e.g. MyInst_Start()) */
  19:main.c        ****     uint8 i;
  20:main.c        ****     LCD_Start();
  41              		.loc 1 20 0
  42              		.thumb
  43              		.syntax unified
  44 0004 FFF7FEFF 		bl	LCD_Start
  45              	.LVL0:
  21:main.c        ****     LCD_Position(0,3);
  46              		.loc 1 21 0
  47 0008 0321     		movs	r1, #3
  48 000a 0020     		movs	r0, #0
  49 000c FFF7FEFF 		bl	LCD_Position
  50              	.LVL1:
  22:main.c        ****     LCD_PrintString("MAMPO C.F");
  51              		.loc 1 22 0
  52 0010 1248     		ldr	r0, .L6
  53 0012 FFF7FEFF 		bl	LCD_PrintString
  54              	.LVL2:
  23:main.c        ****     LCD_Position(1,1);
  55              		.loc 1 23 0
  56 0016 0121     		movs	r1, #1
  57 0018 0846     		mov	r0, r1
  58 001a FFF7FEFF 		bl	LCD_Position
  59              	.LVL3:
  24:main.c        ****     LCD_PrintString("vamos que vamos");
  60              		.loc 1 24 0
  61 001e 1048     		ldr	r0, .L6+4
  62 0020 FFF7FEFF 		bl	LCD_PrintString
  63              	.LVL4:
  25:main.c        ****     for (i=0;i<5;i++)
  64              		.loc 1 25 0
  65 0024 0024     		movs	r4, #0
  66 0026 15E0     		b	.L2
  67              	.LVL5:
  68              	.L3:
  26:main.c        ****     {
  27:main.c        ****         CyDelay(500);
  69              		.loc 1 27 0 discriminator 3
  70 0028 4FF4FA70 		mov	r0, #500
  71 002c FFF7FEFF 		bl	CyDelay
  72              	.LVL6:
  28:main.c        ****         LCD_DisplayOff();
  73              		.loc 1 28 0 discriminator 3
  74 0030 0820     		movs	r0, #8
  75 0032 FFF7FEFF 		bl	LCD_WriteControl
  76              	.LVL7:
  29:main.c        ****         buzzer_Write(1);
  77              		.loc 1 29 0 discriminator 3
  78 0036 0120     		movs	r0, #1
  79 0038 FFF7FEFF 		bl	buzzer_Write
  80              	.LVL8:
  30:main.c        ****         CyDelay(500);
  81              		.loc 1 30 0 discriminator 3
  82 003c 4FF4FA70 		mov	r0, #500
  83 0040 FFF7FEFF 		bl	CyDelay
  84              	.LVL9:
ARM GAS  C:\Users\Dell\AppData\Local\Temp\ccPcCFPc.s 			page 3


  31:main.c        ****         LCD_DisplayOn();
  85              		.loc 1 31 0 discriminator 3
  86 0044 0C20     		movs	r0, #12
  87 0046 FFF7FEFF 		bl	LCD_WriteControl
  88              	.LVL10:
  32:main.c        ****         buzzer_Write(0);
  89              		.loc 1 32 0 discriminator 3
  90 004a 0020     		movs	r0, #0
  91 004c FFF7FEFF 		bl	buzzer_Write
  92              	.LVL11:
  25:main.c        ****     {
  93              		.loc 1 25 0 discriminator 3
  94 0050 0134     		adds	r4, r4, #1
  95              	.LVL12:
  96 0052 E4B2     		uxtb	r4, r4
  97              	.LVL13:
  98              	.L2:
  25:main.c        ****     {
  99              		.loc 1 25 0 is_stmt 0 discriminator 1
 100 0054 042C     		cmp	r4, #4
 101 0056 E7D9     		bls	.L3
 102              	.L4:
 103 0058 FEE7     		b	.L4
 104              	.L7:
 105 005a 00BF     		.align	2
 106              	.L6:
 107 005c 00000000 		.word	.LC0
 108 0060 0C000000 		.word	.LC1
 109              		.cfi_endproc
 110              	.LFE63:
 111              		.size	main, .-main
 112              		.section	.rodata.str1.4,"aMS",%progbits,1
 113              		.align	2
 114              	.LC0:
 115 0000 4D414D50 		.ascii	"MAMPO C.F\000"
 115      4F20432E 
 115      4600
 116 000a 0000     		.space	2
 117              	.LC1:
 118 000c 76616D6F 		.ascii	"vamos que vamos\000"
 118      73207175 
 118      65207661 
 118      6D6F7300 
 119              		.text
 120              	.Letext0:
 121              		.file 2 "c:\\program files (x86)\\cypress\\psoc creator\\4.2\\psoc creator\\import\\gnu\\arm\\5.4.
 122              		.file 3 "c:\\program files (x86)\\cypress\\psoc creator\\4.2\\psoc creator\\import\\gnu\\arm\\5.4.
 123              		.file 4 "Generated_Source\\PSoC5/cytypes.h"
 124              		.file 5 "Generated_Source\\PSoC5/LCD.h"
 125              		.file 6 "Generated_Source\\PSoC5/CyLib.h"
 126              		.file 7 "Generated_Source\\PSoC5/buzzer.h"
 127              		.file 8 "Generated_Source\\PSoC5/core_cm3.h"
 128              		.section	.debug_info,"",%progbits
 129              	.Ldebug_info0:
 130 0000 00020000 		.4byte	0x200
 131 0004 0400     		.2byte	0x4
 132 0006 00000000 		.4byte	.Ldebug_abbrev0
ARM GAS  C:\Users\Dell\AppData\Local\Temp\ccPcCFPc.s 			page 4


 133 000a 04       		.byte	0x4
 134 000b 01       		.uleb128 0x1
 135 000c 3A000000 		.4byte	.LASF23
 136 0010 0C       		.byte	0xc
 137 0011 2E000000 		.4byte	.LASF24
 138 0015 09010000 		.4byte	.LASF25
 139 0019 00000000 		.4byte	.Ldebug_ranges0+0
 140 001d 00000000 		.4byte	0
 141 0021 00000000 		.4byte	.Ldebug_line0
 142 0025 02       		.uleb128 0x2
 143 0026 01       		.byte	0x1
 144 0027 06       		.byte	0x6
 145 0028 A1010000 		.4byte	.LASF0
 146 002c 02       		.uleb128 0x2
 147 002d 01       		.byte	0x1
 148 002e 08       		.byte	0x8
 149 002f 57010000 		.4byte	.LASF1
 150 0033 02       		.uleb128 0x2
 151 0034 02       		.byte	0x2
 152 0035 05       		.byte	0x5
 153 0036 C9010000 		.4byte	.LASF2
 154 003a 02       		.uleb128 0x2
 155 003b 02       		.byte	0x2
 156 003c 07       		.byte	0x7
 157 003d 0E000000 		.4byte	.LASF3
 158 0041 03       		.uleb128 0x3
 159 0042 B9010000 		.4byte	.LASF9
 160 0046 02       		.byte	0x2
 161 0047 3F       		.byte	0x3f
 162 0048 4C000000 		.4byte	0x4c
 163 004c 02       		.uleb128 0x2
 164 004d 04       		.byte	0x4
 165 004e 05       		.byte	0x5
 166 004f 6A010000 		.4byte	.LASF4
 167 0053 02       		.uleb128 0x2
 168 0054 04       		.byte	0x4
 169 0055 07       		.byte	0x7
 170 0056 D6000000 		.4byte	.LASF5
 171 005a 02       		.uleb128 0x2
 172 005b 08       		.byte	0x8
 173 005c 05       		.byte	0x5
 174 005d 00000000 		.4byte	.LASF6
 175 0061 02       		.uleb128 0x2
 176 0062 08       		.byte	0x8
 177 0063 07       		.byte	0x7
 178 0064 E8000000 		.4byte	.LASF7
 179 0068 04       		.uleb128 0x4
 180 0069 04       		.byte	0x4
 181 006a 05       		.byte	0x5
 182 006b 696E7400 		.ascii	"int\000"
 183 006f 02       		.uleb128 0x2
 184 0070 04       		.byte	0x4
 185 0071 07       		.byte	0x7
 186 0072 21000000 		.4byte	.LASF8
 187 0076 03       		.uleb128 0x3
 188 0077 D3010000 		.4byte	.LASF10
 189 007b 03       		.byte	0x3
ARM GAS  C:\Users\Dell\AppData\Local\Temp\ccPcCFPc.s 			page 5


 190 007c 2C       		.byte	0x2c
 191 007d 41000000 		.4byte	0x41
 192 0081 05       		.uleb128 0x5
 193 0082 D0000000 		.4byte	.LASF11
 194 0086 04       		.byte	0x4
 195 0087 E401     		.2byte	0x1e4
 196 0089 2C000000 		.4byte	0x2c
 197 008d 02       		.uleb128 0x2
 198 008e 04       		.byte	0x4
 199 008f 04       		.byte	0x4
 200 0090 C3010000 		.4byte	.LASF12
 201 0094 02       		.uleb128 0x2
 202 0095 08       		.byte	0x8
 203 0096 04       		.byte	0x4
 204 0097 80010000 		.4byte	.LASF13
 205 009b 02       		.uleb128 0x2
 206 009c 01       		.byte	0x1
 207 009d 08       		.byte	0x8
 208 009e 65010000 		.4byte	.LASF14
 209 00a2 02       		.uleb128 0x2
 210 00a3 04       		.byte	0x4
 211 00a4 07       		.byte	0x7
 212 00a5 DB010000 		.4byte	.LASF15
 213 00a9 02       		.uleb128 0x2
 214 00aa 08       		.byte	0x8
 215 00ab 04       		.byte	0x4
 216 00ac AD010000 		.4byte	.LASF16
 217 00b0 06       		.uleb128 0x6
 218 00b1 35000000 		.4byte	.LASF26
 219 00b5 01       		.byte	0x1
 220 00b6 0E       		.byte	0xe
 221 00b7 68000000 		.4byte	0x68
 222 00bb 00000000 		.4byte	.LFB63
 223 00bf 64000000 		.4byte	.LFE63-.LFB63
 224 00c3 01       		.uleb128 0x1
 225 00c4 9C       		.byte	0x9c
 226 00c5 B0010000 		.4byte	0x1b0
 227 00c9 07       		.uleb128 0x7
 228 00ca 6900     		.ascii	"i\000"
 229 00cc 01       		.byte	0x1
 230 00cd 13       		.byte	0x13
 231 00ce 81000000 		.4byte	0x81
 232 00d2 00000000 		.4byte	.LLST0
 233 00d6 08       		.uleb128 0x8
 234 00d7 08000000 		.4byte	.LVL0
 235 00db C1010000 		.4byte	0x1c1
 236 00df 09       		.uleb128 0x9
 237 00e0 10000000 		.4byte	.LVL1
 238 00e4 CC010000 		.4byte	0x1cc
 239 00e8 F7000000 		.4byte	0xf7
 240 00ec 0A       		.uleb128 0xa
 241 00ed 01       		.uleb128 0x1
 242 00ee 50       		.byte	0x50
 243 00ef 01       		.uleb128 0x1
 244 00f0 30       		.byte	0x30
 245 00f1 0A       		.uleb128 0xa
 246 00f2 01       		.uleb128 0x1
ARM GAS  C:\Users\Dell\AppData\Local\Temp\ccPcCFPc.s 			page 6


 247 00f3 51       		.byte	0x51
 248 00f4 01       		.uleb128 0x1
 249 00f5 33       		.byte	0x33
 250 00f6 00       		.byte	0
 251 00f7 09       		.uleb128 0x9
 252 00f8 16000000 		.4byte	.LVL2
 253 00fc D7010000 		.4byte	0x1d7
 254 0100 0E010000 		.4byte	0x10e
 255 0104 0A       		.uleb128 0xa
 256 0105 01       		.uleb128 0x1
 257 0106 50       		.byte	0x50
 258 0107 05       		.uleb128 0x5
 259 0108 03       		.byte	0x3
 260 0109 00000000 		.4byte	.LC0
 261 010d 00       		.byte	0
 262 010e 09       		.uleb128 0x9
 263 010f 1E000000 		.4byte	.LVL3
 264 0113 CC010000 		.4byte	0x1cc
 265 0117 26010000 		.4byte	0x126
 266 011b 0A       		.uleb128 0xa
 267 011c 01       		.uleb128 0x1
 268 011d 50       		.byte	0x50
 269 011e 01       		.uleb128 0x1
 270 011f 31       		.byte	0x31
 271 0120 0A       		.uleb128 0xa
 272 0121 01       		.uleb128 0x1
 273 0122 51       		.byte	0x51
 274 0123 01       		.uleb128 0x1
 275 0124 31       		.byte	0x31
 276 0125 00       		.byte	0
 277 0126 09       		.uleb128 0x9
 278 0127 24000000 		.4byte	.LVL4
 279 012b D7010000 		.4byte	0x1d7
 280 012f 3D010000 		.4byte	0x13d
 281 0133 0A       		.uleb128 0xa
 282 0134 01       		.uleb128 0x1
 283 0135 50       		.byte	0x50
 284 0136 05       		.uleb128 0x5
 285 0137 03       		.byte	0x3
 286 0138 0C000000 		.4byte	.LC1
 287 013c 00       		.byte	0
 288 013d 09       		.uleb128 0x9
 289 013e 30000000 		.4byte	.LVL6
 290 0142 E2010000 		.4byte	0x1e2
 291 0146 52010000 		.4byte	0x152
 292 014a 0A       		.uleb128 0xa
 293 014b 01       		.uleb128 0x1
 294 014c 50       		.byte	0x50
 295 014d 03       		.uleb128 0x3
 296 014e 0A       		.byte	0xa
 297 014f F401     		.2byte	0x1f4
 298 0151 00       		.byte	0
 299 0152 09       		.uleb128 0x9
 300 0153 36000000 		.4byte	.LVL7
 301 0157 ED010000 		.4byte	0x1ed
 302 015b 65010000 		.4byte	0x165
 303 015f 0A       		.uleb128 0xa
ARM GAS  C:\Users\Dell\AppData\Local\Temp\ccPcCFPc.s 			page 7


 304 0160 01       		.uleb128 0x1
 305 0161 50       		.byte	0x50
 306 0162 01       		.uleb128 0x1
 307 0163 38       		.byte	0x38
 308 0164 00       		.byte	0
 309 0165 09       		.uleb128 0x9
 310 0166 3C000000 		.4byte	.LVL8
 311 016a F8010000 		.4byte	0x1f8
 312 016e 78010000 		.4byte	0x178
 313 0172 0A       		.uleb128 0xa
 314 0173 01       		.uleb128 0x1
 315 0174 50       		.byte	0x50
 316 0175 01       		.uleb128 0x1
 317 0176 31       		.byte	0x31
 318 0177 00       		.byte	0
 319 0178 09       		.uleb128 0x9
 320 0179 44000000 		.4byte	.LVL9
 321 017d E2010000 		.4byte	0x1e2
 322 0181 8D010000 		.4byte	0x18d
 323 0185 0A       		.uleb128 0xa
 324 0186 01       		.uleb128 0x1
 325 0187 50       		.byte	0x50
 326 0188 03       		.uleb128 0x3
 327 0189 0A       		.byte	0xa
 328 018a F401     		.2byte	0x1f4
 329 018c 00       		.byte	0
 330 018d 09       		.uleb128 0x9
 331 018e 4A000000 		.4byte	.LVL10
 332 0192 ED010000 		.4byte	0x1ed
 333 0196 A0010000 		.4byte	0x1a0
 334 019a 0A       		.uleb128 0xa
 335 019b 01       		.uleb128 0x1
 336 019c 50       		.byte	0x50
 337 019d 01       		.uleb128 0x1
 338 019e 3C       		.byte	0x3c
 339 019f 00       		.byte	0
 340 01a0 0B       		.uleb128 0xb
 341 01a1 50000000 		.4byte	.LVL11
 342 01a5 F8010000 		.4byte	0x1f8
 343 01a9 0A       		.uleb128 0xa
 344 01aa 01       		.uleb128 0x1
 345 01ab 50       		.byte	0x50
 346 01ac 01       		.uleb128 0x1
 347 01ad 30       		.byte	0x30
 348 01ae 00       		.byte	0
 349 01af 00       		.byte	0
 350 01b0 0C       		.uleb128 0xc
 351 01b1 94010000 		.4byte	.LASF27
 352 01b5 08       		.byte	0x8
 353 01b6 1207     		.2byte	0x712
 354 01b8 BC010000 		.4byte	0x1bc
 355 01bc 0D       		.uleb128 0xd
 356 01bd 76000000 		.4byte	0x76
 357 01c1 0E       		.uleb128 0xe
 358 01c2 FF000000 		.4byte	.LASF17
 359 01c6 FF000000 		.4byte	.LASF17
 360 01ca 05       		.byte	0x5
ARM GAS  C:\Users\Dell\AppData\Local\Temp\ccPcCFPc.s 			page 8


 361 01cb 38       		.byte	0x38
 362 01cc 0E       		.uleb128 0xe
 363 01cd 87010000 		.4byte	.LASF18
 364 01d1 87010000 		.4byte	.LASF18
 365 01d5 05       		.byte	0x5
 366 01d6 3D       		.byte	0x3d
 367 01d7 0E       		.uleb128 0xe
 368 01d8 E4010000 		.4byte	.LASF19
 369 01dc E4010000 		.4byte	.LASF19
 370 01e0 05       		.byte	0x5
 371 01e1 3C       		.byte	0x3c
 372 01e2 0E       		.uleb128 0xe
 373 01e3 C8000000 		.4byte	.LASF20
 374 01e7 C8000000 		.4byte	.LASF20
 375 01eb 06       		.byte	0x6
 376 01ec 76       		.byte	0x76
 377 01ed 0E       		.uleb128 0xe
 378 01ee 46010000 		.4byte	.LASF21
 379 01f2 46010000 		.4byte	.LASF21
 380 01f6 05       		.byte	0x5
 381 01f7 3A       		.byte	0x3a
 382 01f8 0E       		.uleb128 0xe
 383 01f9 73010000 		.4byte	.LASF22
 384 01fd 73010000 		.4byte	.LASF22
 385 0201 07       		.byte	0x7
 386 0202 26       		.byte	0x26
 387 0203 00       		.byte	0
 388              		.section	.debug_abbrev,"",%progbits
 389              	.Ldebug_abbrev0:
 390 0000 01       		.uleb128 0x1
 391 0001 11       		.uleb128 0x11
 392 0002 01       		.byte	0x1
 393 0003 25       		.uleb128 0x25
 394 0004 0E       		.uleb128 0xe
 395 0005 13       		.uleb128 0x13
 396 0006 0B       		.uleb128 0xb
 397 0007 03       		.uleb128 0x3
 398 0008 0E       		.uleb128 0xe
 399 0009 1B       		.uleb128 0x1b
 400 000a 0E       		.uleb128 0xe
 401 000b 55       		.uleb128 0x55
 402 000c 17       		.uleb128 0x17
 403 000d 11       		.uleb128 0x11
 404 000e 01       		.uleb128 0x1
 405 000f 10       		.uleb128 0x10
 406 0010 17       		.uleb128 0x17
 407 0011 00       		.byte	0
 408 0012 00       		.byte	0
 409 0013 02       		.uleb128 0x2
 410 0014 24       		.uleb128 0x24
 411 0015 00       		.byte	0
 412 0016 0B       		.uleb128 0xb
 413 0017 0B       		.uleb128 0xb
 414 0018 3E       		.uleb128 0x3e
 415 0019 0B       		.uleb128 0xb
 416 001a 03       		.uleb128 0x3
 417 001b 0E       		.uleb128 0xe
ARM GAS  C:\Users\Dell\AppData\Local\Temp\ccPcCFPc.s 			page 9


 418 001c 00       		.byte	0
 419 001d 00       		.byte	0
 420 001e 03       		.uleb128 0x3
 421 001f 16       		.uleb128 0x16
 422 0020 00       		.byte	0
 423 0021 03       		.uleb128 0x3
 424 0022 0E       		.uleb128 0xe
 425 0023 3A       		.uleb128 0x3a
 426 0024 0B       		.uleb128 0xb
 427 0025 3B       		.uleb128 0x3b
 428 0026 0B       		.uleb128 0xb
 429 0027 49       		.uleb128 0x49
 430 0028 13       		.uleb128 0x13
 431 0029 00       		.byte	0
 432 002a 00       		.byte	0
 433 002b 04       		.uleb128 0x4
 434 002c 24       		.uleb128 0x24
 435 002d 00       		.byte	0
 436 002e 0B       		.uleb128 0xb
 437 002f 0B       		.uleb128 0xb
 438 0030 3E       		.uleb128 0x3e
 439 0031 0B       		.uleb128 0xb
 440 0032 03       		.uleb128 0x3
 441 0033 08       		.uleb128 0x8
 442 0034 00       		.byte	0
 443 0035 00       		.byte	0
 444 0036 05       		.uleb128 0x5
 445 0037 16       		.uleb128 0x16
 446 0038 00       		.byte	0
 447 0039 03       		.uleb128 0x3
 448 003a 0E       		.uleb128 0xe
 449 003b 3A       		.uleb128 0x3a
 450 003c 0B       		.uleb128 0xb
 451 003d 3B       		.uleb128 0x3b
 452 003e 05       		.uleb128 0x5
 453 003f 49       		.uleb128 0x49
 454 0040 13       		.uleb128 0x13
 455 0041 00       		.byte	0
 456 0042 00       		.byte	0
 457 0043 06       		.uleb128 0x6
 458 0044 2E       		.uleb128 0x2e
 459 0045 01       		.byte	0x1
 460 0046 3F       		.uleb128 0x3f
 461 0047 19       		.uleb128 0x19
 462 0048 03       		.uleb128 0x3
 463 0049 0E       		.uleb128 0xe
 464 004a 3A       		.uleb128 0x3a
 465 004b 0B       		.uleb128 0xb
 466 004c 3B       		.uleb128 0x3b
 467 004d 0B       		.uleb128 0xb
 468 004e 27       		.uleb128 0x27
 469 004f 19       		.uleb128 0x19
 470 0050 49       		.uleb128 0x49
 471 0051 13       		.uleb128 0x13
 472 0052 8701     		.uleb128 0x87
 473 0054 19       		.uleb128 0x19
 474 0055 11       		.uleb128 0x11
ARM GAS  C:\Users\Dell\AppData\Local\Temp\ccPcCFPc.s 			page 10


 475 0056 01       		.uleb128 0x1
 476 0057 12       		.uleb128 0x12
 477 0058 06       		.uleb128 0x6
 478 0059 40       		.uleb128 0x40
 479 005a 18       		.uleb128 0x18
 480 005b 9742     		.uleb128 0x2117
 481 005d 19       		.uleb128 0x19
 482 005e 01       		.uleb128 0x1
 483 005f 13       		.uleb128 0x13
 484 0060 00       		.byte	0
 485 0061 00       		.byte	0
 486 0062 07       		.uleb128 0x7
 487 0063 34       		.uleb128 0x34
 488 0064 00       		.byte	0
 489 0065 03       		.uleb128 0x3
 490 0066 08       		.uleb128 0x8
 491 0067 3A       		.uleb128 0x3a
 492 0068 0B       		.uleb128 0xb
 493 0069 3B       		.uleb128 0x3b
 494 006a 0B       		.uleb128 0xb
 495 006b 49       		.uleb128 0x49
 496 006c 13       		.uleb128 0x13
 497 006d 02       		.uleb128 0x2
 498 006e 17       		.uleb128 0x17
 499 006f 00       		.byte	0
 500 0070 00       		.byte	0
 501 0071 08       		.uleb128 0x8
 502 0072 898201   		.uleb128 0x4109
 503 0075 00       		.byte	0
 504 0076 11       		.uleb128 0x11
 505 0077 01       		.uleb128 0x1
 506 0078 31       		.uleb128 0x31
 507 0079 13       		.uleb128 0x13
 508 007a 00       		.byte	0
 509 007b 00       		.byte	0
 510 007c 09       		.uleb128 0x9
 511 007d 898201   		.uleb128 0x4109
 512 0080 01       		.byte	0x1
 513 0081 11       		.uleb128 0x11
 514 0082 01       		.uleb128 0x1
 515 0083 31       		.uleb128 0x31
 516 0084 13       		.uleb128 0x13
 517 0085 01       		.uleb128 0x1
 518 0086 13       		.uleb128 0x13
 519 0087 00       		.byte	0
 520 0088 00       		.byte	0
 521 0089 0A       		.uleb128 0xa
 522 008a 8A8201   		.uleb128 0x410a
 523 008d 00       		.byte	0
 524 008e 02       		.uleb128 0x2
 525 008f 18       		.uleb128 0x18
 526 0090 9142     		.uleb128 0x2111
 527 0092 18       		.uleb128 0x18
 528 0093 00       		.byte	0
 529 0094 00       		.byte	0
 530 0095 0B       		.uleb128 0xb
 531 0096 898201   		.uleb128 0x4109
ARM GAS  C:\Users\Dell\AppData\Local\Temp\ccPcCFPc.s 			page 11


 532 0099 01       		.byte	0x1
 533 009a 11       		.uleb128 0x11
 534 009b 01       		.uleb128 0x1
 535 009c 31       		.uleb128 0x31
 536 009d 13       		.uleb128 0x13
 537 009e 00       		.byte	0
 538 009f 00       		.byte	0
 539 00a0 0C       		.uleb128 0xc
 540 00a1 34       		.uleb128 0x34
 541 00a2 00       		.byte	0
 542 00a3 03       		.uleb128 0x3
 543 00a4 0E       		.uleb128 0xe
 544 00a5 3A       		.uleb128 0x3a
 545 00a6 0B       		.uleb128 0xb
 546 00a7 3B       		.uleb128 0x3b
 547 00a8 05       		.uleb128 0x5
 548 00a9 49       		.uleb128 0x49
 549 00aa 13       		.uleb128 0x13
 550 00ab 3F       		.uleb128 0x3f
 551 00ac 19       		.uleb128 0x19
 552 00ad 3C       		.uleb128 0x3c
 553 00ae 19       		.uleb128 0x19
 554 00af 00       		.byte	0
 555 00b0 00       		.byte	0
 556 00b1 0D       		.uleb128 0xd
 557 00b2 35       		.uleb128 0x35
 558 00b3 00       		.byte	0
 559 00b4 49       		.uleb128 0x49
 560 00b5 13       		.uleb128 0x13
 561 00b6 00       		.byte	0
 562 00b7 00       		.byte	0
 563 00b8 0E       		.uleb128 0xe
 564 00b9 2E       		.uleb128 0x2e
 565 00ba 00       		.byte	0
 566 00bb 3F       		.uleb128 0x3f
 567 00bc 19       		.uleb128 0x19
 568 00bd 3C       		.uleb128 0x3c
 569 00be 19       		.uleb128 0x19
 570 00bf 6E       		.uleb128 0x6e
 571 00c0 0E       		.uleb128 0xe
 572 00c1 03       		.uleb128 0x3
 573 00c2 0E       		.uleb128 0xe
 574 00c3 3A       		.uleb128 0x3a
 575 00c4 0B       		.uleb128 0xb
 576 00c5 3B       		.uleb128 0x3b
 577 00c6 0B       		.uleb128 0xb
 578 00c7 00       		.byte	0
 579 00c8 00       		.byte	0
 580 00c9 00       		.byte	0
 581              		.section	.debug_loc,"",%progbits
 582              	.Ldebug_loc0:
 583              	.LLST0:
 584 0000 24000000 		.4byte	.LVL4
 585 0004 28000000 		.4byte	.LVL5
 586 0008 0200     		.2byte	0x2
 587 000a 30       		.byte	0x30
 588 000b 9F       		.byte	0x9f
ARM GAS  C:\Users\Dell\AppData\Local\Temp\ccPcCFPc.s 			page 12


 589 000c 28000000 		.4byte	.LVL5
 590 0010 52000000 		.4byte	.LVL12
 591 0014 0100     		.2byte	0x1
 592 0016 54       		.byte	0x54
 593 0017 54000000 		.4byte	.LVL13
 594 001b 64000000 		.4byte	.LFE63
 595 001f 0100     		.2byte	0x1
 596 0021 54       		.byte	0x54
 597 0022 00000000 		.4byte	0
 598 0026 00000000 		.4byte	0
 599              		.section	.debug_aranges,"",%progbits
 600 0000 1C000000 		.4byte	0x1c
 601 0004 0200     		.2byte	0x2
 602 0006 00000000 		.4byte	.Ldebug_info0
 603 000a 04       		.byte	0x4
 604 000b 00       		.byte	0
 605 000c 0000     		.2byte	0
 606 000e 0000     		.2byte	0
 607 0010 00000000 		.4byte	.LFB63
 608 0014 64000000 		.4byte	.LFE63-.LFB63
 609 0018 00000000 		.4byte	0
 610 001c 00000000 		.4byte	0
 611              		.section	.debug_ranges,"",%progbits
 612              	.Ldebug_ranges0:
 613 0000 00000000 		.4byte	.LFB63
 614 0004 64000000 		.4byte	.LFE63
 615 0008 00000000 		.4byte	0
 616 000c 00000000 		.4byte	0
 617              		.section	.debug_line,"",%progbits
 618              	.Ldebug_line0:
 619 0000 B3010000 		.section	.debug_str,"MS",%progbits,1
 619      02006C01 
 619      00000201 
 619      FB0E0D00 
 619      01010101 
 620              	.LASF6:
 621 0000 6C6F6E67 		.ascii	"long long int\000"
 621      206C6F6E 
 621      6720696E 
 621      7400
 622              	.LASF3:
 623 000e 73686F72 		.ascii	"short unsigned int\000"
 623      7420756E 
 623      7369676E 
 623      65642069 
 623      6E7400
 624              	.LASF8:
 625 0021 756E7369 		.ascii	"unsigned int\000"
 625      676E6564 
 625      20696E74 
 625      00
 626              	.LASF24:
 627 002e 6D61696E 		.ascii	"main.c\000"
 627      2E6300
 628              	.LASF26:
 629 0035 6D61696E 		.ascii	"main\000"
 629      00
ARM GAS  C:\Users\Dell\AppData\Local\Temp\ccPcCFPc.s 			page 13


 630              	.LASF23:
 631 003a 474E5520 		.ascii	"GNU C11 5.4.1 20160609 (release) [ARM/embedded-5-br"
 631      43313120 
 631      352E342E 
 631      31203230 
 631      31363036 
 632 006d 616E6368 		.ascii	"anch revision 237715] -mcpu=cortex-m3 -mthumb -g -O"
 632      20726576 
 632      6973696F 
 632      6E203233 
 632      37373135 
 633 00a0 67202D66 		.ascii	"g -ffunction-sections -ffat-lto-objects\000"
 633      66756E63 
 633      74696F6E 
 633      2D736563 
 633      74696F6E 
 634              	.LASF20:
 635 00c8 43794465 		.ascii	"CyDelay\000"
 635      6C617900 
 636              	.LASF11:
 637 00d0 75696E74 		.ascii	"uint8\000"
 637      3800
 638              	.LASF5:
 639 00d6 6C6F6E67 		.ascii	"long unsigned int\000"
 639      20756E73 
 639      69676E65 
 639      6420696E 
 639      7400
 640              	.LASF7:
 641 00e8 6C6F6E67 		.ascii	"long long unsigned int\000"
 641      206C6F6E 
 641      6720756E 
 641      7369676E 
 641      65642069 
 642              	.LASF17:
 643 00ff 4C43445F 		.ascii	"LCD_Start\000"
 643      53746172 
 643      7400
 644              	.LASF25:
 645 0109 433A5C55 		.ascii	"C:\\Users\\Dell\\Documents\\PSoC Creator\\lcdClase\\"
 645      73657273 
 645      5C44656C 
 645      6C5C446F 
 645      63756D65 
 646 0137 44657369 		.ascii	"Design01.cydsn\000"
 646      676E3031 
 646      2E637964 
 646      736E00
 647              	.LASF21:
 648 0146 4C43445F 		.ascii	"LCD_WriteControl\000"
 648      57726974 
 648      65436F6E 
 648      74726F6C 
 648      00
 649              	.LASF1:
 650 0157 756E7369 		.ascii	"unsigned char\000"
 650      676E6564 
ARM GAS  C:\Users\Dell\AppData\Local\Temp\ccPcCFPc.s 			page 14


 650      20636861 
 650      7200
 651              	.LASF14:
 652 0165 63686172 		.ascii	"char\000"
 652      00
 653              	.LASF4:
 654 016a 6C6F6E67 		.ascii	"long int\000"
 654      20696E74 
 654      00
 655              	.LASF22:
 656 0173 62757A7A 		.ascii	"buzzer_Write\000"
 656      65725F57 
 656      72697465 
 656      00
 657              	.LASF13:
 658 0180 646F7562 		.ascii	"double\000"
 658      6C6500
 659              	.LASF18:
 660 0187 4C43445F 		.ascii	"LCD_Position\000"
 660      506F7369 
 660      74696F6E 
 660      00
 661              	.LASF27:
 662 0194 49544D5F 		.ascii	"ITM_RxBuffer\000"
 662      52784275 
 662      66666572 
 662      00
 663              	.LASF0:
 664 01a1 7369676E 		.ascii	"signed char\000"
 664      65642063 
 664      68617200 
 665              	.LASF16:
 666 01ad 6C6F6E67 		.ascii	"long double\000"
 666      20646F75 
 666      626C6500 
 667              	.LASF9:
 668 01b9 5F5F696E 		.ascii	"__int32_t\000"
 668      7433325F 
 668      7400
 669              	.LASF12:
 670 01c3 666C6F61 		.ascii	"float\000"
 670      7400
 671              	.LASF2:
 672 01c9 73686F72 		.ascii	"short int\000"
 672      7420696E 
 672      7400
 673              	.LASF10:
 674 01d3 696E7433 		.ascii	"int32_t\000"
 674      325F7400 
 675              	.LASF15:
 676 01db 73697A65 		.ascii	"sizetype\000"
 676      74797065 
 676      00
 677              	.LASF19:
 678 01e4 4C43445F 		.ascii	"LCD_PrintString\000"
 678      5072696E 
 678      74537472 
ARM GAS  C:\Users\Dell\AppData\Local\Temp\ccPcCFPc.s 			page 15


 678      696E6700 
 679              		.ident	"GCC: (GNU Tools for ARM Embedded Processors) 5.4.1 20160609 (release) [ARM/embedded-5-bran
